Converse/Charm++ Commit ID: v6.3.0-723-g6148ae1
[0] isomalloc.c> Disabling isomalloc because isomalloc disabled by conv-mach
Info: NAMD 2.9 for BlueGeneQ
Info: 
Info: Please visit http://www.ks.uiuc.edu/Research/namd/
Info: for updates, documentation, and support information.
Info: 
Info: Please cite Phillips et al., J. Comp. Chem. 26:1781-1802 (2005)
Info: in all publications reporting results obtained with NAMD.
Info: 
Info: Based on Charm++/Converse 60305 for pami-bluegeneq-smp-xlc
Info: Built Sun Dec 7 11:31:12 EST 2014 by bobdanani on avoca-test
Info: Running on 128 processors, 16 nodes, 16 physical nodes.
Info: CPU topology information unavailable.
Info: Charm++/Converse parallel runtime startup completed at 0.0407577 s
Info: 202.062 MB of memory in use based on /proc/self/stat
Info: Configuration file is namd_equilibration_script.conf
Info: Working in the current directory /vlsci/VR0021/mike/GIT/MD_workflow_py/newdir/newiDir0048
TCL: Suspending until startup complete.
Info: SIMULATION PARAMETERS:
Info: TIMESTEP               2
Info: NUMBER OF STEPS        0
Info: STEPS PER CYCLE        10
Info: PERIODIC CELL BASIS 1  48 0 0
Info: PERIODIC CELL BASIS 2  0 48 0
Info: PERIODIC CELL BASIS 3  0 0 48
Info: PERIODIC CELL CENTER   0 0 0
Info: WRAPPING WATERS AROUND PERIODIC BOUNDARIES ON OUTPUT.
Info: WRAPPING ALL CLUSTERS AROUND PERIODIC BOUNDARIES ON OUTPUT.
Info: LOAD BALANCER  Centralized
Info: LOAD BALANCING STRATEGY  New Load Balancers -- DEFAULT
Info: LDB PERIOD             2000 steps
Info: FIRST LDB TIMESTEP     50
Info: LAST LDB TIMESTEP     -1
Info: LDB BACKGROUND SCALING 1
Info: HOM BACKGROUND SCALING 1
Info: PME BACKGROUND SCALING 1
Info: REMOVING PATCHES FROM PROCESSOR 0
Info: MIN ATOMS PER PATCH    40
Info: INITIAL TEMPERATURE    310
Info: CENTER OF MASS MOVING INITIALLY? NO
Info: DIELECTRIC             1
Info: EXCLUDE                SCALED ONE-FOUR
Info: 1-4 ELECTROSTATICS SCALED BY 1
Info: MODIFIED 1-4 VDW PARAMETERS WILL BE USED
Info: DCD FILENAME           current_MD_run_files.dcd
Info: DCD FREQUENCY          500
Info: DCD FIRST STEP         500
Info: DCD FILE WILL CONTAIN UNIT CELL DATA
Info: XST FILENAME           current_MD_run_files.xst
Info: XST FREQUENCY          500
Info: NO VELOCITY DCD OUTPUT
Info: NO FORCE DCD OUTPUT
Info: OUTPUT FILENAME        current_MD_run_files
Info: BINARY OUTPUT FILES WILL BE USED
Info: RESTART FILENAME       current_MD_run_files.restart
Info: RESTART FREQUENCY      5000
Info: BINARY RESTART FILES WILL BE USED
Info: SWITCHING ACTIVE
Info: SWITCHING ON           10
Info: SWITCHING OFF          12
Info: PAIRLIST DISTANCE      14
Info: PAIRLIST SHRINK RATE   0.01
Info: PAIRLIST GROW RATE     0.01
Info: PAIRLIST TRIGGER       0.3
Info: PAIRLISTS PER CYCLE    2
Info: PAIRLISTS ENABLED
Info: MARGIN                 0.99
Info: HYDROGEN GROUP CUTOFF  2.5
Info: PATCH DIMENSION        17.49
Info: ENERGY OUTPUT STEPS    500
Info: CROSSTERM ENERGY INCLUDED IN DIHEDRAL
Info: TIMING OUTPUT STEPS    500
Info: PRESSURE OUTPUT STEPS  500
Info: LANGEVIN DYNAMICS ACTIVE
Info: LANGEVIN TEMPERATURE   310
Info: LANGEVIN DAMPING COEFFICIENT IS 5 INVERSE PS
Info: LANGEVIN DYNAMICS NOT APPLIED TO HYDROGENS
Info: LANGEVIN PISTON PRESSURE CONTROL ACTIVE
Info:        TARGET PRESSURE IS 1.01325 BAR
Info:     OSCILLATION PERIOD IS 100 FS
Info:             DECAY TIME IS 50 FS
Info:     PISTON TEMPERATURE IS 310 K
Info:       PRESSURE CONTROL IS GROUP-BASED
Info:    INITIAL STRAIN RATE IS 0 0 0
Info:       CELL FLUCTUATION IS ANISOTROPIC
Info: PARTICLE MESH EWALD (PME) ACTIVE
Info: PME TOLERANCE               1e-06
Info: PME EWALD COEFFICIENT       0.257952
Info: PME INTERPOLATION ORDER     4
Info: PME GRID DIMENSIONS         48 48 48
Info: PME MAXIMUM GRID SPACING    1
Info: Attempting to read FFTW data from FFTW_NAMD_2.9_BlueGeneQ.txt
Info: Optimizing 6 FFT steps.  1... 2... 3... 4... 5... 6...   Done.
Info: Writing FFTW data to FFTW_NAMD_2.9_BlueGeneQ.txt
Info: FULL ELECTROSTATIC EVALUATION FREQUENCY      2
Info: USING VERLET I (r-RESPA) MTS SCHEME.
Info: C1 SPLITTING OF LONG RANGE ELECTROSTATICS
Info: PLACING ATOMS IN PATCHES BY HYDROGEN GROUPS
Info: RIGID BONDS TO HYDROGEN : ALL
Info:         ERROR TOLERANCE : 1e-08
Info:          MAX ITERATIONS : 100
Info: RIGID WATER USING SETTLE ALGORITHM
Info: RANDOM NUMBER SEED     1422832118
Info: USE HYDROGEN BONDS?    NO
Info: COORDINATE PDB         ../../InputFiles/example.pdb
Info: STRUCTURE FILE         ../../InputFiles/example.psf
Info: PARAMETER file: CHARMM format! 
Info: PARAMETERS             ../../InputFiles/Parameters/par_all27_prot_na.prm
Info: USING ARITHMETIC MEAN TO COMBINE L-J SIGMA PARAMETERS
Info: SUMMARY OF PARAMETERS:
Info: 258 BONDS
Info: 666 ANGLES
Info: 1134 DIHEDRAL
Info: 70 IMPROPER
Info: 6 CROSSTERM
Info: 164 VDW
Info: 0 VDW_PAIRS
Info: 0 NBTHOLE_PAIRS
Info: TIME FOR READING PSF FILE: 2.008
Info: TIME FOR READING PDB FILE: 0.445642
Info: 
Info: ****************************
Info: STRUCTURE SUMMARY:
Info: 10315 ATOMS
Info: 7285 BONDS
Info: 5281 ANGLES
Info: 3293 DIHEDRALS
Info: 204 IMPROPERS
Info: 74 CROSSTERMS
Info: 0 EXCLUSIONS
Info: 9701 RIGID BONDS
Info: 21244 DEGREES OF FREEDOM
Info: 3638 HYDROGEN GROUPS
Info: 4 ATOMS IN LARGEST HYDROGEN GROUP
Info: 3638 MIGRATION GROUPS
Info: 4 ATOMS IN LARGEST MIGRATION GROUP
Info: TOTAL MASS = 63394.1 amu
Info: TOTAL CHARGE = 1.00955e-06 e
Info: MASS DENSITY = 0.951884 g/cm^3
Info: ATOM DENSITY = 0.0932708 atoms/A^3
Info: *****************************
Info: 
Info: Entering startup at 24.5752 s, 202.062 MB of memory in use
Info: Startup phase 0 took 0.0031483 s, 202.062 MB of memory in use
Info: Startup phase 1 took 0.10456 s, 202.062 MB of memory in use
Info: Startup phase 2 took 0.00328702 s, 202.062 MB of memory in use
Info: Startup phase 3 took 0.00288451 s, 202.062 MB of memory in use
Info: PATCH GRID IS 5 (PERIODIC) BY 5 (PERIODIC) BY 2 (PERIODIC)
Info: PATCH GRID IS 2-AWAY BY 2-AWAY BY 1-AWAY
Info: REMOVING COM VELOCITY -0.0414594 -0.0228651 -0.170267
Info: LARGEST PATCH (12) HAS 234 ATOMS
Info: Startup phase 4 took 0.0328263 s, 202.062 MB of memory in use
Info: PME using 24 and 24 processors for FFT and reciprocal sum.
Info: PME USING 16 GRID NODES AND 16 TRANS NODES
Info: PME GRID LOCATIONS: 7 11 15 23 27 31 39 43 47 55 ...
Info: PME TRANS LOCATIONS: 3 5 13 19 21 29 35 37 45 51 ...
Info: Startup phase 5 took 0.0076113 s, 202.062 MB of memory in use
Info: Startup phase 6 took 0.00975855 s, 202.062 MB of memory in use
LDB: Central LB being created...
Info: Startup phase 7 took 1.20398 s, 202.062 MB of memory in use
Info: CREATING 2450 COMPUTE OBJECTS
Info: NONBONDED TABLE R-SQUARED SPACING: 0.0625
Info: NONBONDED TABLE SIZE: 769 POINTS
Info: ABSOLUTE IMPRECISION IN FAST TABLE ENERGY: 3.38813e-21 AT 11.7447
Info: RELATIVE IMPRECISION IN FAST TABLE ENERGY: 6.92477e-14 AT 11.9138
Info: ABSOLUTE IMPRECISION IN FAST TABLE FORCE: 2.64698e-23 AT 11.9138
Info: RELATIVE IMPRECISION IN FAST TABLE FORCE: 1.40436e-16 AT 11.9138
Info: ABSOLUTE IMPRECISION IN SCOR TABLE ENERGY: 3.38813e-21 AT 11.7447
Info: RELATIVE IMPRECISION IN SCOR TABLE ENERGY: 4.24069e-16 AT 11.9138
Info: ABSOLUTE IMPRECISION IN SCOR TABLE FORCE: 4.10282e-22 AT 11.9138
Info: RELATIVE IMPRECISION IN SCOR TABLE FORCE: 3.56912e-15 AT 11.9138
Info: ABSOLUTE IMPRECISION IN VDWA TABLE ENERGY: 9.86076e-32 AT 11.8295
Info: RELATIVE IMPRECISION IN VDWA TABLE ENERGY: 6.75473e-14 AT 11.9138
Info: ABSOLUTE IMPRECISION IN VDWA TABLE FORCE: 4.62223e-32 AT 11.9138
Info: RELATIVE IMPRECISION IN VDWA TABLE FORCE: 2.12237e-15 AT 11.9138
Info: ABSOLUTE IMPRECISION IN VDWB TABLE ENERGY: 4.1359e-25 AT 11.8295
Info: RELATIVE IMPRECISION IN VDWB TABLE ENERGY: 7.56853e-15 AT 11.9138
Info: ABSOLUTE IMPRECISION IN VDWB TABLE FORCE: 3.87741e-26 AT 11.9138
Info: RELATIVE IMPRECISION IN VDWB TABLE FORCE: 5.97409e-16 AT 11.9138
Info: useSync: 0 useProxySync: 0
Info: Startup phase 8 took 0.0317271 s, 202.062 MB of memory in use
Info: Building spanning tree ... send: 1 recv: 0 with branch factor 9
Info: Startup phase 9 took 0.00341978 s, 202.062 MB of memory in use
Info: Startup phase 10 took 0.00253086 s, 202.062 MB of memory in use
Info: Finished startup at 25.9809 s, 202.062 MB of memory in use

TCL: Minimizing for 500 steps
PRESSURE: 0 7.92778e+08 9.80914e+08 6.43957e+08 9.80914e+08 1.21846e+09 7.99677e+08 6.43957e+08 7.99677e+08 5.27056e+08
GPRESSURE: 0 7.92785e+08 9.80912e+08 6.43961e+08 9.80914e+08 1.21847e+09 7.99675e+08 6.4396e+08 7.99677e+08 5.27061e+08
ETITLE:      TS           BOND          ANGLE          DIHED          IMPRP               ELECT            VDW       BOUNDARY           MISC        KINETIC               TOTAL           TEMP      POTENTIAL         TOTAL3        TEMPAVG            PRESSURE      GPRESSURE         VOLUME       PRESSAVG      GPRESSAVG

ENERGY:       0      3088.5033      1499.3301       263.8206        10.6933         -30848.5033 336586487.2282         0.0000         0.0000         0.0000      336560501.0723        -0.0000 336560501.0723 336560501.0723         0.0000      846098063.7249 846104120.5607    110592.0000 846098063.7249 846104120.5607

OPENING EXTENDED SYSTEM TRAJECTORY FILE
MINIMIZER SLOWLY MOVING 41 ATOMS WITH BAD CONTACTS DOWNHILL
PRESSURE: 1 2.3761e+07 2.92891e+07 1.92693e+07 2.92891e+07 3.65371e+07 2.38544e+07 1.92693e+07 2.38544e+07 1.58365e+07
GPRESSURE: 1 2.37671e+07 2.92887e+07 1.92714e+07 2.92892e+07 3.65424e+07 2.38532e+07 1.9271e+07 2.38552e+07 1.58411e+07
ENERGY:       1      3097.8780      1492.2035       263.8872        11.6906         -30918.4516  10098045.4909         0.0000         0.0000         0.0000       10071992.6986        -0.0000  10071992.6986  10071992.6986         0.0000       25378190.6513  25383543.1825    110592.0000  25378190.6513  25383543.1825

MINIMIZER SLOWLY MOVING 20 ATOMS WITH BAD CONTACTS DOWNHILL
PRESSURE: 2 1.60262e+06 1.93601e+06 1.28335e+06 1.93601e+06 2.45349e+06 1.57411e+06 1.28335e+06 1.57411e+06 1.07617e+06
GPRESSURE: 2 1.60887e+06 1.93607e+06 1.28495e+06 1.9358e+06 2.45889e+06 1.57341e+06 1.28485e+06 1.57465e+06 1.08101e+06
ENERGY:       2      3098.8562      1486.5938       264.0525        11.6906         -30939.5732    683808.6242         0.0000         0.0000         0.0000         657730.2441        -0.0000    657730.2441    657730.2441         0.0000        1710761.1668   1716255.7877    110592.0000   1710761.1668   1716255.7877

MINIMIZER SLOWLY MOVING 8 ATOMS WITH BAD CONTACTS DOWNHILL
PRESSURE: 3 197678 209202 143265 209202 286173 169684 143265 169684 134769
GPRESSURE: 3 204076 209794 144555 208589 291200 169306 144311 169543 140107
ENERGY:       3      3098.8562      1486.5938       264.0525        11.6906         -30939.6937     85515.0225         0.0000         0.0000         0.0000          59436.5218        -0.0000     59436.5218     59436.5218         0.0000         206206.9406    211794.4545    110592.0000    206206.9406    211794.4545

MINIMIZER SLOWLY MOVING 4 ATOMS WITH BAD CONTACTS DOWNHILL
PRESSURE: 4 51832.3 29892.9 24062.2 29892.9 59310.8 24792.8 24062.2 24792.8 35775.4
GPRESSURE: 4 58421.7 30508.2 25327.7 28842.3 64264.8 24475.3 24635.9 24619.7 41255.5
ENERGY:       4      3098.8562      1486.5938       264.0525        11.6906         -30939.5674     23037.6747         0.0000         0.0000         0.0000          -3040.6997        -0.0000     -3040.6997     -3040.6997         0.0000          48972.8153     54647.3064    110592.0000     48972.8153     54647.3064

MINIMIZER SLOWLY MOVING 2 ATOMS WITH BAD CONTACTS DOWNHILL
PRESSURE: 5 30532.1 3498.92 6725.59 3498.92 26455.3 3178.44 6725.59 3178.44 21542
GPRESSURE: 5 37142.6 4114.36 7988.38 2350.17 31398.3 2879.07 7205.28 2993.04 27043.8
ENERGY:       5      3098.8562      1486.5938       264.0525        11.6906         -30938.6693     13993.1376         0.0000         0.0000         0.0000         -12084.3386        -0.0000    -12084.3386    -12084.3386         0.0000          26176.4652     31861.5673    110592.0000     26176.4652     31861.5673

MINIMIZER SLOWLY MOVING 2 ATOMS WITH BAD CONTACTS DOWNHILL
PRESSURE: 6 26526.3 -1468.36 3460.82 -1468.36 20273.6 -889.048 3460.82 -889.048 18867
GPRESSURE: 6 33138.6 -853.801 4722.7 -2634.96 25214.1 -1184.61 3925.75 -1074.84 24370.8
ENERGY:       6      3098.8562      1486.5938       264.0525        11.6906         -30936.7428     12297.3267         0.0000         0.0000         0.0000         -13778.2230        -0.0000    -13778.2230    -13778.2230         0.0000          21889.0008     27574.5238    110592.0000     21889.0008     27574.5238

MINIMIZER SLOWLY MOVING 2 ATOMS WITH BAD CONTACTS DOWNHILL
PRESSURE: 7 25612.5 -2600.63 2716.01 -2600.63 18869.7 -1812.5 2716.01 -1812.5 18263.3
GPRESSURE: 7 32281.5 -2000.41 3936.7 -3699.2 23792.6 -2157.42 3226.41 -2008 23733.4
ENERGY:       7      3098.8562      1486.5938       264.0525        11.6906         -30934.6537     11914.2537         0.0000         0.0000         0.0000         -14159.2070        -0.0000    -14159.2070    -14159.2070         0.0000          20915.1785     26602.5042    110592.0000     20915.1785     26602.5042

MINIMIZER STARTING CONJUGATE GRADIENT ALGORITHM
LINE MINIMIZER REDUCING GRADIENT FROM 1.28304e+08 TO 128304
PRESSURE: 8 25247.7 -2536.43 2691.61 -2536.43 18631.3 -1769.09 2691.61 -1769.09 18003.1
GPRESSURE: 8 31880.1 -1938.49 3895.18 -3619.96 23534.7 -2102.32 3197.2 -1962.55 23436.4
ENERGY:       8      3090.7892      1485.5168       264.0466        11.6886         -30936.5186     11797.8422         0.0000         0.0000         0.0000         -14286.6352        -0.0000    -14286.6352    -14286.6352         0.0000          20627.3447     26283.7546    110592.0000     20627.3447     26283.7546

PRESSURE: 9 24890.1 -2473.62 2667.3 -2473.62 18397.3 -1726.98 2667.3 -1726.98 17748.1
GPRESSURE: 9 31486.6 -1877.91 3854.09 -3542.44 23281.6 -2048.85 3168.19 -1918.45 23145.4
ENERGY:       9      3082.7502      1484.4436       264.0410        11.6870         -30938.3841     11683.6730         0.0000         0.0000         0.0000         -14411.7892        -0.0000    -14411.7892    -14411.7892         0.0000          20345.1877     25971.1849    110592.0000     20345.1877     25971.1849

LDB: ============= START OF LOAD BALANCING ============== 26.3899
LDB: ============== END OF LOAD BALANCING =============== 26.3909
Info: useSync: 0 useProxySync: 0
LDB: =============== DONE WITH MIGRATION ================ 26.3966
PRESSURE: 10 24195.8 -2352.01 2618.96 -2352.01 17942.4 -1646.44 2618.96 -1646.44 17253.7
GPRESSURE: 10 30722.2 -1760.69 3773.13 -3392.42 22789.1 -1946.53 3110.7 -1834.05 22580.6
ETITLE:      TS           BOND          ANGLE          DIHED          IMPRP               ELECT            VDW       BOUNDARY           MISC        KINETIC               TOTAL           TEMP      POTENTIAL         TOTAL3        TEMPAVG            PRESSURE      GPRESSURE         VOLUME       PRESSAVG      GPRESSAVG

ENERGY:      10      3066.7562      1482.3085       264.0305        11.6851         -30942.1130     11461.8508         0.0000         0.0000         0.0000         -14655.4819        -0.0000    -14655.4819    -14655.4819         0.0000          19797.3211     25363.9781    110592.0000     19797.3211     25363.9781

PRESSURE: 11 22886.6 -2123.99 2523.69 -2123.99 17081.9 -1499.14 2523.69 -1499.14 16323.1
GPRESSURE: 11 29279.6 -1541.1 3616.28 -3111.35 21856.5 -1759.16 2998.16 -1679.43 21516.2
ENERGY:      11      3035.1037      1478.0836       264.0124        11.6860         -30949.5614     11042.8731         0.0000         0.0000         0.0000         -15117.8025        -0.0000    -15117.8025    -15117.8025         0.0000          18763.8759     24217.4311    110592.0000     18763.8759     24217.4311

PRESSURE: 12 20553.4 -1722.95 2339.96 -1722.95 15538.6 -1252.24 2339.96 -1252.24 14669.9
GPRESSURE: 12 26703.6 -1155.89 3322.71 -2617.65 20179.9 -1444.57 2783.67 -1419.34 19620.8
ENERGY:      12      2973.1376      1469.8155       263.9877        11.7070         -30964.4243     10293.4960         0.0000         0.0000         0.0000         -15952.2805        -0.0000    -15952.2805    -15952.2805         0.0000          16920.6524     22168.1114    110592.0000     16920.6524     22168.1114

PRESSURE: 13 16815.2 -1100.53 2006.84 -1100.53 13034.3 -904.044 2006.84 -904.044 12035.6
GPRESSURE: 13 22558 -562.478 2814.14 -1853.11 17445.3 -1000.21 2401.8 -1049.07 16584.8
ENERGY:      13      2854.5340      1454.0067       263.9835        11.8263         -30994.0211      9082.7739         0.0000         0.0000         0.0000         -17326.8967        -0.0000    -17326.8967    -17326.8967         0.0000          13961.6881     18862.6755    110592.0000     13961.6881     18862.6755

PRESSURE: 14 11864.8 -345.294 1493.19 -345.294 9637.93 -556.087 1493.19 -556.087 8576.4
GPRESSURE: 14 17006.2 140.803 2073.1 -927.946 13689.1 -559.716 1830.1 -669.463 12552.7
ENERGY:      14      2638.4195      1425.3083       264.1507        12.3760         -31052.7540      7446.6365         0.0000         0.0000         0.0000         -19265.8629        -0.0000    -19265.8629    -19265.8629         0.0000          10026.3729     14415.9962    110592.0000     10026.3729     14415.9962

PRESSURE: 15 7108.42 200.402 980.708 200.402 6246.69 -418.948 980.708 -418.948 5323.14
GPRESSURE: 15 11503.7 603.898 1365.47 -268.069 9802.28 -413.601 1312.93 -508.31 8650.47
ENERGY:      15      2288.6245      1379.6753       265.1654        14.7443         -31168.6191      5790.4200         0.0000         0.0000         0.0000         -21429.9896        -0.0000    -21429.9896    -21429.9896         0.0000           6226.0811      9985.4766    110592.0000      6226.0811      9985.4766

PRESSURE: 16 4850.09 165.432 1257.94 165.432 4514.88 -754.599 1257.94 -754.599 4125.78
GPRESSURE: 16 8668.6 486.094 1707.32 -477.896 7507.27 -965.973 1985.97 -921.641 7053.82
ENERGY:      16      1900.2223      1336.3753       270.1213        24.8446         -31394.4641      4840.6795         0.0000         0.0000         0.0000         -23022.2212        -0.0000    -23022.2212    -23022.2212         0.0000           4496.9203      7743.2303    110592.0000      4496.9203      7743.2303

PRESSURE: 17 17852.3 -1550.03 12378.5 -1550.03 10801.7 -4850.32 12378.5 -4850.32 17654.9
GPRESSURE: 17 30366.1 273.821 17743.2 -5798.21 14465.5 -7375.29 22472.3 -4882.86 26267.7
ENERGY:      17      2163.8410      1452.4679       293.4260        71.7709         -31822.6930      8851.2293         0.0000         0.0000         0.0000         -18989.9580        -0.0000    -18989.9580    -18989.9580         0.0000          15436.3106     23699.7774    110592.0000     15436.3106     23699.7774

LINE MINIMIZER BRACKET: DX 0.000128 0.000256 DU -1592.23 4032.26 DUDX -2.32342e+07 -4.29861e+06 5.45662e+07 
PRESSURE: 18 4953.74 96.6938 1515.53 96.6938 4553.16 -899.461 1515.53 -899.461 4341.14
GPRESSURE: 18 8800.08 414.144 2049.01 -651.118 7479.81 -1192.18 2434.04 -1102.32 7307.51
ENERGY:      18      1867.1741      1335.6056       271.7736        28.0148         -31441.9085      4839.5343         0.0000         0.0000         0.0000         -23099.8061        -0.0000    -23099.8061    -23099.8061         0.0000           4616.0113      7862.4673    110592.0000      4616.0113      7862.4673

LINE MINIMIZER BRACKET: DX 2.7443e-05 0.000228557 DU -77.585 4109.85 DUDX -4.29861e+06 -1.35344e+06 5.45662e+07 
PRESSURE: 19 5172 28.1139 1798.84 28.1139 4670.15 -1047.07 1798.84 -1047.07 4637.9
GPRESSURE: 19 9099.27 348.701 2429.82 -831.974 7557.9 -1421.45 2923.47 -1284.49 7678.48
ENERGY:      19      1852.2059      1337.3080       273.3194        30.9492         -31481.1655      4885.2168         0.0000         0.0000         0.0000         -23102.1662        -0.0000    -23102.1662    -23102.1662         0.0000           4826.6845      8111.8822    110592.0000      4826.6845      8111.8822

LINE MINIMIZER BRACKET: DX 2.28557e-05 0.000205701 DU -2.36006 4112.21 DUDX -1.35344e+06 1.16674e+06 5.45662e+07 
MINIMIZER RESTARTING CONJUGATE GRADIENT ALGORITHM
LINE MINIMIZER REDUCING GRADIENT FROM 2.67828e+07 TO 26782.8
PRESSURE: 20 4984.37 169.615 1602.4 169.615 4517.92 -872.402 1602.4 -872.402 4388.47
GPRESSURE: 20 8716.88 509.236 2127.21 -529.972 7368.74 -1151.88 2514.32 -1079.82 7293.74
ETITLE:      TS           BOND          ANGLE          DIHED          IMPRP               ELECT            VDW       BOUNDARY           MISC        KINETIC               TOTAL           TEMP      POTENTIAL         TOTAL3        TEMPAVG            PRESSURE      GPRESSURE         VOLUME       PRESSAVG      GPRESSAVG

ENERGY:      20      1839.4311      1335.3834       273.2693        30.8364         -31484.9723      4804.2133         0.0000         0.0000         0.0000         -23201.8389        -0.0000    -23201.8389    -23201.8389         0.0000           4630.2565      7793.1202    110592.0000      4630.2565      7793.1202

PRESSURE: 21 4827.6 283.438 1442.21 283.438 4391.32 -730.863 1442.21 -730.863 4182.58
GPRESSURE: 21 8402.24 636.73 1882.97 -289.379 7210.39 -935.766 2185.43 -914.947 6979.11
ENERGY:      21      1826.8362      1333.4917       273.2197        30.7251         -31488.7816      4736.4490         0.0000         0.0000         0.0000         -23288.0599        -0.0000    -23288.0599    -23288.0599         0.0000           4467.1672      7530.5788    110592.0000      4467.1672      7530.5788

PRESSURE: 22 4583.35 449.3 1202.82 449.3 4195.44 -521.748 1202.82 -521.748 3868.15
GPRESSURE: 22 7922.33 818.836 1523.19 56.8519 6961.93 -621.362 1704.16 -673.151 6504.58
ENERGY:      22      1802.1834      1329.8077       273.1222        30.5070         -31496.4094      4630.6304         0.0000         0.0000         0.0000         -23430.1586        -0.0000    -23430.1586    -23430.1586         0.0000           4215.6487      7129.6154    110592.0000      4215.6487      7129.6154

PRESSURE: 23 4268.45 628.288 924.711 628.288 3946.26 -286.446 924.711 -286.446 3481.17
GPRESSURE: 23 7325.72 1006.35 1115.7 424.026 6632.32 -277.893 1167.77 -403.766 5931.71
ENERGY:      23      1755.0049      1322.8424       272.9344        30.0888         -31511.7005      4493.0807         0.0000         0.0000         0.0000         -23637.7494        -0.0000    -23637.7494    -23637.7494         0.0000           3898.6288      6629.9153    110592.0000      3898.6288      6629.9153

PRESSURE: 24 3941.48 730.895 706.614 730.895 3691 -122.27 706.614 -122.27 3118.43
GPRESSURE: 24 6730.67 1096.24 808.274 638.319 6252.53 -52.5061 780.714 -215.575 5403.2
ENERGY:      24      1668.9688      1310.5704       272.5905        29.3237         -31542.3869      4345.8478         0.0000         0.0000         0.0000         -23915.0857        -0.0000    -23915.0857    -23915.0857         0.0000           3583.6370      6128.8011    110592.0000      3583.6370      6128.8011

PRESSURE: 25 3621.32 695.806 600.122 695.806 3432.04 -88.0327 600.122 -88.0327 2815.24
GPRESSURE: 25 6130.69 1027.15 668.08 615.894 5777.97 -25.0214 621.642 -166.616 4951.9
ENERGY:      25      1528.2267      1293.3104       272.0607        28.0758         -31604.0009      4190.6913         0.0000         0.0000         0.0000         -24291.6359        -0.0000    -24291.6359    -24291.6359         0.0000           3289.5320      5620.1885    110592.0000      3289.5320      5620.1885

PRESSURE: 26 3527.84 174.173 965.674 174.173 3596.42 -684.278 965.674 -684.278 3134.53
GPRESSURE: 26 5752.2 558.847 1292.8 -104.223 5392.07 -1036.15 1159.43 -598.733 5434.26
ENERGY:      26      1346.5154      1299.1636       271.8458        26.6980         -31727.6132      4189.6782         0.0000         0.0000         0.0000         -24593.7122        -0.0000    -24593.7122    -24593.7122         0.0000           3419.5982      5526.1763    110592.0000      3419.5982      5526.1763

PRESSURE: 27 493788 -1.25421e+06 844033 -1.25421e+06 3.25761e+06 -2.14378e+06 844033 -2.14378e+06 1.45473e+06
GPRESSURE: 27 511130 -1.2366e+06 881164 -1.29644e+06 3.21268e+06 -2.24275e+06 870827 -2.11448e+06 1.51883e+06
ENERGY:      27      1205.1013      1357.1891       269.8208        28.5640         -31978.8153    692937.9147         0.0000         0.0000         0.0000         663819.7747        -0.0000    663819.7747    663819.7747         0.0000        1735375.8389   1747545.4217    110592.0000   1735375.8389   1747545.4217

LINE MINIMIZER BRACKET: DX 0.000128 0.000256 DU -302.076 688413 DUDX -4.87769e+06 2.24167e+06 7.0879e+08 
PRESSURE: 28 3446.15 424.811 735.437 424.811 3365.34 -353.064 735.437 -353.064 2829.14
GPRESSURE: 28 5690.92 754.841 909 252.615 5354.88 -472.541 828.559 -366.419 4960.99
ENERGY:      28      1381.5238      1291.4084       271.7997        26.8964         -31697.4754      4118.0659         0.0000         0.0000         0.0000         -24607.7813        -0.0000    -24607.7813    -24607.7813         0.0000           3213.5391      5335.5945    110592.0000      3213.5391      5335.5945

LINE MINIMIZER BRACKET: DX 9.68226e-05 3.11774e-05 DU -316.145 14.0691 DUDX -4.87769e+06 -980438 2.24167e+06 
PRESSURE: 29 3460.72 357.014 794.742 357.014 3416.41 -439.471 794.742 -439.471 2902.68
GPRESSURE: 29 5692.02 699.329 1007.5 157.389 5349.49 -617.88 913.835 -428.299 5072.91
ENERGY:      29      1369.0339      1293.5423       271.8112        26.8185         -31707.7920      4132.8298         0.0000         0.0000         0.0000         -24613.7562        -0.0000    -24613.7562    -24613.7562         0.0000           3259.9346      5371.4747    110592.0000      3259.9346      5371.4747

LINE MINIMIZER BRACKET: DX 1.06752e-05 2.05021e-05 DU -5.9749 20.044 DUDX -980438 -108135 2.24167e+06 
PRESSURE: 30 3464.9 342.182 808.119 342.182 3429.03 -458.781 808.119 -458.781 2919.98
GPRESSURE: 30 5694.28 687.491 1029.74 136.41 5350.29 -650.53 933.045 -441.978 5099.48
ETITLE:      TS           BOND          ANGLE          DIHED          IMPRP               ELECT            VDW       BOUNDARY           MISC        KINETIC               TOTAL           TEMP      POTENTIAL         TOTAL3        TEMPAVG            PRESSURE      GPRESSURE         VOLUME       PRESSAVG      GPRESSAVG

ENERGY:      30      1366.6985      1294.0137       271.8140        26.8047         -31709.7733      4136.6587         0.0000         0.0000         0.0000         -24613.7837        -0.0000    -24613.7837    -24613.7837         0.0000           3271.3003      5381.3491    110592.0000      3271.3003      5381.3491

LINE MINIMIZER BRACKET: DX 2.05021e-06 1.84519e-05 DU -0.0274405 20.0715 DUDX -108135 82279.3 2.24167e+06 
MINIMIZER RESTARTING CONJUGATE GRADIENT ALGORITHM
LINE MINIMIZER REDUCING GRADIENT FROM 5.06428e+06 TO 5064.28
PRESSURE: 31 3398.67 386.433 740.968 386.433 3326.2 -376.655 740.968 -376.655 2794.43
GPRESSURE: 31 5581.58 716.015 926.792 202.958 5244.05 -519.752 843.865 -384.721 4907.05
ENERGY:      31      1350.5882      1289.2623       271.9073        26.5046         -31723.2707      4093.7031         0.0000         0.0000         0.0000         -24691.3052        -0.0000    -24691.3052    -24691.3052         0.0000           3173.0996      5244.2287    110592.0000      3173.0996      5244.2287

PRESSURE: 32 3340.12 420.406 685.19 420.406 3238.06 -309.556 685.19 -309.556 2685.89
GPRESSURE: 32 5480.22 737.395 842.62 254.427 5148.18 -414.916 770.749 -338.016 4742.31
ENERGY:      32      1334.9476      1284.6604       272.0057        26.2086         -31736.7658      4056.0860         0.0000         0.0000         0.0000         -24762.8576        -0.0000    -24762.8576    -24762.8576         0.0000           3088.0215      5123.5684    110592.0000      3088.0215      5123.5684

PRESSURE: 33 3240.29 465.526 599.409 465.526 3094.2 -208.826 599.409 -208.826 2507.43
GPRESSURE: 33 5303.01 764.272 716.027 324.293 4979.53 -262.109 660.41 -268.167 4474.65
ENERGY:      33      1305.0815      1275.8974       272.2169        25.6292         -31763.7462      3992.9343         0.0000         0.0000         0.0000         -24891.9868        -0.0000    -24891.9868    -24891.9868         0.0000           2947.3043      4919.0622    110592.0000      2947.3043      4919.0622

PRESSURE: 34 3084.12 499.782 493.214 499.782 2884.96 -90.0717 493.214 -90.0717 2248.62
GPRESSURE: 34 5013.21 778.96 565.701 384.524 4699.71 -93.2508 528.869 -187.055 4092.88
ENERGY:      34      1251.0465      1260.0864       272.6954        24.5209         -31817.6682      3897.4013         0.0000         0.0000         0.0000         -25111.9177        -0.0000    -25111.9177    -25111.9177         0.0000           2739.2337      4601.9360    110592.0000      2739.2337      4601.9360

PRESSURE: 35 2847.13 475.904 397.541 475.904 2592.17 7.89074 397.541 7.89074 1905.05
GPRESSURE: 35 4553.17 743.799 440.234 378.206 4240.71 25.0239 420.171 -124.809 3596.11
ENERGY:      35      1166.0082      1235.0194       273.8562        22.5072         -31925.3159      3762.9673         0.0000         0.0000         0.0000         -25464.9576        -0.0000    -25464.9576    -25464.9576         0.0000           2448.1163      4129.9988    110592.0000      2448.1163      4129.9988

PRESSURE: 36 2445.5 343.881 338.638 343.881 2104.52 64.6782 338.638 64.6782 1397.43
GPRESSURE: 36 3805.62 616.306 377.754 254.528 3444.72 63.8978 377.36 -102.012 2903.84
ENERGY:      36      1089.4735      1209.4593       276.8881        19.3028         -32139.6279      3569.8809         0.0000         0.0000         0.0000         -25974.6232        -0.0000    -25974.6232    -25974.6232         0.0000           1982.4828      3384.7276    110592.0000      1982.4828      3384.7276

PRESSURE: 37 2057.85 -477.059 937.896 -477.059 1758.2 -673.264 937.896 -673.264 1276.09
GPRESSURE: 37 3659.51 -30.5748 1213.31 -1388.56 2511.5 -972.509 1960.85 -676.55 2942.97
ENERGY:      37      1317.9587      1249.1308       286.0399        16.2577         -32564.6216      3560.7561         0.0000         0.0000         0.0000         -26134.4784        -0.0000    -26134.4784    -26134.4784         0.0000           1697.3829      3037.9931    110592.0000      1697.3829      3037.9931

PRESSURE: 38 4.38969e+09 6.55456e+09 -1.21541e+09 6.55456e+09 9.78709e+09 -1.81482e+09 -1.21541e+09 -1.81482e+09 3.36523e+08
GPRESSURE: 38 4.38955e+09 6.55454e+09 -1.21546e+09 6.55435e+09 9.78706e+09 -1.81489e+09 -1.21537e+09 -1.81481e+09 3.36539e+08
ENERGY:      38      3342.2955      1649.5150       324.4851        24.1967         -33419.4797 1924511699.2424         0.0000         0.0000         0.0000      1924483620.2551        -0.0000 1924483620.2551 1924483620.2551         0.0000      4837769866.1185 4837717160.3266    110592.0000 4837769866.1185 4837717160.3266

LINE MINIMIZER BRACKET: DX 0.000512 0.001024 DU -159.855 1.92451e+09 DUDX -1.56827e+06 2.74417e+06 3.01844e+07 
PRESSURE: 39 2049.23 135.871 385.73 135.871 1603.26 20.9267 385.73 20.9267 946.517
GPRESSURE: 39 3195.42 433.516 458.527 -0.367172 2674.61 -22.1114 524.686 -158.008 2370.25
ENERGY:      39      1151.8722      1216.8963       281.2979        17.0636         -32374.3548      3429.1516         0.0000         0.0000         0.0000         -26278.0732        -0.0000    -26278.0732    -26278.0732         0.0000           1533.0018      2746.7595    110592.0000      1533.0018      2746.7595

LINE MINIMIZER BRACKET: DX 0.000282151 0.000229849 DU -303.45 143.595 DUDX -1.56827e+06 -492288 2.74417e+06 
PRESSURE: 40 1997.86 73.2819 426.946 73.2819 1539.55 -24.0532 426.946 -24.0532 904.601
GPRESSURE: 40 3145.37 382.402 515.433 -105.338 2564.62 -84.5714 623.256 -195.756 2334.83
ETITLE:      TS           BOND          ANGLE          DIHED          IMPRP               ELECT            VDW       BOUNDARY           MISC        KINETIC               TOTAL           TEMP      POTENTIAL         TOTAL3        TEMPAVG            PRESSURE      GPRESSURE         VOLUME       PRESSAVG      GPRESSAVG

ENERGY:      40      1179.5371      1222.0212       282.2327        16.8069         -32416.3453      3420.3085         0.0000         0.0000         0.0000         -26295.4387        -0.0000    -26295.4387    -26295.4387         0.0000           1480.6707      2681.6052    110592.0000      1480.6707      2681.6052

LINE MINIMIZER BRACKET: DX 5.06488e-05 0.0001792 DU -17.3655 160.96 DUDX -492288 -179077 2.74417e+06 
PRESSURE: 41 1983.36 46.3852 447.112 46.3852 1522.85 -46.888 447.112 -46.888 897.214
GPRESSURE: 41 3137.79 360.893 542.915 -154.509 2530.57 -115.749 671.754 -214.144 2332.84
ENERGY:      41      1190.5318      1224.1049       282.5764        16.7268         -32431.1921      3419.7923         0.0000         0.0000         0.0000         -26297.4599        -0.0000    -26297.4599    -26297.4599         0.0000           1467.8076      2667.0685    110592.0000      1467.8076      2667.0685

LINE MINIMIZER BRACKET: DX 1.792e-05 0.00016128 DU -2.02115 162.981 DUDX -179077 -43899.8 2.74417e+06 
PRESSURE: 42 1972.47 19.3521 468.505 19.3521 1511.41 -71.58 468.505 -71.58 894.996
GPRESSURE: 42 3136.91 339.513 571.963 -206.13 2502.81 -149.307 723.606 -233.677 2337.3
ENERGY:      42      1200.9670      1226.1004       282.8919        16.6595         -32444.5522      3420.8437         0.0000         0.0000         0.0000         -26297.0898        -0.0000    -26297.0898    -26297.0898         0.0000           1459.6242      2659.0067    110592.0000      1459.6242      2659.0067

LINE MINIMIZER BRACKET: DX 1.792e-05 1.6128e-05 DU -2.02115 0.370131 DUDX -179077 -43899.8 92611 
PRESSURE: 43 1979.54 37.8285 453.768 37.8285 1518.68 -54.53 453.768 -54.53 895.978
GPRESSURE: 43 3136.82 354.101 551.962 -170.619 2521.14 -126.146 687.844 -220.224 2333.6
ENERGY:      43      1193.9018      1224.7476       282.6793        16.7042         -32435.5796      3419.9669         0.0000         0.0000         0.0000         -26297.5798        -0.0000    -26297.5798    -26297.5798         0.0000           1464.7321      2663.8505    110592.0000      1464.7321      2663.8505

LINE MINIMIZER BRACKET: DX 5.29561e-06 1.08324e-05 DU -0.119957 0.490088 DUDX -43899.8 -767.851 92611 
LINE MINIMIZER REDUCING GRADIENT FROM 2.15541e+06 TO 2155.41
PRESSURE: 44 1916.47 40.5295 448.215 40.5295 1491.26 -51.1295 448.215 -51.1295 861.092
GPRESSURE: 44 3035.08 352.07 539.536 -164.081 2457.76 -117.604 671.919 -214.609 2250.68
ENERGY:      44      1174.1493      1216.4777       283.1700        15.9330         -32469.0148      3395.3595         0.0000         0.0000         0.0000         -26383.9253        -0.0000    -26383.9253    -26383.9253         0.0000           1422.9422      2581.1739    110592.0000      1422.9422      2581.1739

PRESSURE: 45 1853.4 42.8475 443.032 42.8475 1463.03 -47.9317 443.032 -47.9317 825.634
GPRESSURE: 45 2935.22 349.86 527.71 -158.072 2395.13 -109.453 656.795 -209.288 2169.18
ENERGY:      45      1155.6005      1208.7607       283.6697        15.2326         -32502.4140      3371.3248         0.0000         0.0000         0.0000         -26467.8257        -0.0000    -26467.8257    -26467.8257         0.0000           1380.6860      2499.8464    110592.0000      1380.6860      2499.8464

PRESSURE: 46 1726.92 46.3889 433.765 46.3889 1404.06 -42.1441 433.765 -42.1441 752.826
GPRESSURE: 46 2740.77 344.955 505.809 -147.532 2272.08 -94.3054 628.863 -199.522 2010.18
ENERGY:      46      1122.1178      1194.9820       284.6938        14.0270         -32569.1083      3324.9130         0.0000         0.0000         0.0000         -26628.3748        -0.0000    -26628.3748    -26628.3748         0.0000           1294.6011      2341.0095    110592.0000      1294.6011      2341.0095

PRESSURE: 47 1471.32 49.267 418.947 49.267 1275.75 -32.7058 418.947 -32.7058 598.49
GPRESSURE: 47 2371.25 333.317 468.091 -131.844 2034.02 -68.2012 581.074 -183.188 1706.64
ENERGY:      47      1069.6544      1174.0323       286.8271        12.2969         -32702.0670      3238.3277         0.0000         0.0000         0.0000         -26920.9284        -0.0000    -26920.9284    -26920.9284         0.0000           1115.1846      2037.3065    110592.0000      1115.1846      2037.3065

PRESSURE: 48 940.123 40.5883 401.19 40.5883 973.939 -20.9045 401.19 -20.9045 246.784
GPRESSURE: 48 1698.75 304.122 412.581 -118.068 1584.76 -30.5677 511.623 -161.923 1146.37
ENERGY:      48      1023.2931      1158.5693       291.3342        10.9534         -32966.3422      3087.4286         0.0000         0.0000         0.0000         -27394.7636        -0.0000    -27394.7636    -27394.7636         0.0000            720.2820      1476.6274    110592.0000       720.2820      1476.6274

2015-02-02 10:09:07.151 (WARN ) [0xfffa09c9220] 8761465:ibm.runjob.client.Job: terminated by signal 9
2015-02-02 10:09:07.152 (WARN ) [0xfffa09c9220] 8761465:ibm.runjob.client.Job: abnormal termination by signal 9 from rank 8
