Converse/Charm++ Commit ID: v6.3.0-723-g6148ae1
[0] isomalloc.c> Disabling isomalloc because isomalloc disabled by conv-mach
Info: NAMD 2.9 for BlueGeneQ
Info: 
Info: Please visit http://www.ks.uiuc.edu/Research/namd/
Info: for updates, documentation, and support information.
Info: 
Info: Please cite Phillips et al., J. Comp. Chem. 26:1781-1802 (2005)
Info: in all publications reporting results obtained with NAMD.
Info: 
Info: Based on Charm++/Converse 60305 for pami-bluegeneq-smp-xlc
Info: Built Sun Dec 7 11:31:12 EST 2014 by bobdanani on avoca-test
Info: Running on 128 processors, 16 nodes, 16 physical nodes.
Info: CPU topology information unavailable.
Info: Charm++/Converse parallel runtime startup completed at 0.0368198 s
Info: 202.062 MB of memory in use based on /proc/self/stat
Info: Configuration file is namd_equilibration_script.conf
Info: Working in the current directory /vlsci/VR0021/mike/GIT/MD_workflow_py/newdir/newiDir0088
TCL: Suspending until startup complete.
Info: SIMULATION PARAMETERS:
Info: TIMESTEP               2
Info: NUMBER OF STEPS        0
Info: STEPS PER CYCLE        10
Info: PERIODIC CELL BASIS 1  48 0 0
Info: PERIODIC CELL BASIS 2  0 48 0
Info: PERIODIC CELL BASIS 3  0 0 48
Info: PERIODIC CELL CENTER   0 0 0
Info: WRAPPING WATERS AROUND PERIODIC BOUNDARIES ON OUTPUT.
Info: WRAPPING ALL CLUSTERS AROUND PERIODIC BOUNDARIES ON OUTPUT.
Info: LOAD BALANCER  Centralized
Info: LOAD BALANCING STRATEGY  New Load Balancers -- DEFAULT
Info: LDB PERIOD             2000 steps
Info: FIRST LDB TIMESTEP     50
Info: LAST LDB TIMESTEP     -1
Info: LDB BACKGROUND SCALING 1
Info: HOM BACKGROUND SCALING 1
Info: PME BACKGROUND SCALING 1
Info: REMOVING PATCHES FROM PROCESSOR 0
Info: MIN ATOMS PER PATCH    40
Info: INITIAL TEMPERATURE    310
Info: CENTER OF MASS MOVING INITIALLY? NO
Info: DIELECTRIC             1
Info: EXCLUDE                SCALED ONE-FOUR
Info: 1-4 ELECTROSTATICS SCALED BY 1
Info: MODIFIED 1-4 VDW PARAMETERS WILL BE USED
Info: DCD FILENAME           current_MD_run_files.dcd
Info: DCD FREQUENCY          500
Info: DCD FIRST STEP         500
Info: DCD FILE WILL CONTAIN UNIT CELL DATA
Info: XST FILENAME           current_MD_run_files.xst
Info: XST FREQUENCY          500
Info: NO VELOCITY DCD OUTPUT
Info: NO FORCE DCD OUTPUT
Info: OUTPUT FILENAME        current_MD_run_files
Info: BINARY OUTPUT FILES WILL BE USED
Info: RESTART FILENAME       current_MD_run_files.restart
Info: RESTART FREQUENCY      5000
Info: BINARY RESTART FILES WILL BE USED
Info: SWITCHING ACTIVE
Info: SWITCHING ON           10
Info: SWITCHING OFF          12
Info: PAIRLIST DISTANCE      14
Info: PAIRLIST SHRINK RATE   0.01
Info: PAIRLIST GROW RATE     0.01
Info: PAIRLIST TRIGGER       0.3
Info: PAIRLISTS PER CYCLE    2
Info: PAIRLISTS ENABLED
Info: MARGIN                 0.99
Info: HYDROGEN GROUP CUTOFF  2.5
Info: PATCH DIMENSION        17.49
Info: ENERGY OUTPUT STEPS    500
Info: CROSSTERM ENERGY INCLUDED IN DIHEDRAL
Info: TIMING OUTPUT STEPS    500
Info: PRESSURE OUTPUT STEPS  500
Info: LANGEVIN DYNAMICS ACTIVE
Info: LANGEVIN TEMPERATURE   310
Info: LANGEVIN DAMPING COEFFICIENT IS 5 INVERSE PS
Info: LANGEVIN DYNAMICS NOT APPLIED TO HYDROGENS
Info: LANGEVIN PISTON PRESSURE CONTROL ACTIVE
Info:        TARGET PRESSURE IS 1.01325 BAR
Info:     OSCILLATION PERIOD IS 100 FS
Info:             DECAY TIME IS 50 FS
Info:     PISTON TEMPERATURE IS 310 K
Info:       PRESSURE CONTROL IS GROUP-BASED
Info:    INITIAL STRAIN RATE IS 0 0 0
Info:       CELL FLUCTUATION IS ANISOTROPIC
Info: PARTICLE MESH EWALD (PME) ACTIVE
Info: PME TOLERANCE               1e-06
Info: PME EWALD COEFFICIENT       0.257952
Info: PME INTERPOLATION ORDER     4
Info: PME GRID DIMENSIONS         48 48 48
Info: PME MAXIMUM GRID SPACING    1
Info: Attempting to read FFTW data from FFTW_NAMD_2.9_BlueGeneQ.txt
Info: Optimizing 6 FFT steps.  1... 2... 3... 4... 5... 6...   Done.
Info: Writing FFTW data to FFTW_NAMD_2.9_BlueGeneQ.txt
Info: FULL ELECTROSTATIC EVALUATION FREQUENCY      2
Info: USING VERLET I (r-RESPA) MTS SCHEME.
Info: C1 SPLITTING OF LONG RANGE ELECTROSTATICS
Info: PLACING ATOMS IN PATCHES BY HYDROGEN GROUPS
Info: RIGID BONDS TO HYDROGEN : ALL
Info:         ERROR TOLERANCE : 1e-08
Info:          MAX ITERATIONS : 100
Info: RIGID WATER USING SETTLE ALGORITHM
Info: RANDOM NUMBER SEED     1422832115
Info: USE HYDROGEN BONDS?    NO
Info: COORDINATE PDB         ../../InputFiles/example.pdb
Info: STRUCTURE FILE         ../../InputFiles/example.psf
Info: PARAMETER file: CHARMM format! 
Info: PARAMETERS             ../../InputFiles/Parameters/par_all27_prot_na.prm
Info: USING ARITHMETIC MEAN TO COMBINE L-J SIGMA PARAMETERS
Info: SUMMARY OF PARAMETERS:
Info: 258 BONDS
Info: 666 ANGLES
Info: 1134 DIHEDRAL
Info: 70 IMPROPER
Info: 6 CROSSTERM
Info: 164 VDW
Info: 0 VDW_PAIRS
Info: 0 NBTHOLE_PAIRS
Info: TIME FOR READING PSF FILE: 2.00586
Info: TIME FOR READING PDB FILE: 0.447731
Info: 
Info: ****************************
Info: STRUCTURE SUMMARY:
Info: 10315 ATOMS
Info: 7285 BONDS
Info: 5281 ANGLES
Info: 3293 DIHEDRALS
Info: 204 IMPROPERS
Info: 74 CROSSTERMS
Info: 0 EXCLUSIONS
Info: 9701 RIGID BONDS
Info: 21244 DEGREES OF FREEDOM
Info: 3638 HYDROGEN GROUPS
Info: 4 ATOMS IN LARGEST HYDROGEN GROUP
Info: 3638 MIGRATION GROUPS
Info: 4 ATOMS IN LARGEST MIGRATION GROUP
Info: TOTAL MASS = 63394.1 amu
Info: TOTAL CHARGE = 1.00955e-06 e
Info: MASS DENSITY = 0.951884 g/cm^3
Info: ATOM DENSITY = 0.0932708 atoms/A^3
Info: *****************************
Info: 
Info: Entering startup at 24.5676 s, 202.062 MB of memory in use
Info: Startup phase 0 took 0.00322873 s, 202.062 MB of memory in use
Info: Startup phase 1 took 0.1052 s, 202.062 MB of memory in use
Info: Startup phase 2 took 0.00386871 s, 202.062 MB of memory in use
Info: Startup phase 3 took 0.0028939 s, 202.062 MB of memory in use
Info: PATCH GRID IS 5 (PERIODIC) BY 5 (PERIODIC) BY 2 (PERIODIC)
Info: PATCH GRID IS 2-AWAY BY 2-AWAY BY 1-AWAY
Info: REMOVING COM VELOCITY -0.0103259 0.0404206 -0.0692922
Info: LARGEST PATCH (12) HAS 234 ATOMS
Info: Startup phase 4 took 0.0328802 s, 202.062 MB of memory in use
Info: PME using 24 and 24 processors for FFT and reciprocal sum.
Info: PME USING 16 GRID NODES AND 16 TRANS NODES
Info: PME GRID LOCATIONS: 7 11 15 23 27 31 39 43 47 55 ...
Info: PME TRANS LOCATIONS: 3 5 13 19 21 29 35 37 45 51 ...
Info: Startup phase 5 took 0.00734581 s, 202.062 MB of memory in use
Info: Startup phase 6 took 0.00969373 s, 202.062 MB of memory in use
LDB: Central LB being created...
Info: Startup phase 7 took 1.20401 s, 202.062 MB of memory in use
Info: CREATING 2450 COMPUTE OBJECTS
Info: NONBONDED TABLE R-SQUARED SPACING: 0.0625
Info: NONBONDED TABLE SIZE: 769 POINTS
Info: ABSOLUTE IMPRECISION IN FAST TABLE ENERGY: 3.38813e-21 AT 11.7447
Info: RELATIVE IMPRECISION IN FAST TABLE ENERGY: 6.92477e-14 AT 11.9138
Info: ABSOLUTE IMPRECISION IN FAST TABLE FORCE: 2.64698e-23 AT 11.9138
Info: RELATIVE IMPRECISION IN FAST TABLE FORCE: 1.40436e-16 AT 11.9138
Info: ABSOLUTE IMPRECISION IN SCOR TABLE ENERGY: 3.38813e-21 AT 11.7447
Info: RELATIVE IMPRECISION IN SCOR TABLE ENERGY: 4.24069e-16 AT 11.9138
Info: ABSOLUTE IMPRECISION IN SCOR TABLE FORCE: 4.10282e-22 AT 11.9138
Info: RELATIVE IMPRECISION IN SCOR TABLE FORCE: 3.56912e-15 AT 11.9138
Info: ABSOLUTE IMPRECISION IN VDWA TABLE ENERGY: 9.86076e-32 AT 11.8295
Info: RELATIVE IMPRECISION IN VDWA TABLE ENERGY: 6.75473e-14 AT 11.9138
Info: ABSOLUTE IMPRECISION IN VDWA TABLE FORCE: 4.62223e-32 AT 11.9138
Info: RELATIVE IMPRECISION IN VDWA TABLE FORCE: 2.12237e-15 AT 11.9138
Info: ABSOLUTE IMPRECISION IN VDWB TABLE ENERGY: 4.1359e-25 AT 11.8295
Info: RELATIVE IMPRECISION IN VDWB TABLE ENERGY: 7.56853e-15 AT 11.9138
Info: ABSOLUTE IMPRECISION IN VDWB TABLE FORCE: 3.87741e-26 AT 11.9138
Info: RELATIVE IMPRECISION IN VDWB TABLE FORCE: 5.97409e-16 AT 11.9138
Info: useSync: 0 useProxySync: 0
Info: Startup phase 8 took 0.0325536 s, 202.062 MB of memory in use
Info: Building spanning tree ... send: 1 recv: 0 with branch factor 9
Info: Startup phase 9 took 0.00354751 s, 202.062 MB of memory in use
Info: Startup phase 10 took 0.00246677 s, 202.062 MB of memory in use
Info: Finished startup at 25.9753 s, 202.062 MB of memory in use

TCL: Minimizing for 500 steps
PRESSURE: 0 7.92778e+08 9.80914e+08 6.43957e+08 9.80914e+08 1.21846e+09 7.99677e+08 6.43957e+08 7.99677e+08 5.27056e+08
GPRESSURE: 0 7.92785e+08 9.80912e+08 6.43961e+08 9.80914e+08 1.21847e+09 7.99675e+08 6.4396e+08 7.99677e+08 5.27061e+08
ETITLE:      TS           BOND          ANGLE          DIHED          IMPRP               ELECT            VDW       BOUNDARY           MISC        KINETIC               TOTAL           TEMP      POTENTIAL         TOTAL3        TEMPAVG            PRESSURE      GPRESSURE         VOLUME       PRESSAVG      GPRESSAVG

ENERGY:       0      3088.5033      1499.3301       263.8206        10.6933         -30848.5033 336586487.2282         0.0000         0.0000         0.0000      336560501.0722        -0.0000 336560501.0722 336560501.0722         0.0000      846098063.7249 846104120.5607    110592.0000 846098063.7249 846104120.5607

OPENING EXTENDED SYSTEM TRAJECTORY FILE
MINIMIZER SLOWLY MOVING 41 ATOMS WITH BAD CONTACTS DOWNHILL
PRESSURE: 1 2.3761e+07 2.92891e+07 1.92693e+07 2.92891e+07 3.65371e+07 2.38544e+07 1.92693e+07 2.38544e+07 1.58365e+07
GPRESSURE: 1 2.37671e+07 2.92887e+07 1.92714e+07 2.92892e+07 3.65424e+07 2.38532e+07 1.9271e+07 2.38552e+07 1.58411e+07
ENERGY:       1      3097.8780      1492.2035       263.8872        11.6906         -30918.4516  10098045.4909         0.0000         0.0000         0.0000       10071992.6986        -0.0000  10071992.6986  10071992.6986         0.0000       25378190.6513  25383543.1825    110592.0000  25378190.6513  25383543.1825

MINIMIZER SLOWLY MOVING 20 ATOMS WITH BAD CONTACTS DOWNHILL
PRESSURE: 2 1.60262e+06 1.93601e+06 1.28335e+06 1.93601e+06 2.45349e+06 1.57411e+06 1.28335e+06 1.57411e+06 1.07617e+06
GPRESSURE: 2 1.60887e+06 1.93607e+06 1.28495e+06 1.9358e+06 2.45889e+06 1.57341e+06 1.28485e+06 1.57465e+06 1.08101e+06
ENERGY:       2      3098.8562      1486.5938       264.0525        11.6906         -30939.5732    683808.6242         0.0000         0.0000         0.0000         657730.2441        -0.0000    657730.2441    657730.2441         0.0000        1710761.1668   1716255.7877    110592.0000   1710761.1668   1716255.7877

MINIMIZER SLOWLY MOVING 8 ATOMS WITH BAD CONTACTS DOWNHILL
PRESSURE: 3 197678 209202 143265 209202 286173 169684 143265 169684 134769
GPRESSURE: 3 204076 209794 144555 208589 291200 169306 144311 169543 140107
ENERGY:       3      3098.8562      1486.5938       264.0525        11.6906         -30939.6937     85515.0225         0.0000         0.0000         0.0000          59436.5219        -0.0000     59436.5219     59436.5219         0.0000         206206.9406    211794.4545    110592.0000    206206.9406    211794.4545

MINIMIZER SLOWLY MOVING 4 ATOMS WITH BAD CONTACTS DOWNHILL
PRESSURE: 4 51832.3 29892.9 24062.2 29892.9 59310.8 24792.8 24062.2 24792.8 35775.4
GPRESSURE: 4 58421.7 30508.2 25327.7 28842.3 64264.8 24475.3 24635.9 24619.7 41255.5
ENERGY:       4      3098.8562      1486.5938       264.0525        11.6906         -30939.5674     23037.6747         0.0000         0.0000         0.0000          -3040.6997        -0.0000     -3040.6997     -3040.6997         0.0000          48972.8153     54647.3064    110592.0000     48972.8153     54647.3064

MINIMIZER SLOWLY MOVING 2 ATOMS WITH BAD CONTACTS DOWNHILL
PRESSURE: 5 30532.1 3498.92 6725.59 3498.92 26455.3 3178.44 6725.59 3178.44 21542
GPRESSURE: 5 37142.6 4114.36 7988.38 2350.17 31398.3 2879.07 7205.28 2993.04 27043.8
ENERGY:       5      3098.8562      1486.5938       264.0525        11.6906         -30938.6693     13993.1376         0.0000         0.0000         0.0000         -12084.3386        -0.0000    -12084.3386    -12084.3386         0.0000          26176.4652     31861.5673    110592.0000     26176.4652     31861.5673

MINIMIZER SLOWLY MOVING 2 ATOMS WITH BAD CONTACTS DOWNHILL
PRESSURE: 6 26526.3 -1468.36 3460.82 -1468.36 20273.6 -889.048 3460.82 -889.048 18867
GPRESSURE: 6 33138.6 -853.801 4722.7 -2634.96 25214.1 -1184.61 3925.75 -1074.84 24370.8
ENERGY:       6      3098.8562      1486.5938       264.0525        11.6906         -30936.7428     12297.3267         0.0000         0.0000         0.0000         -13778.2230        -0.0000    -13778.2230    -13778.2230         0.0000          21889.0008     27574.5239    110592.0000     21889.0008     27574.5239

MINIMIZER SLOWLY MOVING 2 ATOMS WITH BAD CONTACTS DOWNHILL
PRESSURE: 7 25612.5 -2600.63 2716.01 -2600.63 18869.7 -1812.5 2716.01 -1812.5 18263.3
GPRESSURE: 7 32281.5 -2000.41 3936.7 -3699.2 23792.6 -2157.42 3226.41 -2008 23733.4
ENERGY:       7      3098.8562      1486.5938       264.0525        11.6906         -30934.6537     11914.2537         0.0000         0.0000         0.0000         -14159.2069        -0.0000    -14159.2069    -14159.2069         0.0000          20915.1785     26602.5042    110592.0000     20915.1785     26602.5042

MINIMIZER STARTING CONJUGATE GRADIENT ALGORITHM
LINE MINIMIZER REDUCING GRADIENT FROM 1.28304e+08 TO 128304
PRESSURE: 8 25247.7 -2536.43 2691.61 -2536.43 18631.3 -1769.09 2691.61 -1769.09 18003.1
GPRESSURE: 8 31880.1 -1938.49 3895.18 -3619.96 23534.7 -2102.32 3197.2 -1962.55 23436.4
ENERGY:       8      3090.7892      1485.5168       264.0466        11.6886         -30936.5185     11797.8422         0.0000         0.0000         0.0000         -14286.6351        -0.0000    -14286.6351    -14286.6351         0.0000          20627.3447     26283.7546    110592.0000     20627.3447     26283.7546

PRESSURE: 9 24890.1 -2473.62 2667.3 -2473.62 18397.3 -1726.98 2667.3 -1726.98 17748.1
GPRESSURE: 9 31486.6 -1877.91 3854.09 -3542.44 23281.6 -2048.85 3168.19 -1918.45 23145.4
ENERGY:       9      3082.7502      1484.4436       264.0410        11.6870         -30938.3841     11683.6730         0.0000         0.0000         0.0000         -14411.7893        -0.0000    -14411.7893    -14411.7893         0.0000          20345.1877     25971.1849    110592.0000     20345.1877     25971.1849

LDB: ============= START OF LOAD BALANCING ============== 26.3854
LDB: ============== END OF LOAD BALANCING =============== 26.3866
Info: useSync: 0 useProxySync: 0
LDB: =============== DONE WITH MIGRATION ================ 26.3921
PRESSURE: 10 24195.8 -2352.01 2618.96 -2352.01 17942.4 -1646.44 2618.96 -1646.44 17253.7
GPRESSURE: 10 30722.2 -1760.69 3773.13 -3392.42 22789.1 -1946.53 3110.7 -1834.05 22580.6
ETITLE:      TS           BOND          ANGLE          DIHED          IMPRP               ELECT            VDW       BOUNDARY           MISC        KINETIC               TOTAL           TEMP      POTENTIAL         TOTAL3        TEMPAVG            PRESSURE      GPRESSURE         VOLUME       PRESSAVG      GPRESSAVG

ENERGY:      10      3066.7562      1482.3085       264.0305        11.6851         -30942.1130     11461.8508         0.0000         0.0000         0.0000         -14655.4819        -0.0000    -14655.4819    -14655.4819         0.0000          19797.3211     25363.9782    110592.0000     19797.3211     25363.9782

PRESSURE: 11 22886.6 -2123.99 2523.69 -2123.99 17081.9 -1499.14 2523.69 -1499.14 16323.1
GPRESSURE: 11 29279.6 -1541.1 3616.28 -3111.35 21856.5 -1759.16 2998.16 -1679.43 21516.2
ENERGY:      11      3035.1037      1478.0836       264.0124        11.6860         -30949.5613     11042.8731         0.0000         0.0000         0.0000         -15117.8025        -0.0000    -15117.8025    -15117.8025         0.0000          18763.8759     24217.4311    110592.0000     18763.8759     24217.4311

PRESSURE: 12 20553.4 -1722.95 2339.96 -1722.95 15538.6 -1252.24 2339.96 -1252.24 14669.9
GPRESSURE: 12 26703.6 -1155.89 3322.71 -2617.65 20179.9 -1444.57 2783.67 -1419.34 19620.8
ENERGY:      12      2973.1376      1469.8155       263.9877        11.7070         -30964.4243     10293.4960         0.0000         0.0000         0.0000         -15952.2805        -0.0000    -15952.2805    -15952.2805         0.0000          16920.6524     22168.1114    110592.0000     16920.6524     22168.1114

PRESSURE: 13 16815.2 -1100.53 2006.84 -1100.53 13034.3 -904.044 2006.84 -904.044 12035.6
GPRESSURE: 13 22558 -562.478 2814.14 -1853.11 17445.3 -1000.21 2401.8 -1049.07 16584.8
ENERGY:      13      2854.5340      1454.0067       263.9835        11.8263         -30994.0211      9082.7739         0.0000         0.0000         0.0000         -17326.8967        -0.0000    -17326.8967    -17326.8967         0.0000          13961.6881     18862.6755    110592.0000     13961.6881     18862.6755

PRESSURE: 14 11864.8 -345.294 1493.19 -345.294 9637.93 -556.087 1493.19 -556.087 8576.4
GPRESSURE: 14 17006.2 140.803 2073.1 -927.946 13689.1 -559.716 1830.1 -669.463 12552.7
ENERGY:      14      2638.4195      1425.3083       264.1507        12.3760         -31052.7540      7446.6365         0.0000         0.0000         0.0000         -19265.8629        -0.0000    -19265.8629    -19265.8629         0.0000          10026.3729     14415.9962    110592.0000     10026.3729     14415.9962

PRESSURE: 15 7108.42 200.401 980.708 200.401 6246.69 -418.948 980.708 -418.948 5323.14
GPRESSURE: 15 11503.7 603.898 1365.47 -268.069 9802.28 -413.601 1312.93 -508.31 8650.47
ENERGY:      15      2288.6245      1379.6753       265.1654        14.7443         -31168.6191      5790.4200         0.0000         0.0000         0.0000         -21429.9896        -0.0000    -21429.9896    -21429.9896         0.0000           6226.0811      9985.4766    110592.0000      6226.0811      9985.4766

PRESSURE: 16 4850.09 165.432 1257.94 165.432 4514.88 -754.599 1257.94 -754.599 4125.78
GPRESSURE: 16 8668.6 486.094 1707.32 -477.896 7507.27 -965.973 1985.97 -921.641 7053.82
ENERGY:      16      1900.2223      1336.3753       270.1213        24.8446         -31394.4641      4840.6795         0.0000         0.0000         0.0000         -23022.2212        -0.0000    -23022.2212    -23022.2212         0.0000           4496.9203      7743.2303    110592.0000      4496.9203      7743.2303

PRESSURE: 17 17852.3 -1550.03 12378.5 -1550.03 10801.7 -4850.32 12378.5 -4850.32 17654.9
GPRESSURE: 17 30366.1 273.821 17743.2 -5798.21 14465.5 -7375.29 22472.3 -4882.86 26267.7
ENERGY:      17      2163.8410      1452.4679       293.4260        71.7709         -31822.6930      8851.2293         0.0000         0.0000         0.0000         -18989.9580        -0.0000    -18989.9580    -18989.9580         0.0000          15436.3105     23699.7773    110592.0000     15436.3105     23699.7773

LINE MINIMIZER BRACKET: DX 0.000128 0.000256 DU -1592.23 4032.26 DUDX -2.32342e+07 -4.29861e+06 5.45662e+07 
PRESSURE: 18 4953.74 96.6938 1515.53 96.6938 4553.16 -899.461 1515.53 -899.461 4341.14
GPRESSURE: 18 8800.08 414.144 2049.01 -651.118 7479.81 -1192.18 2434.04 -1102.32 7307.51
ENERGY:      18      1867.1741      1335.6056       271.7736        28.0148         -31441.9086      4839.5343         0.0000         0.0000         0.0000         -23099.8062        -0.0000    -23099.8062    -23099.8062         0.0000           4616.0112      7862.4672    110592.0000      4616.0112      7862.4672

LINE MINIMIZER BRACKET: DX 2.7443e-05 0.000228557 DU -77.585 4109.85 DUDX -4.29861e+06 -1.35344e+06 5.45662e+07 
PRESSURE: 19 5172 28.1139 1798.84 28.1139 4670.15 -1047.07 1798.84 -1047.07 4637.9
GPRESSURE: 19 9099.27 348.701 2429.82 -831.974 7557.9 -1421.45 2923.47 -1284.49 7678.48
ENERGY:      19      1852.2059      1337.3080       273.3194        30.9492         -31481.1655      4885.2168         0.0000         0.0000         0.0000         -23102.1662        -0.0000    -23102.1662    -23102.1662         0.0000           4826.6845      8111.8822    110592.0000      4826.6845      8111.8822

LINE MINIMIZER BRACKET: DX 2.28557e-05 0.000205701 DU -2.35998 4112.21 DUDX -1.35344e+06 1.16674e+06 5.45662e+07 
MINIMIZER RESTARTING CONJUGATE GRADIENT ALGORITHM
LINE MINIMIZER REDUCING GRADIENT FROM 2.67828e+07 TO 26782.8
PRESSURE: 20 4984.37 169.615 1602.4 169.615 4517.92 -872.402 1602.4 -872.402 4388.47
GPRESSURE: 20 8716.88 509.236 2127.21 -529.972 7368.74 -1151.88 2514.32 -1079.82 7293.74
ETITLE:      TS           BOND          ANGLE          DIHED          IMPRP               ELECT            VDW       BOUNDARY           MISC        KINETIC               TOTAL           TEMP      POTENTIAL         TOTAL3        TEMPAVG            PRESSURE      GPRESSURE         VOLUME       PRESSAVG      GPRESSAVG

ENERGY:      20      1839.4311      1335.3834       273.2693        30.8364         -31484.9723      4804.2133         0.0000         0.0000         0.0000         -23201.8389        -0.0000    -23201.8389    -23201.8389         0.0000           4630.2565      7793.1202    110592.0000      4630.2565      7793.1202

PRESSURE: 21 4827.6 283.438 1442.21 283.438 4391.32 -730.863 1442.21 -730.863 4182.58
GPRESSURE: 21 8402.24 636.73 1882.97 -289.379 7210.39 -935.766 2185.43 -914.947 6979.11
ENERGY:      21      1826.8362      1333.4917       273.2197        30.7251         -31488.7816      4736.4490         0.0000         0.0000         0.0000         -23288.0599        -0.0000    -23288.0599    -23288.0599         0.0000           4467.1672      7530.5788    110592.0000      4467.1672      7530.5788

PRESSURE: 22 4583.35 449.3 1202.82 449.3 4195.44 -521.748 1202.82 -521.748 3868.15
GPRESSURE: 22 7922.33 818.836 1523.19 56.8519 6961.93 -621.362 1704.16 -673.151 6504.58
ENERGY:      22      1802.1834      1329.8077       273.1222        30.5070         -31496.4094      4630.6304         0.0000         0.0000         0.0000         -23430.1586        -0.0000    -23430.1586    -23430.1586         0.0000           4215.6487      7129.6154    110592.0000      4215.6487      7129.6154

PRESSURE: 23 4268.45 628.288 924.711 628.288 3946.26 -286.446 924.711 -286.446 3481.17
GPRESSURE: 23 7325.72 1006.35 1115.7 424.026 6632.32 -277.893 1167.77 -403.766 5931.71
ENERGY:      23      1755.0049      1322.8424       272.9344        30.0888         -31511.7005      4493.0807         0.0000         0.0000         0.0000         -23637.7494        -0.0000    -23637.7494    -23637.7494         0.0000           3898.6288      6629.9153    110592.0000      3898.6288      6629.9153

PRESSURE: 24 3941.48 730.895 706.614 730.895 3691 -122.27 706.614 -122.27 3118.43
GPRESSURE: 24 6730.67 1096.24 808.274 638.319 6252.53 -52.5061 780.714 -215.575 5403.2
ENERGY:      24      1668.9688      1310.5704       272.5905        29.3237         -31542.3869      4345.8478         0.0000         0.0000         0.0000         -23915.0857        -0.0000    -23915.0857    -23915.0857         0.0000           3583.6371      6128.8011    110592.0000      3583.6371      6128.8011

PRESSURE: 25 3621.32 695.806 600.122 695.806 3432.04 -88.0327 600.122 -88.0327 2815.24
GPRESSURE: 25 6130.69 1027.15 668.08 615.894 5777.97 -25.0214 621.642 -166.616 4951.9
ENERGY:      25      1528.2267      1293.3104       272.0607        28.0758         -31604.0009      4190.6913         0.0000         0.0000         0.0000         -24291.6360        -0.0000    -24291.6360    -24291.6360         0.0000           3289.5320      5620.1885    110592.0000      3289.5320      5620.1885

PRESSURE: 26 3527.84 174.174 965.674 174.174 3596.42 -684.278 965.674 -684.278 3134.53
GPRESSURE: 26 5752.2 558.847 1292.8 -104.223 5392.07 -1036.15 1159.43 -598.733 5434.26
ENERGY:      26      1346.5154      1299.1636       271.8458        26.6980         -31727.6131      4189.6782         0.0000         0.0000         0.0000         -24593.7121        -0.0000    -24593.7121    -24593.7121         0.0000           3419.5982      5526.1762    110592.0000      3419.5982      5526.1762

PRESSURE: 27 493788 -1.25421e+06 844033 -1.25421e+06 3.25761e+06 -2.14378e+06 844033 -2.14378e+06 1.45473e+06
GPRESSURE: 27 511130 -1.2366e+06 881164 -1.29644e+06 3.21268e+06 -2.24275e+06 870827 -2.11448e+06 1.51883e+06
ENERGY:      27      1205.1013      1357.1891       269.8208        28.5640         -31978.8152    692937.8863         0.0000         0.0000         0.0000         663819.7463        -0.0000    663819.7463    663819.7463         0.0000        1735375.7674   1747545.3502    110592.0000   1735375.7674   1747545.3502

LINE MINIMIZER BRACKET: DX 0.000128 0.000256 DU -302.076 688413 DUDX -4.87769e+06 2.24167e+06 7.0879e+08 
PRESSURE: 28 3446.15 424.811 735.437 424.811 3365.34 -353.064 735.437 -353.064 2829.14
GPRESSURE: 28 5690.92 754.841 909 252.615 5354.88 -472.541 828.559 -366.419 4960.99
ENERGY:      28      1381.5238      1291.4084       271.7997        26.8964         -31697.4755      4118.0658         0.0000         0.0000         0.0000         -24607.7813        -0.0000    -24607.7813    -24607.7813         0.0000           3213.5390      5335.5945    110592.0000      3213.5390      5335.5945

LINE MINIMIZER BRACKET: DX 9.68226e-05 3.11774e-05 DU -316.145 14.0692 DUDX -4.87769e+06 -980438 2.24167e+06 
PRESSURE: 29 3460.72 357.014 794.742 357.014 3416.41 -439.471 794.742 -439.471 2902.68
GPRESSURE: 29 5692.02 699.33 1007.5 157.389 5349.49 -617.879 913.834 -428.299 5072.91
ENERGY:      29      1369.0339      1293.5423       271.8112        26.8185         -31707.7920      4132.8298         0.0000         0.0000         0.0000         -24613.7562        -0.0000    -24613.7562    -24613.7562         0.0000           3259.9345      5371.4746    110592.0000      3259.9345      5371.4746

LINE MINIMIZER BRACKET: DX 1.06752e-05 2.05021e-05 DU -5.9749 20.0441 DUDX -980438 -108137 2.24167e+06 
PRESSURE: 30 3464.9 342.182 808.119 342.182 3429.03 -458.781 808.119 -458.781 2919.98
GPRESSURE: 30 5694.28 687.491 1029.73 136.41 5350.29 -650.529 933.045 -441.978 5099.48
ETITLE:      TS           BOND          ANGLE          DIHED          IMPRP               ELECT            VDW       BOUNDARY           MISC        KINETIC               TOTAL           TEMP      POTENTIAL         TOTAL3        TEMPAVG            PRESSURE      GPRESSURE         VOLUME       PRESSAVG      GPRESSAVG

ENERGY:      30      1366.6985      1294.0137       271.8140        26.8047         -31709.7733      4136.6587         0.0000         0.0000         0.0000         -24613.7837        -0.0000    -24613.7837    -24613.7837         0.0000           3271.3002      5381.3490    110592.0000      3271.3002      5381.3490

LINE MINIMIZER BRACKET: DX 2.05021e-06 1.84519e-05 DU -0.0274155 20.0715 DUDX -108137 82277.3 2.24167e+06 
MINIMIZER RESTARTING CONJUGATE GRADIENT ALGORITHM
LINE MINIMIZER REDUCING GRADIENT FROM 5.06428e+06 TO 5064.28
PRESSURE: 31 3398.67 386.433 740.968 386.433 3326.2 -376.655 740.968 -376.655 2794.43
GPRESSURE: 31 5581.58 716.015 926.792 202.958 5244.05 -519.752 843.865 -384.721 4907.05
ENERGY:      31      1350.5882      1289.2623       271.9073        26.5046         -31723.2707      4093.7031         0.0000         0.0000         0.0000         -24691.3052        -0.0000    -24691.3052    -24691.3052         0.0000           3173.0995      5244.2286    110592.0000      3173.0995      5244.2286

PRESSURE: 32 3340.12 420.406 685.19 420.406 3238.06 -309.556 685.19 -309.556 2685.89
GPRESSURE: 32 5480.22 737.395 842.62 254.427 5148.18 -414.916 770.749 -338.016 4742.31
ENERGY:      32      1334.9476      1284.6604       272.0057        26.2086         -31736.7658      4056.0860         0.0000         0.0000         0.0000         -24762.8575        -0.0000    -24762.8575    -24762.8575         0.0000           3088.0215      5123.5685    110592.0000      3088.0215      5123.5685

PRESSURE: 33 3240.29 465.526 599.409 465.526 3094.2 -208.826 599.409 -208.826 2507.43
GPRESSURE: 33 5303.01 764.272 716.027 324.293 4979.53 -262.109 660.41 -268.167 4474.65
ENERGY:      33      1305.0815      1275.8974       272.2169        25.6292         -31763.7462      3992.9343         0.0000         0.0000         0.0000         -24891.9868        -0.0000    -24891.9868    -24891.9868         0.0000           2947.3044      4919.0623    110592.0000      2947.3044      4919.0623

PRESSURE: 34 3084.12 499.782 493.214 499.782 2884.96 -90.0717 493.214 -90.0717 2248.62
GPRESSURE: 34 5013.21 778.96 565.701 384.524 4699.71 -93.2508 528.869 -187.055 4092.88
ENERGY:      34      1251.0465      1260.0864       272.6954        24.5209         -31817.6682      3897.4013         0.0000         0.0000         0.0000         -25111.9177        -0.0000    -25111.9177    -25111.9177         0.0000           2739.2338      4601.9361    110592.0000      2739.2338      4601.9361

PRESSURE: 35 2847.13 475.904 397.541 475.904 2592.17 7.89068 397.541 7.89068 1905.05
GPRESSURE: 35 4553.17 743.8 440.234 378.206 4240.71 25.0239 420.171 -124.809 3596.11
ENERGY:      35      1166.0083      1235.0194       273.8562        22.5072         -31925.3159      3762.9673         0.0000         0.0000         0.0000         -25464.9576        -0.0000    -25464.9576    -25464.9576         0.0000           2448.1164      4129.9989    110592.0000      2448.1164      4129.9989

PRESSURE: 36 2445.5 343.881 338.637 343.881 2104.52 64.6782 338.637 64.6782 1397.43
GPRESSURE: 36 3805.62 616.306 377.754 254.528 3444.72 63.8978 377.36 -102.013 2903.84
ENERGY:      36      1089.4735      1209.4593       276.8881        19.3028         -32139.6278      3569.8809         0.0000         0.0000         0.0000         -25974.6232        -0.0000    -25974.6232    -25974.6232         0.0000           1982.4828      3384.7276    110592.0000      1982.4828      3384.7276

PRESSURE: 37 2057.85 -477.057 937.894 -477.057 1758.2 -673.261 937.894 -673.261 1276.09
GPRESSURE: 37 3659.51 -30.5735 1213.3 -1388.55 2511.5 -972.506 1960.85 -676.548 2942.97
ENERGY:      37      1317.9587      1249.1308       286.0399        16.2577         -32564.6216      3560.7551         0.0000         0.0000         0.0000         -26134.4793        -0.0000    -26134.4793    -26134.4793         0.0000           1697.3805      3037.9899    110592.0000      1697.3805      3037.9899

PRESSURE: 38 4.38963e+09 6.55449e+09 -1.2154e+09 6.55449e+09 9.78702e+09 -1.81482e+09 -1.2154e+09 -1.81482e+09 3.36527e+08
GPRESSURE: 38 4.38949e+09 6.55447e+09 -1.21545e+09 6.55428e+09 9.78699e+09 -1.8149e+09 -1.21537e+09 -1.81482e+09 3.36542e+08
ENERGY:      38      3342.2958      1649.5151       324.4851        24.1967         -33419.4796 1924494261.7245         0.0000         0.0000         0.0000      1924466182.7376        -0.0000 1924466182.7376 1924466182.7376         0.0000      4837726050.8648 4837673345.2423    110592.0000 4837726050.8648 4837673345.2423

LINE MINIMIZER BRACKET: DX 0.000512 0.001024 DU -159.856 1.92449e+09 DUDX -1.56827e+06 2.74416e+06 3.01851e+07 
PRESSURE: 39 2049.23 135.87 385.73 135.87 1603.26 20.9267 385.73 20.9267 946.516
GPRESSURE: 39 3195.42 433.516 458.527 -0.367292 2674.61 -22.1114 524.686 -158.008 2370.25
ENERGY:      39      1151.8724      1216.8963       281.2979        17.0636         -32374.3549      3429.1514         0.0000         0.0000         0.0000         -26278.0734        -0.0000    -26278.0734    -26278.0734         0.0000           1533.0014      2746.7588    110592.0000      1533.0014      2746.7588

LINE MINIMIZER BRACKET: DX 0.000282151 0.000229849 DU -303.45 143.594 DUDX -1.56827e+06 -492287 2.74416e+06 
PRESSURE: 40 1997.86 73.2817 426.946 73.2817 1539.55 -24.0532 426.946 -24.0532 904.601
GPRESSURE: 40 3145.37 382.402 515.433 -105.338 2564.62 -84.5714 623.256 -195.756 2334.83
ETITLE:      TS           BOND          ANGLE          DIHED          IMPRP               ELECT            VDW       BOUNDARY           MISC        KINETIC               TOTAL           TEMP      POTENTIAL         TOTAL3        TEMPAVG            PRESSURE      GPRESSURE         VOLUME       PRESSAVG      GPRESSAVG

ENERGY:      40      1179.5373      1222.0213       282.2327        16.8069         -32416.3454      3420.3084         0.0000         0.0000         0.0000         -26295.4388        -0.0000    -26295.4388    -26295.4388         0.0000           1480.6702      2681.6045    110592.0000      1480.6702      2681.6045

LINE MINIMIZER BRACKET: DX 5.06489e-05 0.0001792 DU -17.3655 160.96 DUDX -492287 -179076 2.74416e+06 
PRESSURE: 41 1983.36 46.3851 447.112 46.3851 1522.85 -46.8881 447.112 -46.8881 897.213
GPRESSURE: 41 3137.79 360.893 542.915 -154.509 2530.57 -115.749 671.754 -214.144 2332.84
ENERGY:      41      1190.5320      1224.1049       282.5764        16.7268         -32431.1922      3419.7921         0.0000         0.0000         0.0000         -26297.4600        -0.0000    -26297.4600    -26297.4600         0.0000           1467.8071      2667.0679    110592.0000      1467.8071      2667.0679

LINE MINIMIZER BRACKET: DX 1.792e-05 0.00016128 DU -2.02117 162.981 DUDX -179076 -43899.4 2.74416e+06 
PRESSURE: 42 1972.47 19.352 468.505 19.352 1511.41 -71.5799 468.505 -71.5799 894.995
GPRESSURE: 42 3136.91 339.513 571.962 -206.13 2502.81 -149.307 723.606 -233.677 2337.3
ENERGY:      42      1200.9672      1226.1004       282.8919        16.6595         -32444.5523      3420.8435         0.0000         0.0000         0.0000         -26297.0899        -0.0000    -26297.0899    -26297.0899         0.0000           1459.6237      2659.0061    110592.0000      1459.6237      2659.0061

LINE MINIMIZER BRACKET: DX 1.792e-05 1.6128e-05 DU -2.02117 0.3701 DUDX -179076 -43899.4 92611.1 
PRESSURE: 43 1979.54 37.8282 453.768 37.8282 1518.68 -54.5301 453.768 -54.5301 895.978
GPRESSURE: 43 3136.82 354.101 551.962 -170.619 2521.13 -126.147 687.844 -220.224 2333.59
ENERGY:      43      1193.9020      1224.7476       282.6793        16.7042         -32435.5799      3419.9668         0.0000         0.0000         0.0000         -26297.5800        -0.0000    -26297.5800    -26297.5800         0.0000           1464.7315      2663.8498    110592.0000      1464.7315      2663.8498

LINE MINIMIZER BRACKET: DX 5.29574e-06 1.08323e-05 DU -0.11995 0.49005 DUDX -43899.4 -766.446 92611.1 
LINE MINIMIZER REDUCING GRADIENT FROM 2.15541e+06 TO 2155.41
PRESSURE: 44 1916.47 40.5292 448.215 40.5292 1491.26 -51.1296 448.215 -51.1296 861.092
GPRESSURE: 44 3035.08 352.07 539.536 -164.082 2457.76 -117.604 671.919 -214.609 2250.68
ENERGY:      44      1174.1495      1216.4778       283.1700        15.9330         -32469.0151      3395.3593         0.0000         0.0000         0.0000         -26383.9254        -0.0000    -26383.9254    -26383.9254         0.0000           1422.9416      2581.1732    110592.0000      1422.9416      2581.1732

PRESSURE: 45 1853.4 42.8472 443.032 42.8472 1463.02 -47.9318 443.032 -47.9318 825.633
GPRESSURE: 45 2935.22 349.86 527.71 -158.073 2395.13 -109.454 656.795 -209.288 2169.18
ENERGY:      45      1155.6007      1208.7607       283.6697        15.2326         -32502.4143      3371.3247         0.0000         0.0000         0.0000         -26467.8259        -0.0000    -26467.8259    -26467.8259         0.0000           1380.6854      2499.8456    110592.0000      1380.6854      2499.8456

PRESSURE: 46 1726.92 46.3887 433.765 46.3887 1404.06 -42.1441 433.765 -42.1441 752.825
GPRESSURE: 46 2740.77 344.955 505.81 -147.532 2272.08 -94.3056 628.863 -199.522 2010.18
ENERGY:      46      1122.1180      1194.9820       284.6938        14.0270         -32569.1086      3324.9128         0.0000         0.0000         0.0000         -26628.3750        -0.0000    -26628.3750    -26628.3750         0.0000           1294.6005      2341.0087    110592.0000      1294.6005      2341.0087

PRESSURE: 47 1471.32 49.2668 418.947 49.2668 1275.75 -32.7058 418.947 -32.7058 598.489
GPRESSURE: 47 2371.25 333.317 468.091 -131.844 2034.02 -68.2013 581.074 -183.188 1706.64
ENERGY:      47      1069.6546      1174.0324       286.8271        12.2969         -32702.0673      3238.3276         0.0000         0.0000         0.0000         -26920.9287        -0.0000    -26920.9287    -26920.9287         0.0000           1115.1840      2037.3056    110592.0000      1115.1840      2037.3056

PRESSURE: 48 940.123 40.5883 401.19 40.5883 973.939 -20.9044 401.19 -20.9044 246.783
GPRESSURE: 48 1698.75 304.122 412.581 -118.068 1584.76 -30.5676 511.623 -161.922 1146.37
ENERGY:      48      1023.2931      1158.5694       291.3342        10.9534         -32966.3425      3087.4284         0.0000         0.0000         0.0000         -27394.7640        -0.0000    -27394.7640    -27394.7640         0.0000            720.2814      1476.6265    110592.0000       720.2814      1476.6265

PRESSURE: 49 -262.359 -13.5955 394.678 -13.5955 166.292 -13.6351 394.678 -13.6351 -669.568
GPRESSURE: 49 554.323 227.156 357.475 -139.975 768.763 0.787989 442.11 -157.825 150.755
ENERGY:      49      1173.3195      1234.5607       300.6771        13.9398         -33488.5665      2859.0699         0.0000         0.0000         0.0000         -27906.9995        -0.0000    -27906.9995    -27906.9995         0.0000           -255.2118       491.2802    110592.0000      -255.2118       491.2802

LDB: ============= START OF LOAD BALANCING ============== 27.9627
LDB: Largest compute 548 load 0.314578 is 50.5% of average load 0.622887
LDB: Average compute 0.028326 is 4.5% of average load 0.622887
LDB: Partitioning computes with target load 0.062289
LDB: Partitioning compute 92 with load 0.215511 by 4
LDB: Partitioning compute 87 with load 0.215017 by 4
LDB: Partitioning compute 67 with load 0.208456 by 4
LDB: Partitioning compute 78 with load 0.199313 by 4
LDB: Partitioning compute 72 with load 0.191106 by 4
LDB: Partitioning compute 79 with load 0.185300 by 3
LDB: Partitioning compute 63 with load 0.231289 by 4
LDB: Partitioning compute 64 with load 0.166334 by 3
LDB: Partitioning compute 98 with load 0.211155 by 4
LDB: Partitioning compute 729 with load 0.263265 by 5
LDB: Partitioning compute 733 with load 0.253657 by 5
LDB: Partitioning compute 734 with load 0.120435 by 2
LDB: Partitioning compute 753 with load 0.089594 by 2
LDB: Partitioning compute 769 with load 0.106276 by 2
LDB: Partitioning compute 93 with load 0.199599 by 4
LDB: Partitioning compute 94 with load 0.199839 by 4
LDB: Partitioning compute 1654 with load 0.272135 by 5
LDB: Partitioning compute 1658 with load 0.239229 by 4
LDB: Partitioning compute 1659 with load 0.119401 by 2
LDB: Partitioning compute 1678 with load 0.063800 by 2
LDB: Partitioning compute 1694 with load 0.095755 by 2
LDB: Partitioning compute 84 with load 0.154706 by 3
LDB: Partitioning compute 1469 with load 0.277566 by 5
LDB: Partitioning compute 1473 with load 0.274053 by 5
LDB: Partitioning compute 1474 with load 0.130995 by 3
LDB: Partitioning compute 1493 with load 0.072386 by 2
LDB: Partitioning compute 1509 with load 0.124567 by 2
LDB: Partitioning compute 83 with load 0.214335 by 4
LDB: Partitioning compute 69 with load 0.189228 by 4
LDB: Partitioning compute 59 with load 0.186443 by 3
LDB: Partitioning compute 99 with load 0.171034 by 3
LDB: Partitioning compute 68 with load 0.185835 by 3
LDB: Partitioning compute 58 with load 0.220835 by 4
LDB: Partitioning compute 89 with load 0.195767 by 4
LDB: Partitioning compute 53 with load 0.164051 by 3
LDB: Partitioning compute 73 with load 0.200091 by 4
LDB: Partitioning compute 97 with load 0.141989 by 3
LDB: Partitioning compute 288 with load 0.088606 by 2
LDB: Partitioning compute 433 with load 0.204975 by 4
LDB: Partitioning compute 437 with load 0.235909 by 4
LDB: Partitioning compute 438 with load 0.092655 by 2
LDB: Partitioning compute 1398 with load 0.085169 by 2
LDB: Partitioning compute 1543 with load 0.220037 by 4
LDB: Partitioning compute 1547 with load 0.259632 by 5
LDB: Partitioning compute 1548 with load 0.111142 by 2
LDB: Partitioning compute 1913 with load 0.175146 by 3
LDB: Partitioning compute 1917 with load 0.220276 by 4
LDB: Partitioning compute 1918 with load 0.083734 by 2
LDB: Partitioning compute 88 with load 0.197895 by 4
LDB: Partitioning compute 1691 with load 0.262411 by 5
LDB: Partitioning compute 1695 with load 0.251307 by 5
LDB: Partitioning compute 1696 with load 0.101467 by 2
LDB: Partitioning compute 1715 with load 0.079312 by 2
LDB: Partitioning compute 1731 with load 0.124985 by 3
LDB: Partitioning compute 1839 with load 0.236416 by 4
LDB: Partitioning compute 1843 with load 0.167675 by 3
LDB: Partitioning compute 1844 with load 0.090643 by 2
LDB: Partitioning compute 1879 with load 0.095561 by 2
LDB: Partitioning compute 54 with load 0.161930 by 3
LDB: Partitioning compute 396 with load 0.274069 by 5
LDB: Partitioning compute 400 with load 0.290028 by 5
LDB: Partitioning compute 401 with load 0.095705 by 2
LDB: Partitioning compute 420 with load 0.091123 by 2
LDB: Partitioning compute 436 with load 0.138123 by 3
LDB: Partitioning compute 74 with load 0.157982 by 3
LDB: Partitioning compute 951 with load 0.243032 by 4
LDB: Partitioning compute 955 with load 0.203954 by 4
LDB: Partitioning compute 956 with load 0.095325 by 2
LDB: Partitioning compute 975 with load 0.080800 by 2
LDB: Partitioning compute 991 with load 0.082663 by 2
LDB: Partitioning compute 914 with load 0.260899 by 5
LDB: Partitioning compute 918 with load 0.226664 by 4
LDB: Partitioning compute 919 with load 0.085676 by 2
LDB: Partitioning compute 938 with load 0.062545 by 2
LDB: Partitioning compute 954 with load 0.092568 by 2
LDB: Partitioning compute 1213 with load 0.098935 by 2
LDB: Partitioning compute 1358 with load 0.191734 by 4
LDB: Partitioning compute 1362 with load 0.231811 by 4
LDB: Partitioning compute 1363 with load 0.090732 by 2
LDB: Partitioning compute 581 with load 0.260120 by 5
LDB: Partitioning compute 585 with load 0.277714 by 5
LDB: Partitioning compute 586 with load 0.119196 by 2
LDB: Partitioning compute 605 with load 0.104139 by 2
LDB: Partitioning compute 621 with load 0.099251 by 2
LDB: Partitioning compute 658 with load 0.090414 by 2
LDB: Partitioning compute 803 with load 0.231048 by 4
LDB: Partitioning compute 807 with load 0.238015 by 4
LDB: Partitioning compute 808 with load 0.092657 by 2
LDB: Partitioning compute 827 with load 0.064964 by 2
LDB: Partitioning compute 1028 with load 0.098236 by 2
LDB: Partitioning compute 1173 with load 0.235782 by 4
LDB: Partitioning compute 1177 with load 0.222641 by 4
LDB: Partitioning compute 1178 with load 0.084668 by 2
LDB: Partitioning compute 843 with load 0.080780 by 2
LDB: Partitioning compute 988 with load 0.194955 by 4
LDB: Partitioning compute 992 with load 0.199182 by 4
LDB: Partitioning compute 993 with load 0.076554 by 2
LDB: Partitioning compute 1012 with load 0.069439 by 2
LDB: Partitioning compute 1506 with load 0.247625 by 4
LDB: Partitioning compute 1510 with load 0.270100 by 5
LDB: Partitioning compute 1511 with load 0.099202 by 2
LDB: Partitioning compute 1546 with load 0.132611 by 3
LDB: Partitioning compute 766 with load 0.242527 by 4
LDB: Partitioning compute 770 with load 0.270413 by 5
LDB: Partitioning compute 771 with load 0.105321 by 2
LDB: Partitioning compute 790 with load 0.076140 by 2
LDB: Partitioning compute 806 with load 0.126561 by 3
LDB: Partitioning compute 473 with load 0.120014 by 2
LDB: Partitioning compute 618 with load 0.237661 by 4
LDB: Partitioning compute 622 with load 0.237731 by 4
LDB: Partitioning compute 623 with load 0.091862 by 2
LDB: Partitioning compute 211 with load 0.225009 by 4
LDB: Partitioning compute 215 with load 0.266439 by 5
LDB: Partitioning compute 216 with load 0.119888 by 2
LDB: Partitioning compute 235 with load 0.074037 by 2
LDB: Partitioning compute 251 with load 0.111822 by 2
LDB: Partitioning compute 103 with load 0.086022 by 2
LDB: Partitioning compute 248 with load 0.209175 by 4
LDB: Partitioning compute 252 with load 0.218523 by 4
LDB: Partitioning compute 253 with load 0.093225 by 2
LDB: Partitioning compute 272 with load 0.079296 by 2
LDB: Partitioning compute 1136 with load 0.270916 by 5
LDB: Partitioning compute 1140 with load 0.274548 by 5
LDB: Partitioning compute 1141 with load 0.110128 by 2
LDB: Partitioning compute 1176 with load 0.119488 by 2
LDB: Partitioning compute 1583 with load 0.100288 by 2
LDB: Partitioning compute 1728 with load 0.250531 by 5
LDB: Partitioning compute 1732 with load 0.257179 by 5
LDB: Partitioning compute 1733 with load 0.087435 by 2
LDB: Partitioning compute 1752 with load 0.063378 by 2
LDB: Partitioning compute 1876 with load 0.260492 by 5
LDB: Partitioning compute 1880 with load 0.264249 by 5
LDB: Partitioning compute 1881 with load 0.114769 by 2
LDB: Partitioning compute 1900 with load 0.064219 by 2
LDB: Partitioning compute 1916 with load 0.097638 by 2
LDB: Partitioning compute 1321 with load 0.240469 by 4
LDB: Partitioning compute 1325 with load 0.270652 by 5
LDB: Partitioning compute 1326 with load 0.123786 by 2
LDB: Partitioning compute 1345 with load 0.073268 by 2
LDB: Partitioning compute 1361 with load 0.094353 by 2
LDB: Partitioning compute 60 with load 0.210167 by 4
LDB: Partitioning compute 90 with load 0.198659 by 4
LDB: Partitioning compute 85 with load 0.156866 by 3
LDB: Partitioning compute 66 with load 0.220196 by 4
LDB: Partitioning compute 71 with load 0.168172 by 3
LDB: Partitioning compute 70 with load 0.162730 by 3
LDB: Partitioning compute 65 with load 0.170929 by 3
LDB: Partitioning compute 96 with load 0.173046 by 3
LDB: Partitioning compute 77 with load 0.132300 by 3
LDB: Partitioning compute 51 with load 0.179539 by 3
LDB: Partitioning compute 91 with load 0.221530 by 4
LDB: Partitioning compute 95 with load 0.149578 by 3
LDB: Partitioning compute 80 with load 0.153202 by 3
LDB: Partitioning compute 50 with load 0.172541 by 3
LDB: Partitioning compute 75 with load 0.182600 by 3
LDB: Partitioning compute 86 with load 0.194151 by 4
LDB: Partitioning compute 57 with load 0.184776 by 3
LDB: Partitioning compute 62 with load 0.243536 by 4
LDB: Partitioning compute 56 with load 0.181324 by 3
LDB: Partitioning compute 76 with load 0.205593 by 4
LDB: Partitioning compute 81 with load 0.206551 by 4
LDB: Partitioning compute 52 with load 0.185184 by 3
LDB: Partitioning compute 82 with load 0.193106 by 4
LDB: Partitioning compute 61 with load 0.170652 by 3
LDB: Partitioning compute 55 with load 0.171333 by 3
LDB: Partitioning compute 1617 with load 0.286732 by 5
LDB: Partitioning compute 1621 with load 0.260443 by 5
LDB: Partitioning compute 1622 with load 0.099315 by 2
LDB: Partitioning compute 1641 with load 0.079009 by 2
LDB: Partitioning compute 1657 with load 0.118764 by 2
LDB: Partitioning compute 470 with load 0.268653 by 5
LDB: Partitioning compute 474 with load 0.264530 by 5
LDB: Partitioning compute 475 with load 0.143979 by 3
LDB: Partitioning compute 494 with load 0.072915 by 2
LDB: Partitioning compute 510 with load 0.095228 by 2
LDB: Partitioning compute 1210 with load 0.230623 by 4
LDB: Partitioning compute 1214 with load 0.214473 by 4
LDB: Partitioning compute 1215 with load 0.096969 by 2
LDB: Partitioning compute 1234 with load 0.068399 by 2
LDB: Partitioning compute 1250 with load 0.098323 by 2
LDB: Partitioning compute 1802 with load 0.207840 by 4
LDB: Partitioning compute 1806 with load 0.236727 by 4
LDB: Partitioning compute 1807 with load 0.080175 by 2
LDB: Partitioning compute 1842 with load 0.089039 by 2
LDB: Partitioning compute 1580 with load 0.285927 by 5
LDB: Partitioning compute 1584 with load 0.238376 by 4
LDB: Partitioning compute 1585 with load 0.111881 by 2
LDB: Partitioning compute 1604 with load 0.072110 by 2
LDB: Partitioning compute 1620 with load 0.125248 by 3
LDB: Partitioning compute 655 with load 0.262023 by 5
LDB: Partitioning compute 659 with load 0.221987 by 4
LDB: Partitioning compute 660 with load 0.086961 by 2
LDB: Partitioning compute 679 with load 0.068128 by 2
LDB: Partitioning compute 695 with load 0.117924 by 2
LDB: Partitioning compute 692 with load 0.272937 by 5
LDB: Partitioning compute 696 with load 0.244082 by 4
LDB: Partitioning compute 697 with load 0.119310 by 2
LDB: Partitioning compute 716 with load 0.076408 by 2
LDB: Partitioning compute 732 with load 0.105244 by 2
LDB: Partitioning compute 1099 with load 0.222652 by 4
LDB: Partitioning compute 1103 with load 0.219896 by 4
LDB: Partitioning compute 1104 with load 0.105369 by 2
LDB: Partitioning compute 1139 with load 0.119812 by 2
LDB: Partitioning compute 840 with load 0.216106 by 4
LDB: Partitioning compute 844 with load 0.216868 by 4
LDB: Partitioning compute 845 with load 0.093669 by 2
LDB: Partitioning compute 864 with load 0.063897 by 2
LDB: Partitioning compute 880 with load 0.096411 by 2
LDB: Partitioning compute 1025 with load 0.250462 by 5
LDB: Partitioning compute 1029 with load 0.225469 by 4
LDB: Partitioning compute 1030 with load 0.122743 by 2
LDB: Partitioning compute 1065 with load 0.093419 by 2
LDB: Partitioning compute 1062 with load 0.214895 by 4
LDB: Partitioning compute 1066 with load 0.277794 by 5
LDB: Partitioning compute 1067 with load 0.124533 by 2
LDB: Partitioning compute 1086 with load 0.063756 by 2
LDB: Partitioning compute 1102 with load 0.091329 by 2
LDB: Partitioning compute 544 with load 0.304856 by 5
LDB: Partitioning compute 548 with load 0.314578 by 6
LDB: Partitioning compute 549 with load 0.128071 by 3
LDB: Partitioning compute 568 with load 0.089065 by 2
LDB: Partitioning compute 584 with load 0.142999 by 3
LDB: Partitioning compute 100 with load 0.236352 by 4
LDB: Partitioning compute 104 with load 0.245833 by 4
LDB: Partitioning compute 105 with load 0.096274 by 2
LDB: Partitioning compute 124 with load 0.072888 by 2
LDB: Partitioning compute 140 with load 0.119371 by 2
LDB: Partitioning compute 1765 with load 0.229918 by 4
LDB: Partitioning compute 1769 with load 0.184223 by 3
LDB: Partitioning compute 1770 with load 0.104291 by 2
LDB: Partitioning compute 1805 with load 0.080230 by 2
LDB: Partitioning compute 359 with load 0.282546 by 5
LDB: Partitioning compute 363 with load 0.268777 by 5
LDB: Partitioning compute 364 with load 0.103224 by 2
LDB: Partitioning compute 383 with load 0.070283 by 2
LDB: Partitioning compute 399 with load 0.147710 by 3
LDB: Partitioning compute 1395 with load 0.221089 by 4
LDB: Partitioning compute 1399 with load 0.233973 by 4
LDB: Partitioning compute 1400 with load 0.117466 by 2
LDB: Partitioning compute 1435 with load 0.108498 by 2
LDB: Partitioning compute 1432 with load 0.277225 by 5
LDB: Partitioning compute 1436 with load 0.268537 by 5
LDB: Partitioning compute 1437 with load 0.121288 by 2
LDB: Partitioning compute 1472 with load 0.127971 by 3
LDB: Partitioning compute 137 with load 0.244182 by 4
LDB: Partitioning compute 141 with load 0.241025 by 4
LDB: Partitioning compute 142 with load 0.108584 by 2
LDB: Partitioning compute 161 with load 0.076197 by 2
LDB: Partitioning compute 177 with load 0.116368 by 2
LDB: Partitioning compute 285 with load 0.224273 by 4
LDB: Partitioning compute 289 with load 0.223023 by 4
LDB: Partitioning compute 290 with load 0.097872 by 2
LDB: Partitioning compute 325 with load 0.105697 by 2
LDB: Partitioning compute 877 with load 0.245631 by 4
LDB: Partitioning compute 881 with load 0.222332 by 4
LDB: Partitioning compute 882 with load 0.099775 by 2
LDB: Partitioning compute 901 with load 0.063347 by 2
LDB: Partitioning compute 917 with load 0.095411 by 2
LDB: Partitioning compute 174 with load 0.219963 by 4
LDB: Partitioning compute 178 with load 0.261226 by 5
LDB: Partitioning compute 179 with load 0.127196 by 3
LDB: Partitioning compute 198 with load 0.064124 by 2
LDB: Partitioning compute 214 with load 0.108908 by 2
LDB: Partitioning compute 1247 with load 0.263456 by 5
LDB: Partitioning compute 1251 with load 0.260714 by 5
LDB: Partitioning compute 1252 with load 0.132837 by 3
LDB: Partitioning compute 1287 with load 0.112879 by 2
LDB: Partitioning compute 1284 with load 0.268128 by 5
LDB: Partitioning compute 1288 with load 0.260414 by 5
LDB: Partitioning compute 1289 with load 0.118379 by 2
LDB: Partitioning compute 1308 with load 0.063103 by 2
LDB: Partitioning compute 1324 with load 0.126173 by 3
LDB: Partitioning compute 322 with load 0.252175 by 5
LDB: Partitioning compute 326 with load 0.236146 by 4
LDB: Partitioning compute 327 with load 0.127923 by 3
LDB: Partitioning compute 346 with load 0.076476 by 2
LDB: Partitioning compute 362 with load 0.101513 by 2
LDB: Partitioning compute 507 with load 0.256712 by 5
LDB: Partitioning compute 511 with load 0.258492 by 5
LDB: Partitioning compute 512 with load 0.109725 by 2
LDB: Partitioning compute 531 with load 0.077044 by 2
LDB: Partitioning compute 547 with load 0.137984 by 3
LDB: Increased migratable compute count from 2150 to 2766
LDB: Largest unpartitionable compute is 0.043367
LDB: ============== END OF LOAD BALANCING =============== 28.0716
Info: build node-aware spanning tree with send: 1, recv: 0 with branch factor 9
Info: useSync: 0 useProxySync: 0
LDB: =============== DONE WITH MIGRATION ================ 28.0909
PRESSURE: 50 -3448.51 -117 406.611 -117 -2399.84 -39.4056 406.611 -39.4056 -3436.87
GPRESSURE: 50 -1161.1 3.88511 433.966 -301.957 -472.674 -120.765 453.083 -427.592 -1484.28
Info: Initial time: 128 CPUs 0.039499 s/step 0.228582 days/ns 202.062 MB memory
ETITLE:      TS           BOND          ANGLE          DIHED          IMPRP               ELECT            VDW       BOUNDARY           MISC        KINETIC               TOTAL           TEMP      POTENTIAL         TOTAL3        TEMPAVG            PRESSURE      GPRESSURE         VOLUME       PRESSAVG      GPRESSAVG

ENERGY:      50      2576.2443      1811.0891       318.6265        35.7353         -34510.3187      2650.0503         0.0000         0.0000         0.0000         -27118.5733        -0.0000    -27118.5733    -27118.5733         0.0000          -3095.0700     -1039.3491    110592.0000     -3095.0700     -1039.3491

LINE MINIMIZER BRACKET: DX 0.000650094 0.00130019 DU -512.236 788.426 DUDX -1.23304e+06 -341174 1.62658e+06 
PRESSURE: 51 -755.205 -37.4869 396.834 -37.4869 -199.326 -13.3067 396.834 -13.3067 -1077.05
GPRESSURE: 51 192.763 194.198 351.051 -159.197 497.901 0.545185 431.667 -169.161 -180.913
ENERGY:      51      1311.2722      1297.1091       303.9940        16.3868         -33674.6455      2797.2656         0.0000         0.0000         0.0000         -27948.6179        -0.0000    -27948.6179    -27948.6179         0.0000           -677.1935       169.9170    110592.0000      -677.1935       169.9170

LINE MINIMIZER BRACKET: DX 0.000234068 0.00106612 DU -41.6184 830.045 DUDX -341174 -13379.5 1.62658e+06 
PRESSURE: 52 -991.433 -48.1579 397.999 -48.1579 -379.977 -13.3377 397.999 -13.3377 -1276.77
GPRESSURE: 52 35.6106 178.29 350.164 -169.492 378.783 -1.5647 428.693 -177.152 -328.279
ENERGY:      52      1389.7412      1331.7357       305.4856        17.7133         -33759.0766      2772.4211         0.0000         0.0000         0.0000         -27941.9798        -0.0000    -27941.9798    -27941.9798         0.0000           -882.7279        28.7048    110592.0000      -882.7279        28.7048

LINE MINIMIZER BRACKET: DX 0.000234068 0.000106612 DU -41.6184 6.63812 DUDX -341174 -13379.5 138267 
PRESSURE: 53 -778.492 -38.5656 396.95 -38.5656 -216.978 -13.3029 396.95 -13.3029 -1096.62
GPRESSURE: 53 176.841 192.633 350.905 -160.185 485.872 0.394503 431.324 -169.871 -195.743
ENERGY:      53      1318.6715      1300.3996       304.1437        16.5135         -33683.0962      2794.6888         0.0000         0.0000         0.0000         -27948.6790        -0.0000    -27948.6790    -27948.6790         0.0000           -697.3619       155.6569    110592.0000      -697.3619       155.6569

LINE MINIMIZER BRACKET: DX 1.06612e-05 9.59509e-05 DU -0.0610806 6.6992 DUDX -13379.5 1711.42 138267 
LINE MINIMIZER REDUCING GRADIENT FROM 2.7206e+06 TO 2720.6
PRESSURE: 54 -922.063 -61.0805 375.41 -61.0805 -389.309 2.32763 375.41 2.32763 -1166.62
GPRESSURE: 54 -18.8516 162.387 332.133 -179.499 264.653 20.9193 404.315 -157.271 -378.909
ENERGY:      54      1203.4238      1314.0843       305.4112        17.2436         -33813.6915      2749.8338         0.0000         0.0000         0.0000         -28223.6948        -0.0000    -28223.6948    -28223.6948         0.0000           -825.9969       -44.3691    110592.0000      -825.9969       -44.3691

PRESSURE: 55 -1084.41 -80.8338 355.179 -80.8338 -592.41 12.8562 355.179 12.8562 -1259.64
GPRESSURE: 55 -206.158 133.507 315.414 -197.121 41.9202 37.2951 379.126 -150.01 -558.8
ENERGY:      55      1114.5287      1335.5266       306.7222        18.1264         -33943.6417      2709.5091         0.0000         0.0000         0.0000         -28459.2288        -0.0000    -28459.2288    -28459.2288         0.0000           -978.8202      -241.0128    110592.0000      -978.8202      -241.0128

PRESSURE: 56 -1466.13 -112.051 318.25 -112.051 -1092.23 17.6576 318.25 17.6576 -1515.53
GPRESSURE: 56 -556.672 79.1056 287.783 -228.112 -407.302 56.2722 333.883 -154.473 -909.987
ENERGY:      56      1015.8736      1402.4884       309.4755        20.4143         -34201.6184      2642.1041         0.0000         0.0000         0.0000         -28811.2624        -0.0000    -28811.2624    -28811.2624         0.0000          -1357.9640      -624.6537    110592.0000     -1357.9640      -624.6537

PRESSURE: 57 -2458.14 -141.83 257.828 -141.83 -2468.11 -46.0765 257.828 -46.0765 -2304.39
GPRESSURE: 57 -1162.02 -21.0813 255.746 -278.697 -1297.29 29.6916 266.018 -270.75 -1579.94
ENERGY:      57      1136.4862      1638.7911       315.5362        27.7878         -34709.9603      2560.4972         0.0000         0.0000         0.0000         -29030.8619        -0.0000    -29030.8619    -29030.8619         0.0000          -2410.2105     -1346.4195    110592.0000     -2410.2105     -1346.4195

PRESSURE: 58 -5171.1 -160.438 394.804 -160.438 -6484.07 -847.983 394.804 -847.983 -4373.63
GPRESSURE: 58 -1528.76 -431.343 477.402 -644.539 -2087.23 -591.613 901.411 -2158.23 -2318.63
ENERGY:      58      2673.4288      2570.7035       330.4646        68.3772         -35696.3952      2749.5226         0.0000         0.0000         0.0000         -27303.8987        -0.0000    -27303.8987    -27303.8987         0.0000          -5342.9328     -1978.2086    110592.0000     -5342.9328     -1978.2086

LINE MINIMIZER BRACKET: DX 0.000433321 0.000866642 DU -219.6 1726.96 DUDX -1.25656e+06 255633 4.14994e+06 
PRESSURE: 59 -2270.82 -139.706 266.622 -139.706 -2202.78 -27.5859 266.622 -27.5859 -2147.22
GPRESSURE: 59 -1069.89 -4.61399 258.809 -270.701 -1151.85 41.0827 274.743 -237.835 -1471.07
ENERGY:      59      1086.5461      1589.2060       314.4650        26.2214         -34625.4358      2569.0125         0.0000         0.0000         0.0000         -29039.9847        -0.0000    -29039.9847    -29039.9847         0.0000          -2206.9385     -1230.9356    110592.0000     -2206.9385     -1230.9356

LDB: ============= START OF LOAD BALANCING ============== 28.4879
LDB: ============== END OF LOAD BALANCING =============== 28.4889
Info: useSync: 0 useProxySync: 0
LDB: =============== DONE WITH MIGRATION ================ 28.4946
LINE MINIMIZER BRACKET: DX 0.000360676 7.26449e-05 DU -228.722 9.12274 DUDX -1.25656e+06 -3745.49 255633 
PRESSURE: 60 -2289.17 -139.973 265.717 -139.973 -2228.69 -29.2707 265.717 -29.2707 -2162.49
GPRESSURE: 60 -1079.28 -6.26431 258.458 -271.504 -1166.5 40.0897 273.81 -240.821 -1482.02
ETITLE:      TS           BOND          ANGLE          DIHED          IMPRP               ELECT            VDW       BOUNDARY           MISC        KINETIC               TOTAL           TEMP      POTENTIAL         TOTAL3        TEMPAVG            PRESSURE      GPRESSURE         VOLUME       PRESSAVG      GPRESSAVG

ENERGY:      60      1090.9992      1593.9786       314.5711        26.3710         -34633.8993      2568.0621         0.0000         0.0000         0.0000         -29039.9173        -0.0000    -29039.9173    -29039.9173         0.0000          -2226.7847     -1242.6035    110592.0000     -2226.7847     -1242.6035

LINE MINIMIZER BRACKET: DX 0.000360676 7.26449e-06 DU -228.722 0.067364 DUDX -1.25656e+06 -3745.49 22055.9 
PRESSURE: 61 -2273.46 -139.745 266.492 -139.745 -2206.5 -27.8261 266.492 -27.8261 -2149.41
GPRESSURE: 61 -1071.24 -4.85125 258.759 -270.816 -1153.96 40.9418 274.609 -238.26 -1472.65
ENERGY:      61      1087.1793      1589.8901       314.4803        26.2428         -34626.6538      2568.8744         0.0000         0.0000         0.0000         -29039.9869        -0.0000    -29039.9869    -29039.9869         0.0000          -2209.7885     -1232.6172    110592.0000     -2209.7885     -1232.6172

LINE MINIMIZER BRACKET: DX 1.04501e-06 6.21948e-06 DU -0.00217601 0.06954 DUDX -3745.49 -35.7662 22055.9 
LINE MINIMIZER REDUCING GRADIENT FROM 1.53675e+06 TO 1536.75
PRESSURE: 62 -1608.43 -196.361 279.687 -196.361 -1518.35 -51.4156 279.687 -51.4156 -1799.05
GPRESSURE: 62 -1325.54 -96.3744 295.25 -346.666 -1518.95 -28.0632 305.274 -226.025 -1867.52
ENERGY:      62       931.2859      1596.2383       316.3003        23.2616         -34976.7114      2493.0771         0.0000         0.0000         0.0000         -29616.5483        -0.0000    -29616.5483    -29616.5483         0.0000          -1641.9414     -1570.6708    110592.0000     -1641.9414     -1570.6708

PRESSURE: 63 -1067.3 -355.21 386.802 -355.21 -1053.73 -151.061 386.802 -151.061 -1601.7
GPRESSURE: 63 -1316.2 -333.486 449.849 -550.302 -1738.42 -186.179 482.499 -341.696 -2069.41
ENERGY:      63       965.7875      1661.9051       319.3426        21.8812         -35315.5698      2500.1539         0.0000         0.0000         0.0000         -29846.4996        -0.0000    -29846.4996    -29846.4996         0.0000          -1240.9082     -1708.0106    110592.0000     -1240.9082     -1708.0106

PRESSURE: 64 3458.79 -1947.24 2413.95 -1947.24 262.62 -1666.03 2413.95 -1666.03 -206.18
GPRESSURE: 64 7304.61 -6850.36 4408.55 -3229.8 -345.087 -2103.16 4672.25 -3560.54 554.209
ENERGY:      64      1587.6787      1974.8585       328.8439        23.6497         -35959.8242      3596.6014         0.0000         0.0000         0.0000         -28448.1920        -0.0000    -28448.1920    -28448.1920         0.0000           1171.7445      2504.5766    110592.0000      1171.7445      2504.5766

LINE MINIMIZER BRACKET: DX 0.000521555 0.00104311 DU -229.951 1398.31 DUDX -782438 -78218.6 4.59361e+06 
PRESSURE: 65 -955.635 -408.412 430.603 -408.412 -979.388 -189.375 430.603 -189.375 -1567.43
GPRESSURE: 65 -1253.77 -419.872 511.284 -621.231 -1755.77 -238.752 557.435 -396.126 -2068.03
ENERGY:      65       995.0010      1682.2045       320.0933        21.7868         -35382.0014      2516.6785         0.0000         0.0000         0.0000         -29846.2373        -0.0000    -29846.2373    -29846.2373         0.0000          -1167.4846     -1692.5266    110592.0000     -1167.4846     -1692.5266

LINE MINIMIZER BRACKET: DX 0.000521555 0.000104311 DU -229.951 0.262204 DUDX -782438 -78218.6 85356.4 
PRESSURE: 66 -1014.1 -379.782 406.639 -379.782 -1017.27 -168.513 406.639 -168.513 -1585.37
GPRESSURE: 66 -1289.79 -372.758 477.626 -582.861 -1748.31 -210.385 516.24 -366.086 -2071.22
ENERGY:      66       979.0185      1671.4387       319.7005        21.8280         -35347.8044      2507.3202         0.0000         0.0000         0.0000         -29848.4985        -0.0000    -29848.4985    -29848.4985         0.0000          -1205.5791     -1703.1070    110592.0000     -1205.5791     -1703.1070

LINE MINIMIZER BRACKET: DX 5.05316e-05 5.37794e-05 DU -1.99899 2.26119 DUDX -78218.6 -569.713 85356.4 
LINE MINIMIZER REDUCING GRADIENT FROM 1.83515e+06 TO 1835.15
PRESSURE: 67 -1611.62 -68.6458 40.263 -68.6458 -1252.56 38.5308 40.263 38.5308 -1903.43
GPRESSURE: 67 -2222.68 -38.7626 65.0631 -196.216 -2301.95 -9.36539 48.9623 -86.7567 -2661.35
ENERGY:      67       957.8366      1664.5168       321.6322        19.2062         -35665.8372      2334.9311         0.0000         0.0000         0.0000         -30367.7142        -0.0000    -30367.7142    -30367.7142         0.0000          -1589.2015     -2395.3268    110592.0000     -1589.2015     -2395.3268

PRESSURE: 68 -2116.55 44.6533 -101.842 44.6533 -1624.05 83.9855 -101.842 83.9855 -2312.51
GPRESSURE: 68 -2691.83 32.6507 -72.3627 -77.671 -2669.72 36.4336 -86.5851 -6.31548 -3039.71
ENERGY:      68       999.2022      1697.5192       323.8527        19.8415         -35974.3299      2281.4513         0.0000         0.0000         0.0000         -30652.4631        -0.0000    -30652.4631    -30652.4631         0.0000          -2017.7051     -2800.4172    110592.0000     -2017.7051     -2800.4172

PRESSURE: 69 -3860.18 173.224 -252.375 173.224 -3180.8 -5.25888 -252.375 -5.25888 -3717.44
GPRESSURE: 69 -3378.28 31.4132 -126.052 36.8843 -3211.76 -73.4277 -102.261 -145.558 -3343.57
ENERGY:      69      1283.8254      1885.4445       328.7014        29.6224         -36564.1807      2306.6454         0.0000         0.0000         0.0000         -30729.9416        -0.0000    -30729.9416    -30729.9416         0.0000          -3586.1413     -3311.2055    110592.0000     -3586.1413     -3311.2055

PRESSURE: 70 -5026.97 4249.55 -1599.68 4249.55 8327.04 -21967.9 -1599.68 -21967.9 28131.6
GPRESSURE: 70 12389.8 -13190.2 9282.33 -2315.17 23238.2 -52271.2 18208.2 -51282.9 83164.5
ETITLE:      TS           BOND          ANGLE          DIHED          IMPRP               ELECT            VDW       BOUNDARY           MISC        KINETIC               TOTAL           TEMP      POTENTIAL         TOTAL3        TEMPAVG            PRESSURE      GPRESSURE         VOLUME       PRESSAVG      GPRESSAVG

ENERGY:      70      3132.5475      2862.3874       346.7529        75.8983         -37638.3511     10877.8732         0.0000         0.0000         0.0000         -20342.8917        -0.0000    -20342.8917    -20342.8917         0.0000          10477.2256     39597.4987    110592.0000     10477.2256     39597.4987

LINE MINIMIZER BRACKET: DX 0.000785099 0.0015702 DU -77.4785 10387 DUDX -518203 386907 3.05511e+07 
PRESSURE: 71 -3032.83 128.731 -205.082 128.731 -2430.35 62.9737 -205.082 62.9737 -3085.01
GPRESSURE: 71 -3131.86 47.6833 -134.227 -1.5436 -3026.89 8.681 -132.973 -21.7059 -3332.34
ENERGY:      71      1134.6199      1789.7474       326.4980        24.4732         -36333.4222      2274.4509         0.0000         0.0000         0.0000         -30783.6328        -0.0000    -30783.6328    -30783.6328         0.0000          -2849.3973     -3163.6976    110592.0000     -2849.3973     -3163.6976

LINE MINIMIZER BRACKET: DX 0.000472327 0.000312772 DU -131.17 53.6912 DUDX -518203 -24581.8 386907 
PRESSURE: 72 -3107.66 133.623 -210.643 133.623 -2498.1 58.5454 -210.643 58.5454 -3145.63
GPRESSURE: 72 -3158.32 47.3188 -135.534 2.68857 -3047.68 3.24294 -132.758 -28.4362 -3342.83
ENERGY:      72      1147.2297      1798.0227       326.6974        24.9170         -36356.7472      2276.0490         0.0000         0.0000         0.0000         -30783.8315        -0.0000    -30783.8315    -30783.8315         0.0000          -2917.1258     -3182.9442    110592.0000     -2917.1258     -3182.9442

LINE MINIMIZER BRACKET: DX 3.12772e-05 0.000281495 DU -0.198708 53.8899 DUDX -24581.8 11976.6 386907 
PRESSURE: 73 -3083.02 132.033 -208.847 132.033 -2475.78 60.0371 -208.847 60.0371 -3125.72
GPRESSURE: 73 -3149.72 47.4591 -135.153 1.3138 -3040.95 5.07306 -132.885 -26.1364 -3339.57
ENERGY:      73      1143.0564      1795.2882       326.6317        24.7702         -36349.1340      2275.4940         0.0000         0.0000         0.0000         -30783.8934        -0.0000    -30783.8934    -30783.8934         0.0000          -2894.8417     -3176.7453    110592.0000     -2894.8417     -3176.7453

LINE MINIMIZER BRACKET: DX 2.1059e-05 1.02182e-05 DU -0.260595 0.0618876 DUDX -24581.8 -52.2037 11976.6 
LINE MINIMIZER REDUCING GRADIENT FROM 1.51541e+06 TO 1515.41
PRESSURE: 74 -4460.23 113.41 50.6047 113.41 -3936.4 -112.809 50.6047 -112.809 -3321.1
GPRESSURE: 74 -3645.87 -293.274 441.515 39.2684 -3740.57 40.0994 926.698 -1194.01 -1789.49
ENERGY:      74      1065.9871      1687.7338       321.3631        30.3274         -36734.4924      2436.4064         0.0000         0.0000         0.0000         -31192.6745        -0.0000    -31192.6745    -31192.6745         0.0000          -3905.9132     -3058.6423    110592.0000     -3905.9132     -3058.6423

PRESSURE: 75 -5728.12 107.333 9037.02 107.333 -5992.22 1462.96 9037.02 1462.96 64228
GPRESSURE: 75 9231.19 -20994 27670 3559.2 -9684.33 6642.43 107612 -163173 210867
ENERGY:      75      1762.0717      1779.8179       319.0390        52.5943         -37101.2643     12025.9610         0.0000         0.0000         0.0000         -21161.7803        -0.0000    -21161.7803    -21161.7803         0.0000          17502.5711     70137.9485    110592.0000     17502.5711     70137.9485

LINE MINIMIZER BRACKET: DX 0.000784947 0.000784947 DU -408.781 10030.9 DUDX -1.51541e+06 578372 6.60678e+07 
PRESSURE: 76 -4010.14 127.324 -76.1812 127.324 -3465.37 -74.5303 -76.1812 -74.5303 -3454.27
GPRESSURE: 76 -3587.18 -110.498 150.734 -4.89496 -3508.99 -25.5391 308.521 -424.378 -2899.37
ENERGY:      76      1012.7162      1697.7008       322.4484        27.8942         -36634.7371      2342.2964         0.0000         0.0000         0.0000         -31231.6812        -0.0000    -31231.6812    -31231.6812         0.0000          -3643.2588     -3331.8468    110592.0000     -3643.2588     -3331.8468

LINE MINIMIZER BRACKET: DX 0.000578427 0.00020652 DU -447.788 39.0067 DUDX -1.51541e+06 -138426 578372 
PRESSURE: 77 -4100.76 124.772 -56.2313 124.772 -3560.72 -84.9443 -56.2313 -84.9443 -3456.75
GPRESSURE: 77 -3608.21 -137.613 195.119 -0.613649 -3551.31 -20.8556 394.277 -525.848 -2757.28
ENERGY:      77      1019.5602      1694.4686       322.1988        28.3360         -36655.9327      2356.3078         0.0000         0.0000         0.0000         -31235.0613        -0.0000    -31235.0613    -31235.0613         0.0000          -3706.0792     -3305.6012    110592.0000     -3706.0792     -3305.6012

LINE MINIMIZER BRACKET: DX 4.36718e-05 0.000162848 DU -3.38013 42.3868 DUDX -138426 -14653.1 578372 
PRESSURE: 78 -4135.23 123.745 -48.0596 123.745 -3596.92 -88.6168 -48.0596 -88.6168 -3454.72
GPRESSURE: 78 -3615.15 -148.935 213.461 1.4796 -3567.76 -18.2006 430.803 -569.844 -2694.9
ENERGY:      78      1022.7176      1693.4165       322.1084        28.5101         -36663.8250      2362.1665         0.0000         0.0000         0.0000         -31234.9058        -0.0000    -31234.9058    -31234.9058         0.0000          -3728.9549     -3292.6058    110592.0000     -3728.9549     -3292.6058

LINE MINIMIZER BRACKET: DX 4.36718e-05 1.62848e-05 DU -3.38013 0.15555 DUDX -138426 -14653.1 34340.8 
PRESSURE: 79 -4111.16 124.463 -53.801 124.463 -3571.64 -86.067 -53.801 -86.067 -3456.32
GPRESSURE: 79 -3610.37 -140.967 200.562 -0.0125921 -3556.25 -20.1065 405.051 -538.779 -2738.99
ENERGY:      79      1020.4812      1694.1414       322.1713        28.3882         -36658.3227      2358.0422         0.0000         0.0000         0.0000         -31235.0986        -0.0000    -31235.0986    -31235.0986         0.0000          -3713.0426     -3301.8684    110592.0000     -3713.0426     -3301.8684

LINE MINIMIZER BRACKET: DX 4.92922e-06 1.13556e-05 DU -0.0372454 0.192795 DUDX -14653.1 0.827879 34340.8 
LINE MINIMIZER REDUCING GRADIENT FROM 2.12202e+06 TO 2122.02
PRESSURE: 80 -4640.71 44.9857 -15.2953 44.9857 -4112.4 -329.032 -15.2953 -329.032 -4095.44
GPRESSURE: 80 -3937.32 -186.927 246.973 -164.237 -3641.64 -347.71 298.791 -369.354 -3337.96
ETITLE:      TS           BOND          ANGLE          DIHED          IMPRP               ELECT            VDW       BOUNDARY           MISC        KINETIC               TOTAL           TEMP      POTENTIAL         TOTAL3        TEMPAVG            PRESSURE      GPRESSURE         VOLUME       PRESSAVG      GPRESSAVG

ENERGY:      80      1080.0346      1582.9618       317.2118        27.3915         -36823.1425      2359.8390         0.0000         0.0000         0.0000         -31455.7039        -0.0000    -31455.7039    -31455.7039         0.0000          -4282.8483     -3638.9755    110592.0000     -4282.8483     -3638.9755

PRESSURE: 81 -5490.69 -98.563 62.3 -98.563 -4862.7 -618.337 62.3 -618.337 -4987.58
GPRESSURE: 81 -4179.04 -336.967 419.064 -376.667 -3589.28 -775.828 357.249 -415.433 -3591.19
ENERGY:      81      1306.7009      1535.9266       312.8125        28.5648         -36984.0871      2419.5545         0.0000         0.0000         0.0000         -31380.5278        -0.0000    -31380.5278    -31380.5278         0.0000          -5113.6559     -3786.5044    110592.0000     -5113.6559     -3786.5044

LINE MINIMIZER BRACKET: DX 0.000306604 0.000306604 DU -220.605 75.1761 DUDX -2.12202e+06 -229994 712127 
PRESSURE: 82 -4816.73 17.1994 1.34841 17.1994 -4277.06 -393.845 1.34841 -393.845 -4284.61
GPRESSURE: 82 -4001.48 -215.278 281.345 -209.519 -3645.54 -438.361 303.487 -365.264 -3420.35
ENERGY:      82      1119.5450      1566.0559       316.0830        27.4680         -36862.4584      2369.1729         0.0000         0.0000         0.0000         -31464.1336        -0.0000    -31464.1336    -31464.1336         0.0000          -4459.4653     -3689.1229    110592.0000     -4459.4653     -3689.1229

LINE MINIMIZER BRACKET: DX 7.41999e-05 0.000232404 DU -8.42974 83.6059 DUDX -229994 2451.6 712127 
PRESSURE: 83 -4798.29 20.1649 -0.401191 20.1649 -4260.08 -387.218 -0.401191 -387.218 -4265
GPRESSURE: 83 -3995.28 -212.186 277.628 -204.827 -3645.58 -428.951 302.657 -365.155 -3412.89
ENERGY:      83      1115.1552      1567.5782       316.1944        27.4545         -36858.5402      2368.0890         0.0000         0.0000         0.0000         -31464.0688        -0.0000    -31464.0688    -31464.0688         0.0000          -4441.1245     -3684.5850    110592.0000     -4441.1245     -3684.5850

LINE MINIMIZER BRACKET: DX 7.41999e-06 0.000232404 DU -0.0647997 83.6059 DUDX -20681.8 2451.6 712127 
PRESSURE: 84 -4814.7 17.5254 1.15634 17.5254 -4275.19 -393.118 1.15634 -393.118 -4282.45
GPRESSURE: 84 -4000.8 -214.938 280.935 -209.004 -3645.55 -437.327 303.393 -365.247 -3419.54
ENERGY:      84      1119.0591      1566.2209       316.0952        27.4664         -36862.0287      2369.0525         0.0000         0.0000         0.0000         -31464.1345        -0.0000    -31464.1345    -31464.1345         0.0000          -4457.4459     -3688.6286    110592.0000     -4457.4459     -3688.6286

LINE MINIMIZER BRACKET: DX 6.60679e-06 8.13199e-07 DU -0.0656358 0.000836023 DUDX -20681.8 -82.4915 2451.6 
LINE MINIMIZER REDUCING GRADIENT FROM 2.03201e+06 TO 2032.01
PRESSURE: 85 -4869.13 32.6861 -48.1907 32.6861 -4341.01 -408.786 -48.1907 -408.786 -4528.48
GPRESSURE: 85 -4107.53 -182.152 199.077 -206.119 -3657.72 -422.735 191.024 -227.142 -3744.19
ENERGY:      85      1100.4059      1495.2473       313.1331        24.0805         -36920.5802      2335.3778         0.0000         0.0000         0.0000         -31652.3356        -0.0000    -31652.3356    -31652.3356         0.0000          -4579.5403     -3836.4838    110592.0000     -4579.5403     -3836.4838

2015-02-02 10:09:06.535 (WARN ) [0xfff9e5c9220] 8761441:ibm.runjob.client.Job: terminated by signal 9
2015-02-02 10:09:06.535 (WARN ) [0xfff9e5c9220] 8761441:ibm.runjob.client.Job: abnormal termination by signal 9 from rank 8
