Converse/Charm++ Commit ID: v6.3.0-723-g6148ae1
[0] isomalloc.c> Disabling isomalloc because isomalloc disabled by conv-mach
Info: NAMD 2.9 for BlueGeneQ
Info: 
Info: Please visit http://www.ks.uiuc.edu/Research/namd/
Info: for updates, documentation, and support information.
Info: 
Info: Please cite Phillips et al., J. Comp. Chem. 26:1781-1802 (2005)
Info: in all publications reporting results obtained with NAMD.
Info: 
Info: Based on Charm++/Converse 60305 for pami-bluegeneq-smp-xlc
Info: Built Sun Dec 7 11:31:12 EST 2014 by bobdanani on avoca-test
Info: Running on 128 processors, 16 nodes, 16 physical nodes.
Info: CPU topology information unavailable.
Info: Charm++/Converse parallel runtime startup completed at 0.03901 s
Info: 202.062 MB of memory in use based on /proc/self/stat
Info: Configuration file is namd_equilibration_script.conf
Info: Working in the current directory /vlsci/VR0021/mike/GIT/MD_workflow_py/newdir/newiDir0080
TCL: Suspending until startup complete.
Info: SIMULATION PARAMETERS:
Info: TIMESTEP               2
Info: NUMBER OF STEPS        0
Info: STEPS PER CYCLE        10
Info: PERIODIC CELL BASIS 1  48 0 0
Info: PERIODIC CELL BASIS 2  0 48 0
Info: PERIODIC CELL BASIS 3  0 0 48
Info: PERIODIC CELL CENTER   0 0 0
Info: WRAPPING WATERS AROUND PERIODIC BOUNDARIES ON OUTPUT.
Info: WRAPPING ALL CLUSTERS AROUND PERIODIC BOUNDARIES ON OUTPUT.
Info: LOAD BALANCER  Centralized
Info: LOAD BALANCING STRATEGY  New Load Balancers -- DEFAULT
Info: LDB PERIOD             2000 steps
Info: FIRST LDB TIMESTEP     50
Info: LAST LDB TIMESTEP     -1
Info: LDB BACKGROUND SCALING 1
Info: HOM BACKGROUND SCALING 1
Info: PME BACKGROUND SCALING 1
Info: REMOVING PATCHES FROM PROCESSOR 0
Info: MIN ATOMS PER PATCH    40
Info: INITIAL TEMPERATURE    310
Info: CENTER OF MASS MOVING INITIALLY? NO
Info: DIELECTRIC             1
Info: EXCLUDE                SCALED ONE-FOUR
Info: 1-4 ELECTROSTATICS SCALED BY 1
Info: MODIFIED 1-4 VDW PARAMETERS WILL BE USED
Info: DCD FILENAME           current_MD_run_files.dcd
Info: DCD FREQUENCY          500
Info: DCD FIRST STEP         500
Info: DCD FILE WILL CONTAIN UNIT CELL DATA
Info: XST FILENAME           current_MD_run_files.xst
Info: XST FREQUENCY          500
Info: NO VELOCITY DCD OUTPUT
Info: NO FORCE DCD OUTPUT
Info: OUTPUT FILENAME        current_MD_run_files
Info: BINARY OUTPUT FILES WILL BE USED
Info: RESTART FILENAME       current_MD_run_files.restart
Info: RESTART FREQUENCY      5000
Info: BINARY RESTART FILES WILL BE USED
Info: SWITCHING ACTIVE
Info: SWITCHING ON           10
Info: SWITCHING OFF          12
Info: PAIRLIST DISTANCE      14
Info: PAIRLIST SHRINK RATE   0.01
Info: PAIRLIST GROW RATE     0.01
Info: PAIRLIST TRIGGER       0.3
Info: PAIRLISTS PER CYCLE    2
Info: PAIRLISTS ENABLED
Info: MARGIN                 0.99
Info: HYDROGEN GROUP CUTOFF  2.5
Info: PATCH DIMENSION        17.49
Info: ENERGY OUTPUT STEPS    500
Info: CROSSTERM ENERGY INCLUDED IN DIHEDRAL
Info: TIMING OUTPUT STEPS    500
Info: PRESSURE OUTPUT STEPS  500
Info: LANGEVIN DYNAMICS ACTIVE
Info: LANGEVIN TEMPERATURE   310
Info: LANGEVIN DAMPING COEFFICIENT IS 5 INVERSE PS
Info: LANGEVIN DYNAMICS NOT APPLIED TO HYDROGENS
Info: LANGEVIN PISTON PRESSURE CONTROL ACTIVE
Info:        TARGET PRESSURE IS 1.01325 BAR
Info:     OSCILLATION PERIOD IS 100 FS
Info:             DECAY TIME IS 50 FS
Info:     PISTON TEMPERATURE IS 310 K
Info:       PRESSURE CONTROL IS GROUP-BASED
Info:    INITIAL STRAIN RATE IS 0 0 0
Info:       CELL FLUCTUATION IS ANISOTROPIC
Info: PARTICLE MESH EWALD (PME) ACTIVE
Info: PME TOLERANCE               1e-06
Info: PME EWALD COEFFICIENT       0.257952
Info: PME INTERPOLATION ORDER     4
Info: PME GRID DIMENSIONS         48 48 48
Info: PME MAXIMUM GRID SPACING    1
Info: Attempting to read FFTW data from FFTW_NAMD_2.9_BlueGeneQ.txt
Info: Optimizing 6 FFT steps.  1... 2... 3... 4... 5... 6...   Done.
Info: Writing FFTW data to FFTW_NAMD_2.9_BlueGeneQ.txt
Info: FULL ELECTROSTATIC EVALUATION FREQUENCY      2
Info: USING VERLET I (r-RESPA) MTS SCHEME.
Info: C1 SPLITTING OF LONG RANGE ELECTROSTATICS
Info: PLACING ATOMS IN PATCHES BY HYDROGEN GROUPS
Info: RIGID BONDS TO HYDROGEN : ALL
Info:         ERROR TOLERANCE : 1e-08
Info:          MAX ITERATIONS : 100
Info: RIGID WATER USING SETTLE ALGORITHM
Info: RANDOM NUMBER SEED     1422832115
Info: USE HYDROGEN BONDS?    NO
Info: COORDINATE PDB         ../../InputFiles/example.pdb
Info: STRUCTURE FILE         ../../InputFiles/example.psf
Info: PARAMETER file: CHARMM format! 
Info: PARAMETERS             ../../InputFiles/Parameters/par_all27_prot_na.prm
Info: USING ARITHMETIC MEAN TO COMBINE L-J SIGMA PARAMETERS
Info: SUMMARY OF PARAMETERS:
Info: 258 BONDS
Info: 666 ANGLES
Info: 1134 DIHEDRAL
Info: 70 IMPROPER
Info: 6 CROSSTERM
Info: 164 VDW
Info: 0 VDW_PAIRS
Info: 0 NBTHOLE_PAIRS
Info: TIME FOR READING PSF FILE: 2.00822
Info: TIME FOR READING PDB FILE: 0.450396
Info: 
Info: ****************************
Info: STRUCTURE SUMMARY:
Info: 10315 ATOMS
Info: 7285 BONDS
Info: 5281 ANGLES
Info: 3293 DIHEDRALS
Info: 204 IMPROPERS
Info: 74 CROSSTERMS
Info: 0 EXCLUSIONS
Info: 9701 RIGID BONDS
Info: 21244 DEGREES OF FREEDOM
Info: 3638 HYDROGEN GROUPS
Info: 4 ATOMS IN LARGEST HYDROGEN GROUP
Info: 3638 MIGRATION GROUPS
Info: 4 ATOMS IN LARGEST MIGRATION GROUP
Info: TOTAL MASS = 63394.1 amu
Info: TOTAL CHARGE = 1.00955e-06 e
Info: MASS DENSITY = 0.951884 g/cm^3
Info: ATOM DENSITY = 0.0932708 atoms/A^3
Info: *****************************
Info: 
Info: Entering startup at 24.3598 s, 202.062 MB of memory in use
Info: Startup phase 0 took 0.00319058 s, 202.062 MB of memory in use
Info: Startup phase 1 took 0.104498 s, 202.062 MB of memory in use
Info: Startup phase 2 took 0.003412 s, 202.062 MB of memory in use
Info: Startup phase 3 took 0.00302113 s, 202.062 MB of memory in use
Info: PATCH GRID IS 5 (PERIODIC) BY 5 (PERIODIC) BY 2 (PERIODIC)
Info: PATCH GRID IS 2-AWAY BY 2-AWAY BY 1-AWAY
Info: REMOVING COM VELOCITY -0.0103259 0.0404206 -0.0692922
Info: LARGEST PATCH (12) HAS 234 ATOMS
Info: Startup phase 4 took 0.0328097 s, 202.062 MB of memory in use
Info: PME using 24 and 24 processors for FFT and reciprocal sum.
Info: PME USING 16 GRID NODES AND 16 TRANS NODES
Info: PME GRID LOCATIONS: 7 11 15 23 27 31 39 43 47 55 ...
Info: PME TRANS LOCATIONS: 3 5 13 19 21 29 35 37 45 51 ...
Info: Startup phase 5 took 0.00745303 s, 202.062 MB of memory in use
Info: Startup phase 6 took 0.00970529 s, 202.062 MB of memory in use
LDB: Central LB being created...
Info: Startup phase 7 took 1.20402 s, 202.062 MB of memory in use
Info: CREATING 2450 COMPUTE OBJECTS
Info: NONBONDED TABLE R-SQUARED SPACING: 0.0625
Info: NONBONDED TABLE SIZE: 769 POINTS
Info: ABSOLUTE IMPRECISION IN FAST TABLE ENERGY: 3.38813e-21 AT 11.7447
Info: RELATIVE IMPRECISION IN FAST TABLE ENERGY: 6.92477e-14 AT 11.9138
Info: ABSOLUTE IMPRECISION IN FAST TABLE FORCE: 2.64698e-23 AT 11.9138
Info: RELATIVE IMPRECISION IN FAST TABLE FORCE: 1.40436e-16 AT 11.9138
Info: ABSOLUTE IMPRECISION IN SCOR TABLE ENERGY: 3.38813e-21 AT 11.7447
Info: RELATIVE IMPRECISION IN SCOR TABLE ENERGY: 4.24069e-16 AT 11.9138
Info: ABSOLUTE IMPRECISION IN SCOR TABLE FORCE: 4.10282e-22 AT 11.9138
Info: RELATIVE IMPRECISION IN SCOR TABLE FORCE: 3.56912e-15 AT 11.9138
Info: ABSOLUTE IMPRECISION IN VDWA TABLE ENERGY: 9.86076e-32 AT 11.8295
Info: RELATIVE IMPRECISION IN VDWA TABLE ENERGY: 6.75473e-14 AT 11.9138
Info: ABSOLUTE IMPRECISION IN VDWA TABLE FORCE: 4.62223e-32 AT 11.9138
Info: RELATIVE IMPRECISION IN VDWA TABLE FORCE: 2.12237e-15 AT 11.9138
Info: ABSOLUTE IMPRECISION IN VDWB TABLE ENERGY: 4.1359e-25 AT 11.8295
Info: RELATIVE IMPRECISION IN VDWB TABLE ENERGY: 7.56853e-15 AT 11.9138
Info: ABSOLUTE IMPRECISION IN VDWB TABLE FORCE: 3.87741e-26 AT 11.9138
Info: RELATIVE IMPRECISION IN VDWB TABLE FORCE: 5.97409e-16 AT 11.9138
Info: useSync: 0 useProxySync: 0
Info: Startup phase 8 took 0.0313552 s, 202.062 MB of memory in use
Info: Building spanning tree ... send: 1 recv: 0 with branch factor 9
Info: Startup phase 9 took 0.00354363 s, 202.062 MB of memory in use
Info: Startup phase 10 took 0.00245013 s, 202.062 MB of memory in use
Info: Finished startup at 25.7652 s, 202.062 MB of memory in use

TCL: Minimizing for 500 steps
PRESSURE: 0 7.92778e+08 9.80914e+08 6.43957e+08 9.80914e+08 1.21846e+09 7.99677e+08 6.43957e+08 7.99677e+08 5.27056e+08
GPRESSURE: 0 7.92785e+08 9.80912e+08 6.43961e+08 9.80914e+08 1.21847e+09 7.99675e+08 6.4396e+08 7.99677e+08 5.27061e+08
ETITLE:      TS           BOND          ANGLE          DIHED          IMPRP               ELECT            VDW       BOUNDARY           MISC        KINETIC               TOTAL           TEMP      POTENTIAL         TOTAL3        TEMPAVG            PRESSURE      GPRESSURE         VOLUME       PRESSAVG      GPRESSAVG

ENERGY:       0      3088.5033      1499.3301       263.8206        10.6933         -30848.5033 336586487.2282         0.0000         0.0000         0.0000      336560501.0723        -0.0000 336560501.0723 336560501.0723         0.0000      846098063.7249 846104120.5607    110592.0000 846098063.7249 846104120.5607

OPENING EXTENDED SYSTEM TRAJECTORY FILE
MINIMIZER SLOWLY MOVING 41 ATOMS WITH BAD CONTACTS DOWNHILL
PRESSURE: 1 2.3761e+07 2.92891e+07 1.92693e+07 2.92891e+07 3.65371e+07 2.38544e+07 1.92693e+07 2.38544e+07 1.58365e+07
GPRESSURE: 1 2.37671e+07 2.92887e+07 1.92714e+07 2.92892e+07 3.65424e+07 2.38532e+07 1.9271e+07 2.38552e+07 1.58411e+07
ENERGY:       1      3097.8780      1492.2035       263.8872        11.6906         -30918.4515  10098045.4909         0.0000         0.0000         0.0000       10071992.6986        -0.0000  10071992.6986  10071992.6986         0.0000       25378190.6513  25383543.1825    110592.0000  25378190.6513  25383543.1825

MINIMIZER SLOWLY MOVING 20 ATOMS WITH BAD CONTACTS DOWNHILL
PRESSURE: 2 1.60262e+06 1.93601e+06 1.28335e+06 1.93601e+06 2.45349e+06 1.57411e+06 1.28335e+06 1.57411e+06 1.07617e+06
GPRESSURE: 2 1.60887e+06 1.93607e+06 1.28495e+06 1.9358e+06 2.45889e+06 1.57341e+06 1.28485e+06 1.57465e+06 1.08101e+06
ENERGY:       2      3098.8562      1486.5938       264.0525        11.6906         -30939.5732    683808.6242         0.0000         0.0000         0.0000         657730.2441        -0.0000    657730.2441    657730.2441         0.0000        1710761.1668   1716255.7876    110592.0000   1710761.1668   1716255.7876

MINIMIZER SLOWLY MOVING 8 ATOMS WITH BAD CONTACTS DOWNHILL
PRESSURE: 3 197678 209202 143265 209202 286173 169684 143265 169684 134769
GPRESSURE: 3 204076 209794 144555 208589 291200 169306 144311 169543 140107
ENERGY:       3      3098.8562      1486.5938       264.0525        11.6906         -30939.6937     85515.0225         0.0000         0.0000         0.0000          59436.5218        -0.0000     59436.5218     59436.5218         0.0000         206206.9406    211794.4545    110592.0000    206206.9406    211794.4545

MINIMIZER SLOWLY MOVING 4 ATOMS WITH BAD CONTACTS DOWNHILL
PRESSURE: 4 51832.3 29892.9 24062.2 29892.9 59310.8 24792.8 24062.2 24792.8 35775.4
GPRESSURE: 4 58421.7 30508.2 25327.7 28842.3 64264.8 24475.3 24635.9 24619.7 41255.5
ENERGY:       4      3098.8562      1486.5938       264.0525        11.6906         -30939.5674     23037.6747         0.0000         0.0000         0.0000          -3040.6997        -0.0000     -3040.6997     -3040.6997         0.0000          48972.8153     54647.3064    110592.0000     48972.8153     54647.3064

MINIMIZER SLOWLY MOVING 2 ATOMS WITH BAD CONTACTS DOWNHILL
PRESSURE: 5 30532.1 3498.92 6725.59 3498.92 26455.3 3178.44 6725.59 3178.44 21542
GPRESSURE: 5 37142.6 4114.36 7988.38 2350.17 31398.3 2879.07 7205.28 2993.04 27043.8
ENERGY:       5      3098.8562      1486.5938       264.0525        11.6906         -30938.6694     13993.1376         0.0000         0.0000         0.0000         -12084.3387        -0.0000    -12084.3387    -12084.3387         0.0000          26176.4652     31861.5673    110592.0000     26176.4652     31861.5673

MINIMIZER SLOWLY MOVING 2 ATOMS WITH BAD CONTACTS DOWNHILL
PRESSURE: 6 26526.3 -1468.36 3460.82 -1468.36 20273.6 -889.048 3460.82 -889.048 18867
GPRESSURE: 6 33138.6 -853.801 4722.7 -2634.96 25214.1 -1184.61 3925.75 -1074.84 24370.8
ENERGY:       6      3098.8562      1486.5938       264.0525        11.6906         -30936.7428     12297.3267         0.0000         0.0000         0.0000         -13778.2230        -0.0000    -13778.2230    -13778.2230         0.0000          21889.0008     27574.5239    110592.0000     21889.0008     27574.5239

MINIMIZER SLOWLY MOVING 2 ATOMS WITH BAD CONTACTS DOWNHILL
PRESSURE: 7 25612.5 -2600.63 2716.01 -2600.63 18869.7 -1812.5 2716.01 -1812.5 18263.3
GPRESSURE: 7 32281.5 -2000.41 3936.7 -3699.2 23792.6 -2157.42 3226.41 -2008 23733.4
ENERGY:       7      3098.8562      1486.5938       264.0525        11.6906         -30934.6537     11914.2537         0.0000         0.0000         0.0000         -14159.2069        -0.0000    -14159.2069    -14159.2069         0.0000          20915.1785     26602.5042    110592.0000     20915.1785     26602.5042

MINIMIZER STARTING CONJUGATE GRADIENT ALGORITHM
LINE MINIMIZER REDUCING GRADIENT FROM 1.28304e+08 TO 128304
PRESSURE: 8 25247.7 -2536.43 2691.61 -2536.43 18631.3 -1769.09 2691.61 -1769.09 18003.1
GPRESSURE: 8 31880.1 -1938.49 3895.18 -3619.96 23534.7 -2102.32 3197.2 -1962.55 23436.4
ENERGY:       8      3090.7892      1485.5168       264.0466        11.6886         -30936.5185     11797.8422         0.0000         0.0000         0.0000         -14286.6351        -0.0000    -14286.6351    -14286.6351         0.0000          20627.3447     26283.7546    110592.0000     20627.3447     26283.7546

PRESSURE: 9 24890.1 -2473.62 2667.31 -2473.62 18397.3 -1726.98 2667.31 -1726.98 17748.1
GPRESSURE: 9 31486.6 -1877.91 3854.09 -3542.44 23281.6 -2048.85 3168.19 -1918.45 23145.4
ENERGY:       9      3082.7502      1484.4436       264.0410        11.6870         -30938.3841     11683.6730         0.0000         0.0000         0.0000         -14411.7893        -0.0000    -14411.7893    -14411.7893         0.0000          20345.1877     25971.1849    110592.0000     20345.1877     25971.1849

LDB: ============= START OF LOAD BALANCING ============== 26.1705
LDB: ============== END OF LOAD BALANCING =============== 26.1715
Info: useSync: 0 useProxySync: 0
LDB: =============== DONE WITH MIGRATION ================ 26.1772
PRESSURE: 10 24195.8 -2352.01 2618.96 -2352.01 17942.4 -1646.44 2618.96 -1646.44 17253.7
GPRESSURE: 10 30722.2 -1760.69 3773.13 -3392.42 22789.1 -1946.53 3110.7 -1834.05 22580.6
ETITLE:      TS           BOND          ANGLE          DIHED          IMPRP               ELECT            VDW       BOUNDARY           MISC        KINETIC               TOTAL           TEMP      POTENTIAL         TOTAL3        TEMPAVG            PRESSURE      GPRESSURE         VOLUME       PRESSAVG      GPRESSAVG

ENERGY:      10      3066.7562      1482.3085       264.0305        11.6851         -30942.1130     11461.8508         0.0000         0.0000         0.0000         -14655.4819        -0.0000    -14655.4819    -14655.4819         0.0000          19797.3211     25363.9782    110592.0000     19797.3211     25363.9782

PRESSURE: 11 22886.6 -2123.99 2523.69 -2123.99 17081.9 -1499.14 2523.69 -1499.14 16323.1
GPRESSURE: 11 29279.6 -1541.1 3616.28 -3111.35 21856.5 -1759.16 2998.16 -1679.43 21516.2
ENERGY:      11      3035.1037      1478.0836       264.0124        11.6860         -30949.5614     11042.8731         0.0000         0.0000         0.0000         -15117.8025        -0.0000    -15117.8025    -15117.8025         0.0000          18763.8759     24217.4311    110592.0000     18763.8759     24217.4311

PRESSURE: 12 20553.4 -1722.95 2339.96 -1722.95 15538.6 -1252.24 2339.96 -1252.24 14669.9
GPRESSURE: 12 26703.6 -1155.89 3322.71 -2617.65 20179.9 -1444.57 2783.67 -1419.34 19620.8
ENERGY:      12      2973.1376      1469.8155       263.9877        11.7070         -30964.4243     10293.4960         0.0000         0.0000         0.0000         -15952.2805        -0.0000    -15952.2805    -15952.2805         0.0000          16920.6524     22168.1114    110592.0000     16920.6524     22168.1114

PRESSURE: 13 16815.2 -1100.53 2006.84 -1100.53 13034.3 -904.044 2006.84 -904.044 12035.6
GPRESSURE: 13 22558 -562.478 2814.14 -1853.11 17445.3 -1000.21 2401.8 -1049.07 16584.8
ENERGY:      13      2854.5340      1454.0067       263.9835        11.8263         -30994.0211      9082.7739         0.0000         0.0000         0.0000         -17326.8967        -0.0000    -17326.8967    -17326.8967         0.0000          13961.6881     18862.6754    110592.0000     13961.6881     18862.6754

PRESSURE: 14 11864.8 -345.294 1493.19 -345.294 9637.93 -556.087 1493.19 -556.087 8576.4
GPRESSURE: 14 17006.2 140.803 2073.1 -927.946 13689.1 -559.716 1830.1 -669.463 12552.7
ENERGY:      14      2638.4195      1425.3083       264.1507        12.3760         -31052.7540      7446.6365         0.0000         0.0000         0.0000         -19265.8629        -0.0000    -19265.8629    -19265.8629         0.0000          10026.3729     14415.9962    110592.0000     10026.3729     14415.9962

PRESSURE: 15 7108.42 200.402 980.708 200.402 6246.69 -418.948 980.708 -418.948 5323.14
GPRESSURE: 15 11503.7 603.898 1365.47 -268.069 9802.28 -413.602 1312.93 -508.31 8650.47
ENERGY:      15      2288.6245      1379.6753       265.1654        14.7443         -31168.6191      5790.4200         0.0000         0.0000         0.0000         -21429.9896        -0.0000    -21429.9896    -21429.9896         0.0000           6226.0811      9985.4766    110592.0000      6226.0811      9985.4766

PRESSURE: 16 4850.09 165.432 1257.94 165.432 4514.88 -754.599 1257.94 -754.599 4125.78
GPRESSURE: 16 8668.6 486.094 1707.32 -477.896 7507.27 -965.973 1985.97 -921.641 7053.82
ENERGY:      16      1900.2223      1336.3753       270.1213        24.8446         -31394.4641      4840.6795         0.0000         0.0000         0.0000         -23022.2212        -0.0000    -23022.2212    -23022.2212         0.0000           4496.9203      7743.2303    110592.0000      4496.9203      7743.2303

PRESSURE: 17 17852.3 -1550.03 12378.5 -1550.03 10801.7 -4850.32 12378.5 -4850.32 17654.9
GPRESSURE: 17 30366.1 273.82 17743.2 -5798.21 14465.5 -7375.29 22472.3 -4882.86 26267.7
ENERGY:      17      2163.8410      1452.4679       293.4260        71.7709         -31822.6931      8851.2293         0.0000         0.0000         0.0000         -18989.9580        -0.0000    -18989.9580    -18989.9580         0.0000          15436.3105     23699.7774    110592.0000     15436.3105     23699.7774

LINE MINIMIZER BRACKET: DX 0.000128 0.000256 DU -1592.23 4032.26 DUDX -2.32342e+07 -4.29861e+06 5.45662e+07 
PRESSURE: 18 4953.74 96.6938 1515.53 96.6938 4553.16 -899.461 1515.53 -899.461 4341.14
GPRESSURE: 18 8800.08 414.144 2049.01 -651.118 7479.81 -1192.18 2434.04 -1102.32 7307.51
ENERGY:      18      1867.1741      1335.6056       271.7736        28.0148         -31441.9086      4839.5343         0.0000         0.0000         0.0000         -23099.8062        -0.0000    -23099.8062    -23099.8062         0.0000           4616.0113      7862.4673    110592.0000      4616.0113      7862.4673

LINE MINIMIZER BRACKET: DX 2.7443e-05 0.000228557 DU -77.585 4109.85 DUDX -4.29861e+06 -1.35344e+06 5.45662e+07 
PRESSURE: 19 5172 28.1139 1798.84 28.1139 4670.15 -1047.07 1798.84 -1047.07 4637.9
GPRESSURE: 19 9099.27 348.701 2429.82 -831.974 7557.9 -1421.45 2923.47 -1284.49 7678.48
ENERGY:      19      1852.2059      1337.3080       273.3194        30.9492         -31481.1655      4885.2168         0.0000         0.0000         0.0000         -23102.1662        -0.0000    -23102.1662    -23102.1662         0.0000           4826.6845      8111.8822    110592.0000      4826.6845      8111.8822

LINE MINIMIZER BRACKET: DX 2.28557e-05 0.000205701 DU -2.36005 4112.21 DUDX -1.35344e+06 1.16674e+06 5.45662e+07 
MINIMIZER RESTARTING CONJUGATE GRADIENT ALGORITHM
LINE MINIMIZER REDUCING GRADIENT FROM 2.67828e+07 TO 26782.8
PRESSURE: 20 4984.37 169.615 1602.4 169.615 4517.92 -872.402 1602.4 -872.402 4388.47
GPRESSURE: 20 8716.88 509.236 2127.21 -529.972 7368.74 -1151.88 2514.32 -1079.82 7293.74
ETITLE:      TS           BOND          ANGLE          DIHED          IMPRP               ELECT            VDW       BOUNDARY           MISC        KINETIC               TOTAL           TEMP      POTENTIAL         TOTAL3        TEMPAVG            PRESSURE      GPRESSURE         VOLUME       PRESSAVG      GPRESSAVG

ENERGY:      20      1839.4311      1335.3834       273.2693        30.8364         -31484.9723      4804.2133         0.0000         0.0000         0.0000         -23201.8388        -0.0000    -23201.8388    -23201.8388         0.0000           4630.2565      7793.1202    110592.0000      4630.2565      7793.1202

PRESSURE: 21 4827.6 283.437 1442.21 283.437 4391.32 -730.863 1442.21 -730.863 4182.58
GPRESSURE: 21 8402.24 636.73 1882.97 -289.379 7210.39 -935.766 2185.43 -914.947 6979.11
ENERGY:      21      1826.8362      1333.4917       273.2197        30.7251         -31488.7816      4736.4490         0.0000         0.0000         0.0000         -23288.0599        -0.0000    -23288.0599    -23288.0599         0.0000           4467.1672      7530.5788    110592.0000      4467.1672      7530.5788

PRESSURE: 22 4583.35 449.3 1202.82 449.3 4195.44 -521.748 1202.82 -521.748 3868.15
GPRESSURE: 22 7922.33 818.836 1523.19 56.8519 6961.93 -621.362 1704.16 -673.151 6504.58
ENERGY:      22      1802.1834      1329.8077       273.1222        30.5070         -31496.4094      4630.6304         0.0000         0.0000         0.0000         -23430.1586        -0.0000    -23430.1586    -23430.1586         0.0000           4215.6487      7129.6154    110592.0000      4215.6487      7129.6154

PRESSURE: 23 4268.45 628.288 924.711 628.288 3946.26 -286.446 924.711 -286.446 3481.17
GPRESSURE: 23 7325.72 1006.35 1115.7 424.026 6632.32 -277.893 1167.77 -403.766 5931.71
ENERGY:      23      1755.0049      1322.8424       272.9344        30.0888         -31511.7005      4493.0807         0.0000         0.0000         0.0000         -23637.7493        -0.0000    -23637.7493    -23637.7493         0.0000           3898.6288      6629.9153    110592.0000      3898.6288      6629.9153

PRESSURE: 24 3941.48 730.895 706.614 730.895 3691 -122.27 706.614 -122.27 3118.43
GPRESSURE: 24 6730.67 1096.24 808.274 638.319 6252.53 -52.5061 780.714 -215.575 5403.2
ENERGY:      24      1668.9688      1310.5704       272.5905        29.3237         -31542.3869      4345.8478         0.0000         0.0000         0.0000         -23915.0856        -0.0000    -23915.0856    -23915.0856         0.0000           3583.6371      6128.8011    110592.0000      3583.6371      6128.8011

PRESSURE: 25 3621.32 695.806 600.122 695.806 3432.04 -88.0327 600.122 -88.0327 2815.24
GPRESSURE: 25 6130.69 1027.15 668.08 615.894 5777.97 -25.0214 621.642 -166.616 4951.9
ENERGY:      25      1528.2267      1293.3104       272.0607        28.0758         -31604.0009      4190.6913         0.0000         0.0000         0.0000         -24291.6360        -0.0000    -24291.6360    -24291.6360         0.0000           3289.5320      5620.1885    110592.0000      3289.5320      5620.1885

PRESSURE: 26 3527.84 174.174 965.674 174.174 3596.42 -684.278 965.674 -684.278 3134.53
GPRESSURE: 26 5752.2 558.847 1292.8 -104.223 5392.07 -1036.15 1159.43 -598.733 5434.26
ENERGY:      26      1346.5154      1299.1636       271.8458        26.6980         -31727.6131      4189.6782         0.0000         0.0000         0.0000         -24593.7122        -0.0000    -24593.7122    -24593.7122         0.0000           3419.5982      5526.1763    110592.0000      3419.5982      5526.1763

PRESSURE: 27 493788 -1.25421e+06 844033 -1.25421e+06 3.25761e+06 -2.14378e+06 844033 -2.14378e+06 1.45473e+06
GPRESSURE: 27 511130 -1.2366e+06 881164 -1.29644e+06 3.21268e+06 -2.24275e+06 870827 -2.11448e+06 1.51883e+06
ENERGY:      27      1205.1013      1357.1891       269.8208        28.5640         -31978.8153    692937.9644         0.0000         0.0000         0.0000         663819.8244        -0.0000    663819.8244    663819.8244         0.0000        1735375.9639   1747545.5464    110592.0000   1735375.9639   1747545.5464

LINE MINIMIZER BRACKET: DX 0.000128 0.000256 DU -302.076 688414 DUDX -4.87769e+06 2.24167e+06 7.0879e+08 
PRESSURE: 28 3446.15 424.811 735.437 424.811 3365.34 -353.064 735.437 -353.064 2829.14
GPRESSURE: 28 5690.92 754.841 909 252.615 5354.88 -472.541 828.559 -366.419 4960.99
ENERGY:      28      1381.5238      1291.4084       271.7997        26.8964         -31697.4755      4118.0659         0.0000         0.0000         0.0000         -24607.7814        -0.0000    -24607.7814    -24607.7814         0.0000           3213.5390      5335.5945    110592.0000      3213.5390      5335.5945

LINE MINIMIZER BRACKET: DX 9.68226e-05 3.11774e-05 DU -316.145 14.0692 DUDX -4.87769e+06 -980438 2.24167e+06 
PRESSURE: 29 3460.72 357.014 794.742 357.014 3416.41 -439.471 794.742 -439.471 2902.68
GPRESSURE: 29 5692.02 699.33 1007.5 157.389 5349.49 -617.879 913.834 -428.299 5072.91
ENERGY:      29      1369.0339      1293.5423       271.8112        26.8185         -31707.7919      4132.8298         0.0000         0.0000         0.0000         -24613.7562        -0.0000    -24613.7562    -24613.7562         0.0000           3259.9345      5371.4746    110592.0000      3259.9345      5371.4746

LINE MINIMIZER BRACKET: DX 1.06752e-05 2.05021e-05 DU -5.97484 20.044 DUDX -980438 -108137 2.24167e+06 
PRESSURE: 30 3464.9 342.182 808.119 342.182 3429.03 -458.781 808.119 -458.781 2919.98
GPRESSURE: 30 5694.28 687.491 1029.73 136.41 5350.29 -650.529 933.045 -441.978 5099.48
ETITLE:      TS           BOND          ANGLE          DIHED          IMPRP               ELECT            VDW       BOUNDARY           MISC        KINETIC               TOTAL           TEMP      POTENTIAL         TOTAL3        TEMPAVG            PRESSURE      GPRESSURE         VOLUME       PRESSAVG      GPRESSAVG

ENERGY:      30      1366.6985      1294.0137       271.8140        26.8047         -31709.7733      4136.6587         0.0000         0.0000         0.0000         -24613.7836        -0.0000    -24613.7836    -24613.7836         0.0000           3271.3002      5381.3490    110592.0000      3271.3002      5381.3490

LINE MINIMIZER BRACKET: DX 2.05021e-06 1.84519e-05 DU -0.0274327 20.0715 DUDX -108137 82277.5 2.24167e+06 
MINIMIZER RESTARTING CONJUGATE GRADIENT ALGORITHM
LINE MINIMIZER REDUCING GRADIENT FROM 5.06428e+06 TO 5064.28
PRESSURE: 31 3398.67 386.433 740.968 386.433 3326.2 -376.655 740.968 -376.655 2794.43
GPRESSURE: 31 5581.58 716.016 926.792 202.958 5244.05 -519.752 843.865 -384.721 4907.05
ENERGY:      31      1350.5882      1289.2623       271.9073        26.5046         -31723.2706      4093.7031         0.0000         0.0000         0.0000         -24691.3051        -0.0000    -24691.3051    -24691.3051         0.0000           3173.0995      5244.2287    110592.0000      3173.0995      5244.2287

PRESSURE: 32 3340.12 420.406 685.19 420.406 3238.06 -309.556 685.19 -309.556 2685.89
GPRESSURE: 32 5480.22 737.395 842.62 254.427 5148.18 -414.916 770.749 -338.016 4742.31
ENERGY:      32      1334.9476      1284.6604       272.0057        26.2086         -31736.7658      4056.0860         0.0000         0.0000         0.0000         -24762.8575        -0.0000    -24762.8575    -24762.8575         0.0000           3088.0215      5123.5684    110592.0000      3088.0215      5123.5684

PRESSURE: 33 3240.29 465.526 599.409 465.526 3094.2 -208.826 599.409 -208.826 2507.43
GPRESSURE: 33 5303.01 764.272 716.027 324.293 4979.53 -262.109 660.41 -268.167 4474.65
ENERGY:      33      1305.0815      1275.8974       272.2169        25.6292         -31763.7462      3992.9343         0.0000         0.0000         0.0000         -24891.9868        -0.0000    -24891.9868    -24891.9868         0.0000           2947.3044      4919.0623    110592.0000      2947.3044      4919.0623

PRESSURE: 34 3084.12 499.782 493.214 499.782 2884.96 -90.0717 493.214 -90.0717 2248.62
GPRESSURE: 34 5013.21 778.96 565.701 384.524 4699.71 -93.2508 528.869 -187.055 4092.88
ENERGY:      34      1251.0465      1260.0864       272.6954        24.5209         -31817.6682      3897.4013         0.0000         0.0000         0.0000         -25111.9177        -0.0000    -25111.9177    -25111.9177         0.0000           2739.2337      4601.9361    110592.0000      2739.2337      4601.9361

PRESSURE: 35 2847.13 475.904 397.541 475.904 2592.17 7.89068 397.541 7.89068 1905.05
GPRESSURE: 35 4553.17 743.8 440.234 378.206 4240.71 25.0239 420.171 -124.809 3596.11
ENERGY:      35      1166.0083      1235.0194       273.8562        22.5072         -31925.3159      3762.9673         0.0000         0.0000         0.0000         -25464.9576        -0.0000    -25464.9576    -25464.9576         0.0000           2448.1164      4129.9989    110592.0000      2448.1164      4129.9989

PRESSURE: 36 2445.5 343.881 338.637 343.881 2104.52 64.6782 338.637 64.6782 1397.43
GPRESSURE: 36 3805.62 616.306 377.754 254.528 3444.72 63.8978 377.36 -102.012 2903.84
ENERGY:      36      1089.4735      1209.4593       276.8881        19.3028         -32139.6278      3569.8809         0.0000         0.0000         0.0000         -25974.6232        -0.0000    -25974.6232    -25974.6232         0.0000           1982.4828      3384.7276    110592.0000      1982.4828      3384.7276

PRESSURE: 37 2057.85 -477.057 937.894 -477.057 1758.2 -673.262 937.894 -673.262 1276.09
GPRESSURE: 37 3659.51 -30.5737 1213.3 -1388.55 2511.5 -972.506 1960.85 -676.548 2942.97
ENERGY:      37      1317.9587      1249.1308       286.0399        16.2577         -32564.6216      3560.7552         0.0000         0.0000         0.0000         -26134.4792        -0.0000    -26134.4792    -26134.4792         0.0000           1697.3807      3037.9901    110592.0000      1697.3807      3037.9901

PRESSURE: 38 4.38964e+09 6.5545e+09 -1.2154e+09 6.5545e+09 9.78703e+09 -1.81482e+09 -1.2154e+09 -1.81482e+09 3.36526e+08
GPRESSURE: 38 4.38949e+09 6.55447e+09 -1.21546e+09 6.55429e+09 9.78699e+09 -1.8149e+09 -1.21537e+09 -1.81482e+09 3.36542e+08
ENERGY:      38      3342.2958      1649.5151       324.4851        24.1967         -33419.4796 1924495697.1647         0.0000         0.0000         0.0000      1924467618.1777        -0.0000 1924467618.1777 1924467618.1777         0.0000      4837729657.6965 4837676952.0597    110592.0000 4837729657.6965 4837676952.0597

LINE MINIMIZER BRACKET: DX 0.000512 0.001024 DU -159.856 1.92449e+09 DUDX -1.56827e+06 2.74416e+06 3.0185e+07 
PRESSURE: 39 2049.23 135.87 385.73 135.87 1603.26 20.9267 385.73 20.9267 946.516
GPRESSURE: 39 3195.42 433.516 458.527 -0.367328 2674.61 -22.1115 524.686 -158.008 2370.25
ENERGY:      39      1151.8723      1216.8963       281.2979        17.0636         -32374.3549      3429.1515         0.0000         0.0000         0.0000         -26278.0734        -0.0000    -26278.0734    -26278.0734         0.0000           1533.0014      2746.7589    110592.0000      1533.0014      2746.7589

LINE MINIMIZER BRACKET: DX 0.000282151 0.000229849 DU -303.45 143.594 DUDX -1.56827e+06 -492287 2.74416e+06 
PRESSURE: 40 1997.86 73.2818 426.946 73.2818 1539.55 -24.0532 426.946 -24.0532 904.601
GPRESSURE: 40 3145.37 382.402 515.433 -105.338 2564.62 -84.5714 623.256 -195.756 2334.83
ETITLE:      TS           BOND          ANGLE          DIHED          IMPRP               ELECT            VDW       BOUNDARY           MISC        KINETIC               TOTAL           TEMP      POTENTIAL         TOTAL3        TEMPAVG            PRESSURE      GPRESSURE         VOLUME       PRESSAVG      GPRESSAVG

ENERGY:      40      1179.5373      1222.0213       282.2327        16.8069         -32416.3454      3420.3084         0.0000         0.0000         0.0000         -26295.4388        -0.0000    -26295.4388    -26295.4388         0.0000           1480.6702      2681.6046    110592.0000      1480.6702      2681.6046

LINE MINIMIZER BRACKET: DX 5.06488e-05 0.0001792 DU -17.3655 160.96 DUDX -492287 -179076 2.74416e+06 
PRESSURE: 41 1983.36 46.3851 447.112 46.3851 1522.85 -46.8881 447.112 -46.8881 897.213
GPRESSURE: 41 3137.79 360.893 542.915 -154.509 2530.57 -115.749 671.754 -214.144 2332.84
ENERGY:      41      1190.5320      1224.1049       282.5764        16.7268         -32431.1922      3419.7921         0.0000         0.0000         0.0000         -26297.4600        -0.0000    -26297.4600    -26297.4600         0.0000           1467.8071      2667.0679    110592.0000      1467.8071      2667.0679

LINE MINIMIZER BRACKET: DX 1.792e-05 0.00016128 DU -2.02116 162.981 DUDX -179076 -43899.5 2.74416e+06 
PRESSURE: 42 1972.47 19.352 468.505 19.352 1511.41 -71.5799 468.505 -71.5799 894.995
GPRESSURE: 42 3136.91 339.513 571.962 -206.13 2502.81 -149.307 723.606 -233.677 2337.3
ENERGY:      42      1200.9672      1226.1004       282.8919        16.6595         -32444.5523      3420.8435         0.0000         0.0000         0.0000         -26297.0898        -0.0000    -26297.0898    -26297.0898         0.0000           1459.6237      2659.0061    110592.0000      1459.6237      2659.0061

LINE MINIMIZER BRACKET: DX 1.792e-05 1.6128e-05 DU -2.02116 0.370165 DUDX -179076 -43899.5 92611 
PRESSURE: 43 1979.54 37.8288 453.767 37.8288 1518.68 -54.5296 453.767 -54.5296 895.978
GPRESSURE: 43 3136.82 354.101 551.962 -170.618 2521.13 -126.146 687.843 -220.224 2333.59
ENERGY:      43      1193.9018      1224.7476       282.6793        16.7042         -32435.5797      3419.9668         0.0000         0.0000         0.0000         -26297.5800        -0.0000    -26297.5800    -26297.5800         0.0000           1464.7317      2663.8500    110592.0000      1464.7317      2663.8500

LINE MINIMIZER BRACKET: DX 5.29542e-06 1.08326e-05 DU -0.120019 0.490185 DUDX -43899.5 -769.11 92611 
LINE MINIMIZER REDUCING GRADIENT FROM 2.1554e+06 TO 2155.4
PRESSURE: 44 1916.47 40.5297 448.215 40.5297 1491.26 -51.1293 448.215 -51.1293 861.092
GPRESSURE: 44 3035.08 352.07 539.535 -164.081 2457.76 -117.604 671.918 -214.609 2250.68
ENERGY:      44      1174.1493      1216.4777       283.1700        15.9330         -32469.0149      3395.3594         0.0000         0.0000         0.0000         -26383.9254        -0.0000    -26383.9254    -26383.9254         0.0000           1422.9419      2581.1735    110592.0000      1422.9419      2581.1735

PRESSURE: 45 1853.4 42.8476 443.032 42.8476 1463.03 -47.9315 443.032 -47.9315 825.634
GPRESSURE: 45 2935.22 349.86 527.71 -158.072 2395.13 -109.453 656.794 -209.288 2169.18
ENERGY:      45      1155.6005      1208.7607       283.6697        15.2326         -32502.4140      3371.3247         0.0000         0.0000         0.0000         -26467.8258        -0.0000    -26467.8258    -26467.8258         0.0000           1380.6858      2499.8461    110592.0000      1380.6858      2499.8461

PRESSURE: 46 1726.92 46.389 433.764 46.389 1404.06 -42.144 433.764 -42.144 752.826
GPRESSURE: 46 2740.77 344.955 505.809 -147.532 2272.08 -94.3054 628.863 -199.522 2010.18
ENERGY:      46      1122.1178      1194.9820       284.6938        14.0270         -32569.1083      3324.9129         0.0000         0.0000         0.0000         -26628.3748        -0.0000    -26628.3748    -26628.3748         0.0000           1294.6010      2341.0093    110592.0000      1294.6010      2341.0093

PRESSURE: 47 1471.32 49.267 418.947 49.267 1275.75 -32.7059 418.947 -32.7059 598.49
GPRESSURE: 47 2371.25 333.317 468.091 -131.844 2034.02 -68.2014 581.074 -183.188 1706.64
ENERGY:      47      1069.6544      1174.0323       286.8271        12.2969         -32702.0670      3238.3278         0.0000         0.0000         0.0000         -26920.9285        -0.0000    -26920.9285    -26920.9285         0.0000           1115.1847      2037.3066    110592.0000      1115.1847      2037.3066

PRESSURE: 48 940.124 40.5882 401.191 40.5882 973.94 -20.9048 401.191 -20.9048 246.784
GPRESSURE: 48 1698.75 304.122 412.581 -118.068 1584.76 -30.5681 511.624 -161.923 1146.37
ENERGY:      48      1023.2930      1158.5693       291.3342        10.9534         -32966.3423      3087.4287         0.0000         0.0000         0.0000         -27394.7637        -0.0000    -27394.7637    -27394.7637         0.0000            720.2824      1476.6277    110592.0000       720.2824      1476.6277

PRESSURE: 49 -262.358 -13.5957 394.678 -13.5957 166.293 -13.6358 394.678 -13.6358 -669.566
GPRESSURE: 49 554.324 227.156 357.475 -139.976 768.764 0.787443 442.111 -157.825 150.756
ENERGY:      49      1173.3193      1234.5605       300.6770        13.9398         -33488.5661      2859.0702         0.0000         0.0000         0.0000         -27906.9994        -0.0000    -27906.9994    -27906.9994         0.0000           -255.2105       491.2814    110592.0000      -255.2105       491.2814

LDB: ============= START OF LOAD BALANCING ============== 27.7366
LDB: Largest compute 548 load 0.314443 is 50.5% of average load 0.622648
LDB: Average compute 0.028257 is 4.5% of average load 0.622648
LDB: Partitioning computes with target load 0.062265
LDB: Partitioning compute 87 with load 0.215324 by 4
LDB: Partitioning compute 92 with load 0.214632 by 4
LDB: Partitioning compute 63 with load 0.233017 by 4
LDB: Partitioning compute 78 with load 0.197130 by 4
LDB: Partitioning compute 67 with load 0.210733 by 4
LDB: Partitioning compute 93 with load 0.200878 by 4
LDB: Partitioning compute 98 with load 0.213010 by 4
LDB: Partitioning compute 72 with load 0.192076 by 4
LDB: Partitioning compute 79 with load 0.185373 by 3
LDB: Partitioning compute 84 with load 0.155785 by 3
LDB: Partitioning compute 58 with load 0.221950 by 4
LDB: Partitioning compute 1469 with load 0.276624 by 5
LDB: Partitioning compute 1473 with load 0.274513 by 5
LDB: Partitioning compute 1474 with load 0.131245 by 3
LDB: Partitioning compute 1493 with load 0.072213 by 2
LDB: Partitioning compute 1509 with load 0.124478 by 2
LDB: Partitioning compute 73 with load 0.199052 by 4
LDB: Partitioning compute 729 with load 0.261370 by 5
LDB: Partitioning compute 733 with load 0.253004 by 5
LDB: Partitioning compute 734 with load 0.120772 by 2
LDB: Partitioning compute 753 with load 0.089749 by 2
LDB: Partitioning compute 769 with load 0.105720 by 2
LDB: Partitioning compute 83 with load 0.215164 by 4
LDB: Partitioning compute 69 with load 0.191128 by 4
LDB: Partitioning compute 1654 with load 0.272735 by 5
LDB: Partitioning compute 1658 with load 0.238686 by 4
LDB: Partitioning compute 1659 with load 0.119148 by 2
LDB: Partitioning compute 1678 with load 0.063894 by 2
LDB: Partitioning compute 1694 with load 0.095705 by 2
LDB: Partitioning compute 54 with load 0.160027 by 3
LDB: Partitioning compute 53 with load 0.165318 by 3
LDB: Partitioning compute 89 with load 0.194996 by 4
LDB: Partitioning compute 94 with load 0.201072 by 4
LDB: Partitioning compute 68 with load 0.186996 by 4
LDB: Partitioning compute 88 with load 0.197941 by 4
LDB: Partitioning compute 581 with load 0.258602 by 5
LDB: Partitioning compute 585 with load 0.273352 by 5
LDB: Partitioning compute 586 with load 0.116059 by 2
LDB: Partitioning compute 605 with load 0.105021 by 2
LDB: Partitioning compute 621 with load 0.099125 by 2
LDB: Partitioning compute 1136 with load 0.269647 by 5
LDB: Partitioning compute 1140 with load 0.272288 by 5
LDB: Partitioning compute 1141 with load 0.110299 by 2
LDB: Partitioning compute 1176 with load 0.118636 by 2
LDB: Partitioning compute 97 with load 0.142892 by 3
LDB: Partitioning compute 211 with load 0.225767 by 4
LDB: Partitioning compute 215 with load 0.270277 by 5
LDB: Partitioning compute 216 with load 0.119375 by 2
LDB: Partitioning compute 235 with load 0.073801 by 2
LDB: Partitioning compute 251 with load 0.112304 by 2
LDB: Partitioning compute 99 with load 0.171364 by 3
LDB: Partitioning compute 1876 with load 0.258350 by 5
LDB: Partitioning compute 1880 with load 0.262205 by 5
LDB: Partitioning compute 1881 with load 0.114330 by 2
LDB: Partitioning compute 1900 with load 0.063602 by 2
LDB: Partitioning compute 1916 with load 0.096135 by 2
LDB: Partitioning compute 59 with load 0.187467 by 4
LDB: Partitioning compute 288 with load 0.088113 by 2
LDB: Partitioning compute 433 with load 0.206216 by 4
LDB: Partitioning compute 437 with load 0.239875 by 4
LDB: Partitioning compute 438 with load 0.092632 by 2
LDB: Partitioning compute 64 with load 0.167160 by 3
LDB: Partitioning compute 74 with load 0.157604 by 3
LDB: Partitioning compute 766 with load 0.239161 by 4
LDB: Partitioning compute 770 with load 0.268174 by 5
LDB: Partitioning compute 771 with load 0.103409 by 2
LDB: Partitioning compute 790 with load 0.075506 by 2
LDB: Partitioning compute 806 with load 0.125754 by 3
LDB: Partitioning compute 1506 with load 0.245748 by 4
LDB: Partitioning compute 1510 with load 0.269323 by 5
LDB: Partitioning compute 1511 with load 0.098999 by 2
LDB: Partitioning compute 1546 with load 0.131943 by 3
LDB: Partitioning compute 1321 with load 0.240090 by 4
LDB: Partitioning compute 1325 with load 0.269468 by 5
LDB: Partitioning compute 1326 with load 0.123984 by 2
LDB: Partitioning compute 1345 with load 0.073586 by 2
LDB: Partitioning compute 1361 with load 0.093720 by 2
LDB: Partitioning compute 396 with load 0.272857 by 5
LDB: Partitioning compute 400 with load 0.291234 by 5
LDB: Partitioning compute 401 with load 0.095483 by 2
LDB: Partitioning compute 420 with load 0.090175 by 2
LDB: Partitioning compute 436 with load 0.138665 by 3
LDB: Partitioning compute 658 with load 0.088347 by 2
LDB: Partitioning compute 803 with load 0.229936 by 4
LDB: Partitioning compute 807 with load 0.235482 by 4
LDB: Partitioning compute 808 with load 0.092115 by 2
LDB: Partitioning compute 827 with load 0.063910 by 2
LDB: Partitioning compute 103 with load 0.084200 by 2
LDB: Partitioning compute 248 with load 0.208740 by 4
LDB: Partitioning compute 252 with load 0.216347 by 4
LDB: Partitioning compute 253 with load 0.093066 by 2
LDB: Partitioning compute 272 with load 0.078607 by 2
LDB: Partitioning compute 914 with load 0.260305 by 5
LDB: Partitioning compute 918 with load 0.226497 by 4
LDB: Partitioning compute 919 with load 0.085428 by 2
LDB: Partitioning compute 938 with load 0.062872 by 2
LDB: Partitioning compute 954 with load 0.093428 by 2
LDB: Partitioning compute 1839 with load 0.235203 by 4
LDB: Partitioning compute 1843 with load 0.167851 by 3
LDB: Partitioning compute 1844 with load 0.090535 by 2
LDB: Partitioning compute 1879 with load 0.095088 by 2
LDB: Partitioning compute 1913 with load 0.175209 by 3
LDB: Partitioning compute 1917 with load 0.222509 by 4
LDB: Partitioning compute 1918 with load 0.084093 by 2
LDB: Partitioning compute 951 with load 0.241280 by 4
LDB: Partitioning compute 955 with load 0.203668 by 4
LDB: Partitioning compute 956 with load 0.095557 by 2
LDB: Partitioning compute 975 with load 0.080157 by 2
LDB: Partitioning compute 991 with load 0.083152 by 2
LDB: Partitioning compute 1028 with load 0.098266 by 2
LDB: Partitioning compute 1173 with load 0.235401 by 4
LDB: Partitioning compute 1177 with load 0.222495 by 4
LDB: Partitioning compute 1178 with load 0.084892 by 2
LDB: Partitioning compute 1213 with load 0.096349 by 2
LDB: Partitioning compute 1358 with load 0.189456 by 4
LDB: Partitioning compute 1362 with load 0.226572 by 4
LDB: Partitioning compute 1363 with load 0.088381 by 2
LDB: Partitioning compute 473 with load 0.118469 by 2
LDB: Partitioning compute 618 with load 0.234529 by 4
LDB: Partitioning compute 622 with load 0.234079 by 4
LDB: Partitioning compute 623 with load 0.090319 by 2
LDB: Partitioning compute 1583 with load 0.099564 by 2
LDB: Partitioning compute 1728 with load 0.249509 by 5
LDB: Partitioning compute 1732 with load 0.255318 by 5
LDB: Partitioning compute 1733 with load 0.087950 by 2
LDB: Partitioning compute 1752 with load 0.063416 by 2
LDB: Partitioning compute 1691 with load 0.261947 by 5
LDB: Partitioning compute 1695 with load 0.251679 by 5
LDB: Partitioning compute 1696 with load 0.100897 by 2
LDB: Partitioning compute 1715 with load 0.080547 by 2
LDB: Partitioning compute 1731 with load 0.126008 by 3
LDB: Partitioning compute 1398 with load 0.083376 by 2
LDB: Partitioning compute 1543 with load 0.216229 by 4
LDB: Partitioning compute 1547 with load 0.255118 by 5
LDB: Partitioning compute 1548 with load 0.108337 by 2
LDB: Partitioning compute 843 with load 0.080223 by 2
LDB: Partitioning compute 988 with load 0.193761 by 4
LDB: Partitioning compute 992 with load 0.197448 by 4
LDB: Partitioning compute 993 with load 0.076368 by 2
LDB: Partitioning compute 1012 with load 0.069454 by 2
LDB: Partitioning compute 66 with load 0.220367 by 4
LDB: Partitioning compute 71 with load 0.169003 by 3
LDB: Partitioning compute 90 with load 0.198946 by 4
LDB: Partitioning compute 51 with load 0.179846 by 3
LDB: Partitioning compute 81 with load 0.207811 by 4
LDB: Partitioning compute 86 with load 0.193653 by 4
LDB: Partitioning compute 96 with load 0.172377 by 3
LDB: Partitioning compute 77 with load 0.135037 by 3
LDB: Partitioning compute 61 with load 0.172693 by 3
LDB: Partitioning compute 91 with load 0.221859 by 4
LDB: Partitioning compute 76 with load 0.205996 by 4
LDB: Partitioning compute 52 with load 0.186309 by 3
LDB: Partitioning compute 95 with load 0.150987 by 3
LDB: Partitioning compute 60 with load 0.210023 by 4
LDB: Partitioning compute 50 with load 0.172750 by 3
LDB: Partitioning compute 57 with load 0.184013 by 3
LDB: Partitioning compute 62 with load 0.244814 by 4
LDB: Partitioning compute 80 with load 0.153336 by 3
LDB: Partitioning compute 75 with load 0.181414 by 3
LDB: Partitioning compute 85 with load 0.157860 by 3
LDB: Partitioning compute 70 with load 0.163152 by 3
LDB: Partitioning compute 56 with load 0.180228 by 3
LDB: Partitioning compute 55 with load 0.170960 by 3
LDB: Partitioning compute 65 with load 0.169579 by 3
LDB: Partitioning compute 82 with load 0.192764 by 4
LDB: Partitioning compute 692 with load 0.272405 by 5
LDB: Partitioning compute 696 with load 0.245864 by 4
LDB: Partitioning compute 697 with load 0.119063 by 2
LDB: Partitioning compute 716 with load 0.077122 by 2
LDB: Partitioning compute 732 with load 0.105499 by 2
LDB: Partitioning compute 470 with load 0.270951 by 5
LDB: Partitioning compute 474 with load 0.265416 by 5
LDB: Partitioning compute 475 with load 0.144508 by 3
LDB: Partitioning compute 494 with load 0.073886 by 2
LDB: Partitioning compute 510 with load 0.095177 by 2
LDB: Partitioning compute 1210 with load 0.231081 by 4
LDB: Partitioning compute 1214 with load 0.215354 by 4
LDB: Partitioning compute 1215 with load 0.096301 by 2
LDB: Partitioning compute 1234 with load 0.068304 by 2
LDB: Partitioning compute 1250 with load 0.097580 by 2
LDB: Partitioning compute 655 with load 0.261043 by 5
LDB: Partitioning compute 659 with load 0.221625 by 4
LDB: Partitioning compute 660 with load 0.086234 by 2
LDB: Partitioning compute 679 with load 0.067754 by 2
LDB: Partitioning compute 695 with load 0.117598 by 2
LDB: Partitioning compute 174 with load 0.217560 by 4
LDB: Partitioning compute 178 with load 0.259247 by 5
LDB: Partitioning compute 179 with load 0.127922 by 3
LDB: Partitioning compute 198 with load 0.063586 by 2
LDB: Partitioning compute 214 with load 0.105809 by 2
LDB: Partitioning compute 1765 with load 0.227440 by 4
LDB: Partitioning compute 1769 with load 0.183452 by 3
LDB: Partitioning compute 1770 with load 0.103756 by 2
LDB: Partitioning compute 1805 with load 0.079380 by 2
LDB: Partitioning compute 1432 with load 0.277544 by 5
LDB: Partitioning compute 1436 with load 0.270507 by 5
LDB: Partitioning compute 1437 with load 0.120581 by 2
LDB: Partitioning compute 1472 with load 0.128578 by 3
LDB: Partitioning compute 544 with load 0.301390 by 5
LDB: Partitioning compute 548 with load 0.314443 by 6
LDB: Partitioning compute 549 with load 0.126334 by 3
LDB: Partitioning compute 568 with load 0.087931 by 2
LDB: Partitioning compute 584 with load 0.140270 by 3
LDB: Partitioning compute 840 with load 0.215143 by 4
LDB: Partitioning compute 844 with load 0.216176 by 4
LDB: Partitioning compute 845 with load 0.093950 by 2
LDB: Partitioning compute 864 with load 0.064139 by 2
LDB: Partitioning compute 880 with load 0.095241 by 2
LDB: Partitioning compute 100 with load 0.238050 by 4
LDB: Partitioning compute 104 with load 0.243740 by 4
LDB: Partitioning compute 105 with load 0.095496 by 2
LDB: Partitioning compute 124 with load 0.072525 by 2
LDB: Partitioning compute 140 with load 0.118657 by 2
LDB: Partitioning compute 1395 with load 0.221287 by 4
LDB: Partitioning compute 1399 with load 0.234192 by 4
LDB: Partitioning compute 1400 with load 0.117251 by 2
LDB: Partitioning compute 1435 with load 0.107952 by 2
LDB: Partitioning compute 877 with load 0.246297 by 4
LDB: Partitioning compute 881 with load 0.222665 by 4
LDB: Partitioning compute 882 with load 0.100318 by 2
LDB: Partitioning compute 901 with load 0.064045 by 2
LDB: Partitioning compute 917 with load 0.096054 by 2
LDB: Partitioning compute 359 with load 0.283016 by 5
LDB: Partitioning compute 363 with load 0.268449 by 5
LDB: Partitioning compute 364 with load 0.103767 by 2
LDB: Partitioning compute 383 with load 0.071027 by 2
LDB: Partitioning compute 399 with load 0.148072 by 3
LDB: Partitioning compute 1247 with load 0.263684 by 5
LDB: Partitioning compute 1251 with load 0.261570 by 5
LDB: Partitioning compute 1252 with load 0.133775 by 3
LDB: Partitioning compute 1287 with load 0.111750 by 2
LDB: Partitioning compute 137 with load 0.245533 by 4
LDB: Partitioning compute 141 with load 0.239892 by 4
LDB: Partitioning compute 142 with load 0.107651 by 2
LDB: Partitioning compute 161 with load 0.075841 by 2
LDB: Partitioning compute 177 with load 0.115997 by 2
LDB: Partitioning compute 1099 with load 0.219987 by 4
LDB: Partitioning compute 1103 with load 0.217496 by 4
LDB: Partitioning compute 1104 with load 0.103531 by 2
LDB: Partitioning compute 1139 with load 0.119172 by 2
LDB: Partitioning compute 1617 with load 0.285927 by 5
LDB: Partitioning compute 1621 with load 0.259977 by 5
LDB: Partitioning compute 1622 with load 0.099082 by 2
LDB: Partitioning compute 1641 with load 0.079320 by 2
LDB: Partitioning compute 1657 with load 0.117981 by 2
LDB: Partitioning compute 322 with load 0.252681 by 5
LDB: Partitioning compute 326 with load 0.236305 by 4
LDB: Partitioning compute 327 with load 0.128496 by 3
LDB: Partitioning compute 346 with load 0.076740 by 2
LDB: Partitioning compute 362 with load 0.100891 by 2
LDB: Partitioning compute 285 with load 0.223601 by 4
LDB: Partitioning compute 289 with load 0.222303 by 4
LDB: Partitioning compute 290 with load 0.097597 by 2
LDB: Partitioning compute 325 with load 0.105377 by 2
LDB: Partitioning compute 1802 with load 0.207060 by 4
LDB: Partitioning compute 1806 with load 0.236108 by 4
LDB: Partitioning compute 1807 with load 0.079620 by 2
LDB: Partitioning compute 1842 with load 0.089329 by 2
LDB: Partitioning compute 507 with load 0.257607 by 5
LDB: Partitioning compute 511 with load 0.259887 by 5
LDB: Partitioning compute 512 with load 0.109686 by 2
LDB: Partitioning compute 531 with load 0.076293 by 2
LDB: Partitioning compute 547 with load 0.138098 by 3
LDB: Partitioning compute 1284 with load 0.270514 by 5
LDB: Partitioning compute 1288 with load 0.259226 by 5
LDB: Partitioning compute 1289 with load 0.118915 by 2
LDB: Partitioning compute 1308 with load 0.063338 by 2
LDB: Partitioning compute 1324 with load 0.125692 by 3
LDB: Partitioning compute 1580 with load 0.285014 by 5
LDB: Partitioning compute 1584 with load 0.236983 by 4
LDB: Partitioning compute 1585 with load 0.110387 by 2
LDB: Partitioning compute 1604 with load 0.072122 by 2
LDB: Partitioning compute 1620 with load 0.123559 by 2
LDB: Partitioning compute 1062 with load 0.214623 by 4
LDB: Partitioning compute 1066 with load 0.277783 by 5
LDB: Partitioning compute 1067 with load 0.124297 by 2
LDB: Partitioning compute 1086 with load 0.063743 by 2
LDB: Partitioning compute 1102 with load 0.091624 by 2
LDB: Partitioning compute 1025 with load 0.249703 by 5
LDB: Partitioning compute 1029 with load 0.223900 by 4
LDB: Partitioning compute 1030 with load 0.122174 by 2
LDB: Partitioning compute 1065 with load 0.094356 by 2
LDB: Increased migratable compute count from 2150 to 2767
LDB: Largest unpartitionable compute is 0.043260
LDB: ============== END OF LOAD BALANCING =============== 27.8452
Info: build node-aware spanning tree with send: 1, recv: 0 with branch factor 9
Info: useSync: 0 useProxySync: 0
LDB: =============== DONE WITH MIGRATION ================ 27.8644
PRESSURE: 50 -3448.5 -117.001 406.613 -117.001 -2399.84 -39.4064 406.613 -39.4064 -3436.86
GPRESSURE: 50 -1161.1 3.88502 433.966 -301.957 -472.676 -120.764 453.084 -427.59 -1484.28
Info: Initial time: 128 CPUs 0.0391979 s/step 0.22684 days/ns 202.062 MB memory
ETITLE:      TS           BOND          ANGLE          DIHED          IMPRP               ELECT            VDW       BOUNDARY           MISC        KINETIC               TOTAL           TEMP      POTENTIAL         TOTAL3        TEMPAVG            PRESSURE      GPRESSURE         VOLUME       PRESSAVG      GPRESSAVG

ENERGY:      50      2576.2425      1811.0884       318.6265        35.7353         -34510.3183      2650.0501         0.0000         0.0000         0.0000         -27118.5756        -0.0000    -27118.5756    -27118.5756         0.0000          -3095.0684     -1039.3503    110592.0000     -3095.0684     -1039.3503

LINE MINIMIZER BRACKET: DX 0.000650094 0.00130019 DU -512.236 788.424 DUDX -1.23304e+06 -341174 1.62657e+06 
PRESSURE: 51 -755.205 -37.4873 396.835 -37.4873 -199.326 -13.3074 396.835 -13.3074 -1077.05
GPRESSURE: 51 192.763 194.198 351.051 -159.197 497.901 0.544679 431.668 -169.161 -180.913
ENERGY:      51      1311.2724      1297.1090       303.9940        16.3868         -33674.6458      2797.2657         0.0000         0.0000         0.0000         -27948.6179        -0.0000    -27948.6179    -27948.6179         0.0000           -677.1935       169.9170    110592.0000      -677.1935       169.9170

LINE MINIMIZER BRACKET: DX 0.000234069 0.00106612 DU -41.6185 830.042 DUDX -341174 -13379.4 1.62657e+06 
PRESSURE: 52 -991.433 -48.1582 398 -48.1582 -379.977 -13.3385 398 -13.3385 -1276.77
GPRESSURE: 52 35.6107 178.29 350.164 -169.493 378.783 -1.56509 428.694 -177.152 -328.279
ENERGY:      52      1389.7413      1331.7355       305.4856        17.7133         -33759.0768      2772.4212         0.0000         0.0000         0.0000         -27941.9798        -0.0000    -27941.9798    -27941.9798         0.0000           -882.7278        28.7049    110592.0000      -882.7278        28.7049

LINE MINIMIZER BRACKET: DX 0.000234069 0.000106612 DU -41.6185 6.63808 DUDX -341174 -13379.4 138267 
PRESSURE: 53 -778.493 -38.566 396.951 -38.566 -216.978 -13.3036 396.951 -13.3036 -1096.61
GPRESSURE: 53 176.841 192.633 350.906 -160.186 485.872 0.394028 431.325 -169.871 -195.743
ENERGY:      53      1318.6717      1300.3995       304.1437        16.5135         -33683.0964      2794.6889         0.0000         0.0000         0.0000         -27948.6790        -0.0000    -27948.6790    -27948.6790         0.0000           -697.3619       155.6569    110592.0000      -697.3619       155.6569

LINE MINIMIZER BRACKET: DX 1.06612e-05 9.59508e-05 DU -0.0611071 6.69919 DUDX -13379.4 1711.47 138267 
LINE MINIMIZER REDUCING GRADIENT FROM 2.7206e+06 TO 2720.6
PRESSURE: 54 -922.064 -61.0809 375.411 -61.0809 -389.309 2.32696 375.411 2.32696 -1166.62
GPRESSURE: 54 -18.8518 162.387 332.133 -179.5 264.653 20.9189 404.316 -157.271 -378.909
ENERGY:      54      1203.4240      1314.0843       305.4112        17.2436         -33813.6918      2749.8339         0.0000         0.0000         0.0000         -28223.6948        -0.0000    -28223.6948    -28223.6948         0.0000           -825.9972       -44.3693    110592.0000      -825.9972       -44.3693

PRESSURE: 55 -1084.41 -80.8341 355.179 -80.8341 -592.411 12.8556 355.179 12.8556 -1259.65
GPRESSURE: 55 -206.158 133.507 315.414 -197.121 41.92 37.2948 379.127 -150.011 -558.801
ENERGY:      55      1114.5290      1335.5266       306.7222        18.1264         -33943.6421      2709.5091         0.0000         0.0000         0.0000         -28459.2288        -0.0000    -28459.2288    -28459.2288         0.0000           -978.8209      -241.0131    110592.0000      -978.8209      -241.0131

PRESSURE: 56 -1466.14 -112.052 318.25 -112.052 -1092.23 17.6572 318.25 17.6572 -1515.53
GPRESSURE: 56 -556.673 79.1054 287.783 -228.113 -407.302 56.272 333.884 -154.473 -909.987
ENERGY:      56      1015.8740      1402.4885       309.4755        20.4143         -34201.6189      2642.1041         0.0000         0.0000         0.0000         -28811.2625        -0.0000    -28811.2625    -28811.2625         0.0000          -1357.9655      -624.6543    110592.0000     -1357.9655      -624.6543

PRESSURE: 57 -2458.14 -141.83 257.828 -141.83 -2468.11 -46.0762 257.828 -46.0762 -2304.39
GPRESSURE: 57 -1162.02 -21.0815 255.746 -278.698 -1297.29 29.6916 266.019 -270.749 -1579.95
ENERGY:      57      1136.4863      1638.7914       315.5362        27.7878         -34709.9610      2560.4970         0.0000         0.0000         0.0000         -29030.8623        -0.0000    -29030.8623    -29030.8623         0.0000          -2410.2136     -1346.4205    110592.0000     -2410.2136     -1346.4205

PRESSURE: 58 -5171.11 -160.436 394.802 -160.436 -6484.07 -847.98 394.802 -847.98 -4373.64
GPRESSURE: 58 -1528.76 -431.343 477.402 -644.54 -2087.23 -591.613 901.41 -2158.22 -2318.63
ENERGY:      58      2673.4280      2570.7042       330.4646        68.3772         -35696.3965      2749.5218         0.0000         0.0000         0.0000         -27303.9006        -0.0000    -27303.9006    -27303.9006         0.0000          -5342.9400     -1978.2108    110592.0000     -5342.9400     -1978.2108

LINE MINIMIZER BRACKET: DX 0.000433321 0.000866641 DU -219.6 1726.96 DUDX -1.25656e+06 255632 4.14994e+06 
PRESSURE: 59 -2270.82 -139.707 266.622 -139.707 -2202.78 -27.5858 266.622 -27.5858 -2147.22
GPRESSURE: 59 -1069.89 -4.61429 258.809 -270.701 -1151.85 41.0827 274.743 -237.834 -1471.07
ENERGY:      59      1086.5465      1589.2066       314.4650        26.2214         -34625.4368      2569.0123         0.0000         0.0000         0.0000         -29039.9850        -0.0000    -29039.9850    -29039.9850         0.0000          -2206.9422     -1230.9370    110592.0000     -2206.9422     -1230.9370

LDB: ============= START OF LOAD BALANCING ============== 28.2586
LDB: ============== END OF LOAD BALANCING =============== 28.2595
Info: useSync: 0 useProxySync: 0
LDB: =============== DONE WITH MIGRATION ================ 28.2667
LINE MINIMIZER BRACKET: DX 0.000360676 7.26445e-05 DU -228.723 9.12271 DUDX -1.25656e+06 -3745.52 255632 
PRESSURE: 60 -2289.18 -139.973 265.717 -139.973 -2228.69 -29.2706 265.717 -29.2706 -2162.5
GPRESSURE: 60 -1079.28 -6.26462 258.459 -271.505 -1166.51 40.0897 273.811 -240.82 -1482.03
ETITLE:      TS           BOND          ANGLE          DIHED          IMPRP               ELECT            VDW       BOUNDARY           MISC        KINETIC               TOTAL           TEMP      POTENTIAL         TOTAL3        TEMPAVG            PRESSURE      GPRESSURE         VOLUME       PRESSAVG      GPRESSAVG

ENERGY:      60      1090.9996      1593.9791       314.5711        26.3710         -34633.9003      2568.0619         0.0000         0.0000         0.0000         -29039.9177        -0.0000    -29039.9177    -29039.9177         0.0000          -2226.7883     -1242.6049    110592.0000     -2226.7883     -1242.6049

LINE MINIMIZER BRACKET: DX 0.000360676 7.26445e-06 DU -228.723 0.067371 DUDX -1.25656e+06 -3745.52 22055.8 
PRESSURE: 61 -2273.46 -139.745 266.493 -139.745 -2206.5 -27.826 266.493 -27.826 -2149.41
GPRESSURE: 61 -1071.25 -4.85146 258.759 -270.817 -1153.96 40.9418 274.609 -238.26 -1472.65
ENERGY:      61      1087.1796      1589.8905       314.4803        26.2429         -34626.6547      2568.8742         0.0000         0.0000         0.0000         -29039.9872        -0.0000    -29039.9872    -29039.9872         0.0000          -2209.7919     -1232.6185    110592.0000     -2209.7919     -1232.6185

LINE MINIMIZER BRACKET: DX 1.04493e-06 6.21952e-06 DU -0.00216271 0.0695337 DUDX -3745.52 -36.0753 22055.8 
LINE MINIMIZER REDUCING GRADIENT FROM 1.53675e+06 TO 1536.75
PRESSURE: 62 -1608.43 -196.361 279.687 -196.361 -1518.35 -51.4156 279.687 -51.4156 -1799.05
GPRESSURE: 62 -1325.54 -96.3746 295.25 -346.666 -1518.96 -28.0633 305.275 -226.025 -1867.52
ENERGY:      62       931.2862      1596.2388       316.3003        23.2616         -34976.7122      2493.0770         0.0000         0.0000         0.0000         -29616.5484        -0.0000    -29616.5484    -29616.5484         0.0000          -1641.9431     -1570.6720    110592.0000     -1641.9431     -1570.6720

PRESSURE: 63 -1067.3 -355.211 386.801 -355.211 -1053.73 -151.061 386.801 -151.061 -1601.7
GPRESSURE: 63 -1316.2 -333.486 449.849 -550.303 -1738.42 -186.179 482.499 -341.696 -2069.41
ENERGY:      63       965.7877      1661.9056       319.3426        21.8813         -35315.5705      2500.1539         0.0000         0.0000         0.0000         -29846.4994        -0.0000    -29846.4994    -29846.4994         0.0000          -1240.9081     -1708.0113    110592.0000     -1240.9081     -1708.0113

PRESSURE: 64 3458.79 -1947.25 2413.95 -1947.25 262.63 -1666.04 2413.95 -1666.04 -206.173
GPRESSURE: 64 7304.59 -6850.34 4408.54 -3229.82 -345.074 -2103.17 4672.26 -3560.54 554.212
ENERGY:      64      1587.6784      1974.8588       328.8439        23.6498         -35959.8244      3596.6017         0.0000         0.0000         0.0000         -28448.1919        -0.0000    -28448.1919    -28448.1919         0.0000           1171.7486      2504.5746    110592.0000      1171.7486      2504.5746

LINE MINIMIZER BRACKET: DX 0.000521555 0.00104311 DU -229.951 1398.31 DUDX -782438 -78218.3 4.5936e+06 
PRESSURE: 65 -955.634 -408.412 430.603 -408.412 -979.388 -189.376 430.603 -189.376 -1567.43
GPRESSURE: 65 -1253.77 -419.873 511.285 -621.232 -1755.78 -238.752 557.435 -396.127 -2068.03
ENERGY:      65       995.0012      1682.2050       320.0933        21.7868         -35382.0020      2516.6785         0.0000         0.0000         0.0000         -29846.2372        -0.0000    -29846.2372    -29846.2372         0.0000          -1167.4840     -1692.5271    110592.0000     -1167.4840     -1692.5271

LINE MINIMIZER BRACKET: DX 0.000521555 0.000104311 DU -229.951 0.262247 DUDX -782438 -78218.3 85356.8 
PRESSURE: 66 -1014.09 -379.782 406.638 -379.782 -1017.27 -168.513 406.638 -168.513 -1585.37
GPRESSURE: 66 -1289.79 -372.757 477.626 -582.862 -1748.31 -210.386 516.24 -366.087 -2071.22
ENERGY:      66       979.0186      1671.4391       319.7004        21.8281         -35347.8048      2507.3201         0.0000         0.0000         0.0000         -29848.4984        -0.0000    -29848.4984    -29848.4984         0.0000          -1205.5790     -1703.1076    110592.0000     -1205.5790     -1703.1076

LINE MINIMIZER BRACKET: DX 5.05314e-05 5.37797e-05 DU -1.999 2.26125 DUDX -78218.3 -569.75 85356.8 
LINE MINIMIZER REDUCING GRADIENT FROM 1.83515e+06 TO 1835.15
PRESSURE: 67 -1611.62 -68.646 40.2629 -68.646 -1252.56 38.5308 40.2629 38.5308 -1903.42
GPRESSURE: 67 -2222.68 -38.7629 65.0632 -196.216 -2301.95 -9.36576 48.9624 -86.757 -2661.35
ENERGY:      67       957.8369      1664.5172       321.6322        19.2062         -35665.8375      2334.9312         0.0000         0.0000         0.0000         -30367.7138        -0.0000    -30367.7138    -30367.7138         0.0000          -1589.1995     -2395.3266    110592.0000     -1589.1995     -2395.3266

PRESSURE: 68 -2116.55 44.6532 -101.842 44.6532 -1624.05 83.9857 -101.842 83.9857 -2312.51
GPRESSURE: 68 -2691.83 32.6505 -72.3626 -77.6712 -2669.72 36.4333 -86.5851 -6.3157 -3039.7
ENERGY:      68       999.2025      1697.5195       323.8527        19.8415         -35974.3300      2281.4513         0.0000         0.0000         0.0000         -30652.4624        -0.0000    -30652.4624    -30652.4624         0.0000          -2017.7016     -2800.4166    110592.0000     -2017.7016     -2800.4166

PRESSURE: 69 -3860.18 173.224 -252.374 173.224 -3180.79 -5.25789 -252.374 -5.25789 -3717.43
GPRESSURE: 69 -3378.28 31.413 -126.052 36.8847 -3211.76 -73.4268 -102.259 -145.56 -3343.57
ENERGY:      69      1283.8260      1885.4447       328.7014        29.6224         -36564.1805      2306.6455         0.0000         0.0000         0.0000         -30729.9404        -0.0000    -30729.9404    -30729.9404         0.0000          -3586.1349     -3311.2034    110592.0000     -3586.1349     -3311.2034

PRESSURE: 70 -5026.81 4249.36 -1599.27 4249.36 8327.02 -21968 -1599.27 -21968 28132.1
GPRESSURE: 70 12390.6 -13191.3 9283.82 -2315.79 23238.8 -52271.9 18209.8 -51284.7 83166.6
ETITLE:      TS           BOND          ANGLE          DIHED          IMPRP               ELECT            VDW       BOUNDARY           MISC        KINETIC               TOTAL           TEMP      POTENTIAL         TOTAL3        TEMPAVG            PRESSURE      GPRESSURE         VOLUME       PRESSAVG      GPRESSAVG

ENERGY:      70      3132.5477      2862.3877       346.7529        75.8984         -37638.3502     10877.9463         0.0000         0.0000         0.0000         -20342.8172        -0.0000    -20342.8172    -20342.8172         0.0000          10477.4200     39598.6775    110592.0000     10477.4200     39598.6775

LINE MINIMIZER BRACKET: DX 0.000785099 0.0015702 DU -77.4779 10387.1 DUDX -518203 386908 3.05513e+07 
PRESSURE: 71 -3032.83 128.731 -205.082 128.731 -2430.34 62.9742 -205.082 62.9742 -3085
GPRESSURE: 71 -3131.86 47.6832 -134.227 -1.54357 -3026.89 8.68121 -132.972 -21.7061 -3332.34
ENERGY:      71      1134.6201      1789.7475       326.4980        24.4732         -36333.4216      2274.4510         0.0000         0.0000         0.0000         -30783.6318        -0.0000    -30783.6318    -30783.6318         0.0000          -2849.3907     -3163.6960    110592.0000     -2849.3907     -3163.6960

LINE MINIMIZER BRACKET: DX 0.000472326 0.000312773 DU -131.169 53.6914 DUDX -518203 -24581.7 386908 
PRESSURE: 72 -3107.65 133.623 -210.643 133.623 -2498.09 58.5459 -210.643 58.5459 -3145.62
GPRESSURE: 72 -3158.32 47.3187 -135.534 2.68861 -3047.68 3.24316 -132.758 -28.4364 -3342.82
ENERGY:      72      1147.2300      1798.0228       326.6974        24.9170         -36356.7466      2276.0491         0.0000         0.0000         0.0000         -30783.8305        -0.0000    -30783.8305    -30783.8305         0.0000          -2917.1192     -3182.9426    110592.0000     -2917.1192     -3182.9426

LINE MINIMIZER BRACKET: DX 3.12773e-05 0.000281496 DU -0.198685 53.8901 DUDX -24581.7 11976.7 386908 
PRESSURE: 73 -3083.01 132.033 -208.847 132.033 -2475.77 60.0378 -208.847 60.0378 -3125.71
GPRESSURE: 73 -3149.72 47.459 -135.153 1.3138 -3040.95 5.07339 -132.885 -26.1364 -3339.57
ENERGY:      73      1143.0565      1795.2882       326.6317        24.7702         -36349.1331      2275.4940         0.0000         0.0000         0.0000         -30783.8924        -0.0000    -30783.8924    -30783.8924         0.0000          -2894.8341     -3176.7434    110592.0000     -2894.8341     -3176.7434

LINE MINIMIZER BRACKET: DX 2.10586e-05 1.02187e-05 DU -0.260613 0.0619284 DUDX -24581.7 -52.6477 11976.7 
LINE MINIMIZER REDUCING GRADIENT FROM 1.51541e+06 TO 1515.41
PRESSURE: 74 -4460.23 113.41 50.6068 113.41 -3936.4 -112.806 50.6068 -112.806 -3321.09
GPRESSURE: 74 -3645.86 -293.278 441.521 39.2716 -3740.58 40.1061 926.721 -1194.04 -1789.43
ENERGY:      74      1065.9876      1687.7344       321.3631        30.3275         -36734.4927      2436.4095         0.0000         0.0000         0.0000         -31192.6706        -0.0000    -31192.6706    -31192.6706         0.0000          -3905.9070     -3058.6246    110592.0000     -3905.9070     -3058.6246

PRESSURE: 75 -5728.14 107.331 9037.22 107.331 -5992.23 1463.04 9037.22 1463.04 64231.8
GPRESSURE: 75 9231.53 -20994.5 27670.7 3559.34 -9684.55 6642.71 107618 -163182 210879
ENERGY:      75      1762.0739      1779.8198       319.0390        52.5944         -37101.2655     12026.4603         0.0000         0.0000         0.0000         -21161.2781        -0.0000    -21161.2781    -21161.2781         0.0000          17503.8136     70142.0666    110592.0000     17503.8136     70142.0666

LINE MINIMIZER BRACKET: DX 0.000784946 0.000784946 DU -408.778 10031.4 DUDX -1.51541e+06 578390 6.60717e+07 
PRESSURE: 76 -4010.13 127.324 -76.1822 127.324 -3465.36 -74.5284 -76.1822 -74.5284 -3454.26
GPRESSURE: 76 -3587.17 -110.497 150.733 -4.89441 -3508.99 -25.5375 308.521 -424.379 -2899.37
ENERGY:      76      1012.7160      1697.7015       322.4484        27.8941         -36634.7353      2342.2964         0.0000         0.0000         0.0000         -31231.6789        -0.0000    -31231.6789    -31231.6789         0.0000          -3643.2497     -3331.8424    110592.0000     -3643.2497     -3331.8424

LINE MINIMIZER BRACKET: DX 0.000578423 0.000206523 DU -447.786 39.0083 DUDX -1.51541e+06 -138431 578390 
PRESSURE: 77 -4100.76 124.772 -56.2317 124.772 -3560.72 -84.9427 -56.2317 -84.9427 -3456.74
GPRESSURE: 77 -3608.21 -137.613 195.118 -0.612614 -3551.31 -20.8538 394.28 -525.853 -2757.27
ENERGY:      77      1019.5600      1694.4693       322.1988        28.3360         -36655.9315      2356.3081         0.0000         0.0000         0.0000         -31235.0593        -0.0000    -31235.0593    -31235.0593         0.0000          -3706.0717     -3305.5959    110592.0000     -3706.0717     -3305.5959

LINE MINIMIZER BRACKET: DX 4.36727e-05 0.000162851 DU -3.38039 42.3887 DUDX -138431 -14654 578390 
PRESSURE: 78 -4135.23 123.745 -48.06 123.745 -3596.91 -88.615 -48.06 -88.615 -3454.71
GPRESSURE: 78 -3615.15 -148.936 213.461 1.48061 -3567.76 -18.1983 430.807 -569.85 -2694.89
ENERGY:      78      1022.7174      1693.4172       322.1084        28.5101         -36663.8238      2362.1670         0.0000         0.0000         0.0000         -31234.9036        -0.0000    -31234.9036    -31234.9036         0.0000          -3728.9476     -3292.5997    110592.0000     -3728.9476     -3292.5997

LINE MINIMIZER BRACKET: DX 4.36727e-05 1.62851e-05 DU -3.38039 0.155636 DUDX -138431 -14654 34341.2 
PRESSURE: 79 -4111.16 124.463 -53.802 124.463 -3571.63 -86.065 -53.802 -86.065 -3456.31
GPRESSURE: 79 -3610.37 -140.967 200.56 -0.0117864 -3556.24 -20.1045 405.053 -538.782 -2738.98
ENERGY:      79      1020.4808      1694.1421       322.1713        28.3882         -36658.3210      2358.0423         0.0000         0.0000         0.0000         -31235.0964        -0.0000    -31235.0964    -31235.0964         0.0000          -3713.0338     -3301.8634    110592.0000     -3713.0338     -3301.8634

LINE MINIMIZER BRACKET: DX 4.92837e-06 1.13567e-05 DU -0.0371759 0.192812 DUDX -14654 -2.46356 34341.2 
LINE MINIMIZER REDUCING GRADIENT FROM 2.12204e+06 TO 2122.04
PRESSURE: 80 -4640.71 44.9851 -15.2953 44.9851 -4112.4 -329.033 -15.2953 -329.033 -4095.44
GPRESSURE: 80 -3937.32 -186.928 246.973 -164.238 -3641.64 -347.712 298.793 -369.357 -3337.96
ETITLE:      TS           BOND          ANGLE          DIHED          IMPRP               ELECT            VDW       BOUNDARY           MISC        KINETIC               TOTAL           TEMP      POTENTIAL         TOTAL3        TEMPAVG            PRESSURE      GPRESSURE         VOLUME       PRESSAVG      GPRESSAVG

ENERGY:      80      1080.0354      1582.9630       317.2118        27.3915         -36823.1421      2359.8398         0.0000         0.0000         0.0000         -31455.7005        -0.0000    -31455.7005    -31455.7005         0.0000          -4282.8488     -3638.9724    110592.0000     -4282.8488     -3638.9724

PRESSURE: 81 -5490.7 -98.5644 62.3011 -98.5644 -4862.72 -618.341 62.3011 -618.341 -4987.58
GPRESSURE: 81 -4179.04 -336.969 419.066 -376.67 -3589.28 -775.835 357.251 -415.438 -3591.19
ENERGY:      81      1306.7059      1535.9289       312.8125        28.5650         -36984.0880      2419.5565         0.0000         0.0000         0.0000         -31380.5192        -0.0000    -31380.5192    -31380.5192         0.0000          -5113.6678     -3786.5024    110592.0000     -5113.6678     -3786.5024

LINE MINIMIZER BRACKET: DX 0.000306603 0.000306603 DU -220.604 75.1813 DUDX -2.12204e+06 -229985 712154 
PRESSURE: 82 -4816.72 17.2003 1.34763 17.2003 -4277.05 -393.843 1.34763 -393.843 -4284.59
GPRESSURE: 82 -4001.48 -215.278 281.343 -209.518 -3645.54 -438.359 303.488 -365.267 -3420.34
ENERGY:      82      1119.5440      1566.0582       316.0831        27.4681         -36862.4560      2369.1733         0.0000         0.0000         0.0000         -31464.1294        -0.0000    -31464.1294    -31464.1294         0.0000          -4459.4576     -3689.1174    110592.0000     -4459.4576     -3689.1174

LINE MINIMIZER BRACKET: DX 7.41954e-05 0.000232408 DU -8.42892 83.6102 DUDX -229985 2451.6 712154 
PRESSURE: 83 -4798.29 20.1656 -0.401912 20.1656 -4260.08 -387.216 -0.401912 -387.216 -4264.99
GPRESSURE: 83 -3995.28 -212.185 277.626 -204.826 -3645.58 -428.95 302.658 -365.159 -3412.88
ENERGY:      83      1115.1545      1567.5804       316.1945        27.4546         -36858.5380      2368.0894         0.0000         0.0000         0.0000         -31464.0646        -0.0000    -31464.0646    -31464.0646         0.0000          -4441.1178     -3684.5798    110592.0000     -4441.1178     -3684.5798

LINE MINIMIZER BRACKET: DX 7.41954e-06 0.000232408 DU -0.0648315 83.6102 DUDX -20680.8 2451.6 712154 
PRESSURE: 84 -4814.69 17.5261 1.15564 17.5261 -4275.19 -393.116 1.15564 -393.116 -4282.44
GPRESSURE: 84 -4000.8 -214.937 280.934 -209.003 -3645.54 -437.325 303.394 -365.251 -3419.53
ENERGY:      84      1119.0583      1566.2232       316.0953        27.4665         -36862.0265      2369.0529         0.0000         0.0000         0.0000         -31464.1302        -0.0000    -31464.1302    -31464.1302         0.0000          -4457.4392     -3688.6235    110592.0000     -4457.4392     -3688.6235

LINE MINIMIZER BRACKET: DX 6.60674e-06 8.12802e-07 DU -0.0656471 0.000815667 DUDX -20680.8 -81.2949 2451.6 
LINE MINIMIZER REDUCING GRADIENT FROM 2.03202e+06 TO 2032.02
PRESSURE: 85 -4869.13 32.6867 -48.1904 32.6867 -4341 -408.786 -48.1904 -408.786 -4528.48
GPRESSURE: 85 -4107.53 -182.152 199.077 -206.119 -3657.72 -422.736 191.024 -227.144 -3744.19
ENERGY:      85      1100.4061      1495.2495       313.1331        24.0806         -36920.5784      2335.3784         0.0000         0.0000         0.0000         -31652.3307        -0.0000    -31652.3307    -31652.3307         0.0000          -4579.5366     -3836.4801    110592.0000     -4579.5366     -3836.4801

PRESSURE: 86 -4995.36 36.8183 -80.5335 36.8183 -4502.58 -429.117 -80.5335 -429.117 -4809.19
GPRESSURE: 86 -4197.4 -163.461 144.334 -198.373 -3681.89 -398.185 128.565 -149.024 -3959.12
ENERGY:      86      1110.6420      1438.0132       310.6014        21.9349         -36978.1013      2314.4094         0.0000         0.0000         0.0000         -31782.5004        -0.0000    -31782.5004    -31782.5004         0.0000          -4769.0441     -3946.1404    110592.0000     -4769.0441     -3946.1404

PRESSURE: 87 -5472.17 22.5943 -97.3934 22.5943 -5126.66 -501.837 -97.3934 -501.837 -5533.78
GPRESSURE: 87 -4340.21 -157.149 86.3139 -192.108 -3741.18 -365.381 73.1323 -79.9283 -4228.54
ENERGY:      87      1222.2435      1368.0045       307.2759        20.8129         -37090.1140      2300.2711         0.0000         0.0000         0.0000         -31871.5062        -0.0000    -31871.5062    -31871.5062         0.0000          -5377.5391     -4103.3075    110592.0000     -5377.5391     -4103.3075

PRESSURE: 88 -7304.55 -101.117 -34.4173 -101.117 -7420.02 -786.01 -34.4173 -786.01 -7794.73
GPRESSURE: 88 -4383.76 -301.953 179.261 -322.711 -3749 -474.701 129.536 -161.998 -4364
ENERGY:      88      1886.6744      1463.6797       306.4775        28.7678         -37302.4824      2391.9905         0.0000         0.0000         0.0000         -31224.8925        -0.0000    -31224.8925    -31224.8925         0.0000          -7506.4338     -4165.5892    110592.0000     -7506.4338     -4165.5892

LINE MINIMIZER BRACKET: DX 0.000305632 0.000611265 DU -89.0058 646.614 DUDX -676382 119801 2.1043e+06 
PRESSURE: 89 -5383.45 25.9321 -97.48 25.9321 -5011.64 -488.717 -97.48 -488.717 -5412.69
GPRESSURE: 89 -4322.48 -155.417 90.9669 -191.504 -3732.67 -367.288 77.2806 -84.8418 -4198.62
ENERGY:      89      1197.9400      1373.4884       307.6013        20.7383         -37074.0450      2300.2123         0.0000         0.0000         0.0000         -31874.0648        -0.0000    -31874.0648    -31874.0648         0.0000          -5269.2582     -4084.5942    110592.0000     -5269.2582     -4084.5942

LINE MINIMIZER BRACKET: DX 0.000261091 4.45417e-05 DU -91.5643 2.55854 DUDX -676382 -4783.07 119801 
PRESSURE: 90 -5392.01 25.6189 -97.5016 25.6189 -5022.78 -489.987 -97.5016 -489.987 -5424.53
GPRESSURE: 90 -4324.29 -155.547 90.4436 -191.536 -3733.53 -367.043 76.8127 -84.2803 -4201.73
ETITLE:      TS           BOND          ANGLE          DIHED          IMPRP               ELECT            VDW       BOUNDARY           MISC        KINETIC               TOTAL           TEMP      POTENTIAL         TOTAL3        TEMPAVG            PRESSURE      GPRESSURE         VOLUME       PRESSAVG      GPRESSAVG

ENERGY:      90      1200.2409      1372.8623       307.5663        20.7423         -37075.6536      2300.1858         0.0000         0.0000         0.0000         -31874.0560        -0.0000    -31874.0560    -31874.0560         0.0000          -5279.7741     -4086.5175    110592.0000     -5279.7741     -4086.5175

LINE MINIMIZER BRACKET: DX 0.000261091 4.45417e-06 DU -91.5643 0.00875899 DUDX -676382 -4783.07 7579.58 
LINE MINIMIZER REDUCING GRADIENT FROM 1.24941e+06 TO 1249.41
PRESSURE: 91 -5110.77 -14.7568 -126.578 -14.7568 -4832.72 -479.218 -126.578 -479.218 -5332.97
GPRESSURE: 91 -4294.33 -143.019 41.0038 -173.129 -3725.62 -445.006 16.2222 -141.188 -4298.18
ENERGY:      91      1120.4727      1277.6862       305.3178        19.1559         -37141.7418      2280.8359         0.0000         0.0000         0.0000         -32138.2732        -0.0000    -32138.2732    -32138.2732         0.0000          -5092.1531     -4106.0420    110592.0000     -5092.1531     -4106.0420

PRESSURE: 92 -5005.52 -107.61 -174.203 -107.61 -4792.92 -466.439 -174.203 -466.439 -5467.83
GPRESSURE: 92 -4184.09 -206.177 16.3267 -231.767 -3631.42 -540.988 -17.6111 -239.103 -4386.13
ENERGY:      92      1190.9019      1234.6231       303.8651        19.3139         -37205.8318      2294.5515         0.0000         0.0000         0.0000         -32162.5762        -0.0000    -32162.5762    -32162.5762         0.0000          -5088.7566     -4067.2135    110592.0000     -5088.7566     -4067.2135

PRESSURE: 93 -5193.7 -698.319 -384.413 -698.319 -4368.27 -304.698 -384.413 -304.698 -6385.88
GPRESSURE: 93 -3520.09 -869.216 121.107 -930.766 -2320.06 -709.591 -56.4627 -495.248 -4362.14
ENERGY:      93      1857.2506      1292.4685       302.7982        24.0313         -37329.0774      2553.7895         0.0000         0.0000         0.0000         -31298.7393        -0.0000    -31298.7393    -31298.7393         0.0000          -5315.9495     -3400.7671    110592.0000     -5315.9495     -3400.7671

LINE MINIMIZER BRACKET: DX 0.000356346 0.000712692 DU -24.3029 863.837 DUDX -421931 305389 2.25079e+06 
PRESSURE: 94 -5029.03 -60.2688 -151.835 -60.2688 -4798.92 -472.426 -151.835 -472.426 -5384.47
GPRESSURE: 94 -4241.5 -167.546 22.5005 -193.545 -3688.76 -499.94 -6.97402 -194.309 -4351.99
ENERGY:      94      1142.6967      1245.9721       304.3664        19.0561         -37179.8668      2283.6941         0.0000         0.0000         0.0000         -32184.0814        -0.0000    -32184.0814    -32184.0814         0.0000          -5070.8071     -4094.0821    110592.0000     -5070.8071     -4094.0821

LINE MINIMIZER BRACKET: DX 0.000210699 0.000145647 DU -45.8081 21.5052 DUDX -421931 -6459.58 305389 
PRESSURE: 95 -5025.51 -64.325 -153.883 -64.325 -4797.97 -471.902 -153.883 -471.902 -5391.06
GPRESSURE: 95 -4236.6 -170.499 21.6067 -196.338 -3684.51 -503.944 -8.23417 -198.503 -4355.56
ENERGY:      95      1146.2780      1244.4542       304.3107        19.0702         -37182.4790      2284.4087         0.0000         0.0000         0.0000         -32183.9571        -0.0000    -32183.9571    -32183.9571         0.0000          -5071.5118     -4092.2225    110592.0000     -5071.5118     -4092.2225

LINE MINIMIZER BRACKET: DX 0.000210699 1.45647e-05 DU -45.8081 0.124279 DUDX -421931 -6459.58 23746.8 
PRESSURE: 96 -5028.25 -61.1336 -152.268 -61.1336 -4798.71 -472.317 -152.268 -472.317 -5385.86
GPRESSURE: 96 -4240.46 -168.169 22.3078 -194.131 -3687.87 -500.803 -7.24463 -195.209 -4352.76
ENERGY:      96      1143.4453      1245.6379       304.3543        19.0589         -37180.4301      2283.8416         0.0000         0.0000         0.0000         -32184.0921        -0.0000    -32184.0921    -32184.0921         0.0000          -5070.9382     -4093.6964    110592.0000     -5070.9382     -4093.6964

LINE MINIMIZER BRACKET: DX 3.13763e-06 1.1427e-05 DU -0.0106782 0.134957 DUDX -6459.58 30.3128 23746.8 
LINE MINIMIZER REDUCING GRADIENT FROM 929163 TO 929.163
PRESSURE: 97 -4772.73 -87.0278 -163.433 -87.0278 -4537 -339.418 -163.433 -339.418 -5231.02
GPRESSURE: 97 -4241.1 -140.56 12.145 -157.515 -3739.27 -446.267 -23.1751 -157 -4490.99
ENERGY:      97      1091.9244      1191.3583       302.3387        17.3348         -37250.6666      2257.1239         0.0000         0.0000         0.0000         -32390.5865        -0.0000    -32390.5865    -32390.5865         0.0000          -4846.9179     -4157.1206    110592.0000     -4846.9179     -4157.1206

2015-02-02 10:09:06.534 (WARN ) [0xfff80749220] 8761440:ibm.runjob.client.Job: terminated by signal 9
2015-02-02 10:09:06.535 (WARN ) [0xfff80749220] 8761440:ibm.runjob.client.Job: abnormal termination by signal 9 from rank 8
