Converse/Charm++ Commit ID: v6.3.0-723-g6148ae1
[0] isomalloc.c> Disabling isomalloc because isomalloc disabled by conv-mach
Info: NAMD 2.9 for BlueGeneQ
Info: 
Info: Please visit http://www.ks.uiuc.edu/Research/namd/
Info: for updates, documentation, and support information.
Info: 
Info: Please cite Phillips et al., J. Comp. Chem. 26:1781-1802 (2005)
Info: in all publications reporting results obtained with NAMD.
Info: 
Info: Based on Charm++/Converse 60305 for pami-bluegeneq-smp-xlc
Info: Built Sun Dec 7 11:31:12 EST 2014 by bobdanani on avoca-test
Info: Running on 128 processors, 16 nodes, 16 physical nodes.
Info: CPU topology information unavailable.
Info: Charm++/Converse parallel runtime startup completed at 0.0394506 s
Info: 202.062 MB of memory in use based on /proc/self/stat
Info: Configuration file is namd_equilibration_script.conf
Info: Working in the current directory /vlsci/VR0021/mike/GIT/MD_workflow_py/newdir/newiDir0006
TCL: Suspending until startup complete.
Info: SIMULATION PARAMETERS:
Info: TIMESTEP               2
Info: NUMBER OF STEPS        0
Info: STEPS PER CYCLE        10
Info: PERIODIC CELL BASIS 1  48 0 0
Info: PERIODIC CELL BASIS 2  0 48 0
Info: PERIODIC CELL BASIS 3  0 0 48
Info: PERIODIC CELL CENTER   0 0 0
Info: WRAPPING WATERS AROUND PERIODIC BOUNDARIES ON OUTPUT.
Info: WRAPPING ALL CLUSTERS AROUND PERIODIC BOUNDARIES ON OUTPUT.
Info: LOAD BALANCER  Centralized
Info: LOAD BALANCING STRATEGY  New Load Balancers -- DEFAULT
Info: LDB PERIOD             2000 steps
Info: FIRST LDB TIMESTEP     50
Info: LAST LDB TIMESTEP     -1
Info: LDB BACKGROUND SCALING 1
Info: HOM BACKGROUND SCALING 1
Info: PME BACKGROUND SCALING 1
Info: REMOVING PATCHES FROM PROCESSOR 0
Info: MIN ATOMS PER PATCH    40
Info: INITIAL TEMPERATURE    310
Info: CENTER OF MASS MOVING INITIALLY? NO
Info: DIELECTRIC             1
Info: EXCLUDE                SCALED ONE-FOUR
Info: 1-4 ELECTROSTATICS SCALED BY 1
Info: MODIFIED 1-4 VDW PARAMETERS WILL BE USED
Info: DCD FILENAME           current_MD_run_files.dcd
Info: DCD FREQUENCY          500
Info: DCD FIRST STEP         500
Info: DCD FILE WILL CONTAIN UNIT CELL DATA
Info: XST FILENAME           current_MD_run_files.xst
Info: XST FREQUENCY          500
Info: NO VELOCITY DCD OUTPUT
Info: NO FORCE DCD OUTPUT
Info: OUTPUT FILENAME        current_MD_run_files
Info: BINARY OUTPUT FILES WILL BE USED
Info: RESTART FILENAME       current_MD_run_files.restart
Info: RESTART FREQUENCY      5000
Info: BINARY RESTART FILES WILL BE USED
Info: SWITCHING ACTIVE
Info: SWITCHING ON           10
Info: SWITCHING OFF          12
Info: PAIRLIST DISTANCE      14
Info: PAIRLIST SHRINK RATE   0.01
Info: PAIRLIST GROW RATE     0.01
Info: PAIRLIST TRIGGER       0.3
Info: PAIRLISTS PER CYCLE    2
Info: PAIRLISTS ENABLED
Info: MARGIN                 0.99
Info: HYDROGEN GROUP CUTOFF  2.5
Info: PATCH DIMENSION        17.49
Info: ENERGY OUTPUT STEPS    500
Info: CROSSTERM ENERGY INCLUDED IN DIHEDRAL
Info: TIMING OUTPUT STEPS    500
Info: PRESSURE OUTPUT STEPS  500
Info: LANGEVIN DYNAMICS ACTIVE
Info: LANGEVIN TEMPERATURE   310
Info: LANGEVIN DAMPING COEFFICIENT IS 5 INVERSE PS
Info: LANGEVIN DYNAMICS NOT APPLIED TO HYDROGENS
Info: LANGEVIN PISTON PRESSURE CONTROL ACTIVE
Info:        TARGET PRESSURE IS 1.01325 BAR
Info:     OSCILLATION PERIOD IS 100 FS
Info:             DECAY TIME IS 50 FS
Info:     PISTON TEMPERATURE IS 310 K
Info:       PRESSURE CONTROL IS GROUP-BASED
Info:    INITIAL STRAIN RATE IS 0 0 0
Info:       CELL FLUCTUATION IS ANISOTROPIC
Info: PARTICLE MESH EWALD (PME) ACTIVE
Info: PME TOLERANCE               1e-06
Info: PME EWALD COEFFICIENT       0.257952
Info: PME INTERPOLATION ORDER     4
Info: PME GRID DIMENSIONS         48 48 48
Info: PME MAXIMUM GRID SPACING    1
Info: Attempting to read FFTW data from FFTW_NAMD_2.9_BlueGeneQ.txt
Info: Optimizing 6 FFT steps.  1... 2... 3... 4... 5... 6...   Done.
Info: Writing FFTW data to FFTW_NAMD_2.9_BlueGeneQ.txt
Info: FULL ELECTROSTATIC EVALUATION FREQUENCY      2
Info: USING VERLET I (r-RESPA) MTS SCHEME.
Info: C1 SPLITTING OF LONG RANGE ELECTROSTATICS
Info: PLACING ATOMS IN PATCHES BY HYDROGEN GROUPS
Info: RIGID BONDS TO HYDROGEN : ALL
Info:         ERROR TOLERANCE : 1e-08
Info:          MAX ITERATIONS : 100
Info: RIGID WATER USING SETTLE ALGORITHM
Info: RANDOM NUMBER SEED     1422832113
Info: USE HYDROGEN BONDS?    NO
Info: COORDINATE PDB         ../../InputFiles/example.pdb
Info: STRUCTURE FILE         ../../InputFiles/example.psf
Info: PARAMETER file: CHARMM format! 
Info: PARAMETERS             ../../InputFiles/Parameters/par_all27_prot_na.prm
Info: USING ARITHMETIC MEAN TO COMBINE L-J SIGMA PARAMETERS
Info: SUMMARY OF PARAMETERS:
Info: 258 BONDS
Info: 666 ANGLES
Info: 1134 DIHEDRAL
Info: 70 IMPROPER
Info: 6 CROSSTERM
Info: 164 VDW
Info: 0 VDW_PAIRS
Info: 0 NBTHOLE_PAIRS
Info: TIME FOR READING PSF FILE: 2.00742
Info: TIME FOR READING PDB FILE: 0.46267
Info: 
Info: ****************************
Info: STRUCTURE SUMMARY:
Info: 10315 ATOMS
Info: 7285 BONDS
Info: 5281 ANGLES
Info: 3293 DIHEDRALS
Info: 204 IMPROPERS
Info: 74 CROSSTERMS
Info: 0 EXCLUSIONS
Info: 9701 RIGID BONDS
Info: 21244 DEGREES OF FREEDOM
Info: 3638 HYDROGEN GROUPS
Info: 4 ATOMS IN LARGEST HYDROGEN GROUP
Info: 3638 MIGRATION GROUPS
Info: 4 ATOMS IN LARGEST MIGRATION GROUP
Info: TOTAL MASS = 63394.1 amu
Info: TOTAL CHARGE = 1.00955e-06 e
Info: MASS DENSITY = 0.951884 g/cm^3
Info: ATOM DENSITY = 0.0932708 atoms/A^3
Info: *****************************
Info: 
Info: Entering startup at 24.6381 s, 202.062 MB of memory in use
Info: Startup phase 0 took 0.00318151 s, 202.062 MB of memory in use
Info: Startup phase 1 took 0.10485 s, 202.062 MB of memory in use
Info: Startup phase 2 took 0.00373671 s, 202.062 MB of memory in use
Info: Startup phase 3 took 0.00288719 s, 202.062 MB of memory in use
Info: PATCH GRID IS 5 (PERIODIC) BY 5 (PERIODIC) BY 2 (PERIODIC)
Info: PATCH GRID IS 2-AWAY BY 2-AWAY BY 1-AWAY
Info: REMOVING COM VELOCITY 0.00269239 0.0721997 -0.0397862
Info: LARGEST PATCH (12) HAS 234 ATOMS
Info: Startup phase 4 took 0.0326665 s, 202.062 MB of memory in use
Info: PME using 24 and 24 processors for FFT and reciprocal sum.
Info: PME USING 16 GRID NODES AND 16 TRANS NODES
Info: PME GRID LOCATIONS: 7 11 15 23 27 31 39 43 47 55 ...
Info: PME TRANS LOCATIONS: 3 5 13 19 21 29 35 37 45 51 ...
Info: Startup phase 5 took 0.00752778 s, 202.062 MB of memory in use
Info: Startup phase 6 took 0.00971166 s, 202.062 MB of memory in use
LDB: Central LB being created...
Info: Startup phase 7 took 1.20484 s, 202.062 MB of memory in use
Info: CREATING 2450 COMPUTE OBJECTS
Info: NONBONDED TABLE R-SQUARED SPACING: 0.0625
Info: NONBONDED TABLE SIZE: 769 POINTS
Info: ABSOLUTE IMPRECISION IN FAST TABLE ENERGY: 3.38813e-21 AT 11.7447
Info: RELATIVE IMPRECISION IN FAST TABLE ENERGY: 6.92477e-14 AT 11.9138
Info: ABSOLUTE IMPRECISION IN FAST TABLE FORCE: 2.64698e-23 AT 11.9138
Info: RELATIVE IMPRECISION IN FAST TABLE FORCE: 1.40436e-16 AT 11.9138
Info: ABSOLUTE IMPRECISION IN SCOR TABLE ENERGY: 3.38813e-21 AT 11.7447
Info: RELATIVE IMPRECISION IN SCOR TABLE ENERGY: 4.24069e-16 AT 11.9138
Info: ABSOLUTE IMPRECISION IN SCOR TABLE FORCE: 4.10282e-22 AT 11.9138
Info: RELATIVE IMPRECISION IN SCOR TABLE FORCE: 3.56912e-15 AT 11.9138
Info: ABSOLUTE IMPRECISION IN VDWA TABLE ENERGY: 9.86076e-32 AT 11.8295
Info: RELATIVE IMPRECISION IN VDWA TABLE ENERGY: 6.75473e-14 AT 11.9138
Info: ABSOLUTE IMPRECISION IN VDWA TABLE FORCE: 4.62223e-32 AT 11.9138
Info: RELATIVE IMPRECISION IN VDWA TABLE FORCE: 2.12237e-15 AT 11.9138
Info: ABSOLUTE IMPRECISION IN VDWB TABLE ENERGY: 4.1359e-25 AT 11.8295
Info: RELATIVE IMPRECISION IN VDWB TABLE ENERGY: 7.56853e-15 AT 11.9138
Info: ABSOLUTE IMPRECISION IN VDWB TABLE FORCE: 3.87741e-26 AT 11.9138
Info: RELATIVE IMPRECISION IN VDWB TABLE FORCE: 5.97409e-16 AT 11.9138
Info: useSync: 0 useProxySync: 0
Info: Startup phase 8 took 0.0316756 s, 202.062 MB of memory in use
Info: Building spanning tree ... send: 1 recv: 0 with branch factor 9
Info: Startup phase 9 took 0.00357136 s, 202.062 MB of memory in use
Info: Startup phase 10 took 0.00243866 s, 202.062 MB of memory in use
Info: Finished startup at 26.0451 s, 202.062 MB of memory in use

TCL: Minimizing for 500 steps
PRESSURE: 0 7.92778e+08 9.80914e+08 6.43957e+08 9.80914e+08 1.21846e+09 7.99677e+08 6.43957e+08 7.99677e+08 5.27056e+08
GPRESSURE: 0 7.92785e+08 9.80912e+08 6.43961e+08 9.80914e+08 1.21847e+09 7.99675e+08 6.4396e+08 7.99677e+08 5.27061e+08
ETITLE:      TS           BOND          ANGLE          DIHED          IMPRP               ELECT            VDW       BOUNDARY           MISC        KINETIC               TOTAL           TEMP      POTENTIAL         TOTAL3        TEMPAVG            PRESSURE      GPRESSURE         VOLUME       PRESSAVG      GPRESSAVG

ENERGY:       0      3088.5033      1499.3301       263.8206        10.6933         -30848.5033 336586487.2282         0.0000         0.0000         0.0000      336560501.0722        -0.0000 336560501.0722 336560501.0722         0.0000      846098063.7249 846104120.5607    110592.0000 846098063.7249 846104120.5607

OPENING EXTENDED SYSTEM TRAJECTORY FILE
MINIMIZER SLOWLY MOVING 41 ATOMS WITH BAD CONTACTS DOWNHILL
PRESSURE: 1 2.3761e+07 2.92891e+07 1.92693e+07 2.92891e+07 3.65371e+07 2.38544e+07 1.92693e+07 2.38544e+07 1.58365e+07
GPRESSURE: 1 2.37671e+07 2.92887e+07 1.92714e+07 2.92892e+07 3.65424e+07 2.38532e+07 1.9271e+07 2.38552e+07 1.58411e+07
ENERGY:       1      3097.8780      1492.2035       263.8872        11.6906         -30918.4515  10098045.4909         0.0000         0.0000         0.0000       10071992.6986        -0.0000  10071992.6986  10071992.6986         0.0000       25378190.6513  25383543.1825    110592.0000  25378190.6513  25383543.1825

MINIMIZER SLOWLY MOVING 20 ATOMS WITH BAD CONTACTS DOWNHILL
PRESSURE: 2 1.60262e+06 1.93601e+06 1.28335e+06 1.93601e+06 2.45349e+06 1.57411e+06 1.28335e+06 1.57411e+06 1.07617e+06
GPRESSURE: 2 1.60887e+06 1.93607e+06 1.28495e+06 1.9358e+06 2.45889e+06 1.57341e+06 1.28485e+06 1.57465e+06 1.08101e+06
ENERGY:       2      3098.8562      1486.5938       264.0525        11.6906         -30939.5732    683808.6242         0.0000         0.0000         0.0000         657730.2441        -0.0000    657730.2441    657730.2441         0.0000        1710761.1668   1716255.7876    110592.0000   1710761.1668   1716255.7876

MINIMIZER SLOWLY MOVING 8 ATOMS WITH BAD CONTACTS DOWNHILL
PRESSURE: 3 197678 209202 143265 209202 286173 169684 143265 169684 134769
GPRESSURE: 3 204076 209794 144555 208589 291200 169306 144311 169543 140107
ENERGY:       3      3098.8562      1486.5938       264.0525        11.6906         -30939.6937     85515.0225         0.0000         0.0000         0.0000          59436.5218        -0.0000     59436.5218     59436.5218         0.0000         206206.9406    211794.4545    110592.0000    206206.9406    211794.4545

MINIMIZER SLOWLY MOVING 4 ATOMS WITH BAD CONTACTS DOWNHILL
PRESSURE: 4 51832.3 29892.9 24062.2 29892.9 59310.8 24792.8 24062.2 24792.8 35775.4
GPRESSURE: 4 58421.7 30508.2 25327.7 28842.3 64264.8 24475.3 24635.9 24619.7 41255.5
ENERGY:       4      3098.8562      1486.5938       264.0525        11.6906         -30939.5674     23037.6747         0.0000         0.0000         0.0000          -3040.6997        -0.0000     -3040.6997     -3040.6997         0.0000          48972.8153     54647.3064    110592.0000     48972.8153     54647.3064

MINIMIZER SLOWLY MOVING 2 ATOMS WITH BAD CONTACTS DOWNHILL
PRESSURE: 5 30532.1 3498.92 6725.59 3498.92 26455.3 3178.44 6725.59 3178.44 21542
GPRESSURE: 5 37142.6 4114.36 7988.38 2350.17 31398.3 2879.07 7205.28 2993.04 27043.8
ENERGY:       5      3098.8562      1486.5938       264.0525        11.6906         -30938.6693     13993.1376         0.0000         0.0000         0.0000         -12084.3386        -0.0000    -12084.3386    -12084.3386         0.0000          26176.4652     31861.5673    110592.0000     26176.4652     31861.5673

MINIMIZER SLOWLY MOVING 2 ATOMS WITH BAD CONTACTS DOWNHILL
PRESSURE: 6 26526.3 -1468.36 3460.82 -1468.36 20273.6 -889.048 3460.82 -889.048 18867
GPRESSURE: 6 33138.6 -853.801 4722.7 -2634.96 25214.1 -1184.61 3925.75 -1074.84 24370.8
ENERGY:       6      3098.8562      1486.5938       264.0525        11.6906         -30936.7428     12297.3267         0.0000         0.0000         0.0000         -13778.2230        -0.0000    -13778.2230    -13778.2230         0.0000          21889.0008     27574.5238    110592.0000     21889.0008     27574.5238

MINIMIZER SLOWLY MOVING 2 ATOMS WITH BAD CONTACTS DOWNHILL
PRESSURE: 7 25612.5 -2600.63 2716.01 -2600.63 18869.7 -1812.5 2716.01 -1812.5 18263.3
GPRESSURE: 7 32281.5 -2000.41 3936.7 -3699.2 23792.6 -2157.42 3226.41 -2008 23733.4
ENERGY:       7      3098.8562      1486.5938       264.0525        11.6906         -30934.6537     11914.2537         0.0000         0.0000         0.0000         -14159.2070        -0.0000    -14159.2070    -14159.2070         0.0000          20915.1785     26602.5042    110592.0000     20915.1785     26602.5042

MINIMIZER STARTING CONJUGATE GRADIENT ALGORITHM
LINE MINIMIZER REDUCING GRADIENT FROM 1.28304e+08 TO 128304
PRESSURE: 8 25247.7 -2536.43 2691.61 -2536.43 18631.3 -1769.09 2691.61 -1769.09 18003.1
GPRESSURE: 8 31880.1 -1938.49 3895.18 -3619.96 23534.7 -2102.32 3197.2 -1962.55 23436.4
ENERGY:       8      3090.7892      1485.5168       264.0466        11.6886         -30936.5185     11797.8422         0.0000         0.0000         0.0000         -14286.6351        -0.0000    -14286.6351    -14286.6351         0.0000          20627.3447     26283.7546    110592.0000     20627.3447     26283.7546

PRESSURE: 9 24890.1 -2473.62 2667.31 -2473.62 18397.3 -1726.98 2667.31 -1726.98 17748.1
GPRESSURE: 9 31486.6 -1877.91 3854.09 -3542.44 23281.6 -2048.85 3168.19 -1918.45 23145.4
ENERGY:       9      3082.7502      1484.4436       264.0410        11.6870         -30938.3841     11683.6730         0.0000         0.0000         0.0000         -14411.7892        -0.0000    -14411.7892    -14411.7892         0.0000          20345.1877     25971.1849    110592.0000     20345.1877     25971.1849

LDB: ============= START OF LOAD BALANCING ============== 26.4507
LDB: ============== END OF LOAD BALANCING =============== 26.4517
Info: useSync: 0 useProxySync: 0
LDB: =============== DONE WITH MIGRATION ================ 26.4574
PRESSURE: 10 24195.8 -2352.01 2618.96 -2352.01 17942.4 -1646.44 2618.96 -1646.44 17253.7
GPRESSURE: 10 30722.2 -1760.69 3773.13 -3392.42 22789.1 -1946.53 3110.7 -1834.05 22580.6
ETITLE:      TS           BOND          ANGLE          DIHED          IMPRP               ELECT            VDW       BOUNDARY           MISC        KINETIC               TOTAL           TEMP      POTENTIAL         TOTAL3        TEMPAVG            PRESSURE      GPRESSURE         VOLUME       PRESSAVG      GPRESSAVG

ENERGY:      10      3066.7562      1482.3085       264.0305        11.6851         -30942.1129     11461.8508         0.0000         0.0000         0.0000         -14655.4818        -0.0000    -14655.4818    -14655.4818         0.0000          19797.3211     25363.9782    110592.0000     19797.3211     25363.9782

PRESSURE: 11 22886.6 -2123.99 2523.69 -2123.99 17081.9 -1499.14 2523.69 -1499.14 16323.1
GPRESSURE: 11 29279.6 -1541.1 3616.28 -3111.35 21856.5 -1759.16 2998.16 -1679.43 21516.2
ENERGY:      11      3035.1037      1478.0836       264.0124        11.6860         -30949.5614     11042.8731         0.0000         0.0000         0.0000         -15117.8026        -0.0000    -15117.8026    -15117.8026         0.0000          18763.8759     24217.4311    110592.0000     18763.8759     24217.4311

PRESSURE: 12 20553.4 -1722.95 2339.96 -1722.95 15538.6 -1252.24 2339.96 -1252.24 14669.9
GPRESSURE: 12 26703.6 -1155.89 3322.71 -2617.65 20179.9 -1444.57 2783.67 -1419.34 19620.8
ENERGY:      12      2973.1376      1469.8155       263.9877        11.7070         -30964.4243     10293.4960         0.0000         0.0000         0.0000         -15952.2805        -0.0000    -15952.2805    -15952.2805         0.0000          16920.6524     22168.1114    110592.0000     16920.6524     22168.1114

PRESSURE: 13 16815.2 -1100.53 2006.84 -1100.53 13034.3 -904.044 2006.84 -904.044 12035.6
GPRESSURE: 13 22558 -562.478 2814.14 -1853.11 17445.3 -1000.21 2401.8 -1049.07 16584.8
ENERGY:      13      2854.5340      1454.0067       263.9835        11.8263         -30994.0211      9082.7739         0.0000         0.0000         0.0000         -17326.8967        -0.0000    -17326.8967    -17326.8967         0.0000          13961.6881     18862.6754    110592.0000     13961.6881     18862.6754

PRESSURE: 14 11864.8 -345.294 1493.19 -345.294 9637.93 -556.087 1493.19 -556.087 8576.4
GPRESSURE: 14 17006.2 140.803 2073.1 -927.946 13689.1 -559.716 1830.1 -669.463 12552.7
ENERGY:      14      2638.4195      1425.3083       264.1507        12.3760         -31052.7540      7446.6365         0.0000         0.0000         0.0000         -19265.8630        -0.0000    -19265.8630    -19265.8630         0.0000          10026.3729     14415.9962    110592.0000     10026.3729     14415.9962

PRESSURE: 15 7108.42 200.401 980.708 200.401 6246.69 -418.948 980.708 -418.948 5323.14
GPRESSURE: 15 11503.7 603.898 1365.47 -268.069 9802.28 -413.602 1312.93 -508.31 8650.47
ENERGY:      15      2288.6245      1379.6753       265.1654        14.7443         -31168.6191      5790.4200         0.0000         0.0000         0.0000         -21429.9896        -0.0000    -21429.9896    -21429.9896         0.0000           6226.0811      9985.4766    110592.0000      6226.0811      9985.4766

PRESSURE: 16 4850.09 165.432 1257.94 165.432 4514.88 -754.599 1257.94 -754.599 4125.78
GPRESSURE: 16 8668.6 486.094 1707.32 -477.896 7507.27 -965.973 1985.97 -921.641 7053.82
ENERGY:      16      1900.2223      1336.3753       270.1213        24.8446         -31394.4640      4840.6795         0.0000         0.0000         0.0000         -23022.2211        -0.0000    -23022.2211    -23022.2211         0.0000           4496.9203      7743.2303    110592.0000      4496.9203      7743.2303

PRESSURE: 17 17852.3 -1550.03 12378.5 -1550.03 10801.7 -4850.32 12378.5 -4850.32 17654.9
GPRESSURE: 17 30366.1 273.82 17743.2 -5798.21 14465.5 -7375.29 22472.3 -4882.86 26267.7
ENERGY:      17      2163.8410      1452.4679       293.4260        71.7709         -31822.6930      8851.2292         0.0000         0.0000         0.0000         -18989.9580        -0.0000    -18989.9580    -18989.9580         0.0000          15436.3105     23699.7772    110592.0000     15436.3105     23699.7772

LINE MINIMIZER BRACKET: DX 0.000128 0.000256 DU -1592.23 4032.26 DUDX -2.32342e+07 -4.29861e+06 5.45662e+07 
PRESSURE: 18 4953.74 96.6938 1515.53 96.6938 4553.16 -899.461 1515.53 -899.461 4341.14
GPRESSURE: 18 8800.08 414.144 2049.01 -651.118 7479.81 -1192.18 2434.04 -1102.32 7307.51
ENERGY:      18      1867.1741      1335.6056       271.7736        28.0148         -31441.9086      4839.5343         0.0000         0.0000         0.0000         -23099.8062        -0.0000    -23099.8062    -23099.8062         0.0000           4616.0113      7862.4673    110592.0000      4616.0113      7862.4673

LINE MINIMIZER BRACKET: DX 2.7443e-05 0.000228557 DU -77.585 4109.85 DUDX -4.29861e+06 -1.35344e+06 5.45662e+07 
PRESSURE: 19 5172 28.1139 1798.84 28.1139 4670.15 -1047.07 1798.84 -1047.07 4637.9
GPRESSURE: 19 9099.27 348.701 2429.82 -831.974 7557.9 -1421.45 2923.47 -1284.49 7678.48
ENERGY:      19      1852.2059      1337.3080       273.3194        30.9492         -31481.1655      4885.2168         0.0000         0.0000         0.0000         -23102.1662        -0.0000    -23102.1662    -23102.1662         0.0000           4826.6845      8111.8822    110592.0000      4826.6845      8111.8822

LINE MINIMIZER BRACKET: DX 2.28557e-05 0.000205701 DU -2.36004 4112.21 DUDX -1.35344e+06 1.16674e+06 5.45662e+07 
MINIMIZER RESTARTING CONJUGATE GRADIENT ALGORITHM
LINE MINIMIZER REDUCING GRADIENT FROM 2.67828e+07 TO 26782.8
PRESSURE: 20 4984.37 169.615 1602.4 169.615 4517.92 -872.402 1602.4 -872.402 4388.47
GPRESSURE: 20 8716.88 509.236 2127.21 -529.972 7368.74 -1151.88 2514.32 -1079.82 7293.74
ETITLE:      TS           BOND          ANGLE          DIHED          IMPRP               ELECT            VDW       BOUNDARY           MISC        KINETIC               TOTAL           TEMP      POTENTIAL         TOTAL3        TEMPAVG            PRESSURE      GPRESSURE         VOLUME       PRESSAVG      GPRESSAVG

ENERGY:      20      1839.4311      1335.3834       273.2693        30.8364         -31484.9723      4804.2133         0.0000         0.0000         0.0000         -23201.8389        -0.0000    -23201.8389    -23201.8389         0.0000           4630.2565      7793.1202    110592.0000      4630.2565      7793.1202

PRESSURE: 21 4827.6 283.437 1442.21 283.437 4391.32 -730.863 1442.21 -730.863 4182.58
GPRESSURE: 21 8402.24 636.73 1882.97 -289.379 7210.39 -935.766 2185.43 -914.947 6979.11
ENERGY:      21      1826.8362      1333.4917       273.2197        30.7251         -31488.7816      4736.4490         0.0000         0.0000         0.0000         -23288.0599        -0.0000    -23288.0599    -23288.0599         0.0000           4467.1672      7530.5788    110592.0000      4467.1672      7530.5788

PRESSURE: 22 4583.35 449.3 1202.82 449.3 4195.44 -521.748 1202.82 -521.748 3868.15
GPRESSURE: 22 7922.33 818.836 1523.19 56.8519 6961.93 -621.362 1704.16 -673.151 6504.58
ENERGY:      22      1802.1834      1329.8077       273.1222        30.5070         -31496.4094      4630.6304         0.0000         0.0000         0.0000         -23430.1587        -0.0000    -23430.1587    -23430.1587         0.0000           4215.6487      7129.6154    110592.0000      4215.6487      7129.6154

PRESSURE: 23 4268.45 628.288 924.711 628.288 3946.26 -286.446 924.711 -286.446 3481.17
GPRESSURE: 23 7325.72 1006.35 1115.7 424.026 6632.32 -277.893 1167.77 -403.766 5931.71
ENERGY:      23      1755.0049      1322.8424       272.9344        30.0888         -31511.7005      4493.0807         0.0000         0.0000         0.0000         -23637.7494        -0.0000    -23637.7494    -23637.7494         0.0000           3898.6288      6629.9153    110592.0000      3898.6288      6629.9153

PRESSURE: 24 3941.48 730.895 706.614 730.895 3691 -122.27 706.614 -122.27 3118.43
GPRESSURE: 24 6730.67 1096.24 808.274 638.319 6252.53 -52.5061 780.714 -215.575 5403.2
ENERGY:      24      1668.9688      1310.5704       272.5905        29.3237         -31542.3869      4345.8478         0.0000         0.0000         0.0000         -23915.0856        -0.0000    -23915.0856    -23915.0856         0.0000           3583.6371      6128.8011    110592.0000      3583.6371      6128.8011

PRESSURE: 25 3621.32 695.806 600.122 695.806 3432.04 -88.0327 600.122 -88.0327 2815.24
GPRESSURE: 25 6130.69 1027.15 668.08 615.894 5777.97 -25.0214 621.642 -166.616 4951.9
ENERGY:      25      1528.2267      1293.3104       272.0607        28.0758         -31604.0010      4190.6913         0.0000         0.0000         0.0000         -24291.6360        -0.0000    -24291.6360    -24291.6360         0.0000           3289.5320      5620.1885    110592.0000      3289.5320      5620.1885

PRESSURE: 26 3527.84 174.173 965.674 174.173 3596.42 -684.278 965.674 -684.278 3134.53
GPRESSURE: 26 5752.2 558.847 1292.8 -104.223 5392.07 -1036.15 1159.43 -598.733 5434.26
ENERGY:      26      1346.5154      1299.1636       271.8458        26.6980         -31727.6132      4189.6782         0.0000         0.0000         0.0000         -24593.7122        -0.0000    -24593.7122    -24593.7122         0.0000           3419.5982      5526.1763    110592.0000      3419.5982      5526.1763

PRESSURE: 27 493788 -1.25421e+06 844033 -1.25421e+06 3.25761e+06 -2.14378e+06 844033 -2.14378e+06 1.45473e+06
GPRESSURE: 27 511130 -1.2366e+06 881164 -1.29644e+06 3.21268e+06 -2.24275e+06 870828 -2.11448e+06 1.51883e+06
ENERGY:      27      1205.1013      1357.1891       269.8208        28.5640         -31978.8152    692938.0189         0.0000         0.0000         0.0000         663819.8789        -0.0000    663819.8789    663819.8789         0.0000        1735376.1007   1747545.6829    110592.0000   1735376.1007   1747545.6829

LINE MINIMIZER BRACKET: DX 0.000128 0.000256 DU -302.076 688414 DUDX -4.87769e+06 2.24167e+06 7.0879e+08 
PRESSURE: 28 3446.15 424.811 735.437 424.811 3365.34 -353.064 735.437 -353.064 2829.14
GPRESSURE: 28 5690.92 754.841 909 252.615 5354.88 -472.541 828.559 -366.419 4960.99
ENERGY:      28      1381.5238      1291.4084       271.7997        26.8964         -31697.4754      4118.0659         0.0000         0.0000         0.0000         -24607.7812        -0.0000    -24607.7812    -24607.7812         0.0000           3213.5390      5335.5945    110592.0000      3213.5390      5335.5945

LINE MINIMIZER BRACKET: DX 9.68226e-05 3.11774e-05 DU -316.145 14.069 DUDX -4.87769e+06 -980438 2.24167e+06 
PRESSURE: 29 3460.72 357.014 794.742 357.014 3416.41 -439.471 794.742 -439.471 2902.68
GPRESSURE: 29 5692.02 699.329 1007.5 157.388 5349.49 -617.88 913.835 -428.299 5072.92
ENERGY:      29      1369.0339      1293.5423       271.8112        26.8185         -31707.7920      4132.8299         0.0000         0.0000         0.0000         -24613.7562        -0.0000    -24613.7562    -24613.7562         0.0000           3259.9347      5371.4747    110592.0000      3259.9347      5371.4747

LINE MINIMIZER BRACKET: DX 1.06753e-05 2.05021e-05 DU -5.975 20.044 DUDX -980438 -108134 2.24167e+06 
PRESSURE: 30 3464.9 342.181 808.119 342.181 3429.03 -458.781 808.119 -458.781 2919.98
GPRESSURE: 30 5694.28 687.491 1029.74 136.41 5350.29 -650.53 933.046 -441.978 5099.48
ETITLE:      TS           BOND          ANGLE          DIHED          IMPRP               ELECT            VDW       BOUNDARY           MISC        KINETIC               TOTAL           TEMP      POTENTIAL         TOTAL3        TEMPAVG            PRESSURE      GPRESSURE         VOLUME       PRESSAVG      GPRESSAVG

ENERGY:      30      1366.6985      1294.0137       271.8140        26.8047         -31709.7733      4136.6588         0.0000         0.0000         0.0000         -24613.7836        -0.0000    -24613.7836    -24613.7836         0.0000           3271.3004      5381.3492    110592.0000      3271.3004      5381.3492

LINE MINIMIZER BRACKET: DX 2.05021e-06 1.84519e-05 DU -0.0274136 20.0715 DUDX -108134 82280.8 2.24167e+06 
MINIMIZER RESTARTING CONJUGATE GRADIENT ALGORITHM
LINE MINIMIZER REDUCING GRADIENT FROM 5.06428e+06 TO 5064.28
PRESSURE: 31 3398.67 386.433 740.968 386.433 3326.2 -376.655 740.968 -376.655 2794.43
GPRESSURE: 31 5581.58 716.015 926.792 202.958 5244.05 -519.752 843.865 -384.721 4907.05
ENERGY:      31      1350.5882      1289.2623       271.9073        26.5046         -31723.2707      4093.7031         0.0000         0.0000         0.0000         -24691.3052        -0.0000    -24691.3052    -24691.3052         0.0000           3173.0996      5244.2287    110592.0000      3173.0996      5244.2287

PRESSURE: 32 3340.12 420.406 685.19 420.406 3238.06 -309.556 685.19 -309.556 2685.89
GPRESSURE: 32 5480.22 737.395 842.62 254.427 5148.18 -414.916 770.749 -338.016 4742.31
ENERGY:      32      1334.9476      1284.6604       272.0057        26.2086         -31736.7658      4056.0860         0.0000         0.0000         0.0000         -24762.8576        -0.0000    -24762.8576    -24762.8576         0.0000           3088.0215      5123.5684    110592.0000      3088.0215      5123.5684

PRESSURE: 33 3240.29 465.526 599.409 465.526 3094.2 -208.826 599.409 -208.826 2507.43
GPRESSURE: 33 5303.01 764.272 716.027 324.293 4979.53 -262.109 660.41 -268.167 4474.65
ENERGY:      33      1305.0815      1275.8974       272.2169        25.6292         -31763.7462      3992.9343         0.0000         0.0000         0.0000         -24891.9869        -0.0000    -24891.9869    -24891.9869         0.0000           2947.3043      4919.0621    110592.0000      2947.3043      4919.0621

PRESSURE: 34 3084.12 499.782 493.214 499.782 2884.96 -90.0716 493.214 -90.0716 2248.62
GPRESSURE: 34 5013.21 778.96 565.701 384.524 4699.71 -93.2508 528.869 -187.055 4092.88
ENERGY:      34      1251.0465      1260.0864       272.6954        24.5209         -31817.6682      3897.4012         0.0000         0.0000         0.0000         -25111.9177        -0.0000    -25111.9177    -25111.9177         0.0000           2739.2336      4601.9359    110592.0000      2739.2336      4601.9359

PRESSURE: 35 2847.13 475.904 397.541 475.904 2592.17 7.89073 397.541 7.89073 1905.05
GPRESSURE: 35 4553.17 743.8 440.234 378.206 4240.71 25.0239 420.171 -124.809 3596.11
ENERGY:      35      1166.0082      1235.0194       273.8562        22.5072         -31925.3160      3762.9672         0.0000         0.0000         0.0000         -25464.9577        -0.0000    -25464.9577    -25464.9577         0.0000           2448.1163      4129.9987    110592.0000      2448.1163      4129.9987

PRESSURE: 36 2445.5 343.881 338.638 343.881 2104.52 64.6782 338.638 64.6782 1397.43
GPRESSURE: 36 3805.62 616.306 377.754 254.528 3444.72 63.8978 377.36 -102.012 2903.84
ENERGY:      36      1089.4735      1209.4593       276.8882        19.3028         -32139.6278      3569.8809         0.0000         0.0000         0.0000         -25974.6232        -0.0000    -25974.6232    -25974.6232         0.0000           1982.4828      3384.7276    110592.0000      1982.4828      3384.7276

PRESSURE: 37 2057.85 -477.06 937.898 -477.06 1758.21 -673.266 937.898 -673.266 1276.09
GPRESSURE: 37 3659.51 -30.5758 1213.31 -1388.56 2511.5 -972.512 1960.86 -676.551 2942.97
ENERGY:      37      1317.9587      1249.1309       286.0399        16.2577         -32564.6216      3560.7568         0.0000         0.0000         0.0000         -26134.4777        -0.0000    -26134.4777    -26134.4777         0.0000           1697.3846      3037.9955    110592.0000      1697.3846      3037.9955

PRESSURE: 38 4.38974e+09 6.55462e+09 -1.21541e+09 6.55462e+09 9.78715e+09 -1.81482e+09 -1.21541e+09 -1.81482e+09 3.36521e+08
GPRESSURE: 38 4.3896e+09 6.55459e+09 -1.21546e+09 6.55441e+09 9.78711e+09 -1.81489e+09 -1.21537e+09 -1.81481e+09 3.36536e+08
ENERGY:      38      3342.2953      1649.5150       324.4851        24.1967         -33419.4796 1924524943.1515         0.0000         0.0000         0.0000      1924496864.1640        -0.0000 1924496864.1640 1924496864.1640         0.0000      4837803144.0743 4837750438.1542    110592.0000 4837803144.0743 4837750438.1542

LINE MINIMIZER BRACKET: DX 0.000512 0.001024 DU -159.855 1.92452e+09 DUDX -1.56827e+06 2.74418e+06 3.01838e+07 
PRESSURE: 39 2049.23 135.871 385.73 135.871 1603.26 20.9267 385.73 20.9267 946.517
GPRESSURE: 39 3195.42 433.516 458.527 -0.3671 2674.61 -22.1114 524.686 -158.008 2370.25
ENERGY:      39      1151.8721      1216.8962       281.2979        17.0636         -32374.3546      3429.1517         0.0000         0.0000         0.0000         -26278.0731        -0.0000    -26278.0731    -26278.0731         0.0000           1533.0022      2746.7599    110592.0000      1533.0022      2746.7599

LINE MINIMIZER BRACKET: DX 0.000282151 0.000229849 DU -303.45 143.595 DUDX -1.56827e+06 -492288 2.74418e+06 
PRESSURE: 40 1997.86 73.282 426.946 73.282 1539.55 -24.0532 426.946 -24.0532 904.602
GPRESSURE: 40 3145.37 382.402 515.433 -105.337 2564.62 -84.5713 623.256 -195.756 2334.83
ETITLE:      TS           BOND          ANGLE          DIHED          IMPRP               ELECT            VDW       BOUNDARY           MISC        KINETIC               TOTAL           TEMP      POTENTIAL         TOTAL3        TEMPAVG            PRESSURE      GPRESSURE         VOLUME       PRESSAVG      GPRESSAVG

ENERGY:      40      1179.5370      1222.0212       282.2327        16.8069         -32416.3451      3420.3087         0.0000         0.0000         0.0000         -26295.4386        -0.0000    -26295.4386    -26295.4386         0.0000           1480.6711      2681.6057    110592.0000      1480.6711      2681.6057

LINE MINIMIZER BRACKET: DX 5.06488e-05 0.0001792 DU -17.3655 160.961 DUDX -492288 -179077 2.74418e+06 
PRESSURE: 41 1983.36 46.3852 447.112 46.3852 1522.85 -46.8881 447.112 -46.8881 897.214
GPRESSURE: 41 3137.79 360.893 542.915 -154.509 2530.57 -115.749 671.754 -214.144 2332.84
ENERGY:      41      1190.5317      1224.1049       282.5764        16.7268         -32431.1919      3419.7924         0.0000         0.0000         0.0000         -26297.4598        -0.0000    -26297.4598    -26297.4598         0.0000           1467.8080      2667.0689    110592.0000      1467.8080      2667.0689

LINE MINIMIZER BRACKET: DX 1.792e-05 0.00016128 DU -2.02117 162.982 DUDX -179077 -43900.1 2.74418e+06 
PRESSURE: 42 1972.47 19.3521 468.506 19.3521 1511.41 -71.5801 468.506 -71.5801 894.996
GPRESSURE: 42 3136.91 339.513 571.963 -206.13 2502.81 -149.307 723.606 -233.677 2337.3
ENERGY:      42      1200.9669      1226.1004       282.8919        16.6595         -32444.5520      3420.8438         0.0000         0.0000         0.0000         -26297.0896        -0.0000    -26297.0896    -26297.0896         0.0000           1459.6246      2659.0072    110592.0000      1459.6246      2659.0072

LINE MINIMIZER BRACKET: DX 1.792e-05 1.6128e-05 DU -2.02117 0.370183 DUDX -179077 -43900.1 92610.9 
PRESSURE: 43 1979.54 37.829 453.767 37.829 1518.68 -54.5296 453.767 -54.5296 895.979
GPRESSURE: 43 3136.82 354.102 551.962 -170.618 2521.14 -126.146 687.843 -220.223 2333.6
ENERGY:      43      1193.9015      1224.7475       282.6793        16.7042         -32435.5793      3419.9670         0.0000         0.0000         0.0000         -26297.5798        -0.0000    -26297.5798    -26297.5798         0.0000           1464.7326      2663.8511    110592.0000      1464.7326      2663.8511

LINE MINIMIZER BRACKET: DX 5.29537e-06 1.08327e-05 DU -0.120018 0.490201 DUDX -43900.1 -770.063 92610.9 
LINE MINIMIZER REDUCING GRADIENT FROM 2.1554e+06 TO 2155.4
PRESSURE: 44 1916.47 40.5299 448.215 40.5299 1491.26 -51.1293 448.215 -51.1293 861.093
GPRESSURE: 44 3035.08 352.07 539.536 -164.081 2457.76 -117.604 671.918 -214.609 2250.68
ENERGY:      44      1174.1490      1216.4777       283.1700        15.9330         -32469.0145      3395.3596         0.0000         0.0000         0.0000         -26383.9251        -0.0000    -26383.9251    -26383.9251         0.0000           1422.9428      2581.1746    110592.0000      1422.9428      2581.1746

PRESSURE: 45 1853.4 42.8478 443.032 42.8478 1463.03 -47.9315 443.032 -47.9315 825.635
GPRESSURE: 45 2935.22 349.86 527.71 -158.072 2395.13 -109.453 656.794 -209.288 2169.18
ENERGY:      45      1155.6002      1208.7606       283.6697        15.2326         -32502.4137      3371.3250         0.0000         0.0000         0.0000         -26467.8256        -0.0000    -26467.8256    -26467.8256         0.0000           1380.6867      2499.8471    110592.0000      1380.6867      2499.8471

PRESSURE: 46 1726.92 46.3892 433.765 46.3892 1404.06 -42.144 433.765 -42.144 752.826
GPRESSURE: 46 2740.77 344.956 505.809 -147.531 2272.08 -94.3053 628.863 -199.522 2010.18
ENERGY:      46      1122.1175      1194.9819       284.6938        14.0270         -32569.1080      3324.9131         0.0000         0.0000         0.0000         -26628.3746        -0.0000    -26628.3746    -26628.3746         0.0000           1294.6018      2341.0103    110592.0000      1294.6018      2341.0103

PRESSURE: 47 1471.32 49.2672 418.947 49.2672 1275.75 -32.7059 418.947 -32.7059 598.491
GPRESSURE: 47 2371.26 333.317 468.091 -131.844 2034.02 -68.2012 581.074 -183.188 1706.64
ENERGY:      47      1069.6543      1174.0323       286.8271        12.2969         -32702.0667      3238.3280         0.0000         0.0000         0.0000         -26920.9282        -0.0000    -26920.9282    -26920.9282         0.0000           1115.1854      2037.3075    110592.0000      1115.1854      2037.3075

PRESSURE: 48 940.124 40.5884 401.191 40.5884 973.94 -20.9047 401.191 -20.9047 246.785
GPRESSURE: 48 1698.75 304.122 412.581 -118.068 1584.77 -30.5679 511.623 -161.923 1146.37
ENERGY:      48      1023.2929      1158.5692       291.3342        10.9534         -32966.3419      3087.4288         0.0000         0.0000         0.0000         -27394.7633        -0.0000    -27394.7633    -27394.7633         0.0000            720.2829      1476.6285    110592.0000       720.2829      1476.6285

PRESSURE: 49 -262.358 -13.5954 394.678 -13.5954 166.293 -13.6356 394.678 -13.6356 -669.566
GPRESSURE: 49 554.325 227.157 357.475 -139.975 768.764 0.787605 442.11 -157.825 150.757
ENERGY:      49      1173.3192      1234.5604       300.6771        13.9398         -33488.5658      2859.0703         0.0000         0.0000         0.0000         -27906.9992        -0.0000    -27906.9992    -27906.9992         0.0000           -255.2101       491.2820    110592.0000      -255.2101       491.2820

LDB: ============= START OF LOAD BALANCING ============== 28.0131
LDB: Largest compute 548 load 0.315439 is 50.8% of average load 0.621356
LDB: Average compute 0.028260 is 4.5% of average load 0.621356
LDB: Partitioning computes with target load 0.062136
LDB: Partitioning compute 87 with load 0.215156 by 4
LDB: Partitioning compute 92 with load 0.214953 by 4
LDB: Partitioning compute 72 with load 0.192544 by 4
LDB: Partitioning compute 93 with load 0.200574 by 4
LDB: Partitioning compute 67 with load 0.209554 by 4
LDB: Partitioning compute 79 with load 0.187234 by 4
LDB: Partitioning compute 84 with load 0.155517 by 3
LDB: Partitioning compute 63 with load 0.233150 by 4
LDB: Partitioning compute 78 with load 0.199831 by 4
LDB: Partitioning compute 98 with load 0.211249 by 4
LDB: Partitioning compute 73 with load 0.199678 by 4
LDB: Partitioning compute 69 with load 0.190600 by 4
LDB: Partitioning compute 729 with load 0.263293 by 5
LDB: Partitioning compute 733 with load 0.254927 by 5
LDB: Partitioning compute 734 with load 0.121534 by 2
LDB: Partitioning compute 753 with load 0.090169 by 2
LDB: Partitioning compute 769 with load 0.106859 by 2
LDB: Partitioning compute 1469 with load 0.278280 by 5
LDB: Partitioning compute 1473 with load 0.274682 by 5
LDB: Partitioning compute 1474 with load 0.131526 by 3
LDB: Partitioning compute 1493 with load 0.071339 by 2
LDB: Partitioning compute 1509 with load 0.124781 by 3
LDB: Partitioning compute 68 with load 0.185698 by 3
LDB: Partitioning compute 1654 with load 0.270940 by 5
LDB: Partitioning compute 1658 with load 0.239035 by 4
LDB: Partitioning compute 1659 with load 0.118797 by 2
LDB: Partitioning compute 1678 with load 0.064347 by 2
LDB: Partitioning compute 1694 with load 0.095977 by 2
LDB: Partitioning compute 53 with load 0.165471 by 3
LDB: Partitioning compute 64 with load 0.167266 by 3
LDB: Partitioning compute 58 with load 0.222116 by 4
LDB: Partitioning compute 94 with load 0.199921 by 4
LDB: Partitioning compute 99 with load 0.169610 by 3
LDB: Partitioning compute 54 with load 0.160904 by 3
LDB: Partitioning compute 97 with load 0.142530 by 3
LDB: Partitioning compute 951 with load 0.242323 by 4
LDB: Partitioning compute 955 with load 0.203799 by 4
LDB: Partitioning compute 956 with load 0.095616 by 2
LDB: Partitioning compute 975 with load 0.080561 by 2
LDB: Partitioning compute 991 with load 0.083677 by 2
LDB: Partitioning compute 83 with load 0.212904 by 4
LDB: Partitioning compute 59 with load 0.186005 by 3
LDB: Partitioning compute 288 with load 0.088187 by 2
LDB: Partitioning compute 433 with load 0.205111 by 4
LDB: Partitioning compute 437 with load 0.236400 by 4
LDB: Partitioning compute 438 with load 0.093345 by 2
LDB: Partitioning compute 88 with load 0.196387 by 4
LDB: Partitioning compute 89 with load 0.195873 by 4
LDB: Partitioning compute 1136 with load 0.270676 by 5
LDB: Partitioning compute 1140 with load 0.274166 by 5
LDB: Partitioning compute 1141 with load 0.110472 by 2
LDB: Partitioning compute 1176 with load 0.119105 by 2
LDB: Partitioning compute 1839 with load 0.233753 by 4
LDB: Partitioning compute 1843 with load 0.166901 by 3
LDB: Partitioning compute 1844 with load 0.090525 by 2
LDB: Partitioning compute 1879 with load 0.094245 by 2
LDB: Partitioning compute 74 with load 0.157519 by 3
LDB: Partitioning compute 843 with load 0.079328 by 2
LDB: Partitioning compute 988 with load 0.193801 by 4
LDB: Partitioning compute 992 with load 0.198735 by 4
LDB: Partitioning compute 993 with load 0.076379 by 2
LDB: Partitioning compute 1012 with load 0.069439 by 2
LDB: Partitioning compute 103 with load 0.084817 by 2
LDB: Partitioning compute 248 with load 0.208407 by 4
LDB: Partitioning compute 252 with load 0.218814 by 4
LDB: Partitioning compute 253 with load 0.093339 by 2
LDB: Partitioning compute 272 with load 0.078275 by 2
LDB: Partitioning compute 914 with load 0.259520 by 5
LDB: Partitioning compute 918 with load 0.226377 by 4
LDB: Partitioning compute 919 with load 0.085350 by 2
LDB: Partitioning compute 938 with load 0.062236 by 2
LDB: Partitioning compute 954 with load 0.093531 by 2
LDB: Partitioning compute 1876 with load 0.258738 by 5
LDB: Partitioning compute 1880 with load 0.264851 by 5
LDB: Partitioning compute 1881 with load 0.115425 by 2
LDB: Partitioning compute 1900 with load 0.063947 by 2
LDB: Partitioning compute 1916 with load 0.097010 by 2
LDB: Partitioning compute 658 with load 0.089928 by 2
LDB: Partitioning compute 803 with load 0.231895 by 4
LDB: Partitioning compute 807 with load 0.239490 by 4
LDB: Partitioning compute 808 with load 0.093364 by 2
LDB: Partitioning compute 827 with load 0.064787 by 2
LDB: Partitioning compute 581 with load 0.259133 by 5
LDB: Partitioning compute 585 with load 0.277961 by 5
LDB: Partitioning compute 586 with load 0.117768 by 2
LDB: Partitioning compute 605 with load 0.103955 by 2
LDB: Partitioning compute 621 with load 0.099602 by 2
LDB: Partitioning compute 1028 with load 0.097343 by 2
LDB: Partitioning compute 1173 with load 0.235623 by 4
LDB: Partitioning compute 1177 with load 0.221948 by 4
LDB: Partitioning compute 1178 with load 0.085406 by 2
LDB: Partitioning compute 1213 with load 0.098097 by 2
LDB: Partitioning compute 1358 with load 0.192088 by 4
LDB: Partitioning compute 1362 with load 0.231608 by 4
LDB: Partitioning compute 1363 with load 0.091146 by 2
LDB: Partitioning compute 1691 with load 0.260111 by 5
LDB: Partitioning compute 1695 with load 0.250839 by 5
LDB: Partitioning compute 1696 with load 0.101466 by 2
LDB: Partitioning compute 1715 with load 0.079415 by 2
LDB: Partitioning compute 1731 with load 0.125246 by 3
LDB: Partitioning compute 1506 with load 0.245541 by 4
LDB: Partitioning compute 1510 with load 0.267554 by 5
LDB: Partitioning compute 1511 with load 0.098714 by 2
LDB: Partitioning compute 1546 with load 0.131628 by 3
LDB: Partitioning compute 473 with load 0.119567 by 2
LDB: Partitioning compute 618 with load 0.237241 by 4
LDB: Partitioning compute 622 with load 0.238697 by 4
LDB: Partitioning compute 623 with load 0.091124 by 2
LDB: Partitioning compute 396 with load 0.272314 by 5
LDB: Partitioning compute 400 with load 0.289245 by 5
LDB: Partitioning compute 401 with load 0.095037 by 2
LDB: Partitioning compute 420 with load 0.090345 by 2
LDB: Partitioning compute 436 with load 0.137555 by 3
LDB: Partitioning compute 211 with load 0.225309 by 4
LDB: Partitioning compute 215 with load 0.265311 by 5
LDB: Partitioning compute 216 with load 0.120029 by 2
LDB: Partitioning compute 235 with load 0.072905 by 2
LDB: Partitioning compute 251 with load 0.111385 by 2
LDB: Partitioning compute 1583 with load 0.098959 by 2
LDB: Partitioning compute 1728 with load 0.248938 by 5
LDB: Partitioning compute 1732 with load 0.254849 by 5
LDB: Partitioning compute 1733 with load 0.087139 by 2
LDB: Partitioning compute 1752 with load 0.062976 by 2
LDB: Partitioning compute 1913 with load 0.174216 by 3
LDB: Partitioning compute 1917 with load 0.219946 by 4
LDB: Partitioning compute 1918 with load 0.083607 by 2
LDB: Partitioning compute 1398 with load 0.083973 by 2
LDB: Partitioning compute 1543 with load 0.218485 by 4
LDB: Partitioning compute 1547 with load 0.257014 by 5
LDB: Partitioning compute 1548 with load 0.109598 by 2
LDB: Partitioning compute 1321 with load 0.239984 by 4
LDB: Partitioning compute 1325 with load 0.269985 by 5
LDB: Partitioning compute 1326 with load 0.124268 by 2
LDB: Partitioning compute 1345 with load 0.073776 by 2
LDB: Partitioning compute 1361 with load 0.094271 by 2
LDB: Partitioning compute 766 with load 0.241406 by 4
LDB: Partitioning compute 770 with load 0.269321 by 5
LDB: Partitioning compute 771 with load 0.104613 by 2
LDB: Partitioning compute 790 with load 0.075596 by 2
LDB: Partitioning compute 806 with load 0.125015 by 3
LDB: Partitioning compute 90 with load 0.197859 by 4
LDB: Partitioning compute 95 with load 0.150499 by 3
LDB: Partitioning compute 51 with load 0.179980 by 3
LDB: Partitioning compute 56 with load 0.179506 by 3
LDB: Partitioning compute 60 with load 0.209326 by 4
LDB: Partitioning compute 81 with load 0.206916 by 4
LDB: Partitioning compute 91 with load 0.220516 by 4
LDB: Partitioning compute 70 with load 0.164053 by 3
LDB: Partitioning compute 71 with load 0.168229 by 3
LDB: Partitioning compute 66 with load 0.220820 by 4
LDB: Partitioning compute 50 with load 0.174342 by 3
LDB: Partitioning compute 86 with load 0.192947 by 4
LDB: Partitioning compute 85 with load 0.156602 by 3
LDB: Partitioning compute 55 with load 0.171039 by 3
LDB: Partitioning compute 96 with load 0.172769 by 3
LDB: Partitioning compute 65 with load 0.169461 by 3
LDB: Partitioning compute 61 with load 0.172536 by 3
LDB: Partitioning compute 82 with load 0.192812 by 4
LDB: Partitioning compute 57 with load 0.183954 by 3
LDB: Partitioning compute 75 with load 0.182235 by 3
LDB: Partitioning compute 77 with load 0.133930 by 3
LDB: Partitioning compute 80 with load 0.153331 by 3
LDB: Partitioning compute 76 with load 0.207178 by 4
LDB: Partitioning compute 62 with load 0.243738 by 4
LDB: Partitioning compute 52 with load 0.185346 by 3
LDB: Partitioning compute 655 with load 0.261195 by 5
LDB: Partitioning compute 659 with load 0.221414 by 4
LDB: Partitioning compute 660 with load 0.086902 by 2
LDB: Partitioning compute 679 with load 0.067755 by 2
LDB: Partitioning compute 695 with load 0.117391 by 2
LDB: Partitioning compute 1580 with load 0.285825 by 5
LDB: Partitioning compute 1584 with load 0.238443 by 4
LDB: Partitioning compute 1585 with load 0.112000 by 2
LDB: Partitioning compute 1604 with load 0.071427 by 2
LDB: Partitioning compute 1620 with load 0.125240 by 3
LDB: Partitioning compute 1062 with load 0.214283 by 4
LDB: Partitioning compute 1066 with load 0.277079 by 5
LDB: Partitioning compute 1067 with load 0.123783 by 2
LDB: Partitioning compute 1086 with load 0.063620 by 2
LDB: Partitioning compute 1102 with load 0.091447 by 2
LDB: Partitioning compute 470 with load 0.271671 by 5
LDB: Partitioning compute 474 with load 0.266213 by 5
LDB: Partitioning compute 475 with load 0.144654 by 3
LDB: Partitioning compute 494 with load 0.073490 by 2
LDB: Partitioning compute 510 with load 0.095521 by 2
LDB: Partitioning compute 1617 with load 0.286391 by 5
LDB: Partitioning compute 1621 with load 0.261110 by 5
LDB: Partitioning compute 1622 with load 0.099589 by 2
LDB: Partitioning compute 1641 with load 0.078985 by 2
LDB: Partitioning compute 1657 with load 0.118257 by 2
LDB: Partitioning compute 692 with load 0.273224 by 5
LDB: Partitioning compute 696 with load 0.243806 by 4
LDB: Partitioning compute 697 with load 0.118678 by 2
LDB: Partitioning compute 716 with load 0.076883 by 2
LDB: Partitioning compute 732 with load 0.105092 by 2
LDB: Partitioning compute 1432 with load 0.278290 by 5
LDB: Partitioning compute 1436 with load 0.271887 by 5
LDB: Partitioning compute 1437 with load 0.120987 by 2
LDB: Partitioning compute 1472 with load 0.128465 by 3
LDB: Partitioning compute 322 with load 0.251057 by 5
LDB: Partitioning compute 326 with load 0.237343 by 4
LDB: Partitioning compute 327 with load 0.128941 by 3
LDB: Partitioning compute 346 with load 0.076798 by 2
LDB: Partitioning compute 362 with load 0.101526 by 2
LDB: Partitioning compute 507 with load 0.257514 by 5
LDB: Partitioning compute 511 with load 0.258268 by 5
LDB: Partitioning compute 512 with load 0.109534 by 2
LDB: Partitioning compute 531 with load 0.077249 by 2
LDB: Partitioning compute 547 with load 0.137248 by 3
LDB: Partitioning compute 1210 with load 0.232555 by 4
LDB: Partitioning compute 1214 with load 0.217672 by 4
LDB: Partitioning compute 1215 with load 0.097071 by 2
LDB: Partitioning compute 1234 with load 0.068405 by 2
LDB: Partitioning compute 1250 with load 0.098173 by 2
LDB: Partitioning compute 840 with load 0.214642 by 4
LDB: Partitioning compute 844 with load 0.215239 by 4
LDB: Partitioning compute 845 with load 0.092720 by 2
LDB: Partitioning compute 864 with load 0.063974 by 2
LDB: Partitioning compute 880 with load 0.095176 by 2
LDB: Partitioning compute 1765 with load 0.228741 by 4
LDB: Partitioning compute 1769 with load 0.184840 by 3
LDB: Partitioning compute 1770 with load 0.104661 by 2
LDB: Partitioning compute 1805 with load 0.079870 by 2
LDB: Partitioning compute 100 with load 0.238185 by 4
LDB: Partitioning compute 104 with load 0.244408 by 4
LDB: Partitioning compute 105 with load 0.094828 by 2
LDB: Partitioning compute 124 with load 0.072458 by 2
LDB: Partitioning compute 140 with load 0.119044 by 2
LDB: Partitioning compute 285 with load 0.222396 by 4
LDB: Partitioning compute 289 with load 0.221950 by 4
LDB: Partitioning compute 290 with load 0.097922 by 2
LDB: Partitioning compute 325 with load 0.105173 by 2
LDB: Partitioning compute 174 with load 0.219615 by 4
LDB: Partitioning compute 178 with load 0.257199 by 5
LDB: Partitioning compute 179 with load 0.127185 by 3
LDB: Partitioning compute 198 with load 0.063975 by 2
LDB: Partitioning compute 214 with load 0.105946 by 2
LDB: Partitioning compute 1802 with load 0.205850 by 4
LDB: Partitioning compute 1806 with load 0.235161 by 4
LDB: Partitioning compute 1807 with load 0.079456 by 2
LDB: Partitioning compute 1842 with load 0.088688 by 2
LDB: Partitioning compute 1025 with load 0.248267 by 4
LDB: Partitioning compute 1029 with load 0.223761 by 4
LDB: Partitioning compute 1030 with load 0.120489 by 2
LDB: Partitioning compute 1065 with load 0.092870 by 2
LDB: Partitioning compute 1395 with load 0.219584 by 4
LDB: Partitioning compute 1399 with load 0.232309 by 4
LDB: Partitioning compute 1400 with load 0.117045 by 2
LDB: Partitioning compute 1435 with load 0.107837 by 2
LDB: Partitioning compute 544 with load 0.301736 by 5
LDB: Partitioning compute 548 with load 0.315439 by 6
LDB: Partitioning compute 549 with load 0.125017 by 3
LDB: Partitioning compute 568 with load 0.088051 by 2
LDB: Partitioning compute 584 with load 0.139554 by 3
LDB: Partitioning compute 359 with load 0.282918 by 5
LDB: Partitioning compute 363 with load 0.268953 by 5
LDB: Partitioning compute 364 with load 0.103155 by 2
LDB: Partitioning compute 383 with load 0.070109 by 2
LDB: Partitioning compute 399 with load 0.147857 by 3
LDB: Partitioning compute 137 with load 0.245906 by 4
LDB: Partitioning compute 141 with load 0.239297 by 4
LDB: Partitioning compute 142 with load 0.108088 by 2
LDB: Partitioning compute 161 with load 0.076649 by 2
LDB: Partitioning compute 177 with load 0.116406 by 2
LDB: Partitioning compute 1099 with load 0.220294 by 4
LDB: Partitioning compute 1103 with load 0.216380 by 4
LDB: Partitioning compute 1104 with load 0.104520 by 2
LDB: Partitioning compute 1139 with load 0.118074 by 2
LDB: Partitioning compute 877 with load 0.244764 by 4
LDB: Partitioning compute 881 with load 0.222059 by 4
LDB: Partitioning compute 882 with load 0.098937 by 2
LDB: Partitioning compute 901 with load 0.062624 by 2
LDB: Partitioning compute 917 with load 0.094871 by 2
LDB: Partitioning compute 1247 with load 0.260559 by 5
LDB: Partitioning compute 1251 with load 0.257602 by 5
LDB: Partitioning compute 1252 with load 0.133267 by 3
LDB: Partitioning compute 1287 with load 0.110917 by 2
LDB: Partitioning compute 1284 with load 0.270492 by 5
LDB: Partitioning compute 1288 with load 0.259402 by 5
LDB: Partitioning compute 1289 with load 0.119957 by 2
LDB: Partitioning compute 1308 with load 0.063911 by 2
LDB: Partitioning compute 1324 with load 0.125947 by 3
LDB: Increased migratable compute count from 2150 to 2767
LDB: Largest unpartitionable compute is 0.042452
LDB: ============== END OF LOAD BALANCING =============== 28.1193
Info: build node-aware spanning tree with send: 1, recv: 0 with branch factor 9
Info: useSync: 0 useProxySync: 0
LDB: =============== DONE WITH MIGRATION ================ 28.1376
PRESSURE: 50 -3448.5 -117 406.613 -117 -2399.84 -39.4059 406.613 -39.4059 -3436.86
GPRESSURE: 50 -1161.1 3.88525 433.965 -301.957 -472.675 -120.764 453.083 -427.59 -1484.28
Info: Initial time: 128 CPUs 0.0391289 s/step 0.226441 days/ns 202.062 MB memory
ETITLE:      TS           BOND          ANGLE          DIHED          IMPRP               ELECT            VDW       BOUNDARY           MISC        KINETIC               TOTAL           TEMP      POTENTIAL         TOTAL3        TEMPAVG            PRESSURE      GPRESSURE         VOLUME       PRESSAVG      GPRESSAVG

ENERGY:      50      2576.2416      1811.0882       318.6265        35.7352         -34510.3180      2650.0501         0.0000         0.0000         0.0000         -27118.5764        -0.0000    -27118.5764    -27118.5764         0.0000          -3095.0679     -1039.3497    110592.0000     -3095.0679     -1039.3497

LINE MINIMIZER BRACKET: DX 0.000650095 0.00130019 DU -512.236 788.423 DUDX -1.23304e+06 -341174 1.62657e+06 
PRESSURE: 51 -755.206 -37.4871 396.835 -37.4871 -199.326 -13.3071 396.835 -13.3071 -1077.05
GPRESSURE: 51 192.763 194.198 351.051 -159.197 497.901 0.544829 431.668 -169.161 -180.913
ENERGY:      51      1311.2724      1297.1090       303.9940        16.3868         -33674.6456      2797.2657         0.0000         0.0000         0.0000         -27948.6177        -0.0000    -27948.6177    -27948.6177         0.0000           -677.1939       169.9171    110592.0000      -677.1939       169.9171

LINE MINIMIZER BRACKET: DX 0.000234069 0.00106612 DU -41.6185 830.041 DUDX -341174 -13379.4 1.62657e+06 
PRESSURE: 52 -991.434 -48.158 398 -48.158 -379.977 -13.3382 398 -13.3382 -1276.77
GPRESSURE: 52 35.6106 178.29 350.164 -169.493 378.783 -1.56499 428.694 -177.152 -328.279
ENERGY:      52      1389.7413      1331.7355       305.4856        17.7133         -33759.0767      2772.4213         0.0000         0.0000         0.0000         -27941.9797        -0.0000    -27941.9797    -27941.9797         0.0000           -882.7281        28.7049    110592.0000      -882.7281        28.7049

LINE MINIMIZER BRACKET: DX 0.000234069 0.000106612 DU -41.6185 6.63795 DUDX -341174 -13379.4 138267 
PRESSURE: 53 -778.493 -38.5658 396.951 -38.5658 -216.978 -13.3034 396.951 -13.3034 -1096.61
GPRESSURE: 53 176.841 192.633 350.906 -160.185 485.873 0.394173 431.325 -169.871 -195.743
ENERGY:      53      1318.6718      1300.3995       304.1437        16.5135         -33683.0964      2794.6889         0.0000         0.0000         0.0000         -27948.6789        -0.0000    -27948.6789    -27948.6789         0.0000           -697.3623       155.6569    110592.0000      -697.3623       155.6569

LINE MINIMIZER BRACKET: DX 1.06612e-05 9.59508e-05 DU -0.0612119 6.69916 DUDX -13379.4 1711.42 138267 
LINE MINIMIZER REDUCING GRADIENT FROM 2.7206e+06 TO 2720.6
PRESSURE: 54 -922.064 -61.0807 375.41 -61.0807 -389.31 2.32714 375.41 2.32714 -1166.62
GPRESSURE: 54 -18.8519 162.387 332.133 -179.5 264.653 20.919 404.315 -157.271 -378.909
ENERGY:      54      1203.4241      1314.0843       305.4112        17.2436         -33813.6917      2749.8339         0.0000         0.0000         0.0000         -28223.6946        -0.0000    -28223.6946    -28223.6946         0.0000           -825.9977       -44.3693    110592.0000      -825.9977       -44.3693

PRESSURE: 55 -1084.41 -80.834 355.179 -80.834 -592.411 12.8558 355.179 12.8558 -1259.65
GPRESSURE: 55 -206.159 133.507 315.414 -197.121 41.9202 37.2948 379.127 -150.011 -558.801
ENERGY:      55      1114.5291      1335.5266       306.7222        18.1264         -33943.6421      2709.5091         0.0000         0.0000         0.0000         -28459.2286        -0.0000    -28459.2286    -28459.2286         0.0000           -978.8214      -241.0132    110592.0000      -978.8214      -241.0132

PRESSURE: 56 -1466.14 -112.052 318.25 -112.052 -1092.23 17.6573 318.25 17.6573 -1515.53
GPRESSURE: 56 -556.673 79.1055 287.783 -228.113 -407.302 56.272 333.884 -154.473 -909.988
ENERGY:      56      1015.8741      1402.4886       309.4755        20.4143         -34201.6189      2642.1041         0.0000         0.0000         0.0000         -28811.2623        -0.0000    -28811.2623    -28811.2623         0.0000          -1357.9660      -624.6543    110592.0000     -1357.9660      -624.6543

PRESSURE: 57 -2458.14 -141.83 257.828 -141.83 -2468.11 -46.0762 257.828 -46.0762 -2304.39
GPRESSURE: 57 -1162.02 -21.0815 255.746 -278.698 -1297.29 29.6915 266.018 -270.75 -1579.95
ENERGY:      57      1136.4862      1638.7915       315.5362        27.7878         -34709.9611      2560.4970         0.0000         0.0000         0.0000         -29030.8624        -0.0000    -29030.8624    -29030.8624         0.0000          -2410.2140     -1346.4204    110592.0000     -2410.2140     -1346.4204

PRESSURE: 58 -5171.11 -160.436 394.802 -160.436 -6484.07 -847.98 394.802 -847.98 -4373.64
GPRESSURE: 58 -1528.77 -431.341 477.401 -644.538 -2087.23 -591.612 901.408 -2158.23 -2318.64
ENERGY:      58      2673.4264      2570.7041       330.4646        68.3772         -35696.3966      2749.5217         0.0000         0.0000         0.0000         -27303.9026        -0.0000    -27303.9026    -27303.9026         0.0000          -5342.9401     -1978.2103    110592.0000     -5342.9401     -1978.2103

LINE MINIMIZER BRACKET: DX 0.000433321 0.000866641 DU -219.6 1726.96 DUDX -1.25656e+06 255631 4.14994e+06 
PRESSURE: 59 -2270.82 -139.707 266.622 -139.707 -2202.79 -27.5859 266.622 -27.5859 -2147.22
GPRESSURE: 59 -1069.89 -4.61432 258.809 -270.701 -1151.85 41.0825 274.743 -237.835 -1471.07
ENERGY:      59      1086.5466      1589.2068       314.4650        26.2214         -34625.4372      2569.0123         0.0000         0.0000         0.0000         -29039.9850        -0.0000    -29039.9850    -29039.9850         0.0000          -2206.9434     -1230.9375    110592.0000     -2206.9434     -1230.9375

LDB: ============= START OF LOAD BALANCING ============== 28.5327
LDB: ============== END OF LOAD BALANCING =============== 28.5337
Info: useSync: 0 useProxySync: 0
LDB: =============== DONE WITH MIGRATION ================ 28.5383
LINE MINIMIZER BRACKET: DX 0.000360676 7.26442e-05 DU -228.723 9.1226 DUDX -1.25656e+06 -3745.51 255631 
PRESSURE: 60 -2289.18 -139.973 265.717 -139.973 -2228.69 -29.2706 265.717 -29.2706 -2162.5
GPRESSURE: 60 -1079.28 -6.26471 258.459 -271.505 -1166.51 40.0896 273.81 -240.821 -1482.03
ETITLE:      TS           BOND          ANGLE          DIHED          IMPRP               ELECT            VDW       BOUNDARY           MISC        KINETIC               TOTAL           TEMP      POTENTIAL         TOTAL3        TEMPAVG            PRESSURE      GPRESSURE         VOLUME       PRESSAVG      GPRESSAVG

ENERGY:      60      1090.9997      1593.9793       314.5711        26.3710         -34633.9007      2568.0618         0.0000         0.0000         0.0000         -29039.9177        -0.0000    -29039.9177    -29039.9177         0.0000          -2226.7894     -1242.6053    110592.0000     -2226.7894     -1242.6053

LINE MINIMIZER BRACKET: DX 0.000360676 7.26442e-06 DU -228.723 0.0673842 DUDX -1.25656e+06 -3745.51 22055.7 
PRESSURE: 61 -2273.46 -139.745 266.492 -139.745 -2206.5 -27.826 266.492 -27.826 -2149.41
GPRESSURE: 61 -1071.25 -4.8515 258.759 -270.817 -1153.96 40.9417 274.609 -238.26 -1472.65
ENERGY:      61      1087.1797      1589.8907       314.4803        26.2429         -34626.6549      2568.8742         0.0000         0.0000         0.0000         -29039.9872        -0.0000    -29039.9872    -29039.9872         0.0000          -2209.7927     -1232.6187    110592.0000     -2209.7927     -1232.6187

LINE MINIMIZER BRACKET: DX 1.04478e-06 6.21965e-06 DU -0.00215493 0.0695391 DUDX -3745.51 -36.6141 22055.7 
LINE MINIMIZER REDUCING GRADIENT FROM 1.53675e+06 TO 1536.75
PRESSURE: 62 -1608.43 -196.361 279.687 -196.361 -1518.35 -51.4157 279.687 -51.4157 -1799.05
GPRESSURE: 62 -1325.54 -96.3747 295.25 -346.667 -1518.96 -28.0634 305.275 -226.025 -1867.52
ENERGY:      62       931.2862      1596.2389       316.3003        23.2616         -34976.7123      2493.0770         0.0000         0.0000         0.0000         -29616.5483        -0.0000    -29616.5483    -29616.5483         0.0000          -1641.9432     -1570.6720    110592.0000     -1641.9432     -1570.6720

PRESSURE: 63 -1067.3 -355.211 386.802 -355.211 -1053.73 -151.062 386.802 -151.062 -1601.7
GPRESSURE: 63 -1316.2 -333.487 449.85 -550.304 -1738.42 -186.18 482.5 -341.697 -2069.41
ENERGY:      63       965.7876      1661.9057       319.3426        21.8813         -35315.5705      2500.1543         0.0000         0.0000         0.0000         -29846.4990        -0.0000    -29846.4990    -29846.4990         0.0000          -1240.9069     -1708.0103    110592.0000     -1240.9069     -1708.0103

PRESSURE: 64 3458.83 -1947.26 2413.97 -1947.26 262.647 -1666.05 2413.97 -1666.05 -206.15
GPRESSURE: 64 7304.66 -6850.39 4408.57 -3229.84 -345.057 -2103.19 4672.3 -3560.57 554.242
ENERGY:      64      1587.6780      1974.8590       328.8439        23.6498         -35959.8244      3596.6120         0.0000         0.0000         0.0000         -28448.1817        -0.0000    -28448.1817    -28448.1817         0.0000           1171.7761      2504.6161    110592.0000      1171.7761      2504.6161

LINE MINIMIZER BRACKET: DX 0.000521555 0.00104311 DU -229.951 1398.32 DUDX -782437 -78217.1 4.59364e+06 
PRESSURE: 65 -955.632 -408.413 430.604 -408.413 -979.387 -189.377 430.604 -189.377 -1567.43
GPRESSURE: 65 -1253.77 -419.874 511.286 -621.233 -1755.77 -238.753 557.437 -396.128 -2068.03
ENERGY:      65       995.0011      1682.2051       320.0933        21.7868         -35382.0020      2516.6790         0.0000         0.0000         0.0000         -29846.2366        -0.0000    -29846.2366    -29846.2366         0.0000          -1167.4824     -1692.5257    110592.0000     -1167.4824     -1692.5257

LINE MINIMIZER BRACKET: DX 0.000521555 0.000104311 DU -229.951 0.262404 DUDX -782437 -78217.1 85358.3 
PRESSURE: 66 -1014.09 -379.782 406.639 -379.782 -1017.27 -168.514 406.639 -168.514 -1585.37
GPRESSURE: 66 -1289.79 -372.758 477.627 -582.863 -1748.31 -210.386 516.241 -366.087 -2071.22
ENERGY:      66       979.0183      1671.4391       319.7005        21.8281         -35347.8043      2507.3204         0.0000         0.0000         0.0000         -29848.4980        -0.0000    -29848.4980    -29848.4980         0.0000          -1205.5782     -1703.1066    110592.0000     -1205.5782     -1703.1066

LINE MINIMIZER BRACKET: DX 5.05304e-05 5.37807e-05 DU -1.99899 2.2614 DUDX -78217.1 -569.944 85358.3 
LINE MINIMIZER REDUCING GRADIENT FROM 1.83515e+06 TO 1835.15
PRESSURE: 67 -1611.62 -68.646 40.2631 -68.646 -1252.55 38.5309 40.2631 38.5309 -1903.42
GPRESSURE: 67 -2222.68 -38.7628 65.0634 -196.217 -2301.95 -9.36565 48.9626 -86.7569 -2661.35
ENERGY:      67       957.8369      1664.5173       321.6322        19.2062         -35665.8370      2334.9312         0.0000         0.0000         0.0000         -30367.7132        -0.0000    -30367.7132    -30367.7132         0.0000          -1589.1981     -2395.3260    110592.0000     -1589.1981     -2395.3260

PRESSURE: 68 -2116.54 44.6532 -101.841 44.6532 -1624.04 83.9858 -101.841 83.9858 -2312.51
GPRESSURE: 68 -2691.83 32.6506 -72.3624 -77.6712 -2669.72 36.4332 -86.5848 -6.31563 -3039.7
ENERGY:      68       999.2028      1697.5197       323.8527        19.8415         -35974.3295      2281.4514         0.0000         0.0000         0.0000         -30652.4614        -0.0000    -30652.4614    -30652.4614         0.0000          -2017.6993     -2800.4158    110592.0000     -2017.6993     -2800.4158

PRESSURE: 69 -3860.17 173.224 -252.374 173.224 -3180.79 -5.25783 -252.374 -5.25783 -3717.43
GPRESSURE: 69 -3378.28 31.413 -126.051 36.8847 -3211.76 -73.4274 -102.259 -145.56 -3343.57
ENERGY:      69      1283.8267      1885.4452       328.7014        29.6224         -36564.1801      2306.6457         0.0000         0.0000         0.0000         -30729.9386        -0.0000    -30729.9386    -30729.9386         0.0000          -3586.1307     -3311.2019    110592.0000     -3586.1307     -3311.2019

PRESSURE: 70 -5026.71 4249.46 -1599.33 4249.46 8327.18 -21968.1 -1599.33 -21968.1 28132.4
GPRESSURE: 70 12390.8 -13191.4 9283.84 -2315.72 23239 -52272.3 18210 -51285.2 83167.4
ETITLE:      TS           BOND          ANGLE          DIHED          IMPRP               ELECT            VDW       BOUNDARY           MISC        KINETIC               TOTAL           TEMP      POTENTIAL         TOTAL3        TEMPAVG            PRESSURE      GPRESSURE         VOLUME       PRESSAVG      GPRESSAVG

ENERGY:      70      3132.5493      2862.3891       346.7529        75.8985         -37638.3498     10878.0225         0.0000         0.0000         0.0000         -20342.7376        -0.0000    -20342.7376    -20342.7376         0.0000          10477.6164     39599.0852    110592.0000     10477.6164     39599.0852

LINE MINIMIZER BRACKET: DX 0.000785099 0.0015702 DU -77.4772 10387.2 DUDX -518202 386910 3.05515e+07 
PRESSURE: 71 -3032.82 128.731 -205.081 128.731 -2430.34 62.9745 -205.081 62.9745 -3085
GPRESSURE: 71 -3131.85 47.6834 -134.227 -1.54363 -3026.89 8.6811 -132.972 -21.706 -3332.34
ENERGY:      71      1134.6203      1789.7477       326.4980        24.4731         -36333.4205      2274.4510         0.0000         0.0000         0.0000         -30783.6304        -0.0000    -30783.6304    -30783.6304         0.0000          -2849.3855     -3163.6944    110592.0000     -2849.3855     -3163.6944

LINE MINIMIZER BRACKET: DX 0.000472325 0.000312774 DU -131.169 53.6918 DUDX -518202 -24581.7 386910 
PRESSURE: 72 -3107.64 133.623 -210.643 133.623 -2498.08 58.5463 -210.643 58.5463 -3145.61
GPRESSURE: 72 -3158.32 47.3189 -135.533 2.68855 -3047.68 3.24304 -132.758 -28.4363 -3342.82
ENERGY:      72      1147.2302      1798.0230       326.6974        24.9169         -36356.7457      2276.0491         0.0000         0.0000         0.0000         -30783.8291        -0.0000    -30783.8291    -30783.8291         0.0000          -2917.1141     -3182.9411    110592.0000     -2917.1141     -3182.9411

LINE MINIMIZER BRACKET: DX 3.12774e-05 0.000281496 DU -0.198685 53.8905 DUDX -24581.7 11976.8 386910 
PRESSURE: 73 -3083.01 132.033 -208.847 132.033 -2475.77 60.0381 -208.847 60.0381 -3125.71
GPRESSURE: 73 -3149.72 47.4591 -135.152 1.31369 -3040.94 5.0733 -132.885 -26.1364 -3339.56
ENERGY:      73      1143.0567      1795.2884       326.6317        24.7702         -36349.1321      2275.4940         0.0000         0.0000         0.0000         -30783.8910        -0.0000    -30783.8910    -30783.8910         0.0000          -2894.8289     -3176.7419    110592.0000     -2894.8289     -3176.7419

LINE MINIMIZER BRACKET: DX 2.10586e-05 1.02187e-05 DU -0.260634 0.0619487 DUDX -24581.7 -52.6052 11976.8 
LINE MINIMIZER REDUCING GRADIENT FROM 1.51542e+06 TO 1515.42
PRESSURE: 74 -4460.24 113.41 50.6067 113.41 -3936.4 -112.806 50.6067 -112.806 -3321.09
GPRESSURE: 74 -3645.86 -293.279 441.522 39.2727 -3740.58 40.1069 926.721 -1194.04 -1789.43
ENERGY:      74      1065.9881      1687.7352       321.3631        30.3275         -36734.4927      2436.4098         0.0000         0.0000         0.0000         -31192.6689        -0.0000    -31192.6689    -31192.6689         0.0000          -3905.9076     -3058.6242    110592.0000     -3905.9076     -3058.6242

PRESSURE: 75 -5728.12 107.351 9037.34 107.351 -5992.22 1463.19 9037.34 1463.19 64232.4
GPRESSURE: 75 9231.74 -20994.8 27671.1 3559.58 -9684.91 6643.18 107619 -163183 210881
ENERGY:      75      1762.0766      1779.8218       319.0390        52.5944         -37101.2665     12026.5443         0.0000         0.0000         0.0000         -21161.1905        -0.0000    -21161.1905    -21161.1905         0.0000          17504.0142     70142.7038    110592.0000     17504.0142     70142.7038

LINE MINIMIZER BRACKET: DX 0.000784945 0.000784945 DU -408.778 10031.5 DUDX -1.51542e+06 578394 6.60725e+07 
PRESSURE: 76 -4010.13 127.324 -76.1825 127.324 -3465.36 -74.5283 -76.1825 -74.5283 -3454.26
GPRESSURE: 76 -3587.17 -110.497 150.732 -4.89415 -3508.98 -25.5379 308.52 -424.378 -2899.37
ENERGY:      76      1012.7162      1697.7021       322.4484        27.8942         -36634.7348      2342.2964         0.0000         0.0000         0.0000         -31231.6775        -0.0000    -31231.6775    -31231.6775         0.0000          -3643.2480     -3331.8420    110592.0000     -3643.2480     -3331.8420

LINE MINIMIZER BRACKET: DX 0.000578422 0.000206524 DU -447.786 39.0086 DUDX -1.51542e+06 -138431 578394 
PRESSURE: 77 -4100.76 124.772 -56.2321 124.772 -3560.72 -84.9427 -56.2321 -84.9427 -3456.74
GPRESSURE: 77 -3608.2 -137.612 195.118 -0.612357 -3551.31 -20.854 394.279 -525.852 -2757.27
ENERGY:      77      1019.5602      1694.4699       322.1988        28.3360         -36655.9310      2356.3082         0.0000         0.0000         0.0000         -31235.0579        -0.0000    -31235.0579    -31235.0579         0.0000          -3706.0705     -3305.5957    110592.0000     -3706.0705     -3305.5957

LINE MINIMIZER BRACKET: DX 4.36728e-05 0.000162851 DU -3.38045 42.389 DUDX -138431 -14654 578394 
PRESSURE: 78 -4135.22 123.745 -48.0603 123.745 -3596.91 -88.6149 -48.0603 -88.6149 -3454.71
GPRESSURE: 78 -3615.15 -148.935 213.46 1.48091 -3567.76 -18.1985 430.806 -569.849 -2694.89
ENERGY:      78      1022.7177      1693.4178       322.1084        28.5101         -36663.8235      2362.1671         0.0000         0.0000         0.0000         -31234.9023        -0.0000    -31234.9023    -31234.9023         0.0000          -3728.9466     -3292.5995    110592.0000     -3728.9466     -3292.5995

LINE MINIMIZER BRACKET: DX 4.36728e-05 1.62851e-05 DU -3.38045 0.155606 DUDX -138431 -14654 34341.4 
PRESSURE: 79 -4111.15 124.464 -53.8022 124.464 -3571.63 -86.0651 -53.8022 -86.0651 -3456.31
GPRESSURE: 79 -3610.37 -140.966 200.56 -0.0114139 -3556.24 -20.1047 405.052 -538.782 -2738.98
ENERGY:      79      1020.4811      1694.1427       322.1713        28.3882         -36658.3208      2358.0424         0.0000         0.0000         0.0000         -31235.0951        -0.0000    -31235.0951    -31235.0951         0.0000          -3713.0331     -3301.8629    110592.0000     -3713.0331     -3301.8629

LINE MINIMIZER BRACKET: DX 4.92876e-06 1.13563e-05 DU -0.037179 0.192785 DUDX -14654 -1.2798 34341.4 
LINE MINIMIZER REDUCING GRADIENT FROM 2.12203e+06 TO 2122.03
PRESSURE: 80 -4640.71 44.9855 -15.2955 44.9855 -4112.4 -329.032 -15.2955 -329.032 -4095.44
GPRESSURE: 80 -3937.32 -186.928 246.974 -164.237 -3641.64 -347.712 298.793 -369.357 -3337.96
ETITLE:      TS           BOND          ANGLE          DIHED          IMPRP               ELECT            VDW       BOUNDARY           MISC        KINETIC               TOTAL           TEMP      POTENTIAL         TOTAL3        TEMPAVG            PRESSURE      GPRESSURE         VOLUME       PRESSAVG      GPRESSAVG

ENERGY:      80      1080.0358      1582.9638       317.2118        27.3915         -36823.1422      2359.8400         0.0000         0.0000         0.0000         -31455.6993        -0.0000    -31455.6993    -31455.6993         0.0000          -4282.8506     -3638.9721    110592.0000     -4282.8506     -3638.9721

PRESSURE: 81 -5490.71 -98.5637 62.3006 -98.5637 -4862.72 -618.341 62.3006 -618.341 -4987.59
GPRESSURE: 81 -4179.04 -336.969 419.065 -376.669 -3589.29 -775.834 357.251 -415.438 -3591.19
ENERGY:      81      1306.7064      1535.9298       312.8125        28.5650         -36984.0884      2419.5565         0.0000         0.0000         0.0000         -31380.5182        -0.0000    -31380.5182    -31380.5182         0.0000          -5113.6725     -3786.5029    110592.0000     -5113.6725     -3786.5029

LINE MINIMIZER BRACKET: DX 0.000306603 0.000306603 DU -220.604 75.1811 DUDX -2.12203e+06 -229985 712152 
PRESSURE: 82 -4816.73 17.2006 1.34744 17.2006 -4277.06 -393.843 1.34744 -393.843 -4284.6
GPRESSURE: 82 -4001.48 -215.278 281.343 -209.517 -3645.54 -438.359 303.488 -365.268 -3420.33
ENERGY:      82      1119.5445      1566.0589       316.0831        27.4681         -36862.4563      2369.1735         0.0000         0.0000         0.0000         -31464.1282        -0.0000    -31464.1282    -31464.1282         0.0000          -4459.4605     -3689.1173    110592.0000     -4459.4605     -3689.1173

LINE MINIMIZER BRACKET: DX 7.41956e-05 0.000232408 DU -8.42891 83.61 DUDX -229985 2451.48 712152 
PRESSURE: 83 -4798.29 20.1659 -0.402078 20.1659 -4260.08 -387.216 -0.402078 -387.216 -4264.99
GPRESSURE: 83 -3995.28 -212.185 277.626 -204.825 -3645.58 -428.949 302.658 -365.159 -3412.88
ENERGY:      83      1115.1549      1567.5812       316.1945        27.4546         -36858.5382      2368.0896         0.0000         0.0000         0.0000         -31464.0634        -0.0000    -31464.0634    -31464.0634         0.0000          -4441.1205     -3684.5796    110592.0000     -4441.1205     -3684.5796

LINE MINIMIZER BRACKET: DX 7.41956e-06 0.000232408 DU -0.0648336 83.61 DUDX -20681 2451.48 712152 
PRESSURE: 84 -4814.7 17.5265 1.15548 17.5265 -4275.19 -393.116 1.15548 -393.116 -4282.44
GPRESSURE: 84 -4000.8 -214.937 280.934 -209.003 -3645.55 -437.325 303.394 -365.252 -3419.52
ENERGY:      84      1119.0589      1566.2239       316.0953        27.4665         -36862.0268      2369.0531         0.0000         0.0000         0.0000         -31464.1291        -0.0000    -31464.1291    -31464.1291         0.0000          -4457.4422     -3688.6234    110592.0000     -4457.4422     -3688.6234

LINE MINIMIZER BRACKET: DX 6.60681e-06 8.12752e-07 DU -0.0656828 0.000849173 DUDX -20681 -81.2661 2451.48 
LINE MINIMIZER REDUCING GRADIENT FROM 2.03202e+06 TO 2032.02
PRESSURE: 85 -4869.13 32.6869 -48.1904 32.6869 -4341.01 -408.786 -48.1904 -408.786 -4528.48
GPRESSURE: 85 -4107.53 -182.152 199.077 -206.119 -3657.72 -422.736 191.024 -227.144 -3744.19
ENERGY:      85      1100.4067      1495.2501       313.1331        24.0806         -36920.5788      2335.3786         0.0000         0.0000         0.0000         -31652.3297        -0.0000    -31652.3297    -31652.3297         0.0000          -4579.5403     -3836.4802    110592.0000     -4579.5403     -3836.4802

PRESSURE: 86 -4995.36 36.8184 -80.5331 36.8184 -4502.59 -429.117 -80.5331 -429.117 -4809.2
GPRESSURE: 86 -4197.41 -163.461 144.334 -198.373 -3681.89 -398.185 128.565 -149.024 -3959.12
ENERGY:      86      1110.6426      1438.0138       310.6014        21.9349         -36978.1018      2314.4096         0.0000         0.0000         0.0000         -31782.4995        -0.0000    -31782.4995    -31782.4995         0.0000          -4769.0485     -3946.1407    110592.0000     -4769.0485     -3946.1407

PRESSURE: 87 -5472.18 22.5943 -97.3924 22.5943 -5126.67 -501.837 -97.3924 -501.837 -5533.79
GPRESSURE: 87 -4340.21 -157.149 86.3149 -192.108 -3741.18 -365.381 73.1332 -79.9281 -4228.54
ENERGY:      87      1222.2445      1368.0050       307.2759        20.8129         -37090.1146      2300.2714         0.0000         0.0000         0.0000         -31871.5050        -0.0000    -31871.5050    -31871.5050         0.0000          -5377.5455     -4103.3079    110592.0000     -5377.5455     -4103.3079

2015-02-02 10:09:04.887 (WARN ) [0xfffa8b89220] 8761428:ibm.runjob.client.Job: terminated by signal 9
2015-02-02 10:09:04.887 (WARN ) [0xfffa8b89220] 8761428:ibm.runjob.client.Job: abnormal termination by signal 9 from rank 1
