Converse/Charm++ Commit ID: v6.3.0-723-g6148ae1
[0] isomalloc.c> Disabling isomalloc because isomalloc disabled by conv-mach
Info: NAMD 2.9 for BlueGeneQ
Info: 
Info: Please visit http://www.ks.uiuc.edu/Research/namd/
Info: for updates, documentation, and support information.
Info: 
Info: Please cite Phillips et al., J. Comp. Chem. 26:1781-1802 (2005)
Info: in all publications reporting results obtained with NAMD.
Info: 
Info: Based on Charm++/Converse 60305 for pami-bluegeneq-smp-xlc
Info: Built Sun Dec 7 11:31:12 EST 2014 by bobdanani on avoca-test
Info: Running on 128 processors, 16 nodes, 16 physical nodes.
Info: CPU topology information unavailable.
Info: Charm++/Converse parallel runtime startup completed at 0.041181 s
Info: 202.062 MB of memory in use based on /proc/self/stat
Info: Configuration file is namd_equilibration_script.conf
Info: Working in the current directory /vlsci/VR0021/mike/GIT/MD_workflow_py/newdir/newiDir0016
TCL: Suspending until startup complete.
Info: SIMULATION PARAMETERS:
Info: TIMESTEP               2
Info: NUMBER OF STEPS        0
Info: STEPS PER CYCLE        10
Info: PERIODIC CELL BASIS 1  48 0 0
Info: PERIODIC CELL BASIS 2  0 48 0
Info: PERIODIC CELL BASIS 3  0 0 48
Info: PERIODIC CELL CENTER   0 0 0
Info: WRAPPING WATERS AROUND PERIODIC BOUNDARIES ON OUTPUT.
Info: WRAPPING ALL CLUSTERS AROUND PERIODIC BOUNDARIES ON OUTPUT.
Info: LOAD BALANCER  Centralized
Info: LOAD BALANCING STRATEGY  New Load Balancers -- DEFAULT
Info: LDB PERIOD             2000 steps
Info: FIRST LDB TIMESTEP     50
Info: LAST LDB TIMESTEP     -1
Info: LDB BACKGROUND SCALING 1
Info: HOM BACKGROUND SCALING 1
Info: PME BACKGROUND SCALING 1
Info: REMOVING PATCHES FROM PROCESSOR 0
Info: MIN ATOMS PER PATCH    40
Info: INITIAL TEMPERATURE    310
Info: CENTER OF MASS MOVING INITIALLY? NO
Info: DIELECTRIC             1
Info: EXCLUDE                SCALED ONE-FOUR
Info: 1-4 ELECTROSTATICS SCALED BY 1
Info: MODIFIED 1-4 VDW PARAMETERS WILL BE USED
Info: DCD FILENAME           current_MD_run_files.dcd
Info: DCD FREQUENCY          500
Info: DCD FIRST STEP         500
Info: DCD FILE WILL CONTAIN UNIT CELL DATA
Info: XST FILENAME           current_MD_run_files.xst
Info: XST FREQUENCY          500
Info: NO VELOCITY DCD OUTPUT
Info: NO FORCE DCD OUTPUT
Info: OUTPUT FILENAME        current_MD_run_files
Info: BINARY OUTPUT FILES WILL BE USED
Info: RESTART FILENAME       current_MD_run_files.restart
Info: RESTART FREQUENCY      5000
Info: BINARY RESTART FILES WILL BE USED
Info: SWITCHING ACTIVE
Info: SWITCHING ON           10
Info: SWITCHING OFF          12
Info: PAIRLIST DISTANCE      14
Info: PAIRLIST SHRINK RATE   0.01
Info: PAIRLIST GROW RATE     0.01
Info: PAIRLIST TRIGGER       0.3
Info: PAIRLISTS PER CYCLE    2
Info: PAIRLISTS ENABLED
Info: MARGIN                 0.99
Info: HYDROGEN GROUP CUTOFF  2.5
Info: PATCH DIMENSION        17.49
Info: ENERGY OUTPUT STEPS    500
Info: CROSSTERM ENERGY INCLUDED IN DIHEDRAL
Info: TIMING OUTPUT STEPS    500
Info: PRESSURE OUTPUT STEPS  500
Info: LANGEVIN DYNAMICS ACTIVE
Info: LANGEVIN TEMPERATURE   310
Info: LANGEVIN DAMPING COEFFICIENT IS 5 INVERSE PS
Info: LANGEVIN DYNAMICS NOT APPLIED TO HYDROGENS
Info: LANGEVIN PISTON PRESSURE CONTROL ACTIVE
Info:        TARGET PRESSURE IS 1.01325 BAR
Info:     OSCILLATION PERIOD IS 100 FS
Info:             DECAY TIME IS 50 FS
Info:     PISTON TEMPERATURE IS 310 K
Info:       PRESSURE CONTROL IS GROUP-BASED
Info:    INITIAL STRAIN RATE IS 0 0 0
Info:       CELL FLUCTUATION IS ANISOTROPIC
Info: PARTICLE MESH EWALD (PME) ACTIVE
Info: PME TOLERANCE               1e-06
Info: PME EWALD COEFFICIENT       0.257952
Info: PME INTERPOLATION ORDER     4
Info: PME GRID DIMENSIONS         48 48 48
Info: PME MAXIMUM GRID SPACING    1
Info: Attempting to read FFTW data from FFTW_NAMD_2.9_BlueGeneQ.txt
Info: Optimizing 6 FFT steps.  1... 2... 3... 4... 5... 6...   Done.
Info: Writing FFTW data to FFTW_NAMD_2.9_BlueGeneQ.txt
Info: FULL ELECTROSTATIC EVALUATION FREQUENCY      2
Info: USING VERLET I (r-RESPA) MTS SCHEME.
Info: C1 SPLITTING OF LONG RANGE ELECTROSTATICS
Info: PLACING ATOMS IN PATCHES BY HYDROGEN GROUPS
Info: RIGID BONDS TO HYDROGEN : ALL
Info:         ERROR TOLERANCE : 1e-08
Info:          MAX ITERATIONS : 100
Info: RIGID WATER USING SETTLE ALGORITHM
Info: RANDOM NUMBER SEED     1422832113
Info: USE HYDROGEN BONDS?    NO
Info: COORDINATE PDB         ../../InputFiles/example.pdb
Info: STRUCTURE FILE         ../../InputFiles/example.psf
Info: PARAMETER file: CHARMM format! 
Info: PARAMETERS             ../../InputFiles/Parameters/par_all27_prot_na.prm
Info: USING ARITHMETIC MEAN TO COMBINE L-J SIGMA PARAMETERS
Info: SUMMARY OF PARAMETERS:
Info: 258 BONDS
Info: 666 ANGLES
Info: 1134 DIHEDRAL
Info: 70 IMPROPER
Info: 6 CROSSTERM
Info: 164 VDW
Info: 0 VDW_PAIRS
Info: 0 NBTHOLE_PAIRS
Info: TIME FOR READING PSF FILE: 1.9953
Info: TIME FOR READING PDB FILE: 0.44836
Info: 
Info: ****************************
Info: STRUCTURE SUMMARY:
Info: 10315 ATOMS
Info: 7285 BONDS
Info: 5281 ANGLES
Info: 3293 DIHEDRALS
Info: 204 IMPROPERS
Info: 74 CROSSTERMS
Info: 0 EXCLUSIONS
Info: 9701 RIGID BONDS
Info: 21244 DEGREES OF FREEDOM
Info: 3638 HYDROGEN GROUPS
Info: 4 ATOMS IN LARGEST HYDROGEN GROUP
Info: 3638 MIGRATION GROUPS
Info: 4 ATOMS IN LARGEST MIGRATION GROUP
Info: TOTAL MASS = 63394.1 amu
Info: TOTAL CHARGE = 1.00955e-06 e
Info: MASS DENSITY = 0.951884 g/cm^3
Info: ATOM DENSITY = 0.0932708 atoms/A^3
Info: *****************************
Info: 
Info: Entering startup at 24.544 s, 202.062 MB of memory in use
Info: Startup phase 0 took 0.00318558 s, 202.062 MB of memory in use
Info: Startup phase 1 took 0.10426 s, 202.062 MB of memory in use
Info: Startup phase 2 took 0.00414683 s, 202.062 MB of memory in use
Info: Startup phase 3 took 0.00314163 s, 202.062 MB of memory in use
Info: PATCH GRID IS 5 (PERIODIC) BY 5 (PERIODIC) BY 2 (PERIODIC)
Info: PATCH GRID IS 2-AWAY BY 2-AWAY BY 1-AWAY
Info: REMOVING COM VELOCITY 0.00269239 0.0721997 -0.0397862
Info: LARGEST PATCH (12) HAS 234 ATOMS
Info: Startup phase 4 took 0.032897 s, 202.062 MB of memory in use
Info: PME using 24 and 24 processors for FFT and reciprocal sum.
Info: PME USING 16 GRID NODES AND 16 TRANS NODES
Info: PME GRID LOCATIONS: 7 11 15 23 27 31 39 43 47 55 ...
Info: PME TRANS LOCATIONS: 3 5 13 19 21 29 35 37 45 51 ...
Info: Startup phase 5 took 0.00732853 s, 202.062 MB of memory in use
Info: Startup phase 6 took 0.00968239 s, 202.062 MB of memory in use
LDB: Central LB being created...
Info: Startup phase 7 took 1.20438 s, 202.062 MB of memory in use
Info: CREATING 2450 COMPUTE OBJECTS
Info: NONBONDED TABLE R-SQUARED SPACING: 0.0625
Info: NONBONDED TABLE SIZE: 769 POINTS
Info: ABSOLUTE IMPRECISION IN FAST TABLE ENERGY: 3.38813e-21 AT 11.7447
Info: RELATIVE IMPRECISION IN FAST TABLE ENERGY: 6.92477e-14 AT 11.9138
Info: ABSOLUTE IMPRECISION IN FAST TABLE FORCE: 2.64698e-23 AT 11.9138
Info: RELATIVE IMPRECISION IN FAST TABLE FORCE: 1.40436e-16 AT 11.9138
Info: ABSOLUTE IMPRECISION IN SCOR TABLE ENERGY: 3.38813e-21 AT 11.7447
Info: RELATIVE IMPRECISION IN SCOR TABLE ENERGY: 4.24069e-16 AT 11.9138
Info: ABSOLUTE IMPRECISION IN SCOR TABLE FORCE: 4.10282e-22 AT 11.9138
Info: RELATIVE IMPRECISION IN SCOR TABLE FORCE: 3.56912e-15 AT 11.9138
Info: ABSOLUTE IMPRECISION IN VDWA TABLE ENERGY: 9.86076e-32 AT 11.8295
Info: RELATIVE IMPRECISION IN VDWA TABLE ENERGY: 6.75473e-14 AT 11.9138
Info: ABSOLUTE IMPRECISION IN VDWA TABLE FORCE: 4.62223e-32 AT 11.9138
Info: RELATIVE IMPRECISION IN VDWA TABLE FORCE: 2.12237e-15 AT 11.9138
Info: ABSOLUTE IMPRECISION IN VDWB TABLE ENERGY: 4.1359e-25 AT 11.8295
Info: RELATIVE IMPRECISION IN VDWB TABLE ENERGY: 7.56853e-15 AT 11.9138
Info: ABSOLUTE IMPRECISION IN VDWB TABLE FORCE: 3.87741e-26 AT 11.9138
Info: RELATIVE IMPRECISION IN VDWB TABLE FORCE: 5.97409e-16 AT 11.9138
Info: useSync: 0 useProxySync: 0
Info: Startup phase 8 took 0.0325238 s, 202.062 MB of memory in use
Info: Building spanning tree ... send: 1 recv: 0 with branch factor 9
Info: Startup phase 9 took 0.00349869 s, 202.062 MB of memory in use
Info: Startup phase 10 took 0.00241961 s, 202.062 MB of memory in use
Info: Finished startup at 25.9515 s, 202.062 MB of memory in use

TCL: Minimizing for 500 steps
PRESSURE: 0 7.92778e+08 9.80914e+08 6.43957e+08 9.80914e+08 1.21846e+09 7.99677e+08 6.43957e+08 7.99677e+08 5.27056e+08
GPRESSURE: 0 7.92785e+08 9.80912e+08 6.43961e+08 9.80914e+08 1.21847e+09 7.99675e+08 6.4396e+08 7.99677e+08 5.27061e+08
ETITLE:      TS           BOND          ANGLE          DIHED          IMPRP               ELECT            VDW       BOUNDARY           MISC        KINETIC               TOTAL           TEMP      POTENTIAL         TOTAL3        TEMPAVG            PRESSURE      GPRESSURE         VOLUME       PRESSAVG      GPRESSAVG

ENERGY:       0      3088.5033      1499.3301       263.8206        10.6933         -30848.5032 336586487.2282         0.0000         0.0000         0.0000      336560501.0723        -0.0000 336560501.0723 336560501.0723         0.0000      846098063.7249 846104120.5607    110592.0000 846098063.7249 846104120.5607

OPENING EXTENDED SYSTEM TRAJECTORY FILE
MINIMIZER SLOWLY MOVING 41 ATOMS WITH BAD CONTACTS DOWNHILL
PRESSURE: 1 2.3761e+07 2.92891e+07 1.92693e+07 2.92891e+07 3.65371e+07 2.38544e+07 1.92693e+07 2.38544e+07 1.58365e+07
GPRESSURE: 1 2.37671e+07 2.92887e+07 1.92714e+07 2.92892e+07 3.65424e+07 2.38532e+07 1.9271e+07 2.38552e+07 1.58411e+07
ENERGY:       1      3097.8780      1492.2035       263.8872        11.6906         -30918.4515  10098045.4909         0.0000         0.0000         0.0000       10071992.6987        -0.0000  10071992.6987  10071992.6987         0.0000       25378190.6513  25383543.1824    110592.0000  25378190.6513  25383543.1824

MINIMIZER SLOWLY MOVING 20 ATOMS WITH BAD CONTACTS DOWNHILL
PRESSURE: 2 1.60262e+06 1.93601e+06 1.28335e+06 1.93601e+06 2.45349e+06 1.57411e+06 1.28335e+06 1.57411e+06 1.07617e+06
GPRESSURE: 2 1.60887e+06 1.93607e+06 1.28495e+06 1.9358e+06 2.45889e+06 1.57341e+06 1.28485e+06 1.57465e+06 1.08101e+06
ENERGY:       2      3098.8562      1486.5938       264.0525        11.6906         -30939.5731    683808.6242         0.0000         0.0000         0.0000         657730.2442        -0.0000    657730.2442    657730.2442         0.0000        1710761.1668   1716255.7876    110592.0000   1710761.1668   1716255.7876

MINIMIZER SLOWLY MOVING 8 ATOMS WITH BAD CONTACTS DOWNHILL
PRESSURE: 3 197678 209202 143265 209202 286173 169684 143265 169684 134769
GPRESSURE: 3 204076 209794 144555 208589 291200 169306 144311 169543 140107
ENERGY:       3      3098.8562      1486.5938       264.0525        11.6906         -30939.6937     85515.0225         0.0000         0.0000         0.0000          59436.5219        -0.0000     59436.5219     59436.5219         0.0000         206206.9406    211794.4545    110592.0000    206206.9406    211794.4545

MINIMIZER SLOWLY MOVING 4 ATOMS WITH BAD CONTACTS DOWNHILL
PRESSURE: 4 51832.3 29892.9 24062.2 29892.9 59310.8 24792.8 24062.2 24792.8 35775.4
GPRESSURE: 4 58421.7 30508.2 25327.7 28842.3 64264.8 24475.3 24635.9 24619.7 41255.5
ENERGY:       4      3098.8562      1486.5938       264.0525        11.6906         -30939.5674     23037.6747         0.0000         0.0000         0.0000          -3040.6997        -0.0000     -3040.6997     -3040.6997         0.0000          48972.8153     54647.3064    110592.0000     48972.8153     54647.3064

MINIMIZER SLOWLY MOVING 2 ATOMS WITH BAD CONTACTS DOWNHILL
PRESSURE: 5 30532.1 3498.92 6725.59 3498.92 26455.3 3178.44 6725.59 3178.44 21542
GPRESSURE: 5 37142.6 4114.36 7988.38 2350.17 31398.3 2879.07 7205.28 2993.04 27043.8
ENERGY:       5      3098.8562      1486.5938       264.0525        11.6906         -30938.6693     13993.1376         0.0000         0.0000         0.0000         -12084.3386        -0.0000    -12084.3386    -12084.3386         0.0000          26176.4652     31861.5673    110592.0000     26176.4652     31861.5673

MINIMIZER SLOWLY MOVING 2 ATOMS WITH BAD CONTACTS DOWNHILL
PRESSURE: 6 26526.3 -1468.36 3460.82 -1468.36 20273.6 -889.048 3460.82 -889.048 18867
GPRESSURE: 6 33138.6 -853.801 4722.7 -2634.96 25214.1 -1184.61 3925.75 -1074.84 24370.8
ENERGY:       6      3098.8562      1486.5938       264.0525        11.6906         -30936.7427     12297.3267         0.0000         0.0000         0.0000         -13778.2230        -0.0000    -13778.2230    -13778.2230         0.0000          21889.0008     27574.5239    110592.0000     21889.0008     27574.5239

MINIMIZER SLOWLY MOVING 2 ATOMS WITH BAD CONTACTS DOWNHILL
PRESSURE: 7 25612.5 -2600.63 2716.01 -2600.63 18869.7 -1812.5 2716.01 -1812.5 18263.3
GPRESSURE: 7 32281.5 -2000.41 3936.7 -3699.2 23792.6 -2157.42 3226.41 -2008 23733.4
ENERGY:       7      3098.8562      1486.5938       264.0525        11.6906         -30934.6537     11914.2537         0.0000         0.0000         0.0000         -14159.2069        -0.0000    -14159.2069    -14159.2069         0.0000          20915.1785     26602.5042    110592.0000     20915.1785     26602.5042

MINIMIZER STARTING CONJUGATE GRADIENT ALGORITHM
LINE MINIMIZER REDUCING GRADIENT FROM 1.28304e+08 TO 128304
PRESSURE: 8 25247.7 -2536.43 2691.61 -2536.43 18631.3 -1769.09 2691.61 -1769.09 18003.1
GPRESSURE: 8 31880.1 -1938.49 3895.18 -3619.96 23534.7 -2102.32 3197.2 -1962.55 23436.4
ENERGY:       8      3090.7892      1485.5168       264.0466        11.6886         -30936.5185     11797.8422         0.0000         0.0000         0.0000         -14286.6351        -0.0000    -14286.6351    -14286.6351         0.0000          20627.3447     26283.7546    110592.0000     20627.3447     26283.7546

PRESSURE: 9 24890.1 -2473.62 2667.3 -2473.62 18397.3 -1726.98 2667.3 -1726.98 17748.1
GPRESSURE: 9 31486.6 -1877.91 3854.09 -3542.44 23281.6 -2048.85 3168.19 -1918.45 23145.4
ENERGY:       9      3082.7502      1484.4436       264.0410        11.6870         -30938.3841     11683.6730         0.0000         0.0000         0.0000         -14411.7892        -0.0000    -14411.7892    -14411.7892         0.0000          20345.1877     25971.1849    110592.0000     20345.1877     25971.1849

LDB: ============= START OF LOAD BALANCING ============== 26.3564
LDB: ============== END OF LOAD BALANCING =============== 26.3574
Info: useSync: 0 useProxySync: 0
LDB: =============== DONE WITH MIGRATION ================ 26.3631
PRESSURE: 10 24195.8 -2352.01 2618.96 -2352.01 17942.4 -1646.44 2618.96 -1646.44 17253.7
GPRESSURE: 10 30722.2 -1760.69 3773.13 -3392.42 22789.1 -1946.53 3110.7 -1834.05 22580.6
ETITLE:      TS           BOND          ANGLE          DIHED          IMPRP               ELECT            VDW       BOUNDARY           MISC        KINETIC               TOTAL           TEMP      POTENTIAL         TOTAL3        TEMPAVG            PRESSURE      GPRESSURE         VOLUME       PRESSAVG      GPRESSAVG

ENERGY:      10      3066.7562      1482.3085       264.0305        11.6851         -30942.1129     11461.8508         0.0000         0.0000         0.0000         -14655.4818        -0.0000    -14655.4818    -14655.4818         0.0000          19797.3211     25363.9781    110592.0000     19797.3211     25363.9781

PRESSURE: 11 22886.6 -2123.99 2523.69 -2123.99 17081.9 -1499.14 2523.69 -1499.14 16323.1
GPRESSURE: 11 29279.6 -1541.1 3616.28 -3111.35 21856.5 -1759.16 2998.16 -1679.43 21516.2
ENERGY:      11      3035.1037      1478.0836       264.0124        11.6860         -30949.5614     11042.8731         0.0000         0.0000         0.0000         -15117.8025        -0.0000    -15117.8025    -15117.8025         0.0000          18763.8759     24217.4310    110592.0000     18763.8759     24217.4310

PRESSURE: 12 20553.4 -1722.95 2339.96 -1722.95 15538.6 -1252.24 2339.96 -1252.24 14669.9
GPRESSURE: 12 26703.6 -1155.89 3322.71 -2617.66 20179.9 -1444.57 2783.67 -1419.34 19620.8
ENERGY:      12      2973.1376      1469.8155       263.9877        11.7070         -30964.4243     10293.4960         0.0000         0.0000         0.0000         -15952.2805        -0.0000    -15952.2805    -15952.2805         0.0000          16920.6524     22168.1114    110592.0000     16920.6524     22168.1114

PRESSURE: 13 16815.2 -1100.53 2006.84 -1100.53 13034.3 -904.044 2006.84 -904.044 12035.6
GPRESSURE: 13 22558 -562.478 2814.14 -1853.11 17445.3 -1000.21 2401.8 -1049.07 16584.8
ENERGY:      13      2854.5340      1454.0067       263.9835        11.8263         -30994.0210      9082.7739         0.0000         0.0000         0.0000         -17326.8966        -0.0000    -17326.8966    -17326.8966         0.0000          13961.6881     18862.6755    110592.0000     13961.6881     18862.6755

PRESSURE: 14 11864.8 -345.294 1493.19 -345.294 9637.93 -556.087 1493.19 -556.087 8576.4
GPRESSURE: 14 17006.2 140.803 2073.1 -927.946 13689.1 -559.716 1830.1 -669.463 12552.7
ENERGY:      14      2638.4195      1425.3083       264.1507        12.3760         -31052.7540      7446.6365         0.0000         0.0000         0.0000         -19265.8629        -0.0000    -19265.8629    -19265.8629         0.0000          10026.3729     14415.9962    110592.0000     10026.3729     14415.9962

PRESSURE: 15 7108.42 200.401 980.708 200.401 6246.69 -418.948 980.708 -418.948 5323.14
GPRESSURE: 15 11503.7 603.898 1365.47 -268.069 9802.28 -413.601 1312.93 -508.31 8650.47
ENERGY:      15      2288.6245      1379.6753       265.1654        14.7443         -31168.6190      5790.4200         0.0000         0.0000         0.0000         -21429.9895        -0.0000    -21429.9895    -21429.9895         0.0000           6226.0811      9985.4766    110592.0000      6226.0811      9985.4766

PRESSURE: 16 4850.09 165.432 1257.94 165.432 4514.88 -754.599 1257.94 -754.599 4125.78
GPRESSURE: 16 8668.6 486.094 1707.32 -477.896 7507.27 -965.973 1985.97 -921.641 7053.82
ENERGY:      16      1900.2223      1336.3753       270.1213        24.8446         -31394.4640      4840.6795         0.0000         0.0000         0.0000         -23022.2210        -0.0000    -23022.2210    -23022.2210         0.0000           4496.9203      7743.2303    110592.0000      4496.9203      7743.2303

PRESSURE: 17 17852.3 -1550.03 12378.5 -1550.03 10801.7 -4850.32 12378.5 -4850.32 17654.9
GPRESSURE: 17 30366.1 273.82 17743.2 -5798.21 14465.5 -7375.29 22472.3 -4882.86 26267.7
ENERGY:      17      2163.8410      1452.4679       293.4260        71.7709         -31822.6930      8851.2293         0.0000         0.0000         0.0000         -18989.9580        -0.0000    -18989.9580    -18989.9580         0.0000          15436.3105     23699.7774    110592.0000     15436.3105     23699.7774

LINE MINIMIZER BRACKET: DX 0.000128 0.000256 DU -1592.23 4032.26 DUDX -2.32342e+07 -4.29861e+06 5.45662e+07 
PRESSURE: 18 4953.74 96.6938 1515.53 96.6938 4553.16 -899.461 1515.53 -899.461 4341.14
GPRESSURE: 18 8800.08 414.144 2049.01 -651.118 7479.81 -1192.18 2434.04 -1102.32 7307.51
ENERGY:      18      1867.1741      1335.6056       271.7736        28.0148         -31441.9085      4839.5343         0.0000         0.0000         0.0000         -23099.8061        -0.0000    -23099.8061    -23099.8061         0.0000           4616.0113      7862.4673    110592.0000      4616.0113      7862.4673

LINE MINIMIZER BRACKET: DX 2.7443e-05 0.000228557 DU -77.5851 4109.85 DUDX -4.29861e+06 -1.35344e+06 5.45662e+07 
PRESSURE: 19 5172 28.1138 1798.84 28.1138 4670.15 -1047.07 1798.84 -1047.07 4637.9
GPRESSURE: 19 9099.27 348.701 2429.82 -831.974 7557.9 -1421.45 2923.47 -1284.49 7678.48
ENERGY:      19      1852.2059      1337.3080       273.3194        30.9492         -31481.1655      4885.2168         0.0000         0.0000         0.0000         -23102.1663        -0.0000    -23102.1663    -23102.1663         0.0000           4826.6845      8111.8821    110592.0000      4826.6845      8111.8821

LINE MINIMIZER BRACKET: DX 2.28557e-05 0.000205701 DU -2.36011 4112.21 DUDX -1.35344e+06 1.16674e+06 5.45662e+07 
MINIMIZER RESTARTING CONJUGATE GRADIENT ALGORITHM
LINE MINIMIZER REDUCING GRADIENT FROM 2.67828e+07 TO 26782.8
PRESSURE: 20 4984.37 169.615 1602.4 169.615 4517.92 -872.402 1602.4 -872.402 4388.47
GPRESSURE: 20 8716.88 509.236 2127.21 -529.972 7368.74 -1151.87 2514.32 -1079.82 7293.74
ETITLE:      TS           BOND          ANGLE          DIHED          IMPRP               ELECT            VDW       BOUNDARY           MISC        KINETIC               TOTAL           TEMP      POTENTIAL         TOTAL3        TEMPAVG            PRESSURE      GPRESSURE         VOLUME       PRESSAVG      GPRESSAVG

ENERGY:      20      1839.4311      1335.3834       273.2693        30.8364         -31484.9723      4804.2133         0.0000         0.0000         0.0000         -23201.8389        -0.0000    -23201.8389    -23201.8389         0.0000           4630.2565      7793.1202    110592.0000      4630.2565      7793.1202

PRESSURE: 21 4827.6 283.437 1442.21 283.437 4391.32 -730.863 1442.21 -730.863 4182.58
GPRESSURE: 21 8402.24 636.73 1882.97 -289.379 7210.39 -935.766 2185.43 -914.947 6979.11
ENERGY:      21      1826.8362      1333.4917       273.2197        30.7251         -31488.7816      4736.4490         0.0000         0.0000         0.0000         -23288.0599        -0.0000    -23288.0599    -23288.0599         0.0000           4467.1672      7530.5788    110592.0000      4467.1672      7530.5788

PRESSURE: 22 4583.35 449.3 1202.82 449.3 4195.44 -521.748 1202.82 -521.748 3868.15
GPRESSURE: 22 7922.33 818.837 1523.19 56.8519 6961.93 -621.362 1704.16 -673.151 6504.58
ENERGY:      22      1802.1834      1329.8077       273.1222        30.5070         -31496.4094      4630.6304         0.0000         0.0000         0.0000         -23430.1586        -0.0000    -23430.1586    -23430.1586         0.0000           4215.6487      7129.6154    110592.0000      4215.6487      7129.6154

PRESSURE: 23 4268.45 628.288 924.711 628.288 3946.26 -286.446 924.711 -286.446 3481.17
GPRESSURE: 23 7325.72 1006.35 1115.7 424.026 6632.32 -277.893 1167.77 -403.766 5931.71
ENERGY:      23      1755.0049      1322.8424       272.9344        30.0888         -31511.7005      4493.0807         0.0000         0.0000         0.0000         -23637.7493        -0.0000    -23637.7493    -23637.7493         0.0000           3898.6288      6629.9153    110592.0000      3898.6288      6629.9153

PRESSURE: 24 3941.48 730.895 706.614 730.895 3691 -122.27 706.614 -122.27 3118.43
GPRESSURE: 24 6730.67 1096.24 808.274 638.319 6252.53 -52.5061 780.714 -215.575 5403.2
ENERGY:      24      1668.9688      1310.5704       272.5905        29.3237         -31542.3869      4345.8478         0.0000         0.0000         0.0000         -23915.0856        -0.0000    -23915.0856    -23915.0856         0.0000           3583.6371      6128.8011    110592.0000      3583.6371      6128.8011

PRESSURE: 25 3621.32 695.806 600.122 695.806 3432.04 -88.0327 600.122 -88.0327 2815.24
GPRESSURE: 25 6130.69 1027.15 668.08 615.894 5777.97 -25.0214 621.642 -166.616 4951.9
ENERGY:      25      1528.2267      1293.3104       272.0607        28.0758         -31604.0009      4190.6913         0.0000         0.0000         0.0000         -24291.6359        -0.0000    -24291.6359    -24291.6359         0.0000           3289.5320      5620.1885    110592.0000      3289.5320      5620.1885

PRESSURE: 26 3527.84 174.173 965.674 174.173 3596.42 -684.278 965.674 -684.278 3134.53
GPRESSURE: 26 5752.2 558.847 1292.8 -104.223 5392.07 -1036.15 1159.43 -598.733 5434.26
ENERGY:      26      1346.5154      1299.1636       271.8458        26.6980         -31727.6131      4189.6782         0.0000         0.0000         0.0000         -24593.7121        -0.0000    -24593.7121    -24593.7121         0.0000           3419.5982      5526.1763    110592.0000      3419.5982      5526.1763

PRESSURE: 27 493788 -1.25421e+06 844033 -1.25421e+06 3.25761e+06 -2.14378e+06 844033 -2.14378e+06 1.45473e+06
GPRESSURE: 27 511130 -1.2366e+06 881164 -1.29644e+06 3.21268e+06 -2.24275e+06 870828 -2.11448e+06 1.51883e+06
ENERGY:      27      1205.1013      1357.1891       269.8208        28.5640         -31978.8153    692938.0291         0.0000         0.0000         0.0000         663819.8891        -0.0000    663819.8891    663819.8891         0.0000        1735376.1265   1747545.7087    110592.0000   1735376.1265   1747545.7087

LINE MINIMIZER BRACKET: DX 0.000128 0.000256 DU -302.076 688414 DUDX -4.87769e+06 2.24167e+06 7.0879e+08 
PRESSURE: 28 3446.15 424.811 735.437 424.811 3365.34 -353.064 735.437 -353.064 2829.14
GPRESSURE: 28 5690.92 754.841 909 252.615 5354.88 -472.541 828.559 -366.419 4960.99
ENERGY:      28      1381.5238      1291.4084       271.7997        26.8964         -31697.4754      4118.0659         0.0000         0.0000         0.0000         -24607.7813        -0.0000    -24607.7813    -24607.7813         0.0000           3213.5390      5335.5944    110592.0000      3213.5390      5335.5944

LINE MINIMIZER BRACKET: DX 9.68226e-05 3.11774e-05 DU -316.145 14.0692 DUDX -4.87769e+06 -980438 2.24167e+06 
PRESSURE: 29 3460.72 357.014 794.742 357.014 3416.41 -439.471 794.742 -439.471 2902.68
GPRESSURE: 29 5692.02 699.33 1007.5 157.389 5349.49 -617.879 913.834 -428.299 5072.91
ENERGY:      29      1369.0339      1293.5423       271.8112        26.8185         -31707.7920      4132.8298         0.0000         0.0000         0.0000         -24613.7562        -0.0000    -24613.7562    -24613.7562         0.0000           3259.9346      5371.4746    110592.0000      3259.9346      5371.4746

LINE MINIMIZER BRACKET: DX 1.06752e-05 2.05021e-05 DU -5.97492 20.0441 DUDX -980438 -108136 2.24167e+06 
PRESSURE: 30 3464.9 342.182 808.119 342.182 3429.03 -458.781 808.119 -458.781 2919.98
GPRESSURE: 30 5694.28 687.491 1029.74 136.41 5350.29 -650.529 933.045 -441.978 5099.48
ETITLE:      TS           BOND          ANGLE          DIHED          IMPRP               ELECT            VDW       BOUNDARY           MISC        KINETIC               TOTAL           TEMP      POTENTIAL         TOTAL3        TEMPAVG            PRESSURE      GPRESSURE         VOLUME       PRESSAVG      GPRESSAVG

ENERGY:      30      1366.6985      1294.0137       271.8140        26.8047         -31709.7733      4136.6587         0.0000         0.0000         0.0000         -24613.7836        -0.0000    -24613.7836    -24613.7836         0.0000           3271.3002      5381.3490    110592.0000      3271.3002      5381.3490

LINE MINIMIZER BRACKET: DX 2.05021e-06 1.84519e-05 DU -0.0273718 20.0715 DUDX -108136 82278.1 2.24167e+06 
MINIMIZER RESTARTING CONJUGATE GRADIENT ALGORITHM
LINE MINIMIZER REDUCING GRADIENT FROM 5.06428e+06 TO 5064.28
PRESSURE: 31 3398.67 386.433 740.968 386.433 3326.2 -376.655 740.968 -376.655 2794.43
GPRESSURE: 31 5581.58 716.015 926.792 202.958 5244.05 -519.752 843.865 -384.721 4907.05
ENERGY:      31      1350.5882      1289.2623       271.9073        26.5046         -31723.2706      4093.7031         0.0000         0.0000         0.0000         -24691.3051        -0.0000    -24691.3051    -24691.3051         0.0000           3173.0995      5244.2287    110592.0000      3173.0995      5244.2287

PRESSURE: 32 3340.12 420.406 685.19 420.406 3238.06 -309.556 685.19 -309.556 2685.89
GPRESSURE: 32 5480.22 737.395 842.62 254.427 5148.18 -414.916 770.749 -338.016 4742.31
ENERGY:      32      1334.9476      1284.6604       272.0057        26.2086         -31736.7658      4056.0860         0.0000         0.0000         0.0000         -24762.8575        -0.0000    -24762.8575    -24762.8575         0.0000           3088.0215      5123.5684    110592.0000      3088.0215      5123.5684

PRESSURE: 33 3240.29 465.526 599.409 465.526 3094.2 -208.826 599.409 -208.826 2507.43
GPRESSURE: 33 5303.01 764.272 716.027 324.292 4979.53 -262.109 660.41 -268.167 4474.65
ENERGY:      33      1305.0815      1275.8974       272.2169        25.6292         -31763.7462      3992.9343         0.0000         0.0000         0.0000         -24891.9868        -0.0000    -24891.9868    -24891.9868         0.0000           2947.3043      4919.0622    110592.0000      2947.3043      4919.0622

PRESSURE: 34 3084.12 499.782 493.214 499.782 2884.96 -90.0717 493.214 -90.0717 2248.62
GPRESSURE: 34 5013.21 778.96 565.701 384.524 4699.71 -93.2508 528.869 -187.055 4092.88
ENERGY:      34      1251.0465      1260.0864       272.6954        24.5209         -31817.6681      3897.4013         0.0000         0.0000         0.0000         -25111.9176        -0.0000    -25111.9176    -25111.9176         0.0000           2739.2337      4601.9361    110592.0000      2739.2337      4601.9361

PRESSURE: 35 2847.13 475.904 397.541 475.904 2592.17 7.89073 397.541 7.89073 1905.05
GPRESSURE: 35 4553.17 743.8 440.234 378.206 4240.71 25.0239 420.171 -124.809 3596.11
ENERGY:      35      1166.0083      1235.0194       273.8562        22.5072         -31925.3159      3762.9673         0.0000         0.0000         0.0000         -25464.9576        -0.0000    -25464.9576    -25464.9576         0.0000           2448.1163      4129.9988    110592.0000      2448.1163      4129.9988

PRESSURE: 36 2445.5 343.881 338.638 343.881 2104.52 64.6783 338.638 64.6783 1397.43
GPRESSURE: 36 3805.62 616.306 377.754 254.528 3444.72 63.8978 377.36 -102.012 2903.84
ENERGY:      36      1089.4735      1209.4593       276.8881        19.3028         -32139.6277      3569.8809         0.0000         0.0000         0.0000         -25974.6231        -0.0000    -25974.6231    -25974.6231         0.0000           1982.4828      3384.7276    110592.0000      1982.4828      3384.7276

PRESSURE: 37 2057.85 -477.058 937.895 -477.058 1758.2 -673.262 937.895 -673.262 1276.09
GPRESSURE: 37 3659.51 -30.574 1213.3 -1388.55 2511.5 -972.507 1960.85 -676.549 2942.97
ENERGY:      37      1317.9587      1249.1308       286.0399        16.2577         -32564.6216      3560.7555         0.0000         0.0000         0.0000         -26134.4790        -0.0000    -26134.4790    -26134.4790         0.0000           1697.3813      3037.9911    110592.0000      1697.3813      3037.9911

PRESSURE: 38 4.38965e+09 6.55452e+09 -1.21541e+09 6.55452e+09 9.78705e+09 -1.81482e+09 -1.21541e+09 -1.81482e+09 3.36525e+08
GPRESSURE: 38 4.38951e+09 6.5545e+09 -1.21546e+09 6.55431e+09 9.78702e+09 -1.8149e+09 -1.21537e+09 -1.81481e+09 3.36541e+08
ENERGY:      38      3342.2957      1649.5151       324.4851        24.1967         -33419.4796 1924501046.0823         0.0000         0.0000         0.0000      1924472967.0953        -0.0000 1924472967.0953 1924472967.0953         0.0000      4837743097.9244 4837690392.2376    110592.0000 4837743097.9244 4837690392.2376

LINE MINIMIZER BRACKET: DX 0.000512 0.001024 DU -159.856 1.9245e+09 DUDX -1.56827e+06 2.74416e+06 3.01848e+07 
PRESSURE: 39 2049.23 135.87 385.73 135.87 1603.26 20.9268 385.73 20.9268 946.517
GPRESSURE: 39 3195.42 433.516 458.527 -0.367265 2674.61 -22.1114 524.686 -158.008 2370.25
ENERGY:      39      1151.8723      1216.8963       281.2979        17.0636         -32374.3549      3429.1515         0.0000         0.0000         0.0000         -26278.0733        -0.0000    -26278.0733    -26278.0733         0.0000           1533.0015      2746.7590    110592.0000      1533.0015      2746.7590

LINE MINIMIZER BRACKET: DX 0.000282151 0.000229849 DU -303.45 143.594 DUDX -1.56827e+06 -492287 2.74416e+06 
PRESSURE: 40 1997.86 73.2818 426.946 73.2818 1539.55 -24.0531 426.946 -24.0531 904.601
GPRESSURE: 40 3145.37 382.402 515.433 -105.338 2564.62 -84.5714 623.256 -195.756 2334.83
ETITLE:      TS           BOND          ANGLE          DIHED          IMPRP               ELECT            VDW       BOUNDARY           MISC        KINETIC               TOTAL           TEMP      POTENTIAL         TOTAL3        TEMPAVG            PRESSURE      GPRESSURE         VOLUME       PRESSAVG      GPRESSAVG

ENERGY:      40      1179.5372      1222.0213       282.2327        16.8069         -32416.3453      3420.3085         0.0000         0.0000         0.0000         -26295.4388        -0.0000    -26295.4388    -26295.4388         0.0000           1480.6703      2681.6047    110592.0000      1480.6703      2681.6047

LINE MINIMIZER BRACKET: DX 5.06488e-05 0.0001792 DU -17.3655 160.96 DUDX -492287 -179076 2.74416e+06 
PRESSURE: 41 1983.36 46.3851 447.112 46.3851 1522.85 -46.888 447.112 -46.888 897.213
GPRESSURE: 41 3137.79 360.893 542.915 -154.509 2530.57 -115.749 671.754 -214.144 2332.84
ENERGY:      41      1190.5319      1224.1049       282.5764        16.7268         -32431.1921      3419.7922         0.0000         0.0000         0.0000         -26297.4598        -0.0000    -26297.4598    -26297.4598         0.0000           1467.8072      2667.0681    110592.0000      1467.8072      2667.0681

LINE MINIMIZER BRACKET: DX 1.792e-05 0.00016128 DU -2.02108 162.981 DUDX -179076 -43899.5 2.74416e+06 
PRESSURE: 42 1972.47 19.3521 468.505 19.3521 1511.41 -71.5799 468.505 -71.5799 894.995
GPRESSURE: 42 3136.91 339.513 571.962 -206.13 2502.81 -149.307 723.606 -233.677 2337.3
ENERGY:      42      1200.9671      1226.1004       282.8919        16.6595         -32444.5523      3420.8436         0.0000         0.0000         0.0000         -26297.0898        -0.0000    -26297.0898    -26297.0898         0.0000           1459.6238      2659.0063    110592.0000      1459.6238      2659.0063

LINE MINIMIZER BRACKET: DX 1.792e-05 1.6128e-05 DU -2.02108 0.370018 DUDX -179076 -43899.5 92611.1 
PRESSURE: 43 1979.54 37.8275 453.768 37.8275 1518.68 -54.5307 453.768 -54.5307 895.978
GPRESSURE: 43 3136.82 354.1 551.963 -170.621 2521.13 -126.147 687.845 -220.224 2333.59
ENERGY:      43      1193.9022      1224.7477       282.6793        16.7042         -32435.5803      3419.9669         0.0000         0.0000         0.0000         -26297.5800        -0.0000    -26297.5800    -26297.5800         0.0000           1464.7314      2663.8498    110592.0000      1464.7314      2663.8498

LINE MINIMIZER BRACKET: DX 5.29615e-06 1.08318e-05 DU -0.120154 0.490172 DUDX -43899.5 -763.073 92611.1 
LINE MINIMIZER REDUCING GRADIENT FROM 2.15541e+06 TO 2155.41
PRESSURE: 44 1916.47 40.5287 448.215 40.5287 1491.26 -51.1301 448.215 -51.1301 861.091
GPRESSURE: 44 3035.08 352.069 539.537 -164.083 2457.76 -117.605 671.92 -214.61 2250.68
ENERGY:      44      1174.1497      1216.4778       283.1700        15.9330         -32469.0154      3395.3594         0.0000         0.0000         0.0000         -26383.9254        -0.0000    -26383.9254    -26383.9254         0.0000           1422.9414      2581.1730    110592.0000      1422.9414      2581.1730

PRESSURE: 45 1853.4 42.8468 443.032 42.8468 1463.02 -47.9321 443.032 -47.9321 825.633
GPRESSURE: 45 2935.22 349.859 527.711 -158.074 2395.13 -109.454 656.796 -209.289 2169.18
ENERGY:      45      1155.6009      1208.7608       283.6697        15.2326         -32502.4145      3371.3247         0.0000         0.0000         0.0000         -26467.8259        -0.0000    -26467.8259    -26467.8259         0.0000           1380.6851      2499.8453    110592.0000      1380.6851      2499.8453

PRESSURE: 46 1726.92 46.3884 433.765 46.3884 1404.06 -42.1442 433.765 -42.1442 752.824
GPRESSURE: 46 2740.77 344.955 505.81 -147.532 2272.08 -94.3058 628.863 -199.522 2010.18
ENERGY:      46      1122.1181      1194.9821       284.6938        14.0270         -32569.1089      3324.9127         0.0000         0.0000         0.0000         -26628.3751        -0.0000    -26628.3751    -26628.3751         0.0000           1294.6000      2341.0081    110592.0000      1294.6000      2341.0081

PRESSURE: 47 1471.32 49.2668 418.946 49.2668 1275.75 -32.7056 418.946 -32.7056 598.488
GPRESSURE: 47 2371.25 333.317 468.091 -131.844 2034.02 -68.201 581.073 -183.187 1706.64
ENERGY:      47      1069.6548      1174.0325       286.8271        12.2969         -32702.0675      3238.3273         0.0000         0.0000         0.0000         -26920.9289        -0.0000    -26920.9289    -26920.9289         0.0000           1115.1831      2037.3046    110592.0000      1115.1831      2037.3046

PRESSURE: 48 940.122 40.5884 401.19 40.5884 973.937 -20.9038 401.19 -20.9038 246.781
GPRESSURE: 48 1698.75 304.122 412.58 -118.067 1584.76 -30.5669 511.622 -161.922 1146.37
ENERGY:      48      1023.2933      1158.5695       291.3342        10.9534         -32966.3428      3087.4280         0.0000         0.0000         0.0000         -27394.7643        -0.0000    -27394.7643    -27394.7643         0.0000            720.2802      1476.6251    110592.0000       720.2802      1476.6251

PRESSURE: 49 -262.36 -13.5952 394.676 -13.5952 166.29 -13.6343 394.676 -13.6343 -669.57
GPRESSURE: 49 554.322 227.157 357.474 -139.974 768.761 0.788781 442.108 -157.824 150.753
ENERGY:      49      1173.3197      1234.5611       300.6771        13.9398         -33488.5668      2859.0695         0.0000         0.0000         0.0000         -27906.9996        -0.0000    -27906.9996    -27906.9996         0.0000           -255.2135       491.2788    110592.0000      -255.2135       491.2788

LDB: ============= START OF LOAD BALANCING ============== 27.9168
LDB: Largest compute 548 load 0.313168 is 50.3% of average load 0.622348
LDB: Average compute 0.028290 is 4.5% of average load 0.622348
LDB: Partitioning computes with target load 0.062235
LDB: Partitioning compute 67 with load 0.207752 by 4
LDB: Partitioning compute 87 with load 0.214326 by 4
LDB: Partitioning compute 92 with load 0.213240 by 4
LDB: Partitioning compute 79 with load 0.185124 by 3
LDB: Partitioning compute 78 with load 0.200348 by 4
LDB: Partitioning compute 63 with load 0.233443 by 4
LDB: Partitioning compute 729 with load 0.262422 by 5
LDB: Partitioning compute 733 with load 0.253165 by 5
LDB: Partitioning compute 734 with load 0.122270 by 2
LDB: Partitioning compute 753 with load 0.089167 by 2
LDB: Partitioning compute 769 with load 0.106027 by 2
LDB: Partitioning compute 54 with load 0.160953 by 3
LDB: Partitioning compute 99 with load 0.171016 by 3
LDB: Partitioning compute 1654 with load 0.271815 by 5
LDB: Partitioning compute 1658 with load 0.238668 by 4
LDB: Partitioning compute 1659 with load 0.119522 by 2
LDB: Partitioning compute 1678 with load 0.064560 by 2
LDB: Partitioning compute 1694 with load 0.096380 by 2
LDB: Partitioning compute 1469 with load 0.276105 by 5
LDB: Partitioning compute 1473 with load 0.273886 by 5
LDB: Partitioning compute 1474 with load 0.130013 by 3
LDB: Partitioning compute 1493 with load 0.071962 by 2
LDB: Partitioning compute 1509 with load 0.124497 by 3
LDB: Partitioning compute 73 with load 0.199059 by 4
LDB: Partitioning compute 58 with load 0.221752 by 4
LDB: Partitioning compute 89 with load 0.194661 by 4
LDB: Partitioning compute 68 with load 0.185684 by 3
LDB: Partitioning compute 69 with load 0.190229 by 4
LDB: Partitioning compute 53 with load 0.166227 by 3
LDB: Partitioning compute 72 with load 0.192212 by 4
LDB: Partitioning compute 94 with load 0.200624 by 4
LDB: Partitioning compute 84 with load 0.154685 by 3
LDB: Partitioning compute 83 with load 0.214903 by 4
LDB: Partitioning compute 98 with load 0.211865 by 4
LDB: Partitioning compute 93 with load 0.201364 by 4
LDB: Partitioning compute 59 with load 0.187162 by 4
LDB: Partitioning compute 64 with load 0.167344 by 3
LDB: Partitioning compute 1136 with load 0.269707 by 5
LDB: Partitioning compute 1140 with load 0.273247 by 5
LDB: Partitioning compute 1141 with load 0.109378 by 2
LDB: Partitioning compute 1176 with load 0.118256 by 2
LDB: Partitioning compute 1691 with load 0.261367 by 5
LDB: Partitioning compute 1695 with load 0.250864 by 5
LDB: Partitioning compute 1696 with load 0.101324 by 2
LDB: Partitioning compute 1715 with load 0.079871 by 2
LDB: Partitioning compute 1731 with load 0.125743 by 3
LDB: Partitioning compute 658 with load 0.090895 by 2
LDB: Partitioning compute 803 with load 0.232653 by 4
LDB: Partitioning compute 807 with load 0.240903 by 4
LDB: Partitioning compute 808 with load 0.093664 by 2
LDB: Partitioning compute 827 with load 0.064784 by 2
LDB: Partitioning compute 1839 with load 0.234940 by 4
LDB: Partitioning compute 1843 with load 0.166498 by 3
LDB: Partitioning compute 1844 with load 0.090495 by 2
LDB: Partitioning compute 1879 with load 0.095032 by 2
LDB: Partitioning compute 97 with load 0.142651 by 3
LDB: Partitioning compute 74 with load 0.157605 by 3
LDB: Partitioning compute 88 with load 0.197339 by 4
LDB: Partitioning compute 288 with load 0.087107 by 2
LDB: Partitioning compute 433 with load 0.203708 by 4
LDB: Partitioning compute 437 with load 0.236444 by 4
LDB: Partitioning compute 438 with load 0.091697 by 2
LDB: Partitioning compute 103 with load 0.086066 by 2
LDB: Partitioning compute 248 with load 0.209642 by 4
LDB: Partitioning compute 252 with load 0.217314 by 4
LDB: Partitioning compute 253 with load 0.092481 by 2
LDB: Partitioning compute 272 with load 0.078637 by 2
LDB: Partitioning compute 581 with load 0.258897 by 5
LDB: Partitioning compute 585 with load 0.277245 by 5
LDB: Partitioning compute 586 with load 0.117571 by 2
LDB: Partitioning compute 605 with load 0.104759 by 2
LDB: Partitioning compute 621 with load 0.100027 by 2
LDB: Partitioning compute 1913 with load 0.175649 by 3
LDB: Partitioning compute 1917 with load 0.221507 by 4
LDB: Partitioning compute 1918 with load 0.084054 by 2
LDB: Partitioning compute 951 with load 0.242349 by 4
LDB: Partitioning compute 955 with load 0.205280 by 4
LDB: Partitioning compute 956 with load 0.095538 by 2
LDB: Partitioning compute 975 with load 0.081086 by 2
LDB: Partitioning compute 991 with load 0.083337 by 2
LDB: Partitioning compute 1028 with load 0.096587 by 2
LDB: Partitioning compute 1173 with load 0.234510 by 4
LDB: Partitioning compute 1177 with load 0.221438 by 4
LDB: Partitioning compute 1178 with load 0.084105 by 2
LDB: Partitioning compute 473 with load 0.120968 by 2
LDB: Partitioning compute 618 with load 0.237480 by 4
LDB: Partitioning compute 622 with load 0.237300 by 4
LDB: Partitioning compute 623 with load 0.091447 by 2
LDB: Partitioning compute 396 with load 0.272190 by 5
LDB: Partitioning compute 400 with load 0.287957 by 5
LDB: Partitioning compute 401 with load 0.094627 by 2
LDB: Partitioning compute 420 with load 0.090370 by 2
LDB: Partitioning compute 436 with load 0.137026 by 3
LDB: Partitioning compute 766 with load 0.240768 by 4
LDB: Partitioning compute 770 with load 0.269796 by 5
LDB: Partitioning compute 771 with load 0.103797 by 2
LDB: Partitioning compute 790 with load 0.075967 by 2
LDB: Partitioning compute 806 with load 0.125275 by 3
LDB: Partitioning compute 1398 with load 0.084734 by 2
LDB: Partitioning compute 1543 with load 0.217496 by 4
LDB: Partitioning compute 1547 with load 0.257556 by 5
LDB: Partitioning compute 1548 with load 0.110600 by 2
LDB: Partitioning compute 211 with load 0.226332 by 4
LDB: Partitioning compute 215 with load 0.269303 by 5
LDB: Partitioning compute 216 with load 0.122723 by 2
LDB: Partitioning compute 235 with load 0.074412 by 2
LDB: Partitioning compute 251 with load 0.113183 by 2
LDB: Partitioning compute 914 with load 0.259315 by 5
LDB: Partitioning compute 918 with load 0.225783 by 4
LDB: Partitioning compute 919 with load 0.085160 by 2
LDB: Partitioning compute 938 with load 0.062638 by 2
LDB: Partitioning compute 954 with load 0.094422 by 2
LDB: Partitioning compute 1583 with load 0.099615 by 2
LDB: Partitioning compute 1728 with load 0.249091 by 5
LDB: Partitioning compute 1732 with load 0.256507 by 5
LDB: Partitioning compute 1733 with load 0.087419 by 2
LDB: Partitioning compute 1752 with load 0.062543 by 2
LDB: Partitioning compute 1506 with load 0.246428 by 4
LDB: Partitioning compute 1510 with load 0.269858 by 5
LDB: Partitioning compute 1511 with load 0.099193 by 2
LDB: Partitioning compute 1546 with load 0.131646 by 3
LDB: Partitioning compute 1213 with load 0.096750 by 2
LDB: Partitioning compute 1358 with load 0.189749 by 4
LDB: Partitioning compute 1362 with load 0.228911 by 4
LDB: Partitioning compute 1363 with load 0.089294 by 2
LDB: Partitioning compute 1321 with load 0.238789 by 4
LDB: Partitioning compute 1325 with load 0.269019 by 5
LDB: Partitioning compute 1326 with load 0.123228 by 2
LDB: Partitioning compute 1345 with load 0.073231 by 2
LDB: Partitioning compute 1361 with load 0.092972 by 2
LDB: Partitioning compute 843 with load 0.079423 by 2
LDB: Partitioning compute 988 with load 0.192697 by 4
LDB: Partitioning compute 992 with load 0.197123 by 4
LDB: Partitioning compute 993 with load 0.075915 by 2
LDB: Partitioning compute 1012 with load 0.068912 by 2
LDB: Partitioning compute 1876 with load 0.259612 by 5
LDB: Partitioning compute 1880 with load 0.265038 by 5
LDB: Partitioning compute 1881 with load 0.115046 by 2
LDB: Partitioning compute 1900 with load 0.064280 by 2
LDB: Partitioning compute 1916 with load 0.097855 by 2
LDB: Partitioning compute 66 with load 0.220386 by 4
LDB: Partitioning compute 77 with load 0.132486 by 3
LDB: Partitioning compute 91 with load 0.222106 by 4
LDB: Partitioning compute 85 with load 0.157316 by 3
LDB: Partitioning compute 57 with load 0.183273 by 3
LDB: Partitioning compute 80 with load 0.152774 by 3
LDB: Partitioning compute 75 with load 0.182571 by 3
LDB: Partitioning compute 50 with load 0.174590 by 3
LDB: Partitioning compute 95 with load 0.150800 by 3
LDB: Partitioning compute 62 with load 0.242802 by 4
LDB: Partitioning compute 96 with load 0.173151 by 3
LDB: Partitioning compute 70 with load 0.163628 by 3
LDB: Partitioning compute 65 with load 0.171012 by 3
LDB: Partitioning compute 60 with load 0.210035 by 4
LDB: Partitioning compute 52 with load 0.186104 by 3
LDB: Partitioning compute 61 with load 0.174866 by 3
LDB: Partitioning compute 71 with load 0.167640 by 3
LDB: Partitioning compute 81 with load 0.207111 by 4
LDB: Partitioning compute 82 with load 0.191857 by 4
LDB: Partitioning compute 55 with load 0.170415 by 3
LDB: Partitioning compute 56 with load 0.178259 by 3
LDB: Partitioning compute 51 with load 0.180190 by 3
LDB: Partitioning compute 76 with load 0.207812 by 4
LDB: Partitioning compute 90 with load 0.198370 by 4
LDB: Partitioning compute 1210 with load 0.230736 by 4
LDB: Partitioning compute 1214 with load 0.215569 by 4
LDB: Partitioning compute 1215 with load 0.095879 by 2
LDB: Partitioning compute 1234 with load 0.068580 by 2
LDB: Partitioning compute 1250 with load 0.097412 by 2
LDB: Partitioning compute 86 with load 0.193652 by 4
LDB: Partitioning compute 1284 with load 0.269590 by 5
LDB: Partitioning compute 1288 with load 0.259882 by 5
LDB: Partitioning compute 1289 with load 0.117606 by 2
LDB: Partitioning compute 1308 with load 0.064016 by 2
LDB: Partitioning compute 1324 with load 0.125903 by 3
LDB: Partitioning compute 692 with load 0.271533 by 5
LDB: Partitioning compute 696 with load 0.244186 by 4
LDB: Partitioning compute 697 with load 0.118574 by 2
LDB: Partitioning compute 716 with load 0.076730 by 2
LDB: Partitioning compute 732 with load 0.105630 by 2
LDB: Partitioning compute 1395 with load 0.222371 by 4
LDB: Partitioning compute 1399 with load 0.234655 by 4
LDB: Partitioning compute 1400 with load 0.118086 by 2
LDB: Partitioning compute 1435 with load 0.109164 by 2
LDB: Partitioning compute 359 with load 0.281570 by 5
LDB: Partitioning compute 363 with load 0.268859 by 5
LDB: Partitioning compute 364 with load 0.103876 by 2
LDB: Partitioning compute 383 with load 0.070493 by 2
LDB: Partitioning compute 399 with load 0.148659 by 3
LDB: Partitioning compute 1617 with load 0.286542 by 5
LDB: Partitioning compute 1621 with load 0.258513 by 5
LDB: Partitioning compute 1622 with load 0.099092 by 2
LDB: Partitioning compute 1641 with load 0.078732 by 2
LDB: Partitioning compute 1657 with load 0.118218 by 2
LDB: Partitioning compute 544 with load 0.303014 by 5
LDB: Partitioning compute 548 with load 0.313168 by 6
LDB: Partitioning compute 549 with load 0.125526 by 3
LDB: Partitioning compute 568 with load 0.087711 by 2
LDB: Partitioning compute 584 with load 0.140813 by 3
LDB: Partitioning compute 174 with load 0.219502 by 4
LDB: Partitioning compute 178 with load 0.258011 by 5
LDB: Partitioning compute 179 with load 0.127343 by 3
LDB: Partitioning compute 198 with load 0.064456 by 2
LDB: Partitioning compute 214 with load 0.105910 by 2
LDB: Partitioning compute 1025 with load 0.249240 by 5
LDB: Partitioning compute 1029 with load 0.223634 by 4
LDB: Partitioning compute 1030 with load 0.121475 by 2
LDB: Partitioning compute 1065 with load 0.092742 by 2
LDB: Partitioning compute 840 with load 0.215331 by 4
LDB: Partitioning compute 844 with load 0.216002 by 4
LDB: Partitioning compute 845 with load 0.093305 by 2
LDB: Partitioning compute 864 with load 0.063493 by 2
LDB: Partitioning compute 880 with load 0.096629 by 2
LDB: Partitioning compute 137 with load 0.245692 by 4
LDB: Partitioning compute 141 with load 0.240320 by 4
LDB: Partitioning compute 142 with load 0.108034 by 2
LDB: Partitioning compute 161 with load 0.075972 by 2
LDB: Partitioning compute 177 with load 0.115678 by 2
LDB: Partitioning compute 1765 with load 0.230221 by 4
LDB: Partitioning compute 1769 with load 0.185187 by 3
LDB: Partitioning compute 1770 with load 0.104624 by 2
LDB: Partitioning compute 1805 with load 0.079852 by 2
LDB: Partitioning compute 100 with load 0.239431 by 4
LDB: Partitioning compute 104 with load 0.245275 by 4
LDB: Partitioning compute 105 with load 0.096585 by 2
LDB: Partitioning compute 124 with load 0.073442 by 2
LDB: Partitioning compute 140 with load 0.119566 by 2
LDB: Partitioning compute 655 with load 0.262363 by 5
LDB: Partitioning compute 659 with load 0.221904 by 4
LDB: Partitioning compute 660 with load 0.087830 by 2
LDB: Partitioning compute 679 with load 0.068065 by 2
LDB: Partitioning compute 695 with load 0.118265 by 2
LDB: Partitioning compute 1062 with load 0.214548 by 4
LDB: Partitioning compute 1066 with load 0.278854 by 5
LDB: Partitioning compute 1067 with load 0.124078 by 2
LDB: Partitioning compute 1086 with load 0.064261 by 2
LDB: Partitioning compute 1102 with load 0.092014 by 2
LDB: Partitioning compute 470 with load 0.272669 by 5
LDB: Partitioning compute 474 with load 0.266723 by 5
LDB: Partitioning compute 475 with load 0.144980 by 3
LDB: Partitioning compute 494 with load 0.074047 by 2
LDB: Partitioning compute 510 with load 0.095821 by 2
LDB: Partitioning compute 1802 with load 0.206159 by 4
LDB: Partitioning compute 1806 with load 0.235133 by 4
LDB: Partitioning compute 1807 with load 0.079368 by 2
LDB: Partitioning compute 1842 with load 0.090112 by 2
LDB: Partitioning compute 1247 with load 0.263070 by 5
LDB: Partitioning compute 1251 with load 0.260551 by 5
LDB: Partitioning compute 1252 with load 0.133236 by 3
LDB: Partitioning compute 1287 with load 0.112670 by 2
LDB: Partitioning compute 285 with load 0.223915 by 4
LDB: Partitioning compute 289 with load 0.223829 by 4
LDB: Partitioning compute 290 with load 0.097354 by 2
LDB: Partitioning compute 325 with load 0.105860 by 2
LDB: Partitioning compute 877 with load 0.243299 by 4
LDB: Partitioning compute 881 with load 0.219905 by 4
LDB: Partitioning compute 882 with load 0.099558 by 2
LDB: Partitioning compute 901 with load 0.062697 by 2
LDB: Partitioning compute 917 with load 0.095044 by 2
LDB: Partitioning compute 507 with load 0.258283 by 5
LDB: Partitioning compute 511 with load 0.258715 by 5
LDB: Partitioning compute 512 with load 0.110341 by 2
LDB: Partitioning compute 531 with load 0.077097 by 2
LDB: Partitioning compute 547 with load 0.138593 by 3
LDB: Partitioning compute 1580 with load 0.285324 by 5
LDB: Partitioning compute 1584 with load 0.238680 by 4
LDB: Partitioning compute 1585 with load 0.111926 by 2
LDB: Partitioning compute 1604 with load 0.071755 by 2
LDB: Partitioning compute 1620 with load 0.124626 by 3
LDB: Partitioning compute 322 with load 0.252823 by 5
LDB: Partitioning compute 326 with load 0.236929 by 4
LDB: Partitioning compute 327 with load 0.128617 by 3
LDB: Partitioning compute 346 with load 0.077182 by 2
LDB: Partitioning compute 362 with load 0.101741 by 2
LDB: Partitioning compute 1099 with load 0.220385 by 4
LDB: Partitioning compute 1103 with load 0.218811 by 4
LDB: Partitioning compute 1104 with load 0.104478 by 2
LDB: Partitioning compute 1139 with load 0.118974 by 2
LDB: Partitioning compute 1432 with load 0.279273 by 5
LDB: Partitioning compute 1436 with load 0.272169 by 5
LDB: Partitioning compute 1437 with load 0.121926 by 2
LDB: Partitioning compute 1472 with load 0.129661 by 3
LDB: Increased migratable compute count from 2150 to 2768
LDB: Largest unpartitionable compute is 0.043566
LDB: ============== END OF LOAD BALANCING =============== 28.0254
Info: build node-aware spanning tree with send: 1, recv: 0 with branch factor 9
Info: useSync: 0 useProxySync: 0
LDB: =============== DONE WITH MIGRATION ================ 28.0443
PRESSURE: 50 -3448.51 -116.998 406.608 -116.998 -2399.84 -39.4048 406.608 -39.4048 -3436.87
GPRESSURE: 50 -1161.1 3.88528 433.965 -301.956 -472.672 -120.766 453.081 -427.594 -1484.27
Info: Initial time: 128 CPUs 0.0390598 s/step 0.22604 days/ns 202.062 MB memory
ETITLE:      TS           BOND          ANGLE          DIHED          IMPRP               ELECT            VDW       BOUNDARY           MISC        KINETIC               TOTAL           TEMP      POTENTIAL         TOTAL3        TEMPAVG            PRESSURE      GPRESSURE         VOLUME       PRESSAVG      GPRESSAVG

ENERGY:      50      2576.2465      1811.0899       318.6265        35.7353         -34510.3190      2650.0507         0.0000         0.0000         0.0000         -27118.5702        -0.0000    -27118.5702    -27118.5702         0.0000          -3095.0719     -1039.3473    110592.0000     -3095.0719     -1039.3473

LINE MINIMIZER BRACKET: DX 0.000650094 0.00130019 DU -512.235 788.429 DUDX -1.23304e+06 -341173 1.62658e+06 
PRESSURE: 51 -755.204 -37.4865 396.833 -37.4865 -199.326 -13.3058 396.833 -13.3058 -1077.05
GPRESSURE: 51 192.763 194.199 351.05 -159.196 497.901 0.545827 431.666 -169.161 -180.913
ENERGY:      51      1311.2718      1297.1092       303.9941        16.3868         -33674.6451      2797.2655         0.0000         0.0000         0.0000         -27948.6177        -0.0000    -27948.6177    -27948.6177         0.0000           -677.1935       169.9171    110592.0000      -677.1935       169.9171

LINE MINIMIZER BRACKET: DX 0.000234067 0.00106612 DU -41.6181 830.047 DUDX -341173 -13379.6 1.62658e+06 
PRESSURE: 52 -991.433 -48.1573 397.998 -48.1573 -379.977 -13.3368 397.998 -13.3368 -1276.77
GPRESSURE: 52 35.6105 178.291 350.163 -169.491 378.783 -1.56404 428.692 -177.152 -328.279
ENERGY:      52      1389.7409      1331.7358       305.4856        17.7133         -33759.0762      2772.4210         0.0000         0.0000         0.0000         -27941.9795        -0.0000    -27941.9795    -27941.9795         0.0000           -882.7281        28.7048    110592.0000      -882.7281        28.7048

LINE MINIMIZER BRACKET: DX 0.000234067 0.000106612 DU -41.6181 6.63815 DUDX -341173 -13379.6 138267 
PRESSURE: 53 -778.492 -38.5652 396.949 -38.5652 -216.978 -13.302 396.949 -13.302 -1096.62
GPRESSURE: 53 176.841 192.633 350.905 -160.184 485.872 0.395201 431.322 -169.87 -195.743
ENERGY:      53      1318.6712      1300.3997       304.1438        16.5135         -33683.0957      2794.6887         0.0000         0.0000         0.0000         -27948.6787        -0.0000    -27948.6787    -27948.6787         0.0000           -697.3619       155.6570    110592.0000      -697.3619       155.6570

LINE MINIMIZER BRACKET: DX 1.06612e-05 9.59509e-05 DU -0.061068 6.69922 DUDX -13379.6 1711.33 138267 
LINE MINIMIZER REDUCING GRADIENT FROM 2.7206e+06 TO 2720.6
PRESSURE: 54 -922.062 -61.08 375.409 -61.08 -389.309 2.32836 375.409 2.32836 -1166.62
GPRESSURE: 54 -18.8514 162.387 332.132 -179.498 264.653 20.9198 404.314 -157.27 -378.908
ENERGY:      54      1203.4234      1314.0844       305.4112        17.2435         -33813.6910      2749.8338         0.0000         0.0000         0.0000         -28223.6946        -0.0000    -28223.6946    -28223.6946         0.0000           -825.9964       -44.3689    110592.0000      -825.9964       -44.3689

PRESSURE: 55 -1084.4 -80.8332 355.178 -80.8332 -592.41 12.8568 355.178 12.8568 -1259.64
GPRESSURE: 55 -206.158 133.507 315.413 -197.12 41.9205 37.2956 379.125 -150.01 -558.8
ENERGY:      55      1114.5282      1335.5265       306.7222        18.1264         -33943.6411      2709.5091         0.0000         0.0000         0.0000         -28459.2287        -0.0000    -28459.2287    -28459.2287         0.0000           -978.8192      -241.0124    110592.0000      -978.8192      -241.0124

PRESSURE: 56 -1466.13 -112.051 318.249 -112.051 -1092.23 17.6579 318.249 17.6579 -1515.53
GPRESSURE: 56 -556.672 79.1059 287.782 -228.111 -407.301 56.2725 333.882 -154.473 -909.986
ENERGY:      56      1015.8732      1402.4882       309.4756        20.4143         -34201.6176      2642.1042         0.0000         0.0000         0.0000         -28811.2622        -0.0000    -28811.2622    -28811.2622         0.0000          -1357.9621      -624.6529    110592.0000     -1357.9621      -624.6529

PRESSURE: 57 -2458.13 -141.83 257.828 -141.83 -2468.1 -46.077 257.828 -46.077 -2304.38
GPRESSURE: 57 -1162.02 -21.081 255.746 -278.697 -1297.29 29.6915 266.018 -270.75 -1579.94
ENERGY:      57      1136.4859      1638.7906       315.5362        27.7877         -34709.9592      2560.4974         0.0000         0.0000         0.0000         -29030.8613        -0.0000    -29030.8613    -29030.8613         0.0000          -2410.2064     -1346.4181    110592.0000     -2410.2064     -1346.4181

PRESSURE: 58 -5171.08 -160.44 394.806 -160.44 -6484.06 -847.987 394.806 -847.987 -4373.62
GPRESSURE: 58 -1528.76 -431.342 477.401 -644.538 -2087.23 -591.614 901.411 -2158.23 -2318.63
ENERGY:      58      2673.4293      2570.7024       330.4646        68.3771         -35696.3936      2749.5236         0.0000         0.0000         0.0000         -27303.8966        -0.0000    -27303.8966    -27303.8966         0.0000          -5342.9231     -1978.2054    110592.0000     -5342.9231     -1978.2054

LINE MINIMIZER BRACKET: DX 0.000433322 0.000866643 DU -219.599 1726.96 DUDX -1.25656e+06 255634 4.14994e+06 
PRESSURE: 59 -2270.81 -139.706 266.622 -139.706 -2202.78 -27.5862 266.622 -27.5862 -2147.21
GPRESSURE: 59 -1069.88 -4.61359 258.809 -270.7 -1151.85 41.0827 274.742 -237.835 -1471.07
ENERGY:      59      1086.5456      1589.2054       314.4650        26.2214         -34625.4343      2569.0128         0.0000         0.0000         0.0000         -29039.9841        -0.0000    -29039.9841    -29039.9841         0.0000          -2206.9340     -1230.9338    110592.0000     -2206.9340     -1230.9338

LDB: ============= START OF LOAD BALANCING ============== 28.439
LDB: ============== END OF LOAD BALANCING =============== 28.4399
Info: useSync: 0 useProxySync: 0
LDB: =============== DONE WITH MIGRATION ================ 28.4445
LINE MINIMIZER BRACKET: DX 0.000360676 7.26453e-05 DU -228.722 9.12279 DUDX -1.25656e+06 -3745.48 255634 
PRESSURE: 60 -2289.17 -139.972 265.717 -139.972 -2228.68 -29.271 265.717 -29.271 -2162.49
GPRESSURE: 60 -1079.28 -6.26399 258.458 -271.503 -1166.5 40.0897 273.81 -240.821 -1482.02
ETITLE:      TS           BOND          ANGLE          DIHED          IMPRP               ELECT            VDW       BOUNDARY           MISC        KINETIC               TOTAL           TEMP      POTENTIAL         TOTAL3        TEMPAVG            PRESSURE      GPRESSURE         VOLUME       PRESSAVG      GPRESSAVG

ENERGY:      60      1090.9988      1593.9780       314.5711        26.3710         -34633.8979      2568.0624         0.0000         0.0000         0.0000         -29039.9168        -0.0000    -29039.9168    -29039.9168         0.0000          -2226.7802     -1242.6017    110592.0000     -2226.7802     -1242.6017

LINE MINIMIZER BRACKET: DX 0.000360676 7.26453e-06 DU -228.722 0.0673599 DUDX -1.25656e+06 -3745.48 22056 
PRESSURE: 61 -2273.45 -139.745 266.492 -139.745 -2206.5 -27.8264 266.492 -27.8264 -2149.4
GPRESSURE: 61 -1071.24 -4.85088 258.759 -270.815 -1153.96 40.9418 274.608 -238.261 -1472.65
ENERGY:      61      1087.1788      1589.8895       314.4803        26.2428         -34626.6525      2568.8747         0.0000         0.0000         0.0000         -29039.9864        -0.0000    -29039.9864    -29039.9864         0.0000          -2209.7841     -1232.6155    110592.0000     -2209.7841     -1232.6155

LINE MINIMIZER BRACKET: DX 1.04507e-06 6.21946e-06 DU -0.00224974 0.0696096 DUDX -3745.48 -35.5621 22056 
LINE MINIMIZER REDUCING GRADIENT FROM 1.53675e+06 TO 1536.75
PRESSURE: 62 -1608.43 -196.361 279.687 -196.361 -1518.35 -51.4155 279.687 -51.4155 -1799.04
GPRESSURE: 62 -1325.54 -96.3742 295.25 -346.665 -1518.95 -28.0629 305.274 -226.025 -1867.51
ENERGY:      62       931.2855      1596.2376       316.3003        23.2615         -34976.7103      2493.0773         0.0000         0.0000         0.0000         -29616.5481        -0.0000    -29616.5481    -29616.5481         0.0000          -1641.9391     -1570.6693    110592.0000     -1641.9391     -1570.6693

PRESSURE: 63 -1067.3 -355.21 386.802 -355.21 -1053.73 -151.061 386.802 -151.061 -1601.7
GPRESSURE: 63 -1316.2 -333.486 449.849 -550.302 -1738.42 -186.179 482.499 -341.696 -2069.41
ENERGY:      63       965.7872      1661.9045       319.3426        21.8812         -35315.5690      2500.1541         0.0000         0.0000         0.0000         -29846.4995        -0.0000    -29846.4995    -29846.4995         0.0000          -1240.9081     -1708.0093    110592.0000     -1240.9081     -1708.0093

PRESSURE: 64 3458.81 -1947.23 2413.95 -1947.23 262.613 -1666.03 2413.95 -1666.03 -206.183
GPRESSURE: 64 7304.66 -6850.39 4408.57 -3229.78 -345.098 -2103.16 4672.25 -3560.54 554.215
ENERGY:      64      1587.6790      1974.8581       328.8439        23.6497         -35959.8239      3596.6043         0.0000         0.0000         0.0000         -28448.1889        -0.0000    -28448.1889    -28448.1889         0.0000           1171.7477      2504.5930    110592.0000      1171.7477      2504.5930

LINE MINIMIZER BRACKET: DX 0.000521555 0.00104311 DU -229.951 1398.31 DUDX -782439 -78218.8 4.59362e+06 
PRESSURE: 65 -955.636 -408.411 430.603 -408.411 -979.388 -189.375 430.603 -189.375 -1567.43
GPRESSURE: 65 -1253.77 -419.873 511.285 -621.23 -1755.77 -238.751 557.435 -396.126 -2068.03
ENERGY:      65       995.0008      1682.2039       320.0933        21.7867         -35382.0007      2516.6786         0.0000         0.0000         0.0000         -29846.2373        -0.0000    -29846.2373    -29846.2373         0.0000          -1167.4849     -1692.5254    110592.0000     -1167.4849     -1692.5254

LINE MINIMIZER BRACKET: DX 0.000521555 0.000104311 DU -229.951 0.262201 DUDX -782439 -78218.8 85356.4 
PRESSURE: 66 -1014.1 -379.782 406.639 -379.782 -1017.27 -168.513 406.639 -168.513 -1585.37
GPRESSURE: 66 -1289.79 -372.758 477.627 -582.861 -1748.31 -210.385 516.24 -366.086 -2071.22
ENERGY:      66       979.0183      1671.4381       319.7005        21.8280         -35347.8036      2507.3203         0.0000         0.0000         0.0000         -29848.4985        -0.0000    -29848.4985    -29848.4985         0.0000          -1205.5792     -1703.1057    110592.0000     -1205.5792     -1703.1057

LINE MINIMIZER BRACKET: DX 5.05316e-05 5.37794e-05 DU -1.999 2.2612 DUDX -78218.8 -569.765 85356.4 
LINE MINIMIZER REDUCING GRADIENT FROM 1.83515e+06 TO 1835.15
PRESSURE: 67 -1611.62 -68.6455 40.2633 -68.6455 -1252.56 38.5312 40.2633 38.5312 -1903.43
GPRESSURE: 67 -2222.68 -38.7623 65.0629 -196.216 -2301.95 -9.36484 48.9623 -86.7562 -2661.35
ENERGY:      67       957.8363      1664.5164       321.6322        19.2062         -35665.8366      2334.9311         0.0000         0.0000         0.0000         -30367.7145        -0.0000    -30367.7145    -30367.7145         0.0000          -1589.2038     -2395.3267    110592.0000     -1589.2038     -2395.3267

PRESSURE: 68 -2116.55 44.6534 -101.841 44.6534 -1624.06 83.9857 -101.841 83.9857 -2312.52
GPRESSURE: 68 -2691.83 32.6509 -72.3627 -77.6709 -2669.72 36.434 -86.585 -6.31511 -3039.71
ENERGY:      68       999.2017      1697.5188       323.8527        19.8415         -35974.3295      2281.4512         0.0000         0.0000         0.0000         -30652.4635        -0.0000    -30652.4635    -30652.4635         0.0000          -2017.7091     -2800.4177    110592.0000     -2017.7091     -2800.4177

PRESSURE: 69 -3860.19 173.224 -252.375 173.224 -3180.81 -5.25986 -252.375 -5.25986 -3717.45
GPRESSURE: 69 -3378.29 31.4135 -126.053 36.8838 -3211.76 -73.429 -102.262 -145.557 -3343.58
ENERGY:      69      1283.8248      1885.4442       328.7014        29.6224         -36564.1808      2306.6452         0.0000         0.0000         0.0000         -30729.9428        -0.0000    -30729.9428    -30729.9428         0.0000          -3586.1485     -3311.2079    110592.0000     -3586.1485     -3311.2079

PRESSURE: 70 -5027.14 4249.84 -1600.23 4249.84 8327.11 -21967.7 -1600.23 -21967.7 28131.1
GPRESSURE: 70 12388.8 -13188.7 9280.34 -2314.32 23237.4 -52270.5 18206.2 -51280.5 83161.8
ETITLE:      TS           BOND          ANGLE          DIHED          IMPRP               ELECT            VDW       BOUNDARY           MISC        KINETIC               TOTAL           TEMP      POTENTIAL         TOTAL3        TEMPAVG            PRESSURE      GPRESSURE         VOLUME       PRESSAVG      GPRESSAVG

ENERGY:      70      3132.5475      2862.3873       346.7529        75.8982         -37638.3522     10877.7924         0.0000         0.0000         0.0000         -20342.9737        -0.0000    -20342.9737    -20342.9737         0.0000          10477.0103     39596.0127    110592.0000     10477.0103     39596.0127

LINE MINIMIZER BRACKET: DX 0.000785099 0.0015702 DU -77.4792 10387 DUDX -518204 386906 3.05508e+07 
PRESSURE: 71 -3032.84 128.731 -205.082 128.731 -2430.36 62.9733 -205.082 62.9733 -3085.01
GPRESSURE: 71 -3131.86 47.6834 -134.227 -1.54365 -3026.9 8.6807 -132.973 -21.7055 -3332.34
ENERGY:      71      1134.6196      1789.7473       326.4980        24.4732         -36333.4226      2274.4509         0.0000         0.0000         0.0000         -30783.6337        -0.0000    -30783.6337    -30783.6337         0.0000          -2849.4048     -3163.6994    110592.0000     -2849.4048     -3163.6994

LINE MINIMIZER BRACKET: DX 0.000472328 0.000312772 DU -131.17 53.6909 DUDX -518204 -24581.7 386906 
PRESSURE: 72 -3107.66 133.623 -210.643 133.623 -2498.1 58.5449 -210.643 58.5449 -3145.63
GPRESSURE: 72 -3158.32 47.3189 -135.534 2.68846 -3047.69 3.24259 -132.759 -28.4359 -3342.83
ENERGY:      72      1147.2294      1798.0226       326.6974        24.9170         -36356.7476      2276.0490         0.0000         0.0000         0.0000         -30783.8324        -0.0000    -30783.8324    -30783.8324         0.0000          -2917.1333     -3182.9460    110592.0000     -2917.1333     -3182.9460

LINE MINIMIZER BRACKET: DX 3.12772e-05 0.000281495 DU -0.198674 53.8896 DUDX -24581.7 11976.5 386906 
PRESSURE: 73 -3083.03 132.033 -208.847 132.033 -2475.79 60.0368 -208.847 60.0368 -3125.73
GPRESSURE: 73 -3149.72 47.4592 -135.153 1.31365 -3040.95 5.07281 -132.885 -26.1359 -3339.57
ENERGY:      73      1143.0559      1795.2880       326.6317        24.7702         -36349.1339      2275.4939         0.0000         0.0000         0.0000         -30783.8942        -0.0000    -30783.8942    -30783.8942         0.0000          -2894.8479     -3176.7468    110592.0000     -2894.8479     -3176.7468

LINE MINIMIZER BRACKET: DX 2.10584e-05 1.02188e-05 DU -0.260569 0.0618953 DUDX -24581.7 -52.9057 11976.5 
LINE MINIMIZER REDUCING GRADIENT FROM 1.51541e+06 TO 1515.41
PRESSURE: 74 -4460.23 113.411 50.6013 113.411 -3936.4 -112.812 50.6013 -112.812 -3321.13
GPRESSURE: 74 -3645.87 -293.266 441.504 39.2638 -3740.57 40.0906 926.662 -1193.96 -1789.56
ENERGY:      74      1065.9863      1687.7327       321.3631        30.3274         -36734.4912      2436.4018         0.0000         0.0000         0.0000         -31192.6799        -0.0000    -31192.6799    -31192.6799         0.0000          -3905.9203     -3058.6680    110592.0000     -3905.9203     -3058.6680

PRESSURE: 75 -5728.09 107.346 9036.71 107.346 -5992.21 1462.96 9036.71 1462.96 64223
GPRESSURE: 75 9230.67 -20993.1 27669 3559.16 -9684.26 6642.35 107604 -163160 210850
ENERGY:      75      1762.0693      1779.8153       319.0389        52.5942         -37101.2619     12025.2846         0.0000         0.0000         0.0000         -21162.4596        -0.0000    -21162.4596    -21162.4596         0.0000          17500.8888     70132.2933    110592.0000     17500.8888     70132.2933

LINE MINIMIZER BRACKET: DX 0.000784948 0.000784948 DU -408.786 10030.2 DUDX -1.51541e+06 578346 6.60627e+07 
PRESSURE: 76 -4010.15 127.323 -76.1797 127.323 -3465.38 -74.5328 -76.1797 -74.5328 -3454.27
GPRESSURE: 76 -3587.18 -110.498 150.736 -4.89595 -3508.99 -25.5413 308.52 -424.374 -2899.38
ENERGY:      76      1012.7163      1697.6995       322.4483        27.8942         -36634.7388      2342.2963         0.0000         0.0000         0.0000         -31231.6841        -0.0000    -31231.6841    -31231.6841         0.0000          -3643.2693     -3331.8528    110592.0000     -3643.2693     -3331.8528

LINE MINIMIZER BRACKET: DX 0.000578433 0.000206515 DU -447.79 39.0043 DUDX -1.51541e+06 -138420 578346 
PRESSURE: 77 -4100.77 124.771 -56.2305 124.771 -3560.73 -84.9466 -56.2305 -84.9466 -3456.76
GPRESSURE: 77 -3608.21 -137.612 195.118 -0.614981 -3551.31 -20.8584 394.272 -525.84 -2757.3
ENERGY:      77      1019.5603      1694.4675       322.1987        28.3360         -36655.9336      2356.3071         0.0000         0.0000         0.0000         -31235.0640        -0.0000    -31235.0640    -31235.0640         0.0000          -3706.0879     -3305.6089    110592.0000     -3706.0879     -3305.6089

LINE MINIMIZER BRACKET: DX 4.36705e-05 0.000162844 DU -3.37987 42.3841 DUDX -138420 -14651.8 578346 
PRESSURE: 78 -4135.24 123.745 -48.059 123.745 -3596.92 -88.6191 -48.059 -88.6191 -3454.73
GPRESSURE: 78 -3615.16 -148.934 213.46 1.47816 -3567.76 -18.2036 430.797 -569.834 -2694.92
ENERGY:      78      1022.7177      1693.4154       322.1084        28.5101         -36663.8257      2362.1657         0.0000         0.0000         0.0000         -31234.9085        -0.0000    -31234.9085    -31234.9085         0.0000          -3728.9632     -3292.6143    110592.0000     -3728.9632     -3292.6143

LINE MINIMIZER BRACKET: DX 4.36705e-05 1.62844e-05 DU -3.37987 0.155516 DUDX -138420 -14651.8 34340.4 
PRESSURE: 79 -4111.17 124.463 -53.8002 124.463 -3571.65 -86.0694 -53.8002 -86.0694 -3456.33
GPRESSURE: 79 -3610.38 -140.966 200.562 -0.0139477 -3556.25 -20.1093 405.046 -538.771 -2739
ENERGY:      79      1020.4813      1694.1402       322.1712        28.3882         -36658.3237      2358.0416         0.0000         0.0000         0.0000         -31235.1012        -0.0000    -31235.1012    -31235.1012         0.0000          -3713.0515     -3301.8761    110592.0000     -3713.0515     -3301.8761

LINE MINIMIZER BRACKET: DX 4.9293e-06 1.13551e-05 DU -0.0372034 0.192719 DUDX -14651.8 2.24173 34340.4 
LINE MINIMIZER REDUCING GRADIENT FROM 2.12198e+06 TO 2121.98
PRESSURE: 80 -4640.69 44.987 -15.2954 44.987 -4112.39 -329.03 -15.2954 -329.03 -4095.43
GPRESSURE: 80 -3937.32 -186.926 246.972 -164.235 -3641.64 -347.706 298.79 -369.349 -3337.97
ETITLE:      TS           BOND          ANGLE          DIHED          IMPRP               ELECT            VDW       BOUNDARY           MISC        KINETIC               TOTAL           TEMP      POTENTIAL         TOTAL3        TEMPAVG            PRESSURE      GPRESSURE         VOLUME       PRESSAVG      GPRESSAVG

ENERGY:      80      1080.0317      1582.9595       317.2117        27.3913         -36823.1409      2359.8374         0.0000         0.0000         0.0000         -31455.7092        -0.0000    -31455.7092    -31455.7092         0.0000          -4282.8382     -3638.9778    110592.0000     -4282.8382     -3638.9778

PRESSURE: 81 -5490.65 -98.5601 62.2986 -98.5601 -4862.67 -618.33 62.2986 -618.33 -4987.55
GPRESSURE: 81 -4179.03 -336.963 419.061 -376.663 -3589.29 -775.816 357.247 -415.426 -3591.2
ENERGY:      81      1306.6896      1535.9221       312.8124        28.5645         -36984.0830      2419.5508         0.0000         0.0000         0.0000         -31380.5437        -0.0000    -31380.5437    -31380.5437         0.0000          -5113.6222     -3786.5043    110592.0000     -5113.6222     -3786.5043

LINE MINIMIZER BRACKET: DX 0.000306606 0.000306606 DU -220.608 75.1655 DUDX -2.12198e+06 -230014 712075 
PRESSURE: 82 -4816.73 17.1974 1.3501 17.1974 -4277.06 -393.85 1.3501 -393.85 -4284.62
GPRESSURE: 82 -4001.49 -215.28 281.348 -209.523 -3645.54 -438.366 303.486 -365.259 -3420.36
ENERGY:      82      1119.5460      1566.0513       316.0828        27.4678         -36862.4609      2369.1722         0.0000         0.0000         0.0000         -31464.1408        -0.0000    -31464.1408    -31464.1408         0.0000          -4459.4723     -3689.1299    110592.0000     -4459.4723     -3689.1299

LINE MINIMIZER BRACKET: DX 7.42094e-05 0.000232397 DU -8.43159 83.597 DUDX -230014 2451.98 712075 
PRESSURE: 83 -4798.3 20.1632 -0.399704 20.1632 -4260.08 -387.222 -0.399704 -387.222 -4265.01
GPRESSURE: 83 -3995.29 -212.187 277.63 -204.83 -3645.58 -428.956 302.656 -365.15 -3412.91
ENERGY:      83      1115.1558      1567.5739       316.1942        27.4544         -36858.5424      2368.0881         0.0000         0.0000         0.0000         -31464.0760        -0.0000    -31464.0760    -31464.0760         0.0000          -4441.1297     -3684.5917    110592.0000     -4441.1297     -3684.5917

LINE MINIMIZER BRACKET: DX 7.42094e-06 0.000232397 DU -0.0648058 83.597 DUDX -20683.4 2451.98 712075 
PRESSURE: 84 -4814.7 17.5235 1.15798 17.5235 -4275.2 -393.123 1.15798 -393.123 -4282.46
GPRESSURE: 84 -4000.81 -214.939 280.938 -209.008 -3645.55 -437.332 303.392 -365.243 -3419.55
ENERGY:      84      1119.0600      1566.2164       316.0950        27.4663         -36862.0311      2369.0517         0.0000         0.0000         0.0000         -31464.1416        -0.0000    -31464.1416    -31464.1416         0.0000          -4457.4524     -3688.6356    110592.0000     -4457.4524     -3688.6356

LINE MINIMIZER BRACKET: DX 6.60752e-06 8.13425e-07 DU -0.0656534 0.000847554 DUDX -20683.4 -82.6978 2451.98 
LINE MINIMIZER REDUCING GRADIENT FROM 2.03201e+06 TO 2032.01
PRESSURE: 85 -4869.13 32.685 -48.1905 32.685 -4341.01 -408.788 -48.1905 -408.788 -4528.49
GPRESSURE: 85 -4107.54 -182.153 199.078 -206.12 -3657.73 -422.735 191.024 -227.14 -3744.2
ENERGY:      85      1100.4059      1495.2430       313.1329        24.0804         -36920.5823      2335.3768         0.0000         0.0000         0.0000         -31652.3433        -0.0000    -31652.3433    -31652.3433         0.0000          -4579.5448     -3836.4890    110592.0000     -4579.5448     -3836.4890

PRESSURE: 86 -4995.36 36.8167 -80.5347 36.8167 -4502.59 -429.117 -80.5347 -429.117 -4809.2
GPRESSURE: 86 -4197.41 -163.46 144.332 -198.372 -3681.9 -398.182 128.563 -149.021 -3959.13
ENERGY:      86      1110.6402      1438.0064       310.6012        21.9347         -36978.1045      2314.4073         0.0000         0.0000         0.0000         -31782.5147        -0.0000    -31782.5147    -31782.5147         0.0000          -4769.0476     -3946.1479    110592.0000     -4769.0476     -3946.1479

2015-02-02 10:09:04.935 (WARN ) [0xfffa30c9220] 8761429:ibm.runjob.client.Job: terminated by signal 9
2015-02-02 10:09:04.935 (WARN ) [0xfffa30c9220] 8761429:ibm.runjob.client.Job: abnormal termination by signal 9 from rank 9
