Converse/Charm++ Commit ID: v6.3.0-723-g6148ae1
[0] isomalloc.c> Disabling isomalloc because isomalloc disabled by conv-mach
Info: NAMD 2.9 for BlueGeneQ
Info: 
Info: Please visit http://www.ks.uiuc.edu/Research/namd/
Info: for updates, documentation, and support information.
Info: 
Info: Please cite Phillips et al., J. Comp. Chem. 26:1781-1802 (2005)
Info: in all publications reporting results obtained with NAMD.
Info: 
Info: Based on Charm++/Converse 60305 for pami-bluegeneq-smp-xlc
Info: Built Sun Dec 7 11:31:12 EST 2014 by bobdanani on avoca-test
Info: Running on 128 processors, 16 nodes, 16 physical nodes.
Info: CPU topology information unavailable.
Info: Charm++/Converse parallel runtime startup completed at 0.0410994 s
Info: 202.062 MB of memory in use based on /proc/self/stat
Info: Configuration file is namd_equilibration_script.conf
Info: Working in the current directory /vlsci/VR0021/mike/GIT/MD_workflow_py/newdir/newiDir0018
TCL: Suspending until startup complete.
Info: SIMULATION PARAMETERS:
Info: TIMESTEP               2
Info: NUMBER OF STEPS        0
Info: STEPS PER CYCLE        10
Info: PERIODIC CELL BASIS 1  48 0 0
Info: PERIODIC CELL BASIS 2  0 48 0
Info: PERIODIC CELL BASIS 3  0 0 48
Info: PERIODIC CELL CENTER   0 0 0
Info: WRAPPING WATERS AROUND PERIODIC BOUNDARIES ON OUTPUT.
Info: WRAPPING ALL CLUSTERS AROUND PERIODIC BOUNDARIES ON OUTPUT.
Info: LOAD BALANCER  Centralized
Info: LOAD BALANCING STRATEGY  New Load Balancers -- DEFAULT
Info: LDB PERIOD             2000 steps
Info: FIRST LDB TIMESTEP     50
Info: LAST LDB TIMESTEP     -1
Info: LDB BACKGROUND SCALING 1
Info: HOM BACKGROUND SCALING 1
Info: PME BACKGROUND SCALING 1
Info: REMOVING PATCHES FROM PROCESSOR 0
Info: MIN ATOMS PER PATCH    40
Info: INITIAL TEMPERATURE    310
Info: CENTER OF MASS MOVING INITIALLY? NO
Info: DIELECTRIC             1
Info: EXCLUDE                SCALED ONE-FOUR
Info: 1-4 ELECTROSTATICS SCALED BY 1
Info: MODIFIED 1-4 VDW PARAMETERS WILL BE USED
Info: DCD FILENAME           current_MD_run_files.dcd
Info: DCD FREQUENCY          500
Info: DCD FIRST STEP         500
Info: DCD FILE WILL CONTAIN UNIT CELL DATA
Info: XST FILENAME           current_MD_run_files.xst
Info: XST FREQUENCY          500
Info: NO VELOCITY DCD OUTPUT
Info: NO FORCE DCD OUTPUT
Info: OUTPUT FILENAME        current_MD_run_files
Info: BINARY OUTPUT FILES WILL BE USED
Info: RESTART FILENAME       current_MD_run_files.restart
Info: RESTART FREQUENCY      5000
Info: BINARY RESTART FILES WILL BE USED
Info: SWITCHING ACTIVE
Info: SWITCHING ON           10
Info: SWITCHING OFF          12
Info: PAIRLIST DISTANCE      14
Info: PAIRLIST SHRINK RATE   0.01
Info: PAIRLIST GROW RATE     0.01
Info: PAIRLIST TRIGGER       0.3
Info: PAIRLISTS PER CYCLE    2
Info: PAIRLISTS ENABLED
Info: MARGIN                 0.99
Info: HYDROGEN GROUP CUTOFF  2.5
Info: PATCH DIMENSION        17.49
Info: ENERGY OUTPUT STEPS    500
Info: CROSSTERM ENERGY INCLUDED IN DIHEDRAL
Info: TIMING OUTPUT STEPS    500
Info: PRESSURE OUTPUT STEPS  500
Info: LANGEVIN DYNAMICS ACTIVE
Info: LANGEVIN TEMPERATURE   310
Info: LANGEVIN DAMPING COEFFICIENT IS 5 INVERSE PS
Info: LANGEVIN DYNAMICS NOT APPLIED TO HYDROGENS
Info: LANGEVIN PISTON PRESSURE CONTROL ACTIVE
Info:        TARGET PRESSURE IS 1.01325 BAR
Info:     OSCILLATION PERIOD IS 100 FS
Info:             DECAY TIME IS 50 FS
Info:     PISTON TEMPERATURE IS 310 K
Info:       PRESSURE CONTROL IS GROUP-BASED
Info:    INITIAL STRAIN RATE IS 0 0 0
Info:       CELL FLUCTUATION IS ANISOTROPIC
Info: PARTICLE MESH EWALD (PME) ACTIVE
Info: PME TOLERANCE               1e-06
Info: PME EWALD COEFFICIENT       0.257952
Info: PME INTERPOLATION ORDER     4
Info: PME GRID DIMENSIONS         48 48 48
Info: PME MAXIMUM GRID SPACING    1
Info: Attempting to read FFTW data from FFTW_NAMD_2.9_BlueGeneQ.txt
Info: Optimizing 6 FFT steps.  1... 2... 3... 4... 5... 6...   Done.
Info: Writing FFTW data to FFTW_NAMD_2.9_BlueGeneQ.txt
Info: FULL ELECTROSTATIC EVALUATION FREQUENCY      2
Info: USING VERLET I (r-RESPA) MTS SCHEME.
Info: C1 SPLITTING OF LONG RANGE ELECTROSTATICS
Info: PLACING ATOMS IN PATCHES BY HYDROGEN GROUPS
Info: RIGID BONDS TO HYDROGEN : ALL
Info:         ERROR TOLERANCE : 1e-08
Info:          MAX ITERATIONS : 100
Info: RIGID WATER USING SETTLE ALGORITHM
Info: RANDOM NUMBER SEED     1422832116
Info: USE HYDROGEN BONDS?    NO
Info: COORDINATE PDB         ../../InputFiles/example.pdb
Info: STRUCTURE FILE         ../../InputFiles/example.psf
Info: PARAMETER file: CHARMM format! 
Info: PARAMETERS             ../../InputFiles/Parameters/par_all27_prot_na.prm
Info: USING ARITHMETIC MEAN TO COMBINE L-J SIGMA PARAMETERS
Info: SUMMARY OF PARAMETERS:
Info: 258 BONDS
Info: 666 ANGLES
Info: 1134 DIHEDRAL
Info: 70 IMPROPER
Info: 6 CROSSTERM
Info: 164 VDW
Info: 0 VDW_PAIRS
Info: 0 NBTHOLE_PAIRS
Info: TIME FOR READING PSF FILE: 2.00039
Info: TIME FOR READING PDB FILE: 0.445829
Info: 
Info: ****************************
Info: STRUCTURE SUMMARY:
Info: 10315 ATOMS
Info: 7285 BONDS
Info: 5281 ANGLES
Info: 3293 DIHEDRALS
Info: 204 IMPROPERS
Info: 74 CROSSTERMS
Info: 0 EXCLUSIONS
Info: 9701 RIGID BONDS
Info: 21244 DEGREES OF FREEDOM
Info: 3638 HYDROGEN GROUPS
Info: 4 ATOMS IN LARGEST HYDROGEN GROUP
Info: 3638 MIGRATION GROUPS
Info: 4 ATOMS IN LARGEST MIGRATION GROUP
Info: TOTAL MASS = 63394.1 amu
Info: TOTAL CHARGE = 1.00955e-06 e
Info: MASS DENSITY = 0.951884 g/cm^3
Info: ATOM DENSITY = 0.0932708 atoms/A^3
Info: *****************************
Info: 
Info: Entering startup at 24.3843 s, 202.062 MB of memory in use
Info: Startup phase 0 took 0.00321056 s, 202.062 MB of memory in use
Info: Startup phase 1 took 0.104229 s, 202.062 MB of memory in use
Info: Startup phase 2 took 0.00417313 s, 202.062 MB of memory in use
Info: Startup phase 3 took 0.00292499 s, 202.062 MB of memory in use
Info: PATCH GRID IS 5 (PERIODIC) BY 5 (PERIODIC) BY 2 (PERIODIC)
Info: PATCH GRID IS 2-AWAY BY 2-AWAY BY 1-AWAY
Info: REMOVING COM VELOCITY -0.0360416 0.117537 -0.0264998
Info: LARGEST PATCH (12) HAS 234 ATOMS
Info: Startup phase 4 took 0.0327126 s, 202.062 MB of memory in use
Info: PME using 24 and 24 processors for FFT and reciprocal sum.
Info: PME USING 16 GRID NODES AND 16 TRANS NODES
Info: PME GRID LOCATIONS: 7 11 15 23 27 31 39 43 47 55 ...
Info: PME TRANS LOCATIONS: 3 5 13 19 21 29 35 37 45 51 ...
Info: Startup phase 5 took 0.00753176 s, 202.062 MB of memory in use
Info: Startup phase 6 took 0.00949566 s, 202.062 MB of memory in use
LDB: Central LB being created...
Info: Startup phase 7 took 1.20394 s, 202.062 MB of memory in use
Info: CREATING 2450 COMPUTE OBJECTS
Info: NONBONDED TABLE R-SQUARED SPACING: 0.0625
Info: NONBONDED TABLE SIZE: 769 POINTS
Info: ABSOLUTE IMPRECISION IN FAST TABLE ENERGY: 3.38813e-21 AT 11.7447
Info: RELATIVE IMPRECISION IN FAST TABLE ENERGY: 6.92477e-14 AT 11.9138
Info: ABSOLUTE IMPRECISION IN FAST TABLE FORCE: 2.64698e-23 AT 11.9138
Info: RELATIVE IMPRECISION IN FAST TABLE FORCE: 1.40436e-16 AT 11.9138
Info: ABSOLUTE IMPRECISION IN SCOR TABLE ENERGY: 3.38813e-21 AT 11.7447
Info: RELATIVE IMPRECISION IN SCOR TABLE ENERGY: 4.24069e-16 AT 11.9138
Info: ABSOLUTE IMPRECISION IN SCOR TABLE FORCE: 4.10282e-22 AT 11.9138
Info: RELATIVE IMPRECISION IN SCOR TABLE FORCE: 3.56912e-15 AT 11.9138
Info: ABSOLUTE IMPRECISION IN VDWA TABLE ENERGY: 9.86076e-32 AT 11.8295
Info: RELATIVE IMPRECISION IN VDWA TABLE ENERGY: 6.75473e-14 AT 11.9138
Info: ABSOLUTE IMPRECISION IN VDWA TABLE FORCE: 4.62223e-32 AT 11.9138
Info: RELATIVE IMPRECISION IN VDWA TABLE FORCE: 2.12237e-15 AT 11.9138
Info: ABSOLUTE IMPRECISION IN VDWB TABLE ENERGY: 4.1359e-25 AT 11.8295
Info: RELATIVE IMPRECISION IN VDWB TABLE ENERGY: 7.56853e-15 AT 11.9138
Info: ABSOLUTE IMPRECISION IN VDWB TABLE FORCE: 3.87741e-26 AT 11.9138
Info: RELATIVE IMPRECISION IN VDWB TABLE FORCE: 5.97409e-16 AT 11.9138
Info: useSync: 0 useProxySync: 0
Info: Startup phase 8 took 0.0318189 s, 202.062 MB of memory in use
Info: Building spanning tree ... send: 1 recv: 0 with branch factor 9
Info: Startup phase 9 took 0.00330435 s, 202.062 MB of memory in use
Info: Startup phase 10 took 0.00252579 s, 202.062 MB of memory in use
Info: Finished startup at 25.7902 s, 202.062 MB of memory in use

TCL: Minimizing for 500 steps
PRESSURE: 0 7.92778e+08 9.80914e+08 6.43957e+08 9.80914e+08 1.21846e+09 7.99677e+08 6.43957e+08 7.99677e+08 5.27056e+08
GPRESSURE: 0 7.92785e+08 9.80912e+08 6.43961e+08 9.80914e+08 1.21847e+09 7.99675e+08 6.4396e+08 7.99677e+08 5.27061e+08
ETITLE:      TS           BOND          ANGLE          DIHED          IMPRP               ELECT            VDW       BOUNDARY           MISC        KINETIC               TOTAL           TEMP      POTENTIAL         TOTAL3        TEMPAVG            PRESSURE      GPRESSURE         VOLUME       PRESSAVG      GPRESSAVG

ENERGY:       0      3088.5033      1499.3301       263.8206        10.6933         -30848.5032 336586487.2282         0.0000         0.0000         0.0000      336560501.0723        -0.0000 336560501.0723 336560501.0723         0.0000      846098063.7249 846104120.5607    110592.0000 846098063.7249 846104120.5607

OPENING EXTENDED SYSTEM TRAJECTORY FILE
MINIMIZER SLOWLY MOVING 41 ATOMS WITH BAD CONTACTS DOWNHILL
PRESSURE: 1 2.3761e+07 2.92891e+07 1.92693e+07 2.92891e+07 3.65371e+07 2.38544e+07 1.92693e+07 2.38544e+07 1.58365e+07
GPRESSURE: 1 2.37671e+07 2.92887e+07 1.92714e+07 2.92892e+07 3.65424e+07 2.38532e+07 1.9271e+07 2.38552e+07 1.58411e+07
ENERGY:       1      3097.8780      1492.2035       263.8872        11.6906         -30918.4515  10098045.4909         0.0000         0.0000         0.0000       10071992.6986        -0.0000  10071992.6986  10071992.6986         0.0000       25378190.6513  25383543.1824    110592.0000  25378190.6513  25383543.1824

MINIMIZER SLOWLY MOVING 20 ATOMS WITH BAD CONTACTS DOWNHILL
PRESSURE: 2 1.60262e+06 1.93601e+06 1.28335e+06 1.93601e+06 2.45349e+06 1.57411e+06 1.28335e+06 1.57411e+06 1.07617e+06
GPRESSURE: 2 1.60887e+06 1.93607e+06 1.28495e+06 1.9358e+06 2.45889e+06 1.57341e+06 1.28485e+06 1.57465e+06 1.08101e+06
ENERGY:       2      3098.8562      1486.5938       264.0525        11.6906         -30939.5732    683808.6242         0.0000         0.0000         0.0000         657730.2441        -0.0000    657730.2441    657730.2441         0.0000        1710761.1668   1716255.7876    110592.0000   1710761.1668   1716255.7876

MINIMIZER SLOWLY MOVING 8 ATOMS WITH BAD CONTACTS DOWNHILL
PRESSURE: 3 197678 209202 143265 209202 286173 169684 143265 169684 134769
GPRESSURE: 3 204076 209794 144555 208589 291200 169306 144311 169543 140107
ENERGY:       3      3098.8562      1486.5938       264.0525        11.6906         -30939.6937     85515.0225         0.0000         0.0000         0.0000          59436.5219        -0.0000     59436.5219     59436.5219         0.0000         206206.9406    211794.4545    110592.0000    206206.9406    211794.4545

MINIMIZER SLOWLY MOVING 4 ATOMS WITH BAD CONTACTS DOWNHILL
PRESSURE: 4 51832.3 29892.9 24062.2 29892.9 59310.8 24792.8 24062.2 24792.8 35775.4
GPRESSURE: 4 58421.7 30508.2 25327.7 28842.3 64264.8 24475.3 24635.9 24619.7 41255.5
ENERGY:       4      3098.8562      1486.5938       264.0525        11.6906         -30939.5674     23037.6747         0.0000         0.0000         0.0000          -3040.6997        -0.0000     -3040.6997     -3040.6997         0.0000          48972.8153     54647.3064    110592.0000     48972.8153     54647.3064

MINIMIZER SLOWLY MOVING 2 ATOMS WITH BAD CONTACTS DOWNHILL
PRESSURE: 5 30532.1 3498.92 6725.59 3498.92 26455.3 3178.44 6725.59 3178.44 21542
GPRESSURE: 5 37142.6 4114.36 7988.38 2350.17 31398.3 2879.07 7205.28 2993.04 27043.8
ENERGY:       5      3098.8562      1486.5938       264.0525        11.6906         -30938.6693     13993.1376         0.0000         0.0000         0.0000         -12084.3386        -0.0000    -12084.3386    -12084.3386         0.0000          26176.4652     31861.5673    110592.0000     26176.4652     31861.5673

MINIMIZER SLOWLY MOVING 2 ATOMS WITH BAD CONTACTS DOWNHILL
PRESSURE: 6 26526.3 -1468.36 3460.82 -1468.36 20273.6 -889.048 3460.82 -889.048 18867
GPRESSURE: 6 33138.6 -853.801 4722.7 -2634.96 25214.1 -1184.61 3925.75 -1074.84 24370.8
ENERGY:       6      3098.8562      1486.5938       264.0525        11.6906         -30936.7428     12297.3267         0.0000         0.0000         0.0000         -13778.2230        -0.0000    -13778.2230    -13778.2230         0.0000          21889.0008     27574.5238    110592.0000     21889.0008     27574.5238

MINIMIZER SLOWLY MOVING 2 ATOMS WITH BAD CONTACTS DOWNHILL
PRESSURE: 7 25612.5 -2600.63 2716.01 -2600.63 18869.7 -1812.5 2716.01 -1812.5 18263.3
GPRESSURE: 7 32281.5 -2000.41 3936.7 -3699.2 23792.6 -2157.42 3226.41 -2008 23733.4
ENERGY:       7      3098.8562      1486.5938       264.0525        11.6906         -30934.6537     11914.2537         0.0000         0.0000         0.0000         -14159.2070        -0.0000    -14159.2070    -14159.2070         0.0000          20915.1785     26602.5042    110592.0000     20915.1785     26602.5042

MINIMIZER STARTING CONJUGATE GRADIENT ALGORITHM
LINE MINIMIZER REDUCING GRADIENT FROM 1.28304e+08 TO 128304
PRESSURE: 8 25247.7 -2536.43 2691.61 -2536.43 18631.3 -1769.09 2691.61 -1769.09 18003.1
GPRESSURE: 8 31880.1 -1938.49 3895.18 -3619.96 23534.7 -2102.32 3197.2 -1962.55 23436.4
ENERGY:       8      3090.7892      1485.5168       264.0466        11.6886         -30936.5186     11797.8422         0.0000         0.0000         0.0000         -14286.6352        -0.0000    -14286.6352    -14286.6352         0.0000          20627.3447     26283.7546    110592.0000     20627.3447     26283.7546

PRESSURE: 9 24890.1 -2473.62 2667.3 -2473.62 18397.3 -1726.98 2667.3 -1726.98 17748.1
GPRESSURE: 9 31486.6 -1877.91 3854.09 -3542.44 23281.6 -2048.85 3168.19 -1918.45 23145.4
ENERGY:       9      3082.7502      1484.4436       264.0410        11.6870         -30938.3841     11683.6730         0.0000         0.0000         0.0000         -14411.7893        -0.0000    -14411.7893    -14411.7893         0.0000          20345.1877     25971.1849    110592.0000     20345.1877     25971.1849

LDB: ============= START OF LOAD BALANCING ============== 26.2062
LDB: ============== END OF LOAD BALANCING =============== 26.2073
Info: useSync: 0 useProxySync: 0
LDB: =============== DONE WITH MIGRATION ================ 26.2133
PRESSURE: 10 24195.8 -2352.01 2618.96 -2352.01 17942.4 -1646.44 2618.96 -1646.44 17253.7
GPRESSURE: 10 30722.2 -1760.69 3773.13 -3392.42 22789.1 -1946.53 3110.7 -1834.05 22580.6
ETITLE:      TS           BOND          ANGLE          DIHED          IMPRP               ELECT            VDW       BOUNDARY           MISC        KINETIC               TOTAL           TEMP      POTENTIAL         TOTAL3        TEMPAVG            PRESSURE      GPRESSURE         VOLUME       PRESSAVG      GPRESSAVG

ENERGY:      10      3066.7562      1482.3085       264.0305        11.6851         -30942.1130     11461.8508         0.0000         0.0000         0.0000         -14655.4819        -0.0000    -14655.4819    -14655.4819         0.0000          19797.3211     25363.9782    110592.0000     19797.3211     25363.9782

PRESSURE: 11 22886.6 -2123.99 2523.69 -2123.99 17081.9 -1499.14 2523.69 -1499.14 16323.1
GPRESSURE: 11 29279.6 -1541.1 3616.28 -3111.35 21856.5 -1759.16 2998.16 -1679.43 21516.2
ENERGY:      11      3035.1037      1478.0836       264.0124        11.6860         -30949.5613     11042.8731         0.0000         0.0000         0.0000         -15117.8025        -0.0000    -15117.8025    -15117.8025         0.0000          18763.8759     24217.4311    110592.0000     18763.8759     24217.4311

2015-02-02 10:09:04.883 (WARN ) [0xfffb2389220] 8761452:ibm.runjob.client.Job: terminated by signal 9
2015-02-02 10:09:04.883 (WARN ) [0xfffb2389220] 8761452:ibm.runjob.client.Job: abnormal termination by signal 9 from rank 8
