Converse/Charm++ Commit ID: v6.3.0-723-g6148ae1
[0] isomalloc.c> Disabling isomalloc because isomalloc disabled by conv-mach
Info: NAMD 2.9 for BlueGeneQ
Info: 
Info: Please visit http://www.ks.uiuc.edu/Research/namd/
Info: for updates, documentation, and support information.
Info: 
Info: Please cite Phillips et al., J. Comp. Chem. 26:1781-1802 (2005)
Info: in all publications reporting results obtained with NAMD.
Info: 
Info: Based on Charm++/Converse 60305 for pami-bluegeneq-smp-xlc
Info: Built Sun Dec 7 11:31:12 EST 2014 by bobdanani on avoca-test
Info: Running on 128 processors, 16 nodes, 16 physical nodes.
Info: CPU topology information unavailable.
Info: Charm++/Converse parallel runtime startup completed at 0.0398166 s
Info: 202.062 MB of memory in use based on /proc/self/stat
Info: Configuration file is namd_equilibration_script.conf
Info: Working in the current directory /vlsci/VR0021/mike/GIT/MD_workflow_py/newdir/newiDir0055
TCL: Suspending until startup complete.
Info: SIMULATION PARAMETERS:
Info: TIMESTEP               2
Info: NUMBER OF STEPS        0
Info: STEPS PER CYCLE        10
Info: PERIODIC CELL BASIS 1  48 0 0
Info: PERIODIC CELL BASIS 2  0 48 0
Info: PERIODIC CELL BASIS 3  0 0 48
Info: PERIODIC CELL CENTER   0 0 0
Info: WRAPPING WATERS AROUND PERIODIC BOUNDARIES ON OUTPUT.
Info: WRAPPING ALL CLUSTERS AROUND PERIODIC BOUNDARIES ON OUTPUT.
Info: LOAD BALANCER  Centralized
Info: LOAD BALANCING STRATEGY  New Load Balancers -- DEFAULT
Info: LDB PERIOD             2000 steps
Info: FIRST LDB TIMESTEP     50
Info: LAST LDB TIMESTEP     -1
Info: LDB BACKGROUND SCALING 1
Info: HOM BACKGROUND SCALING 1
Info: PME BACKGROUND SCALING 1
Info: REMOVING PATCHES FROM PROCESSOR 0
Info: MIN ATOMS PER PATCH    40
Info: INITIAL TEMPERATURE    310
Info: CENTER OF MASS MOVING INITIALLY? NO
Info: DIELECTRIC             1
Info: EXCLUDE                SCALED ONE-FOUR
Info: 1-4 ELECTROSTATICS SCALED BY 1
Info: MODIFIED 1-4 VDW PARAMETERS WILL BE USED
Info: DCD FILENAME           current_MD_run_files.dcd
Info: DCD FREQUENCY          500
Info: DCD FIRST STEP         500
Info: DCD FILE WILL CONTAIN UNIT CELL DATA
Info: XST FILENAME           current_MD_run_files.xst
Info: XST FREQUENCY          500
Info: NO VELOCITY DCD OUTPUT
Info: NO FORCE DCD OUTPUT
Info: OUTPUT FILENAME        current_MD_run_files
Info: BINARY OUTPUT FILES WILL BE USED
Info: RESTART FILENAME       current_MD_run_files.restart
Info: RESTART FREQUENCY      5000
Info: BINARY RESTART FILES WILL BE USED
Info: SWITCHING ACTIVE
Info: SWITCHING ON           10
Info: SWITCHING OFF          12
Info: PAIRLIST DISTANCE      14
Info: PAIRLIST SHRINK RATE   0.01
Info: PAIRLIST GROW RATE     0.01
Info: PAIRLIST TRIGGER       0.3
Info: PAIRLISTS PER CYCLE    2
Info: PAIRLISTS ENABLED
Info: MARGIN                 0.99
Info: HYDROGEN GROUP CUTOFF  2.5
Info: PATCH DIMENSION        17.49
Info: ENERGY OUTPUT STEPS    500
Info: CROSSTERM ENERGY INCLUDED IN DIHEDRAL
Info: TIMING OUTPUT STEPS    500
Info: PRESSURE OUTPUT STEPS  500
Info: LANGEVIN DYNAMICS ACTIVE
Info: LANGEVIN TEMPERATURE   310
Info: LANGEVIN DAMPING COEFFICIENT IS 5 INVERSE PS
Info: LANGEVIN DYNAMICS NOT APPLIED TO HYDROGENS
Info: LANGEVIN PISTON PRESSURE CONTROL ACTIVE
Info:        TARGET PRESSURE IS 1.01325 BAR
Info:     OSCILLATION PERIOD IS 100 FS
Info:             DECAY TIME IS 50 FS
Info:     PISTON TEMPERATURE IS 310 K
Info:       PRESSURE CONTROL IS GROUP-BASED
Info:    INITIAL STRAIN RATE IS 0 0 0
Info:       CELL FLUCTUATION IS ANISOTROPIC
Info: PARTICLE MESH EWALD (PME) ACTIVE
Info: PME TOLERANCE               1e-06
Info: PME EWALD COEFFICIENT       0.257952
Info: PME INTERPOLATION ORDER     4
Info: PME GRID DIMENSIONS         48 48 48
Info: PME MAXIMUM GRID SPACING    1
Info: Attempting to read FFTW data from FFTW_NAMD_2.9_BlueGeneQ.txt
Info: Optimizing 6 FFT steps.  1... 2... 3... 4... 5... 6...   Done.
Info: Writing FFTW data to FFTW_NAMD_2.9_BlueGeneQ.txt
Info: FULL ELECTROSTATIC EVALUATION FREQUENCY      2
Info: USING VERLET I (r-RESPA) MTS SCHEME.
Info: C1 SPLITTING OF LONG RANGE ELECTROSTATICS
Info: PLACING ATOMS IN PATCHES BY HYDROGEN GROUPS
Info: RIGID BONDS TO HYDROGEN : ALL
Info:         ERROR TOLERANCE : 1e-08
Info:          MAX ITERATIONS : 100
Info: RIGID WATER USING SETTLE ALGORITHM
Info: RANDOM NUMBER SEED     1422832114
Info: USE HYDROGEN BONDS?    NO
Info: COORDINATE PDB         ../../InputFiles/example.pdb
Info: STRUCTURE FILE         ../../InputFiles/example.psf
Info: PARAMETER file: CHARMM format! 
Info: PARAMETERS             ../../InputFiles/Parameters/par_all27_prot_na.prm
Info: USING ARITHMETIC MEAN TO COMBINE L-J SIGMA PARAMETERS
Info: SUMMARY OF PARAMETERS:
Info: 258 BONDS
Info: 666 ANGLES
Info: 1134 DIHEDRAL
Info: 70 IMPROPER
Info: 6 CROSSTERM
Info: 164 VDW
Info: 0 VDW_PAIRS
Info: 0 NBTHOLE_PAIRS
Info: TIME FOR READING PSF FILE: 1.99904
Info: TIME FOR READING PDB FILE: 0.444223
Info: 
Info: ****************************
Info: STRUCTURE SUMMARY:
Info: 10315 ATOMS
Info: 7285 BONDS
Info: 5281 ANGLES
Info: 3293 DIHEDRALS
Info: 204 IMPROPERS
Info: 74 CROSSTERMS
Info: 0 EXCLUSIONS
Info: 9701 RIGID BONDS
Info: 21244 DEGREES OF FREEDOM
Info: 3638 HYDROGEN GROUPS
Info: 4 ATOMS IN LARGEST HYDROGEN GROUP
Info: 3638 MIGRATION GROUPS
Info: 4 ATOMS IN LARGEST MIGRATION GROUP
Info: TOTAL MASS = 63394.1 amu
Info: TOTAL CHARGE = 1.00955e-06 e
Info: MASS DENSITY = 0.951884 g/cm^3
Info: ATOM DENSITY = 0.0932708 atoms/A^3
Info: *****************************
Info: 
Info: Entering startup at 24.6642 s, 202.062 MB of memory in use
Info: Startup phase 0 took 0.00312512 s, 202.062 MB of memory in use
Info: Startup phase 1 took 0.104799 s, 202.062 MB of memory in use
Info: Startup phase 2 took 0.00459461 s, 202.062 MB of memory in use
Info: Startup phase 3 took 0.00294646 s, 202.062 MB of memory in use
Info: PATCH GRID IS 5 (PERIODIC) BY 5 (PERIODIC) BY 2 (PERIODIC)
Info: PATCH GRID IS 2-AWAY BY 2-AWAY BY 1-AWAY
Info: REMOVING COM VELOCITY -0.0235697 -0.0384797 -0.0632434
Info: LARGEST PATCH (12) HAS 234 ATOMS
Info: Startup phase 4 took 0.032914 s, 202.062 MB of memory in use
Info: PME using 24 and 24 processors for FFT and reciprocal sum.
Info: PME USING 16 GRID NODES AND 16 TRANS NODES
Info: PME GRID LOCATIONS: 7 11 15 23 27 31 39 43 47 55 ...
Info: PME TRANS LOCATIONS: 3 5 13 19 21 29 35 37 45 51 ...
Info: Startup phase 5 took 0.00747001 s, 202.062 MB of memory in use
Info: Startup phase 6 took 0.00968687 s, 202.062 MB of memory in use
LDB: Central LB being created...
Info: Startup phase 7 took 1.20398 s, 202.062 MB of memory in use
Info: CREATING 2450 COMPUTE OBJECTS
Info: NONBONDED TABLE R-SQUARED SPACING: 0.0625
Info: NONBONDED TABLE SIZE: 769 POINTS
Info: ABSOLUTE IMPRECISION IN FAST TABLE ENERGY: 3.38813e-21 AT 11.7447
Info: RELATIVE IMPRECISION IN FAST TABLE ENERGY: 6.92477e-14 AT 11.9138
Info: ABSOLUTE IMPRECISION IN FAST TABLE FORCE: 2.64698e-23 AT 11.9138
Info: RELATIVE IMPRECISION IN FAST TABLE FORCE: 1.40436e-16 AT 11.9138
Info: ABSOLUTE IMPRECISION IN SCOR TABLE ENERGY: 3.38813e-21 AT 11.7447
Info: RELATIVE IMPRECISION IN SCOR TABLE ENERGY: 4.24069e-16 AT 11.9138
Info: ABSOLUTE IMPRECISION IN SCOR TABLE FORCE: 4.10282e-22 AT 11.9138
Info: RELATIVE IMPRECISION IN SCOR TABLE FORCE: 3.56912e-15 AT 11.9138
Info: ABSOLUTE IMPRECISION IN VDWA TABLE ENERGY: 9.86076e-32 AT 11.8295
Info: RELATIVE IMPRECISION IN VDWA TABLE ENERGY: 6.75473e-14 AT 11.9138
Info: ABSOLUTE IMPRECISION IN VDWA TABLE FORCE: 4.62223e-32 AT 11.9138
Info: RELATIVE IMPRECISION IN VDWA TABLE FORCE: 2.12237e-15 AT 11.9138
Info: ABSOLUTE IMPRECISION IN VDWB TABLE ENERGY: 4.1359e-25 AT 11.8295
Info: RELATIVE IMPRECISION IN VDWB TABLE ENERGY: 7.56853e-15 AT 11.9138
Info: ABSOLUTE IMPRECISION IN VDWB TABLE FORCE: 3.87741e-26 AT 11.9138
Info: RELATIVE IMPRECISION IN VDWB TABLE FORCE: 5.97409e-16 AT 11.9138
Info: useSync: 0 useProxySync: 0
Info: Startup phase 8 took 0.0317729 s, 202.062 MB of memory in use
Info: Building spanning tree ... send: 1 recv: 0 with branch factor 9
Info: Startup phase 9 took 0.00342851 s, 202.062 MB of memory in use
Info: Startup phase 10 took 0.00245541 s, 202.062 MB of memory in use
Info: Finished startup at 26.0713 s, 202.062 MB of memory in use

TCL: Minimizing for 500 steps
PRESSURE: 0 7.92778e+08 9.80914e+08 6.43957e+08 9.80914e+08 1.21846e+09 7.99677e+08 6.43957e+08 7.99677e+08 5.27056e+08
GPRESSURE: 0 7.92785e+08 9.80912e+08 6.43961e+08 9.80914e+08 1.21847e+09 7.99675e+08 6.4396e+08 7.99677e+08 5.27061e+08
ETITLE:      TS           BOND          ANGLE          DIHED          IMPRP               ELECT            VDW       BOUNDARY           MISC        KINETIC               TOTAL           TEMP      POTENTIAL         TOTAL3        TEMPAVG            PRESSURE      GPRESSURE         VOLUME       PRESSAVG      GPRESSAVG

ENERGY:       0      3088.5033      1499.3301       263.8206        10.6933         -30848.5032 336586487.2282         0.0000         0.0000         0.0000      336560501.0723        -0.0000 336560501.0723 336560501.0723         0.0000      846098063.7249 846104120.5607    110592.0000 846098063.7249 846104120.5607

OPENING EXTENDED SYSTEM TRAJECTORY FILE
MINIMIZER SLOWLY MOVING 41 ATOMS WITH BAD CONTACTS DOWNHILL
PRESSURE: 1 2.3761e+07 2.92891e+07 1.92693e+07 2.92891e+07 3.65371e+07 2.38544e+07 1.92693e+07 2.38544e+07 1.58365e+07
GPRESSURE: 1 2.37671e+07 2.92887e+07 1.92714e+07 2.92892e+07 3.65424e+07 2.38532e+07 1.9271e+07 2.38552e+07 1.58411e+07
ENERGY:       1      3097.8780      1492.2035       263.8872        11.6906         -30918.4515  10098045.4909         0.0000         0.0000         0.0000       10071992.6986        -0.0000  10071992.6986  10071992.6986         0.0000       25378190.6513  25383543.1825    110592.0000  25378190.6513  25383543.1825

MINIMIZER SLOWLY MOVING 20 ATOMS WITH BAD CONTACTS DOWNHILL
PRESSURE: 2 1.60262e+06 1.93601e+06 1.28335e+06 1.93601e+06 2.45349e+06 1.57411e+06 1.28335e+06 1.57411e+06 1.07617e+06
GPRESSURE: 2 1.60887e+06 1.93607e+06 1.28495e+06 1.9358e+06 2.45889e+06 1.57341e+06 1.28485e+06 1.57465e+06 1.08101e+06
ENERGY:       2      3098.8562      1486.5938       264.0525        11.6906         -30939.5732    683808.6242         0.0000         0.0000         0.0000         657730.2441        -0.0000    657730.2441    657730.2441         0.0000        1710761.1668   1716255.7877    110592.0000   1710761.1668   1716255.7877

MINIMIZER SLOWLY MOVING 8 ATOMS WITH BAD CONTACTS DOWNHILL
PRESSURE: 3 197678 209202 143265 209202 286173 169684 143265 169684 134769
GPRESSURE: 3 204076 209794 144555 208589 291200 169306 144311 169543 140107
ENERGY:       3      3098.8562      1486.5938       264.0525        11.6906         -30939.6937     85515.0225         0.0000         0.0000         0.0000          59436.5219        -0.0000     59436.5219     59436.5219         0.0000         206206.9406    211794.4545    110592.0000    206206.9406    211794.4545

MINIMIZER SLOWLY MOVING 4 ATOMS WITH BAD CONTACTS DOWNHILL
PRESSURE: 4 51832.3 29892.9 24062.2 29892.9 59310.8 24792.8 24062.2 24792.8 35775.4
GPRESSURE: 4 58421.7 30508.2 25327.7 28842.3 64264.8 24475.3 24635.9 24619.7 41255.5
ENERGY:       4      3098.8562      1486.5938       264.0525        11.6906         -30939.5674     23037.6747         0.0000         0.0000         0.0000          -3040.6997        -0.0000     -3040.6997     -3040.6997         0.0000          48972.8153     54647.3064    110592.0000     48972.8153     54647.3064

MINIMIZER SLOWLY MOVING 2 ATOMS WITH BAD CONTACTS DOWNHILL
PRESSURE: 5 30532.1 3498.92 6725.59 3498.92 26455.3 3178.44 6725.59 3178.44 21542
GPRESSURE: 5 37142.6 4114.36 7988.38 2350.17 31398.3 2879.07 7205.28 2993.04 27043.8
ENERGY:       5      3098.8562      1486.5938       264.0525        11.6906         -30938.6693     13993.1376         0.0000         0.0000         0.0000         -12084.3386        -0.0000    -12084.3386    -12084.3386         0.0000          26176.4652     31861.5673    110592.0000     26176.4652     31861.5673

MINIMIZER SLOWLY MOVING 2 ATOMS WITH BAD CONTACTS DOWNHILL
PRESSURE: 6 26526.3 -1468.36 3460.82 -1468.36 20273.6 -889.048 3460.82 -889.048 18867
GPRESSURE: 6 33138.6 -853.801 4722.7 -2634.96 25214.1 -1184.61 3925.75 -1074.84 24370.8
ENERGY:       6      3098.8562      1486.5938       264.0525        11.6906         -30936.7428     12297.3267         0.0000         0.0000         0.0000         -13778.2230        -0.0000    -13778.2230    -13778.2230         0.0000          21889.0008     27574.5238    110592.0000     21889.0008     27574.5238

MINIMIZER SLOWLY MOVING 2 ATOMS WITH BAD CONTACTS DOWNHILL
PRESSURE: 7 25612.5 -2600.63 2716.01 -2600.63 18869.7 -1812.5 2716.01 -1812.5 18263.3
GPRESSURE: 7 32281.5 -2000.41 3936.7 -3699.2 23792.6 -2157.42 3226.41 -2008 23733.4
ENERGY:       7      3098.8562      1486.5938       264.0525        11.6906         -30934.6537     11914.2537         0.0000         0.0000         0.0000         -14159.2069        -0.0000    -14159.2069    -14159.2069         0.0000          20915.1785     26602.5043    110592.0000     20915.1785     26602.5043

MINIMIZER STARTING CONJUGATE GRADIENT ALGORITHM
LINE MINIMIZER REDUCING GRADIENT FROM 1.28304e+08 TO 128304
PRESSURE: 8 25247.7 -2536.43 2691.61 -2536.43 18631.3 -1769.09 2691.61 -1769.09 18003.1
GPRESSURE: 8 31880.1 -1938.49 3895.18 -3619.96 23534.7 -2102.32 3197.2 -1962.55 23436.4
ENERGY:       8      3090.7892      1485.5168       264.0466        11.6886         -30936.5185     11797.8422         0.0000         0.0000         0.0000         -14286.6351        -0.0000    -14286.6351    -14286.6351         0.0000          20627.3447     26283.7546    110592.0000     20627.3447     26283.7546

PRESSURE: 9 24890.1 -2473.62 2667.3 -2473.62 18397.3 -1726.98 2667.3 -1726.98 17748.1
GPRESSURE: 9 31486.6 -1877.91 3854.09 -3542.44 23281.6 -2048.85 3168.19 -1918.45 23145.4
ENERGY:       9      3082.7502      1484.4436       264.0410        11.6870         -30938.3841     11683.6730         0.0000         0.0000         0.0000         -14411.7892        -0.0000    -14411.7892    -14411.7892         0.0000          20345.1877     25971.1849    110592.0000     20345.1877     25971.1849

LDB: ============= START OF LOAD BALANCING ============== 26.4773
LDB: ============== END OF LOAD BALANCING =============== 26.4783
Info: useSync: 0 useProxySync: 0
LDB: =============== DONE WITH MIGRATION ================ 26.483
PRESSURE: 10 24195.8 -2352.01 2618.96 -2352.01 17942.4 -1646.44 2618.96 -1646.44 17253.7
GPRESSURE: 10 30722.2 -1760.69 3773.13 -3392.42 22789.1 -1946.53 3110.7 -1834.05 22580.6
ETITLE:      TS           BOND          ANGLE          DIHED          IMPRP               ELECT            VDW       BOUNDARY           MISC        KINETIC               TOTAL           TEMP      POTENTIAL         TOTAL3        TEMPAVG            PRESSURE      GPRESSURE         VOLUME       PRESSAVG      GPRESSAVG

ENERGY:      10      3066.7562      1482.3085       264.0305        11.6851         -30942.1130     11461.8508         0.0000         0.0000         0.0000         -14655.4819        -0.0000    -14655.4819    -14655.4819         0.0000          19797.3211     25363.9781    110592.0000     19797.3211     25363.9781

PRESSURE: 11 22886.6 -2123.99 2523.69 -2123.99 17081.9 -1499.14 2523.69 -1499.14 16323.1
GPRESSURE: 11 29279.6 -1541.1 3616.28 -3111.35 21856.5 -1759.16 2998.16 -1679.43 21516.2
ENERGY:      11      3035.1037      1478.0836       264.0124        11.6860         -30949.5613     11042.8731         0.0000         0.0000         0.0000         -15117.8025        -0.0000    -15117.8025    -15117.8025         0.0000          18763.8759     24217.4311    110592.0000     18763.8759     24217.4311

PRESSURE: 12 20553.4 -1722.95 2339.96 -1722.95 15538.6 -1252.24 2339.96 -1252.24 14669.9
GPRESSURE: 12 26703.6 -1155.89 3322.71 -2617.65 20179.9 -1444.57 2783.67 -1419.34 19620.8
ENERGY:      12      2973.1376      1469.8155       263.9877        11.7070         -30964.4243     10293.4960         0.0000         0.0000         0.0000         -15952.2805        -0.0000    -15952.2805    -15952.2805         0.0000          16920.6524     22168.1114    110592.0000     16920.6524     22168.1114

PRESSURE: 13 16815.2 -1100.53 2006.84 -1100.53 13034.3 -904.044 2006.84 -904.044 12035.6
GPRESSURE: 13 22558 -562.478 2814.14 -1853.11 17445.3 -1000.21 2401.8 -1049.07 16584.8
ENERGY:      13      2854.5340      1454.0067       263.9835        11.8263         -30994.0211      9082.7739         0.0000         0.0000         0.0000         -17326.8967        -0.0000    -17326.8967    -17326.8967         0.0000          13961.6881     18862.6755    110592.0000     13961.6881     18862.6755

PRESSURE: 14 11864.8 -345.294 1493.19 -345.294 9637.93 -556.087 1493.19 -556.087 8576.4
GPRESSURE: 14 17006.2 140.803 2073.1 -927.946 13689.1 -559.716 1830.1 -669.463 12552.7
ENERGY:      14      2638.4195      1425.3083       264.1507        12.3760         -31052.7540      7446.6365         0.0000         0.0000         0.0000         -19265.8629        -0.0000    -19265.8629    -19265.8629         0.0000          10026.3729     14415.9962    110592.0000     10026.3729     14415.9962

PRESSURE: 15 7108.42 200.401 980.708 200.401 6246.69 -418.948 980.708 -418.948 5323.14
GPRESSURE: 15 11503.7 603.898 1365.47 -268.069 9802.28 -413.601 1312.93 -508.31 8650.47
ENERGY:      15      2288.6245      1379.6753       265.1654        14.7443         -31168.6190      5790.4200         0.0000         0.0000         0.0000         -21429.9895        -0.0000    -21429.9895    -21429.9895         0.0000           6226.0811      9985.4766    110592.0000      6226.0811      9985.4766

PRESSURE: 16 4850.09 165.432 1257.94 165.432 4514.88 -754.599 1257.94 -754.599 4125.78
GPRESSURE: 16 8668.6 486.094 1707.32 -477.896 7507.27 -965.973 1985.97 -921.641 7053.82
ENERGY:      16      1900.2223      1336.3753       270.1213        24.8446         -31394.4641      4840.6795         0.0000         0.0000         0.0000         -23022.2212        -0.0000    -23022.2212    -23022.2212         0.0000           4496.9203      7743.2303    110592.0000      4496.9203      7743.2303

PRESSURE: 17 17852.3 -1550.03 12378.5 -1550.03 10801.7 -4850.32 12378.5 -4850.32 17654.9
GPRESSURE: 17 30366.1 273.821 17743.2 -5798.21 14465.5 -7375.29 22472.3 -4882.86 26267.7
ENERGY:      17      2163.8410      1452.4679       293.4260        71.7709         -31822.6930      8851.2293         0.0000         0.0000         0.0000         -18989.9580        -0.0000    -18989.9580    -18989.9580         0.0000          15436.3105     23699.7773    110592.0000     15436.3105     23699.7773

LINE MINIMIZER BRACKET: DX 0.000128 0.000256 DU -1592.23 4032.26 DUDX -2.32342e+07 -4.29861e+06 5.45662e+07 
PRESSURE: 18 4953.74 96.6938 1515.53 96.6938 4553.16 -899.461 1515.53 -899.461 4341.14
GPRESSURE: 18 8800.08 414.144 2049.01 -651.118 7479.81 -1192.18 2434.04 -1102.32 7307.51
ENERGY:      18      1867.1741      1335.6056       271.7736        28.0148         -31441.9086      4839.5343         0.0000         0.0000         0.0000         -23099.8062        -0.0000    -23099.8062    -23099.8062         0.0000           4616.0113      7862.4673    110592.0000      4616.0113      7862.4673

LINE MINIMIZER BRACKET: DX 2.7443e-05 0.000228557 DU -77.585 4109.85 DUDX -4.29861e+06 -1.35344e+06 5.45662e+07 
PRESSURE: 19 5172 28.1138 1798.84 28.1138 4670.15 -1047.07 1798.84 -1047.07 4637.9
GPRESSURE: 19 9099.27 348.701 2429.82 -831.974 7557.9 -1421.45 2923.47 -1284.49 7678.48
ENERGY:      19      1852.2059      1337.3080       273.3194        30.9492         -31481.1655      4885.2168         0.0000         0.0000         0.0000         -23102.1662        -0.0000    -23102.1662    -23102.1662         0.0000           4826.6845      8111.8821    110592.0000      4826.6845      8111.8821

LINE MINIMIZER BRACKET: DX 2.28557e-05 0.000205701 DU -2.36002 4112.21 DUDX -1.35344e+06 1.16674e+06 5.45662e+07 
MINIMIZER RESTARTING CONJUGATE GRADIENT ALGORITHM
LINE MINIMIZER REDUCING GRADIENT FROM 2.67828e+07 TO 26782.8
PRESSURE: 20 4984.37 169.615 1602.4 169.615 4517.92 -872.402 1602.4 -872.402 4388.47
GPRESSURE: 20 8716.88 509.236 2127.21 -529.972 7368.74 -1151.87 2514.32 -1079.82 7293.74
ETITLE:      TS           BOND          ANGLE          DIHED          IMPRP               ELECT            VDW       BOUNDARY           MISC        KINETIC               TOTAL           TEMP      POTENTIAL         TOTAL3        TEMPAVG            PRESSURE      GPRESSURE         VOLUME       PRESSAVG      GPRESSAVG

ENERGY:      20      1839.4311      1335.3834       273.2693        30.8364         -31484.9723      4804.2133         0.0000         0.0000         0.0000         -23201.8389        -0.0000    -23201.8389    -23201.8389         0.0000           4630.2565      7793.1202    110592.0000      4630.2565      7793.1202

PRESSURE: 21 4827.6 283.437 1442.21 283.437 4391.32 -730.863 1442.21 -730.863 4182.58
GPRESSURE: 21 8402.24 636.73 1882.97 -289.379 7210.39 -935.766 2185.43 -914.947 6979.11
ENERGY:      21      1826.8362      1333.4917       273.2197        30.7251         -31488.7815      4736.4490         0.0000         0.0000         0.0000         -23288.0598        -0.0000    -23288.0598    -23288.0598         0.0000           4467.1672      7530.5788    110592.0000      4467.1672      7530.5788

PRESSURE: 22 4583.35 449.3 1202.82 449.3 4195.44 -521.748 1202.82 -521.748 3868.15
GPRESSURE: 22 7922.33 818.836 1523.19 56.8519 6961.93 -621.362 1704.16 -673.151 6504.58
ENERGY:      22      1802.1834      1329.8077       273.1222        30.5070         -31496.4094      4630.6304         0.0000         0.0000         0.0000         -23430.1586        -0.0000    -23430.1586    -23430.1586         0.0000           4215.6487      7129.6154    110592.0000      4215.6487      7129.6154

PRESSURE: 23 4268.45 628.288 924.711 628.288 3946.26 -286.446 924.711 -286.446 3481.17
GPRESSURE: 23 7325.72 1006.35 1115.7 424.026 6632.32 -277.893 1167.77 -403.766 5931.71
ENERGY:      23      1755.0049      1322.8424       272.9344        30.0888         -31511.7005      4493.0807         0.0000         0.0000         0.0000         -23637.7494        -0.0000    -23637.7494    -23637.7494         0.0000           3898.6288      6629.9153    110592.0000      3898.6288      6629.9153

PRESSURE: 24 3941.48 730.895 706.614 730.895 3691 -122.27 706.614 -122.27 3118.43
GPRESSURE: 24 6730.67 1096.24 808.274 638.319 6252.53 -52.506 780.714 -215.575 5403.2
ENERGY:      24      1668.9688      1310.5704       272.5905        29.3237         -31542.3869      4345.8478         0.0000         0.0000         0.0000         -23915.0856        -0.0000    -23915.0856    -23915.0856         0.0000           3583.6371      6128.8011    110592.0000      3583.6371      6128.8011

PRESSURE: 25 3621.32 695.806 600.122 695.806 3432.04 -88.0327 600.122 -88.0327 2815.24
GPRESSURE: 25 6130.69 1027.15 668.08 615.894 5777.97 -25.0213 621.642 -166.616 4951.9
ENERGY:      25      1528.2267      1293.3104       272.0607        28.0758         -31604.0009      4190.6913         0.0000         0.0000         0.0000         -24291.6360        -0.0000    -24291.6360    -24291.6360         0.0000           3289.5320      5620.1885    110592.0000      3289.5320      5620.1885

PRESSURE: 26 3527.84 174.174 965.674 174.174 3596.42 -684.278 965.674 -684.278 3134.53
GPRESSURE: 26 5752.2 558.847 1292.8 -104.223 5392.07 -1036.15 1159.43 -598.733 5434.26
ENERGY:      26      1346.5154      1299.1636       271.8458        26.6980         -31727.6131      4189.6782         0.0000         0.0000         0.0000         -24593.7122        -0.0000    -24593.7122    -24593.7122         0.0000           3419.5982      5526.1763    110592.0000      3419.5982      5526.1763

PRESSURE: 27 493788 -1.25421e+06 844033 -1.25421e+06 3.25761e+06 -2.14378e+06 844033 -2.14378e+06 1.45473e+06
GPRESSURE: 27 511130 -1.2366e+06 881164 -1.29644e+06 3.21268e+06 -2.24275e+06 870827 -2.11448e+06 1.51883e+06
ENERGY:      27      1205.1013      1357.1891       269.8208        28.5640         -31978.8152    692937.9056         0.0000         0.0000         0.0000         663819.7656        -0.0000    663819.7656    663819.7656         0.0000        1735375.8159   1747545.3987    110592.0000   1735375.8159   1747545.3987

LINE MINIMIZER BRACKET: DX 0.000128 0.000256 DU -302.076 688413 DUDX -4.87769e+06 2.24167e+06 7.0879e+08 
PRESSURE: 28 3446.15 424.811 735.437 424.811 3365.34 -353.064 735.437 -353.064 2829.14
GPRESSURE: 28 5690.92 754.841 909 252.615 5354.88 -472.541 828.559 -366.419 4960.99
ENERGY:      28      1381.5238      1291.4084       271.7997        26.8964         -31697.4754      4118.0659         0.0000         0.0000         0.0000         -24607.7813        -0.0000    -24607.7813    -24607.7813         0.0000           3213.5390      5335.5945    110592.0000      3213.5390      5335.5945

LINE MINIMIZER BRACKET: DX 9.68226e-05 3.11774e-05 DU -316.145 14.0691 DUDX -4.87769e+06 -980438 2.24167e+06 
PRESSURE: 29 3460.72 357.014 794.742 357.014 3416.41 -439.471 794.742 -439.471 2902.68
GPRESSURE: 29 5692.02 699.33 1007.5 157.389 5349.49 -617.88 913.835 -428.299 5072.91
ENERGY:      29      1369.0339      1293.5423       271.8112        26.8185         -31707.7920      4132.8298         0.0000         0.0000         0.0000         -24613.7562        -0.0000    -24613.7562    -24613.7562         0.0000           3259.9346      5371.4747    110592.0000      3259.9346      5371.4747

LINE MINIMIZER BRACKET: DX 1.06752e-05 2.05021e-05 DU -5.97493 20.044 DUDX -980438 -108135 2.24167e+06 
PRESSURE: 30 3464.9 342.182 808.119 342.182 3429.03 -458.781 808.119 -458.781 2919.98
GPRESSURE: 30 5694.28 687.491 1029.74 136.41 5350.29 -650.53 933.045 -441.978 5099.48
ETITLE:      TS           BOND          ANGLE          DIHED          IMPRP               ELECT            VDW       BOUNDARY           MISC        KINETIC               TOTAL           TEMP      POTENTIAL         TOTAL3        TEMPAVG            PRESSURE      GPRESSURE         VOLUME       PRESSAVG      GPRESSAVG

ENERGY:      30      1366.6985      1294.0137       271.8140        26.8047         -31709.7734      4136.6587         0.0000         0.0000         0.0000         -24613.7837        -0.0000    -24613.7837    -24613.7837         0.0000           3271.3003      5381.3491    110592.0000      3271.3003      5381.3491

LINE MINIMIZER BRACKET: DX 2.05021e-06 1.84519e-05 DU -0.0274756 20.0715 DUDX -108135 82279.3 2.24167e+06 
MINIMIZER RESTARTING CONJUGATE GRADIENT ALGORITHM
LINE MINIMIZER REDUCING GRADIENT FROM 5.06428e+06 TO 5064.28
PRESSURE: 31 3398.67 386.433 740.968 386.433 3326.2 -376.655 740.968 -376.655 2794.43
GPRESSURE: 31 5581.58 716.015 926.792 202.958 5244.05 -519.752 843.865 -384.721 4907.05
ENERGY:      31      1350.5882      1289.2623       271.9073        26.5046         -31723.2707      4093.7031         0.0000         0.0000         0.0000         -24691.3052        -0.0000    -24691.3052    -24691.3052         0.0000           3173.0996      5244.2287    110592.0000      3173.0996      5244.2287

PRESSURE: 32 3340.12 420.406 685.19 420.406 3238.06 -309.556 685.19 -309.556 2685.89
GPRESSURE: 32 5480.22 737.395 842.62 254.427 5148.18 -414.916 770.749 -338.016 4742.31
ENERGY:      32      1334.9476      1284.6604       272.0057        26.2086         -31736.7658      4056.0860         0.0000         0.0000         0.0000         -24762.8576        -0.0000    -24762.8576    -24762.8576         0.0000           3088.0215      5123.5684    110592.0000      3088.0215      5123.5684

PRESSURE: 33 3240.29 465.526 599.409 465.526 3094.2 -208.826 599.409 -208.826 2507.43
GPRESSURE: 33 5303.01 764.272 716.027 324.293 4979.53 -262.109 660.41 -268.167 4474.65
ENERGY:      33      1305.0815      1275.8974       272.2169        25.6292         -31763.7463      3992.9343         0.0000         0.0000         0.0000         -24891.9869        -0.0000    -24891.9869    -24891.9869         0.0000           2947.3043      4919.0622    110592.0000      2947.3043      4919.0622

PRESSURE: 34 3084.12 499.782 493.214 499.782 2884.96 -90.0717 493.214 -90.0717 2248.62
GPRESSURE: 34 5013.21 778.96 565.701 384.524 4699.71 -93.2508 528.869 -187.055 4092.88
ENERGY:      34      1251.0465      1260.0864       272.6954        24.5209         -31817.6682      3897.4013         0.0000         0.0000         0.0000         -25111.9177        -0.0000    -25111.9177    -25111.9177         0.0000           2739.2337      4601.9360    110592.0000      2739.2337      4601.9360

PRESSURE: 35 2847.13 475.904 397.541 475.904 2592.17 7.89073 397.541 7.89073 1905.05
GPRESSURE: 35 4553.17 743.8 440.234 378.206 4240.71 25.0239 420.171 -124.809 3596.11
ENERGY:      35      1166.0082      1235.0194       273.8562        22.5072         -31925.3160      3762.9672         0.0000         0.0000         0.0000         -25464.9577        -0.0000    -25464.9577    -25464.9577         0.0000           2448.1163      4129.9988    110592.0000      2448.1163      4129.9988

PRESSURE: 36 2445.5 343.881 338.637 343.881 2104.52 64.6782 338.637 64.6782 1397.43
GPRESSURE: 36 3805.62 616.306 377.754 254.528 3444.72 63.8978 377.36 -102.012 2903.84
ENERGY:      36      1089.4735      1209.4593       276.8881        19.3028         -32139.6278      3569.8809         0.0000         0.0000         0.0000         -25974.6232        -0.0000    -25974.6232    -25974.6232         0.0000           1982.4828      3384.7276    110592.0000      1982.4828      3384.7276

PRESSURE: 37 2057.85 -477.059 937.896 -477.059 1758.2 -673.264 937.896 -673.264 1276.09
GPRESSURE: 37 3659.51 -30.5749 1213.31 -1388.56 2511.5 -972.509 1960.85 -676.55 2942.97
ENERGY:      37      1317.9587      1249.1309       286.0399        16.2577         -32564.6216      3560.7561         0.0000         0.0000         0.0000         -26134.4784        -0.0000    -26134.4784    -26134.4784         0.0000           1697.3829      3037.9931    110592.0000      1697.3829      3037.9931

PRESSURE: 38 4.3897e+09 6.55456e+09 -1.21541e+09 6.55456e+09 9.78709e+09 -1.81482e+09 -1.21541e+09 -1.81482e+09 3.36523e+08
GPRESSURE: 38 4.38955e+09 6.55454e+09 -1.21546e+09 6.55435e+09 9.78706e+09 -1.81489e+09 -1.21537e+09 -1.81481e+09 3.36539e+08
ENERGY:      38      3342.2955      1649.5150       324.4851        24.1967         -33419.4796 1924512163.7939         0.0000         0.0000         0.0000      1924484084.8066        -0.0000 1924484084.8066 1924484084.8066         0.0000      4837771033.3967 4837718327.6022    110592.0000 4837771033.3967 4837718327.6022

LINE MINIMIZER BRACKET: DX 0.000512 0.001024 DU -159.855 1.92451e+09 DUDX -1.56827e+06 2.74417e+06 3.01844e+07 
PRESSURE: 39 2049.23 135.87 385.73 135.87 1603.26 20.9267 385.73 20.9267 946.517
GPRESSURE: 39 3195.42 433.516 458.527 -0.367161 2674.61 -22.1114 524.686 -158.008 2370.25
ENERGY:      39      1151.8722      1216.8963       281.2979        17.0636         -32374.3547      3429.1516         0.0000         0.0000         0.0000         -26278.0732        -0.0000    -26278.0732    -26278.0732         0.0000           1533.0018      2746.7595    110592.0000      1533.0018      2746.7595

LINE MINIMIZER BRACKET: DX 0.000282151 0.000229849 DU -303.45 143.595 DUDX -1.56827e+06 -492288 2.74417e+06 
PRESSURE: 40 1997.86 73.2819 426.946 73.2819 1539.55 -24.0532 426.946 -24.0532 904.601
GPRESSURE: 40 3145.37 382.402 515.433 -105.338 2564.62 -84.5714 623.256 -195.756 2334.83
ETITLE:      TS           BOND          ANGLE          DIHED          IMPRP               ELECT            VDW       BOUNDARY           MISC        KINETIC               TOTAL           TEMP      POTENTIAL         TOTAL3        TEMPAVG            PRESSURE      GPRESSURE         VOLUME       PRESSAVG      GPRESSAVG

ENERGY:      40      1179.5371      1222.0212       282.2327        16.8069         -32416.3453      3420.3085         0.0000         0.0000         0.0000         -26295.4387        -0.0000    -26295.4387    -26295.4387         0.0000           1480.6707      2681.6052    110592.0000      1480.6707      2681.6052

LINE MINIMIZER BRACKET: DX 5.06488e-05 0.0001792 DU -17.3655 160.96 DUDX -492288 -179077 2.74417e+06 
PRESSURE: 41 1983.36 46.3851 447.112 46.3851 1522.85 -46.8881 447.112 -46.8881 897.214
GPRESSURE: 41 3137.79 360.893 542.915 -154.509 2530.57 -115.749 671.754 -214.144 2332.84
ENERGY:      41      1190.5318      1224.1049       282.5764        16.7268         -32431.1920      3419.7923         0.0000         0.0000         0.0000         -26297.4598        -0.0000    -26297.4598    -26297.4598         0.0000           1467.8076      2667.0685    110592.0000      1467.8076      2667.0685

LINE MINIMIZER BRACKET: DX 1.792e-05 0.00016128 DU -2.02112 162.981 DUDX -179077 -43899.8 2.74417e+06 
PRESSURE: 42 1972.47 19.3521 468.505 19.3521 1511.41 -71.58 468.505 -71.58 894.996
GPRESSURE: 42 3136.91 339.513 571.963 -206.13 2502.81 -149.307 723.606 -233.677 2337.3
ENERGY:      42      1200.9670      1226.1004       282.8919        16.6595         -32444.5522      3420.8437         0.0000         0.0000         0.0000         -26297.0898        -0.0000    -26297.0898    -26297.0898         0.0000           1459.6242      2659.0067    110592.0000      1459.6242      2659.0067

LINE MINIMIZER BRACKET: DX 1.792e-05 1.6128e-05 DU -2.02112 0.370038 DUDX -179077 -43899.8 92611 
PRESSURE: 43 1979.54 37.8277 453.768 37.8277 1518.68 -54.5307 453.768 -54.5307 895.978
GPRESSURE: 43 3136.82 354.101 551.963 -170.62 2521.13 -126.147 687.845 -220.224 2333.6
ENERGY:      43      1193.9021      1224.7476       282.6793        16.7042         -32435.5800      3419.9669         0.0000         0.0000         0.0000         -26297.5799        -0.0000    -26297.5799    -26297.5799         0.0000           1464.7318      2663.8503    110592.0000      1464.7318      2663.8503

LINE MINIMIZER BRACKET: DX 5.29607e-06 1.08319e-05 DU -0.120021 0.490059 DUDX -43899.8 -764.063 92611 
LINE MINIMIZER REDUCING GRADIENT FROM 2.15541e+06 TO 2155.41
PRESSURE: 44 1916.47 40.5289 448.215 40.5289 1491.26 -51.13 448.215 -51.13 861.092
GPRESSURE: 44 3035.08 352.07 539.536 -164.082 2457.76 -117.605 671.92 -214.61 2250.68
ENERGY:      44      1174.1496      1216.4778       283.1700        15.9330         -32469.0152      3395.3595         0.0000         0.0000         0.0000         -26383.9253        -0.0000    -26383.9253    -26383.9253         0.0000           1422.9418      2581.1735    110592.0000      1422.9418      2581.1735

PRESSURE: 45 1853.4 42.8469 443.032 42.8469 1463.02 -47.9321 443.032 -47.9321 825.633
GPRESSURE: 45 2935.22 349.86 527.711 -158.073 2395.13 -109.454 656.796 -209.289 2169.18
ENERGY:      45      1155.6007      1208.7608       283.6697        15.2326         -32502.4143      3371.3248         0.0000         0.0000         0.0000         -26467.8258        -0.0000    -26467.8258    -26467.8258         0.0000           1380.6856      2499.8458    110592.0000      1380.6856      2499.8458

PRESSURE: 46 1726.92 46.3885 433.765 46.3885 1404.06 -42.1443 433.765 -42.1443 752.825
GPRESSURE: 46 2740.77 344.955 505.81 -147.532 2272.08 -94.3057 628.863 -199.522 2010.18
ENERGY:      46      1122.1180      1194.9821       284.6938        14.0270         -32569.1087      3324.9128         0.0000         0.0000         0.0000         -26628.3750        -0.0000    -26628.3750    -26628.3750         0.0000           1294.6004      2341.0086    110592.0000      1294.6004      2341.0086

PRESSURE: 47 1471.32 49.2669 418.946 49.2669 1275.75 -32.7057 418.946 -32.7057 598.489
GPRESSURE: 47 2371.25 333.317 468.091 -131.844 2034.02 -68.201 581.073 -183.187 1706.64
ENERGY:      47      1069.6547      1174.0325       286.8271        12.2969         -32702.0674      3238.3274         0.0000         0.0000         0.0000         -26920.9288        -0.0000    -26920.9288    -26920.9288         0.0000           1115.1836      2037.3052    110592.0000      1115.1836      2037.3052

PRESSURE: 48 940.122 40.5885 401.19 40.5885 973.938 -20.9039 401.19 -20.9039 246.782
GPRESSURE: 48 1698.75 304.123 412.58 -118.067 1584.76 -30.567 511.622 -161.922 1146.37
ENERGY:      48      1023.2932      1158.5695       291.3342        10.9534         -32966.3427      3087.4282         0.0000         0.0000         0.0000         -27394.7642        -0.0000    -27394.7642    -27394.7642         0.0000            720.2806      1476.6257    110592.0000       720.2806      1476.6257

PRESSURE: 49 -262.36 -13.5952 394.677 -13.5952 166.291 -13.6344 394.677 -13.6344 -669.57
GPRESSURE: 49 554.322 227.157 357.474 -139.974 768.762 0.788674 442.108 -157.824 150.754
ENERGY:      49      1173.3196      1234.5610       300.6771        13.9398         -33488.5666      2859.0696         0.0000         0.0000         0.0000         -27906.9995        -0.0000    -27906.9995    -27906.9995         0.0000           -255.2130       491.2793    110592.0000      -255.2130       491.2793

LDB: ============= START OF LOAD BALANCING ============== 28.0408
LDB: Largest compute 548 load 0.316958 is 50.9% of average load 0.622179
LDB: Average compute 0.028279 is 4.5% of average load 0.622179
LDB: Partitioning computes with target load 0.062218
LDB: Partitioning compute 87 with load 0.215344 by 4
LDB: Partitioning compute 93 with load 0.201051 by 4
LDB: Partitioning compute 92 with load 0.214292 by 4
LDB: Partitioning compute 72 with load 0.192237 by 4
LDB: Partitioning compute 67 with load 0.209138 by 4
LDB: Partitioning compute 1654 with load 0.272753 by 5
LDB: Partitioning compute 1658 with load 0.239424 by 4
LDB: Partitioning compute 1659 with load 0.118725 by 2
LDB: Partitioning compute 1678 with load 0.064079 by 2
LDB: Partitioning compute 1694 with load 0.096065 by 2
LDB: Partitioning compute 89 with load 0.195580 by 4
LDB: Partitioning compute 729 with load 0.263069 by 5
LDB: Partitioning compute 733 with load 0.254849 by 5
LDB: Partitioning compute 734 with load 0.121795 by 2
LDB: Partitioning compute 753 with load 0.090327 by 2
LDB: Partitioning compute 769 with load 0.107384 by 2
LDB: Partitioning compute 94 with load 0.200439 by 4
LDB: Partitioning compute 63 with load 0.233243 by 4
LDB: Partitioning compute 99 with load 0.171863 by 3
LDB: Partitioning compute 1469 with load 0.277629 by 5
LDB: Partitioning compute 1473 with load 0.274063 by 5
LDB: Partitioning compute 1474 with load 0.131514 by 3
LDB: Partitioning compute 1493 with load 0.072090 by 2
LDB: Partitioning compute 1509 with load 0.124729 by 3
LDB: Partitioning compute 78 with load 0.198149 by 4
LDB: Partitioning compute 84 with load 0.153493 by 3
LDB: Partitioning compute 79 with load 0.184426 by 3
LDB: Partitioning compute 98 with load 0.212453 by 4
LDB: Partitioning compute 73 with load 0.200055 by 4
LDB: Partitioning compute 68 with load 0.187482 by 4
LDB: Partitioning compute 69 with load 0.190831 by 4
LDB: Partitioning compute 64 with load 0.166949 by 3
LDB: Partitioning compute 83 with load 0.213614 by 4
LDB: Partitioning compute 58 with load 0.221740 by 4
LDB: Partitioning compute 53 with load 0.166107 by 3
LDB: Partitioning compute 288 with load 0.087809 by 2
LDB: Partitioning compute 433 with load 0.206764 by 4
LDB: Partitioning compute 437 with load 0.238369 by 4
LDB: Partitioning compute 438 with load 0.092985 by 2
LDB: Partitioning compute 54 with load 0.161463 by 3
LDB: Partitioning compute 951 with load 0.240431 by 4
LDB: Partitioning compute 955 with load 0.203468 by 4
LDB: Partitioning compute 956 with load 0.095105 by 2
LDB: Partitioning compute 975 with load 0.080159 by 2
LDB: Partitioning compute 991 with load 0.082917 by 2
LDB: Partitioning compute 97 with load 0.142087 by 3
LDB: Partitioning compute 59 with load 0.187267 by 4
LDB: Partitioning compute 766 with load 0.242953 by 4
LDB: Partitioning compute 770 with load 0.270038 by 5
LDB: Partitioning compute 771 with load 0.103657 by 2
LDB: Partitioning compute 790 with load 0.075365 by 2
LDB: Partitioning compute 806 with load 0.125340 by 3
LDB: Partitioning compute 1398 with load 0.083777 by 2
LDB: Partitioning compute 1543 with load 0.218317 by 4
LDB: Partitioning compute 1547 with load 0.256175 by 5
LDB: Partitioning compute 1548 with load 0.109316 by 2
LDB: Partitioning compute 1321 with load 0.239391 by 4
LDB: Partitioning compute 1325 with load 0.268645 by 5
LDB: Partitioning compute 1326 with load 0.124355 by 2
LDB: Partitioning compute 1345 with load 0.072975 by 2
LDB: Partitioning compute 1361 with load 0.093817 by 2
LDB: Partitioning compute 74 with load 0.157395 by 3
LDB: Partitioning compute 843 with load 0.079549 by 2
LDB: Partitioning compute 988 with load 0.192646 by 4
LDB: Partitioning compute 992 with load 0.197620 by 4
LDB: Partitioning compute 993 with load 0.075806 by 2
LDB: Partitioning compute 1012 with load 0.068428 by 2
LDB: Partitioning compute 88 with load 0.196786 by 4
LDB: Partitioning compute 396 with load 0.273613 by 5
LDB: Partitioning compute 400 with load 0.289231 by 5
LDB: Partitioning compute 401 with load 0.095158 by 2
LDB: Partitioning compute 420 with load 0.090389 by 2
LDB: Partitioning compute 436 with load 0.138120 by 3
LDB: Partitioning compute 211 with load 0.224278 by 4
LDB: Partitioning compute 215 with load 0.265938 by 5
LDB: Partitioning compute 216 with load 0.120003 by 2
LDB: Partitioning compute 235 with load 0.073127 by 2
LDB: Partitioning compute 251 with load 0.110747 by 2
LDB: Partitioning compute 1213 with load 0.097696 by 2
LDB: Partitioning compute 1358 with load 0.190847 by 4
LDB: Partitioning compute 1362 with load 0.230106 by 4
LDB: Partitioning compute 1363 with load 0.091186 by 2
LDB: Partitioning compute 103 with load 0.085424 by 2
LDB: Partitioning compute 248 with load 0.208333 by 4
LDB: Partitioning compute 252 with load 0.217124 by 4
LDB: Partitioning compute 253 with load 0.092847 by 2
LDB: Partitioning compute 272 with load 0.077972 by 2
LDB: Partitioning compute 1876 with load 0.256745 by 5
LDB: Partitioning compute 1880 with load 0.261341 by 5
LDB: Partitioning compute 1881 with load 0.114476 by 2
LDB: Partitioning compute 1900 with load 0.063708 by 2
LDB: Partitioning compute 1916 with load 0.096241 by 2
LDB: Partitioning compute 914 with load 0.259449 by 5
LDB: Partitioning compute 918 with load 0.225290 by 4
LDB: Partitioning compute 919 with load 0.085099 by 2
LDB: Partitioning compute 954 with load 0.093792 by 2
LDB: Partitioning compute 1028 with load 0.097849 by 2
LDB: Partitioning compute 1173 with load 0.235750 by 4
LDB: Partitioning compute 1177 with load 0.221989 by 4
LDB: Partitioning compute 1178 with load 0.085221 by 2
LDB: Partitioning compute 1691 with load 0.260950 by 5
LDB: Partitioning compute 1695 with load 0.251941 by 5
LDB: Partitioning compute 1696 with load 0.101789 by 2
LDB: Partitioning compute 1715 with load 0.080368 by 2
LDB: Partitioning compute 1731 with load 0.125369 by 3
LDB: Partitioning compute 658 with load 0.090610 by 2
LDB: Partitioning compute 803 with load 0.232305 by 4
LDB: Partitioning compute 807 with load 0.238447 by 4
LDB: Partitioning compute 808 with load 0.092420 by 2
LDB: Partitioning compute 827 with load 0.064719 by 2
LDB: Partitioning compute 473 with load 0.120115 by 2
LDB: Partitioning compute 618 with load 0.237229 by 4
LDB: Partitioning compute 622 with load 0.235872 by 4
LDB: Partitioning compute 623 with load 0.091206 by 2
LDB: Partitioning compute 581 with load 0.260667 by 5
LDB: Partitioning compute 585 with load 0.276927 by 5
LDB: Partitioning compute 586 with load 0.119546 by 2
LDB: Partitioning compute 605 with load 0.105468 by 2
LDB: Partitioning compute 621 with load 0.099743 by 2
LDB: Partitioning compute 1583 with load 0.098751 by 2
LDB: Partitioning compute 1728 with load 0.248811 by 4
LDB: Partitioning compute 1732 with load 0.253663 by 5
LDB: Partitioning compute 1733 with load 0.086918 by 2
LDB: Partitioning compute 1913 with load 0.174454 by 3
LDB: Partitioning compute 1917 with load 0.219893 by 4
LDB: Partitioning compute 1918 with load 0.082917 by 2
LDB: Partitioning compute 1506 with load 0.244306 by 4
LDB: Partitioning compute 1510 with load 0.268266 by 5
LDB: Partitioning compute 1511 with load 0.098353 by 2
LDB: Partitioning compute 1546 with load 0.131655 by 3
LDB: Partitioning compute 1136 with load 0.267723 by 5
LDB: Partitioning compute 1140 with load 0.273409 by 5
LDB: Partitioning compute 1141 with load 0.109435 by 2
LDB: Partitioning compute 1176 with load 0.118519 by 2
LDB: Partitioning compute 1839 with load 0.234648 by 4
LDB: Partitioning compute 1843 with load 0.167582 by 3
LDB: Partitioning compute 1844 with load 0.090747 by 2
LDB: Partitioning compute 1879 with load 0.094906 by 2
LDB: Partitioning compute 60 with load 0.210575 by 4
LDB: Partitioning compute 66 with load 0.220735 by 4
LDB: Partitioning compute 85 with load 0.157050 by 3
LDB: Partitioning compute 51 with load 0.179080 by 3
LDB: Partitioning compute 52 with load 0.184669 by 3
LDB: Partitioning compute 90 with load 0.198027 by 4
LDB: Partitioning compute 65 with load 0.168940 by 3
LDB: Partitioning compute 70 with load 0.163093 by 3
LDB: Partitioning compute 81 with load 0.207250 by 4
LDB: Partitioning compute 86 with load 0.192542 by 4
LDB: Partitioning compute 96 with load 0.172787 by 3
LDB: Partitioning compute 91 with load 0.221724 by 4
LDB: Partitioning compute 61 with load 0.170531 by 3
LDB: Partitioning compute 50 with load 0.173715 by 3
LDB: Partitioning compute 76 with load 0.208185 by 4
LDB: Partitioning compute 95 with load 0.150144 by 3
LDB: Partitioning compute 56 with load 0.178619 by 3
LDB: Partitioning compute 82 with load 0.191876 by 4
LDB: Partitioning compute 75 with load 0.182313 by 3
LDB: Partitioning compute 80 with load 0.151545 by 3
LDB: Partitioning compute 55 with load 0.170528 by 3
LDB: Partitioning compute 71 with load 0.168889 by 3
LDB: Partitioning compute 57 with load 0.184016 by 3
LDB: Partitioning compute 62 with load 0.242027 by 4
LDB: Partitioning compute 77 with load 0.133669 by 3
LDB: Partitioning compute 1395 with load 0.221552 by 4
LDB: Partitioning compute 1399 with load 0.234220 by 4
LDB: Partitioning compute 1400 with load 0.118367 by 2
LDB: Partitioning compute 1435 with load 0.109415 by 2
LDB: Partitioning compute 1210 with load 0.231512 by 4
LDB: Partitioning compute 1214 with load 0.217021 by 4
LDB: Partitioning compute 1215 with load 0.096877 by 2
LDB: Partitioning compute 1234 with load 0.068490 by 2
LDB: Partitioning compute 1250 with load 0.097405 by 2
LDB: Partitioning compute 470 with load 0.270758 by 5
LDB: Partitioning compute 474 with load 0.265503 by 5
LDB: Partitioning compute 475 with load 0.145068 by 3
LDB: Partitioning compute 494 with load 0.073936 by 2
LDB: Partitioning compute 510 with load 0.095613 by 2
LDB: Partitioning compute 877 with load 0.245352 by 4
LDB: Partitioning compute 881 with load 0.220270 by 4
LDB: Partitioning compute 882 with load 0.099712 by 2
LDB: Partitioning compute 901 with load 0.062656 by 2
LDB: Partitioning compute 917 with load 0.095582 by 2
LDB: Partitioning compute 1802 with load 0.205949 by 4
LDB: Partitioning compute 1806 with load 0.235092 by 4
LDB: Partitioning compute 1807 with load 0.079736 by 2
LDB: Partitioning compute 1842 with load 0.088050 by 2
LDB: Partitioning compute 655 with load 0.262308 by 5
LDB: Partitioning compute 659 with load 0.222182 by 4
LDB: Partitioning compute 660 with load 0.087839 by 2
LDB: Partitioning compute 679 with load 0.068210 by 2
LDB: Partitioning compute 695 with load 0.118611 by 2
LDB: Partitioning compute 1580 with load 0.287877 by 5
LDB: Partitioning compute 1584 with load 0.239565 by 4
LDB: Partitioning compute 1585 with load 0.111820 by 2
LDB: Partitioning compute 1604 with load 0.071554 by 2
LDB: Partitioning compute 1620 with load 0.125309 by 3
LDB: Partitioning compute 692 with load 0.274003 by 5
LDB: Partitioning compute 696 with load 0.244427 by 4
LDB: Partitioning compute 697 with load 0.119551 by 2
LDB: Partitioning compute 716 with load 0.076312 by 2
LDB: Partitioning compute 732 with load 0.105246 by 2
LDB: Partitioning compute 840 with load 0.213622 by 4
LDB: Partitioning compute 844 with load 0.215890 by 4
LDB: Partitioning compute 845 with load 0.093669 by 2
LDB: Partitioning compute 864 with load 0.064084 by 2
LDB: Partitioning compute 880 with load 0.095180 by 2
LDB: Partitioning compute 1765 with load 0.231445 by 4
LDB: Partitioning compute 1769 with load 0.185721 by 3
LDB: Partitioning compute 1770 with load 0.104339 by 2
LDB: Partitioning compute 1805 with load 0.080616 by 2
LDB: Partitioning compute 322 with load 0.251596 by 5
LDB: Partitioning compute 326 with load 0.234696 by 4
LDB: Partitioning compute 327 with load 0.128884 by 3
LDB: Partitioning compute 346 with load 0.076654 by 2
LDB: Partitioning compute 362 with load 0.100563 by 2
LDB: Partitioning compute 359 with load 0.282221 by 5
LDB: Partitioning compute 363 with load 0.269191 by 5
LDB: Partitioning compute 364 with load 0.102935 by 2
LDB: Partitioning compute 383 with load 0.070259 by 2
LDB: Partitioning compute 399 with load 0.147858 by 3
LDB: Partitioning compute 1062 with load 0.213706 by 4
LDB: Partitioning compute 1066 with load 0.275605 by 5
LDB: Partitioning compute 1067 with load 0.123643 by 2
LDB: Partitioning compute 1086 with load 0.064487 by 2
LDB: Partitioning compute 1102 with load 0.091130 by 2
LDB: Partitioning compute 174 with load 0.219969 by 4
LDB: Partitioning compute 178 with load 0.259657 by 5
LDB: Partitioning compute 179 with load 0.127072 by 3
LDB: Partitioning compute 198 with load 0.063711 by 2
LDB: Partitioning compute 214 with load 0.107169 by 2
LDB: Partitioning compute 1025 with load 0.248535 by 4
LDB: Partitioning compute 1029 with load 0.223539 by 4
LDB: Partitioning compute 1030 with load 0.121574 by 2
LDB: Partitioning compute 1065 with load 0.093384 by 2
LDB: Partitioning compute 285 with load 0.223563 by 4
LDB: Partitioning compute 289 with load 0.222059 by 4
LDB: Partitioning compute 290 with load 0.097773 by 2
LDB: Partitioning compute 325 with load 0.104977 by 2
LDB: Partitioning compute 100 with load 0.238375 by 4
LDB: Partitioning compute 104 with load 0.246262 by 4
LDB: Partitioning compute 105 with load 0.095810 by 2
LDB: Partitioning compute 124 with load 0.072380 by 2
LDB: Partitioning compute 140 with load 0.119109 by 2
LDB: Partitioning compute 507 with load 0.254731 by 5
LDB: Partitioning compute 511 with load 0.258628 by 5
LDB: Partitioning compute 512 with load 0.109728 by 2
LDB: Partitioning compute 531 with load 0.076707 by 2
LDB: Partitioning compute 547 with load 0.137715 by 3
LDB: Partitioning compute 544 with load 0.303950 by 5
LDB: Partitioning compute 548 with load 0.316958 by 6
LDB: Partitioning compute 549 with load 0.126921 by 3
LDB: Partitioning compute 568 with load 0.087418 by 2
LDB: Partitioning compute 584 with load 0.140459 by 3
LDB: Partitioning compute 1617 with load 0.285095 by 5
LDB: Partitioning compute 1621 with load 0.259192 by 5
LDB: Partitioning compute 1622 with load 0.099055 by 2
LDB: Partitioning compute 1641 with load 0.078471 by 2
LDB: Partitioning compute 1657 with load 0.118622 by 2
LDB: Partitioning compute 1099 with load 0.220388 by 4
LDB: Partitioning compute 1103 with load 0.217081 by 4
LDB: Partitioning compute 1104 with load 0.104926 by 2
LDB: Partitioning compute 1139 with load 0.118918 by 2
LDB: Partitioning compute 1247 with load 0.261786 by 5
LDB: Partitioning compute 1251 with load 0.258664 by 5
LDB: Partitioning compute 1252 with load 0.132836 by 3
LDB: Partitioning compute 1287 with load 0.110953 by 2
LDB: Partitioning compute 137 with load 0.248618 by 4
LDB: Partitioning compute 141 with load 0.243257 by 4
LDB: Partitioning compute 142 with load 0.109770 by 2
LDB: Partitioning compute 161 with load 0.077556 by 2
LDB: Partitioning compute 177 with load 0.117929 by 2
LDB: Partitioning compute 1432 with load 0.283205 by 5
LDB: Partitioning compute 1436 with load 0.272951 by 5
LDB: Partitioning compute 1437 with load 0.122252 by 2
LDB: Partitioning compute 1472 with load 0.130845 by 3
LDB: Partitioning compute 1284 with load 0.268722 by 5
LDB: Partitioning compute 1288 with load 0.261670 by 5
LDB: Partitioning compute 1289 with load 0.117795 by 2
LDB: Partitioning compute 1308 with load 0.063960 by 2
LDB: Partitioning compute 1324 with load 0.125700 by 3
LDB: Increased migratable compute count from 2150 to 2765
LDB: Largest unpartitionable compute is 0.043683
LDB: ============== END OF LOAD BALANCING =============== 28.1486
Info: build node-aware spanning tree with send: 1, recv: 0 with branch factor 9
Info: useSync: 0 useProxySync: 0
LDB: =============== DONE WITH MIGRATION ================ 28.1675
PRESSURE: 50 -3448.51 -116.998 406.609 -116.998 -2399.84 -39.4047 406.609 -39.4047 -3436.87
GPRESSURE: 50 -1161.1 3.88543 433.965 -301.956 -472.672 -120.766 453.081 -427.594 -1484.27
Info: Initial time: 128 CPUs 0.0391668 s/step 0.22666 days/ns 202.062 MB memory
ETITLE:      TS           BOND          ANGLE          DIHED          IMPRP               ELECT            VDW       BOUNDARY           MISC        KINETIC               TOTAL           TEMP      POTENTIAL         TOTAL3        TEMPAVG            PRESSURE      GPRESSURE         VOLUME       PRESSAVG      GPRESSAVG

ENERGY:      50      2576.2457      1811.0896       318.6265        35.7353         -34510.3188      2650.0506         0.0000         0.0000         0.0000         -27118.5711        -0.0000    -27118.5711    -27118.5711         0.0000          -3095.0713     -1039.3472    110592.0000     -3095.0713     -1039.3472

LINE MINIMIZER BRACKET: DX 0.000650094 0.00130019 DU -512.235 788.428 DUDX -1.23304e+06 -341173 1.62658e+06 
PRESSURE: 51 -755.204 -37.4865 396.833 -37.4865 -199.326 -13.3058 396.833 -13.3058 -1077.05
GPRESSURE: 51 192.763 194.199 351.05 -159.196 497.901 0.545767 431.666 -169.161 -180.913
ENERGY:      51      1311.2719      1297.1092       303.9941        16.3868         -33674.6451      2797.2655         0.0000         0.0000         0.0000         -27948.6177        -0.0000    -27948.6177    -27948.6177         0.0000           -677.1936       169.9171    110592.0000      -677.1936       169.9171

LINE MINIMIZER BRACKET: DX 0.000234067 0.00106612 DU -41.6181 830.047 DUDX -341173 -13379.6 1.62658e+06 
PRESSURE: 52 -991.433 -48.1573 397.998 -48.1573 -379.977 -13.3369 397.998 -13.3369 -1276.77
GPRESSURE: 52 35.6106 178.291 350.163 -169.491 378.783 -1.5642 428.692 -177.152 -328.279
ENERGY:      52      1389.7410      1331.7358       305.4856        17.7133         -33759.0762      2772.4211         0.0000         0.0000         0.0000         -27941.9795        -0.0000    -27941.9795    -27941.9795         0.0000           -882.7282        28.7049    110592.0000      -882.7282        28.7049

LINE MINIMIZER BRACKET: DX 0.000234067 0.000106612 DU -41.6181 6.63811 DUDX -341173 -13379.6 138267 
PRESSURE: 53 -778.492 -38.5652 396.949 -38.5652 -216.978 -13.3021 396.949 -13.3021 -1096.62
GPRESSURE: 53 176.841 192.634 350.905 -160.184 485.873 0.395099 431.323 -169.871 -195.743
ENERGY:      53      1318.6713      1300.3997       304.1438        16.5135         -33683.0958      2794.6888         0.0000         0.0000         0.0000         -27948.6788        -0.0000    -27948.6788    -27948.6788         0.0000           -697.3620       155.6570    110592.0000      -697.3620       155.6570

LINE MINIMIZER BRACKET: DX 1.06612e-05 9.59509e-05 DU -0.0611453 6.69925 DUDX -13379.6 1711.31 138267 
LINE MINIMIZER REDUCING GRADIENT FROM 2.7206e+06 TO 2720.6
PRESSURE: 54 -922.062 -61.08 375.409 -61.08 -389.309 2.32831 375.409 2.32831 -1166.62
GPRESSURE: 54 -18.8514 162.387 332.132 -179.498 264.653 20.9198 404.314 -157.271 -378.908
ENERGY:      54      1203.4235      1314.0844       305.4112        17.2435         -33813.6911      2749.8338         0.0000         0.0000         0.0000         -28223.6946        -0.0000    -28223.6946    -28223.6946         0.0000           -825.9966       -44.3689    110592.0000      -825.9966       -44.3689

PRESSURE: 55 -1084.4 -80.8332 355.178 -80.8332 -592.41 12.8568 355.178 12.8568 -1259.64
GPRESSURE: 55 -206.158 133.507 315.413 -197.12 41.9205 37.2955 379.125 -150.01 -558.8
ENERGY:      55      1114.5283      1335.5265       306.7222        18.1264         -33943.6412      2709.5091         0.0000         0.0000         0.0000         -28459.2286        -0.0000    -28459.2286    -28459.2286         0.0000           -978.8195      -241.0124    110592.0000      -978.8195      -241.0124

PRESSURE: 56 -1466.13 -112.051 318.249 -112.051 -1092.23 17.6579 318.249 17.6579 -1515.53
GPRESSURE: 56 -556.672 79.106 287.782 -228.112 -407.301 56.2724 333.883 -154.473 -909.986
ENERGY:      56      1015.8733      1402.4883       309.4756        20.4143         -34201.6178      2642.1042         0.0000         0.0000         0.0000         -28811.2622        -0.0000    -28811.2622    -28811.2622         0.0000          -1357.9626      -624.6531    110592.0000     -1357.9626      -624.6531

PRESSURE: 57 -2458.13 -141.83 257.828 -141.83 -2468.1 -46.0769 257.828 -46.0769 -2304.38
GPRESSURE: 57 -1162.02 -21.081 255.746 -278.697 -1297.29 29.6914 266.018 -270.75 -1579.94
ENERGY:      57      1136.4859      1638.7907       315.5362        27.7878         -34709.9594      2560.4974         0.0000         0.0000         0.0000         -29030.8615        -0.0000    -29030.8615    -29030.8615         0.0000          -2410.2073     -1346.4183    110592.0000     -2410.2073     -1346.4183

PRESSURE: 58 -5171.09 -160.439 394.805 -160.439 -6484.06 -847.986 394.805 -847.986 -4373.62
GPRESSURE: 58 -1528.76 -431.342 477.401 -644.538 -2087.23 -591.614 901.41 -2158.23 -2318.63
ENERGY:      58      2673.4285      2570.7025       330.4646        68.3771         -35696.3939      2749.5233         0.0000         0.0000         0.0000         -27303.8979        -0.0000    -27303.8979    -27303.8979         0.0000          -5342.9248     -1978.2059    110592.0000     -5342.9248     -1978.2059

LINE MINIMIZER BRACKET: DX 0.000433321 0.000866643 DU -219.599 1726.96 DUDX -1.25656e+06 255633 4.14994e+06 
PRESSURE: 59 -2270.81 -139.706 266.622 -139.706 -2202.78 -27.5862 266.622 -27.5862 -2147.21
GPRESSURE: 59 -1069.89 -4.61367 258.809 -270.7 -1151.85 41.0827 274.742 -237.835 -1471.07
ENERGY:      59      1086.5457      1589.2056       314.4650        26.2214         -34625.4348      2569.0127         0.0000         0.0000         0.0000         -29039.9843        -0.0000    -29039.9843    -29039.9843         0.0000          -2206.9352     -1230.9342    110592.0000     -2206.9352     -1230.9342

LDB: ============= START OF LOAD BALANCING ============== 28.5644
LDB: ============== END OF LOAD BALANCING =============== 28.5655
Info: useSync: 0 useProxySync: 0
LDB: =============== DONE WITH MIGRATION ================ 28.572
LINE MINIMIZER BRACKET: DX 0.000360676 7.26451e-05 DU -228.722 9.1228 DUDX -1.25656e+06 -3745.5 255633 
PRESSURE: 60 -2289.17 -139.972 265.717 -139.972 -2228.68 -29.271 265.717 -29.271 -2162.49
GPRESSURE: 60 -1079.28 -6.26396 258.458 -271.503 -1166.5 40.0896 273.81 -240.821 -1482.02
ETITLE:      TS           BOND          ANGLE          DIHED          IMPRP               ELECT            VDW       BOUNDARY           MISC        KINETIC               TOTAL           TEMP      POTENTIAL         TOTAL3        TEMPAVG            PRESSURE      GPRESSURE         VOLUME       PRESSAVG      GPRESSAVG

ENERGY:      60      1090.9989      1593.9782       314.5711        26.3710         -34633.8983      2568.0623         0.0000         0.0000         0.0000         -29039.9169        -0.0000    -29039.9169    -29039.9169         0.0000          -2226.7814     -1242.6022    110592.0000     -2226.7814     -1242.6022

LINE MINIMIZER BRACKET: DX 0.000360676 7.26451e-06 DU -228.722 0.067399 DUDX -1.25656e+06 -3745.5 22055.9 
PRESSURE: 61 -2273.45 -139.745 266.492 -139.745 -2206.5 -27.8263 266.492 -27.8263 -2149.4
GPRESSURE: 61 -1071.24 -4.8508 258.759 -270.816 -1153.96 40.9418 274.609 -238.261 -1472.65
ENERGY:      61      1087.1787      1589.8894       314.4803        26.2428         -34626.6523      2568.8747         0.0000         0.0000         0.0000         -29039.9864        -0.0000    -29039.9864    -29039.9864         0.0000          -2209.7841     -1232.6152    110592.0000     -2209.7841     -1232.6152

LINE MINIMIZER BRACKET: DX 1.04463e-06 6.21988e-06 DU -0.00213969 0.0695387 DUDX -3745.5 -37.1211 22055.9 
LINE MINIMIZER REDUCING GRADIENT FROM 1.53675e+06 TO 1536.75
PRESSURE: 62 -1608.42 -196.361 279.687 -196.361 -1518.35 -51.4155 279.687 -51.4155 -1799.04
GPRESSURE: 62 -1325.54 -96.3741 295.25 -346.665 -1518.95 -28.0629 305.274 -226.025 -1867.51
ENERGY:      62       931.2854      1596.2374       316.3003        23.2615         -34976.7099      2493.0773         0.0000         0.0000         0.0000         -29616.5479        -0.0000    -29616.5479    -29616.5479         0.0000          -1641.9383     -1570.6690    110592.0000     -1641.9383     -1570.6690

PRESSURE: 63 -1067.3 -355.21 386.802 -355.21 -1053.72 -151.061 386.802 -151.061 -1601.7
GPRESSURE: 63 -1316.2 -333.486 449.849 -550.302 -1738.42 -186.179 482.499 -341.696 -2069.41
ENERGY:      63       965.7871      1661.9041       319.3426        21.8812         -35315.5685      2500.1542         0.0000         0.0000         0.0000         -29846.4992        -0.0000    -29846.4992    -29846.4992         0.0000          -1240.9059     -1708.0087    110592.0000     -1240.9059     -1708.0087

PRESSURE: 64 3458.82 -1947.24 2413.96 -1947.24 262.624 -1666.03 2413.96 -1666.03 -206.172
GPRESSURE: 64 7304.65 -6850.38 4408.57 -3229.8 -345.089 -2103.16 4672.26 -3560.54 554.221
ENERGY:      64      1587.6785      1974.8572       328.8439        23.6497         -35959.8229      3596.6055         0.0000         0.0000         0.0000         -28448.1880        -0.0000    -28448.1880    -28448.1880         0.0000           1171.7559      2504.5943    110592.0000      1171.7559      2504.5943

LINE MINIMIZER BRACKET: DX 0.000521555 0.00104311 DU -229.951 1398.31 DUDX -782438 -78218.5 4.59362e+06 
PRESSURE: 65 -955.633 -408.412 430.604 -408.412 -979.386 -189.375 430.604 -189.375 -1567.43
GPRESSURE: 65 -1253.77 -419.873 511.285 -621.231 -1755.77 -238.751 557.436 -396.126 -2068.03
ENERGY:      65       995.0007      1682.2035       320.0933        21.7867         -35382.0000      2516.6788         0.0000         0.0000         0.0000         -29846.2370        -0.0000    -29846.2370    -29846.2370         0.0000          -1167.4823     -1692.5246    110592.0000     -1167.4823     -1692.5246

LINE MINIMIZER BRACKET: DX 0.000521555 0.000104311 DU -229.951 0.262297 DUDX -782438 -78218.5 85356.6 
PRESSURE: 66 -1014.09 -379.782 406.639 -379.782 -1017.27 -168.513 406.639 -168.513 -1585.37
GPRESSURE: 66 -1289.79 -372.758 477.626 -582.861 -1748.31 -210.385 516.241 -366.086 -2071.22
ENERGY:      66       979.0180      1671.4376       319.7004        21.8280         -35347.8026      2507.3203         0.0000         0.0000         0.0000         -29848.4982        -0.0000    -29848.4982    -29848.4982         0.0000          -1205.5772     -1703.1051    110592.0000     -1205.5772     -1703.1051

LINE MINIMIZER BRACKET: DX 5.05311e-05 5.378e-05 DU -1.99899 2.26128 DUDX -78218.5 -570.427 85356.6 
LINE MINIMIZER REDUCING GRADIENT FROM 1.83515e+06 TO 1835.15
PRESSURE: 67 -1611.62 -68.6456 40.2634 -68.6456 -1252.56 38.5312 40.2634 38.5312 -1903.43
GPRESSURE: 67 -2222.68 -38.7623 65.0631 -196.216 -2301.95 -9.36492 48.9625 -86.7562 -2661.35
ENERGY:      67       957.8362      1664.5158       321.6322        19.2062         -35665.8356      2334.9312         0.0000         0.0000         0.0000         -30367.7140        -0.0000    -30367.7140    -30367.7140         0.0000          -1589.2013     -2395.3256    110592.0000     -1589.2013     -2395.3256

PRESSURE: 68 -2116.55 44.6534 -101.841 44.6534 -1624.05 83.9858 -101.841 83.9858 -2312.52
GPRESSURE: 68 -2691.83 32.651 -72.3625 -77.6709 -2669.72 36.4339 -86.5848 -6.31501 -3039.7
ENERGY:      68       999.2017      1697.5182       323.8527        19.8415         -35974.3284      2281.4512         0.0000         0.0000         0.0000         -30652.4630        -0.0000    -30652.4630    -30652.4630         0.0000          -2017.7061     -2800.4165    110592.0000     -2017.7061     -2800.4165

PRESSURE: 69 -3860.19 173.224 -252.375 173.224 -3180.8 -5.25913 -252.375 -5.25913 -3717.44
GPRESSURE: 69 -3378.29 31.4138 -126.053 36.884 -3211.76 -73.4285 -102.262 -145.556 -3343.57
ENERGY:      69      1283.8246      1885.4433       328.7014        29.6224         -36564.1796      2306.6450         0.0000         0.0000         0.0000         -30729.9429        -0.0000    -30729.9429    -30729.9429         0.0000          -3586.1440     -3311.2067    110592.0000     -3586.1440     -3311.2067

PRESSURE: 70 -5027.15 4249.73 -1600.09 4249.73 8326.95 -21967.6 -1600.09 -21967.6 28130.9
GPRESSURE: 70 12388.9 -13188.9 9280.73 -2314.46 23237.3 -52270.2 18206.5 -51280.5 83161.6
ETITLE:      TS           BOND          ANGLE          DIHED          IMPRP               ELECT            VDW       BOUNDARY           MISC        KINETIC               TOTAL           TEMP      POTENTIAL         TOTAL3        TEMPAVG            PRESSURE      GPRESSURE         VOLUME       PRESSAVG      GPRESSAVG

ENERGY:      70      3132.5447      2862.3853       346.7528        75.8983         -37638.3507     10877.7450         0.0000         0.0000         0.0000         -20343.0246        -0.0000    -20343.0246    -20343.0246         0.0000          10476.9035     39595.9414    110592.0000     10476.9035     39595.9414

LINE MINIMIZER BRACKET: DX 0.000785099 0.0015702 DU -77.4798 10386.9 DUDX -518204 386905 3.05506e+07 
PRESSURE: 71 -3032.84 128.731 -205.082 128.731 -2430.35 62.9735 -205.082 62.9735 -3085.01
GPRESSURE: 71 -3131.86 47.6835 -134.227 -1.54353 -3026.9 8.68071 -132.973 -21.7055 -3332.34
ENERGY:      71      1134.6198      1789.7467       326.4980        24.4732         -36333.4220      2274.4509         0.0000         0.0000         0.0000         -30783.6335        -0.0000    -30783.6335    -30783.6335         0.0000          -2849.4024     -3163.6986    110592.0000     -2849.4024     -3163.6986

LINE MINIMIZER BRACKET: DX 0.000472328 0.000312771 DU -131.17 53.6906 DUDX -518204 -24581.6 386905 
PRESSURE: 72 -3107.66 133.623 -210.643 133.623 -2498.1 58.5452 -210.643 58.5452 -3145.63
GPRESSURE: 72 -3158.32 47.319 -135.534 2.68865 -3047.68 3.24263 -132.758 -28.4357 -3342.83
ENERGY:      72      1147.2295      1798.0220       326.6974        24.9170         -36356.7469      2276.0489         0.0000         0.0000         0.0000         -30783.8321        -0.0000    -30783.8321    -30783.8321         0.0000          -2917.1307     -3182.9451    110592.0000     -2917.1307     -3182.9451

LINE MINIMIZER BRACKET: DX 3.12771e-05 0.000281494 DU -0.198647 53.8892 DUDX -24581.6 11976.5 386905 
PRESSURE: 73 -3083.02 132.033 -208.847 132.033 -2475.79 60.0371 -208.847 60.0371 -3125.72
GPRESSURE: 73 -3149.72 47.4594 -135.153 1.31377 -3040.95 5.07292 -132.885 -26.1357 -3339.57
ENERGY:      73      1143.0559      1795.2873       326.6317        24.7702         -36349.1329      2275.4938         0.0000         0.0000         0.0000         -30783.8940        -0.0000    -30783.8940    -30783.8940         0.0000          -2894.8444     -3176.7456    110592.0000     -2894.8444     -3176.7456

LINE MINIMIZER BRACKET: DX 2.10579e-05 1.02192e-05 DU -0.260581 0.0619341 DUDX -24581.6 -53.4572 11976.5 
LINE MINIMIZER REDUCING GRADIENT FROM 1.51541e+06 TO 1515.41
PRESSURE: 74 -4460.23 113.411 50.6019 113.411 -3936.4 -112.811 50.6019 -112.811 -3321.13
GPRESSURE: 74 -3645.87 -293.267 441.506 39.265 -3740.57 40.0926 926.668 -1193.97 -1789.55
ENERGY:      74      1065.9865      1687.7325       321.3630        30.3274         -36734.4910      2436.4025         0.0000         0.0000         0.0000         -31192.6790        -0.0000    -31192.6790    -31192.6790         0.0000          -3905.9206     -3058.6635    110592.0000     -3905.9206     -3058.6635

PRESSURE: 75 -5728.08 107.351 9036.87 107.351 -5992.21 1462.99 9036.87 1462.99 64224.2
GPRESSURE: 75 9230.94 -20993.5 27669.5 3559.23 -9684.35 6642.47 107606 -163163 210854
ENERGY:      75      1762.0698      1779.8158       319.0389        52.5942         -37101.2625     12025.4459         0.0000         0.0000         0.0000         -21162.2978        -0.0000    -21162.2978    -21162.2978         0.0000          17501.2864     70133.6665    110592.0000     17501.2864     70133.6665

LINE MINIMIZER BRACKET: DX 0.000784947 0.000784947 DU -408.785 10030.4 DUDX -1.51541e+06 578351 6.6064e+07 
PRESSURE: 76 -4010.15 127.324 -76.1801 127.324 -3465.38 -74.532 -76.1801 -74.532 -3454.27
GPRESSURE: 76 -3587.18 -110.498 150.735 -4.8956 -3508.99 -25.5408 308.52 -424.374 -2899.38
ENERGY:      76      1012.7163      1697.6993       322.4483        27.8942         -36634.7379      2342.2962         0.0000         0.0000         0.0000         -31231.6836        -0.0000    -31231.6836    -31231.6836         0.0000          -3643.2680     -3331.8515    110592.0000     -3643.2680     -3331.8515

LINE MINIMIZER BRACKET: DX 0.000578432 0.000206515 DU -447.79 39.0046 DUDX -1.51541e+06 -138421 578351 
PRESSURE: 77 -4100.77 124.772 -56.2306 124.772 -3560.73 -84.9461 -56.2306 -84.9461 -3456.76
GPRESSURE: 77 -3608.21 -137.612 195.119 -0.614338 -3551.31 -20.8579 394.273 -525.841 -2757.3
ENERGY:      77      1019.5603      1694.4672       322.1987        28.3360         -36655.9330      2356.3072         0.0000         0.0000         0.0000         -31235.0635        -0.0000    -31235.0635    -31235.0635         0.0000          -3706.0875     -3305.6075    110592.0000     -3706.0875     -3305.6075

LINE MINIMIZER BRACKET: DX 4.36708e-05 0.000162845 DU -3.37998 42.3846 DUDX -138421 -14652 578351 
PRESSURE: 78 -4135.24 123.745 -48.0592 123.745 -3596.92 -88.6184 -48.0592 -88.6184 -3454.73
GPRESSURE: 78 -3615.16 -148.934 213.46 1.47863 -3567.76 -18.2029 430.798 -569.835 -2694.92
ENERGY:      78      1022.7177      1693.4152       322.1083        28.5101         -36663.8250      2362.1657         0.0000         0.0000         0.0000         -31234.9079        -0.0000    -31234.9079    -31234.9079         0.0000          -3728.9627     -3292.6126    110592.0000     -3728.9627     -3292.6126

LINE MINIMIZER BRACKET: DX 4.36708e-05 1.62845e-05 DU -3.37998 0.155614 DUDX -138421 -14652 34340.5 
PRESSURE: 79 -4111.17 124.464 -53.801 124.464 -3571.65 -86.0684 -53.801 -86.0684 -3456.33
GPRESSURE: 79 -3610.37 -140.965 200.56 -0.0136 -3556.25 -20.1088 405.044 -538.769 -2739.01
ENERGY:      79      1020.4811      1694.1401       322.1712        28.3882         -36658.3225      2358.0412         0.0000         0.0000         0.0000         -31235.1007        -0.0000    -31235.1007    -31235.1007         0.0000          -3713.0492     -3301.8754    110592.0000     -3713.0492     -3301.8754

LINE MINIMIZER BRACKET: DX 4.92812e-06 1.13563e-05 DU -0.0372185 0.192833 DUDX -14652 -1.4294 34340.5 
LINE MINIMIZER REDUCING GRADIENT FROM 2.12198e+06 TO 2121.98
PRESSURE: 80 -4640.69 44.9873 -15.2957 44.9873 -4112.38 -329.028 -15.2957 -329.028 -4095.43
GPRESSURE: 80 -3937.32 -186.925 246.972 -164.235 -3641.64 -347.704 298.79 -369.349 -3337.97
ETITLE:      TS           BOND          ANGLE          DIHED          IMPRP               ELECT            VDW       BOUNDARY           MISC        KINETIC               TOTAL           TEMP      POTENTIAL         TOTAL3        TEMPAVG            PRESSURE      GPRESSURE         VOLUME       PRESSAVG      GPRESSAVG

ENERGY:      80      1080.0308      1582.9593       317.2117        27.3913         -36823.1396      2359.8371         0.0000         0.0000         0.0000         -31455.7092        -0.0000    -31455.7092    -31455.7092         0.0000          -4282.8346     -3638.9761    110592.0000     -4282.8346     -3638.9761

PRESSURE: 81 -5490.64 -98.5596 62.2986 -98.5596 -4862.67 -618.328 62.2986 -618.328 -4987.54
GPRESSURE: 81 -4179.03 -336.963 419.06 -376.662 -3589.29 -775.814 357.247 -415.426 -3591.19
ENERGY:      81      1306.6880      1535.9218       312.8124        28.5644         -36984.0816      2419.5503         0.0000         0.0000         0.0000         -31380.5446        -0.0000    -31380.5446    -31380.5446         0.0000          -5113.6166     -3786.5029    110592.0000     -5113.6166     -3786.5029

LINE MINIMIZER BRACKET: DX 0.000306607 0.000306607 DU -220.608 75.1647 DUDX -2.12198e+06 -230016 712071 
PRESSURE: 82 -4816.73 17.1975 1.35005 17.1975 -4277.06 -393.849 1.35005 -393.849 -4284.62
GPRESSURE: 82 -4001.49 -215.28 281.347 -209.523 -3645.54 -438.366 303.486 -365.259 -3420.36
ENERGY:      82      1119.5454      1566.0510       316.0828        27.4678         -36862.4600      2369.1720         0.0000         0.0000         0.0000         -31464.1410        -0.0000    -31464.1410    -31464.1410         0.0000          -4459.4704     -3689.1287    110592.0000     -4459.4704     -3689.1287

LINE MINIMIZER BRACKET: DX 7.42104e-05 0.000232396 DU -8.43179 83.5964 DUDX -230016 2451.86 712071 
PRESSURE: 83 -4798.29 20.1633 -0.399807 20.1633 -4260.08 -387.221 -0.399807 -387.221 -4265.01
GPRESSURE: 83 -3995.28 -212.187 277.63 -204.83 -3645.58 -428.955 302.656 -365.15 -3412.91
ENERGY:      83      1115.1551      1567.5735       316.1942        27.4543         -36858.5414      2368.0880         0.0000         0.0000         0.0000         -31464.0762        -0.0000    -31464.0762    -31464.0762         0.0000          -4441.1276     -3684.5904    110592.0000     -4441.1276     -3684.5904

LINE MINIMIZER BRACKET: DX 7.42104e-06 0.000232396 DU -0.064857 83.5964 DUDX -20683.7 2451.86 712071 
PRESSURE: 84 -4814.7 17.5233 1.15804 17.5233 -4275.2 -393.122 1.15804 -393.122 -4282.46
GPRESSURE: 84 -4000.81 -214.939 280.938 -209.008 -3645.55 -437.332 303.392 -365.243 -3419.55
ENERGY:      84      1119.0597      1566.2160       316.0950        27.4663         -36862.0305      2369.0516         0.0000         0.0000         0.0000         -31464.1419        -0.0000    -31464.1419    -31464.1419         0.0000          -4457.4518     -3688.6347    110592.0000     -4457.4518     -3688.6347

LINE MINIMIZER BRACKET: DX 6.60813e-06 8.1291e-07 DU -0.0657049 0.000847958 DUDX -20683.7 -81.2088 2451.86 
LINE MINIMIZER REDUCING GRADIENT FROM 2.03201e+06 TO 2032.01
PRESSURE: 85 -4869.13 32.6848 -48.1902 32.6848 -4341.01 -408.788 -48.1902 -408.788 -4528.49
GPRESSURE: 85 -4107.54 -182.153 199.078 -206.12 -3657.72 -422.736 191.024 -227.14 -3744.2
ENERGY:      85      1100.4061      1495.2427       313.1329        24.0804         -36920.5817      2335.3768         0.0000         0.0000         0.0000         -31652.3428        -0.0000    -31652.3428    -31652.3428         0.0000          -4579.5451     -3836.4884    110592.0000     -4579.5451     -3836.4884

PRESSURE: 86 -4995.36 36.8166 -80.5341 36.8166 -4502.59 -429.117 -80.5341 -429.117 -4809.2
GPRESSURE: 86 -4197.41 -163.46 144.332 -198.372 -3681.9 -398.182 128.564 -149.021 -3959.13
ENERGY:      86      1110.6407      1438.0063       310.6012        21.9347         -36978.1041      2314.4074         0.0000         0.0000         0.0000         -31782.5138        -0.0000    -31782.5138    -31782.5138         0.0000          -4769.0489     -3946.1478    110592.0000     -4769.0489     -3946.1478

PRESSURE: 87 -5472.16 22.5938 -97.3959 22.5938 -5126.66 -501.833 -97.3959 -501.833 -5533.78
GPRESSURE: 87 -4340.21 -157.147 86.3097 -192.105 -3741.19 -365.377 73.1283 -79.9279 -4228.54
ENERGY:      87      1222.2403      1367.9985       307.2758        20.8128         -37090.1156      2300.2684         0.0000         0.0000         0.0000         -31871.5199        -0.0000    -31871.5199    -31871.5199         0.0000          -5377.5336     -4103.3117    110592.0000     -5377.5336     -4103.3117

PRESSURE: 88 -7304.5 -101.119 -34.4237 -101.119 -7419.99 -786.003 -34.4237 -786.003 -7794.7
GPRESSURE: 88 -4383.74 -301.96 179.256 -322.714 -3749 -474.709 129.531 -162.015 -4364
ENERGY:      88      1886.6703      1463.6753       306.4775        28.7679         -37302.4817      2391.9891         0.0000         0.0000         0.0000         -31224.9017        -0.0000    -31224.9017    -31224.9017         0.0000          -7506.3959     -4165.5825    110592.0000     -7506.3959     -4165.5825

LINE MINIMIZER BRACKET: DX 0.000305632 0.000611263 DU -89.006 646.618 DUDX -676391 119804 2.10431e+06 
2015-02-02 10:09:05.636 (WARN ) [0xfff88e69220] 8761435:ibm.runjob.client.Job: terminated by signal 9
2015-02-02 10:09:05.636 (WARN ) [0xfff88e69220] 8761435:ibm.runjob.client.Job: abnormal termination by signal 9 from rank 10
