Converse/Charm++ Commit ID: v6.3.0-723-g6148ae1
[0] isomalloc.c> Disabling isomalloc because isomalloc disabled by conv-mach
Info: NAMD 2.9 for BlueGeneQ
Info: 
Info: Please visit http://www.ks.uiuc.edu/Research/namd/
Info: for updates, documentation, and support information.
Info: 
Info: Please cite Phillips et al., J. Comp. Chem. 26:1781-1802 (2005)
Info: in all publications reporting results obtained with NAMD.
Info: 
Info: Based on Charm++/Converse 60305 for pami-bluegeneq-smp-xlc
Info: Built Sun Dec 7 11:31:12 EST 2014 by bobdanani on avoca-test
Info: Running on 128 processors, 16 nodes, 16 physical nodes.
Info: CPU topology information unavailable.
Info: Charm++/Converse parallel runtime startup completed at 0.0415002 s
Info: 202.062 MB of memory in use based on /proc/self/stat
Info: Configuration file is namd_equilibration_script.conf
Info: Working in the current directory /vlsci/VR0021/mike/GIT/MD_workflow_py/newdir/newiDir0052
TCL: Suspending until startup complete.
Info: SIMULATION PARAMETERS:
Info: TIMESTEP               2
Info: NUMBER OF STEPS        0
Info: STEPS PER CYCLE        10
Info: PERIODIC CELL BASIS 1  48 0 0
Info: PERIODIC CELL BASIS 2  0 48 0
Info: PERIODIC CELL BASIS 3  0 0 48
Info: PERIODIC CELL CENTER   0 0 0
Info: WRAPPING WATERS AROUND PERIODIC BOUNDARIES ON OUTPUT.
Info: WRAPPING ALL CLUSTERS AROUND PERIODIC BOUNDARIES ON OUTPUT.
Info: LOAD BALANCER  Centralized
Info: LOAD BALANCING STRATEGY  New Load Balancers -- DEFAULT
Info: LDB PERIOD             2000 steps
Info: FIRST LDB TIMESTEP     50
Info: LAST LDB TIMESTEP     -1
Info: LDB BACKGROUND SCALING 1
Info: HOM BACKGROUND SCALING 1
Info: PME BACKGROUND SCALING 1
Info: REMOVING PATCHES FROM PROCESSOR 0
Info: MIN ATOMS PER PATCH    40
Info: INITIAL TEMPERATURE    310
Info: CENTER OF MASS MOVING INITIALLY? NO
Info: DIELECTRIC             1
Info: EXCLUDE                SCALED ONE-FOUR
Info: 1-4 ELECTROSTATICS SCALED BY 1
Info: MODIFIED 1-4 VDW PARAMETERS WILL BE USED
Info: DCD FILENAME           current_MD_run_files.dcd
Info: DCD FREQUENCY          500
Info: DCD FIRST STEP         500
Info: DCD FILE WILL CONTAIN UNIT CELL DATA
Info: XST FILENAME           current_MD_run_files.xst
Info: XST FREQUENCY          500
Info: NO VELOCITY DCD OUTPUT
Info: NO FORCE DCD OUTPUT
Info: OUTPUT FILENAME        current_MD_run_files
Info: BINARY OUTPUT FILES WILL BE USED
Info: RESTART FILENAME       current_MD_run_files.restart
Info: RESTART FREQUENCY      5000
Info: BINARY RESTART FILES WILL BE USED
Info: SWITCHING ACTIVE
Info: SWITCHING ON           10
Info: SWITCHING OFF          12
Info: PAIRLIST DISTANCE      14
Info: PAIRLIST SHRINK RATE   0.01
Info: PAIRLIST GROW RATE     0.01
Info: PAIRLIST TRIGGER       0.3
Info: PAIRLISTS PER CYCLE    2
Info: PAIRLISTS ENABLED
Info: MARGIN                 0.99
Info: HYDROGEN GROUP CUTOFF  2.5
Info: PATCH DIMENSION        17.49
Info: ENERGY OUTPUT STEPS    500
Info: CROSSTERM ENERGY INCLUDED IN DIHEDRAL
Info: TIMING OUTPUT STEPS    500
Info: PRESSURE OUTPUT STEPS  500
Info: LANGEVIN DYNAMICS ACTIVE
Info: LANGEVIN TEMPERATURE   310
Info: LANGEVIN DAMPING COEFFICIENT IS 5 INVERSE PS
Info: LANGEVIN DYNAMICS NOT APPLIED TO HYDROGENS
Info: LANGEVIN PISTON PRESSURE CONTROL ACTIVE
Info:        TARGET PRESSURE IS 1.01325 BAR
Info:     OSCILLATION PERIOD IS 100 FS
Info:             DECAY TIME IS 50 FS
Info:     PISTON TEMPERATURE IS 310 K
Info:       PRESSURE CONTROL IS GROUP-BASED
Info:    INITIAL STRAIN RATE IS 0 0 0
Info:       CELL FLUCTUATION IS ANISOTROPIC
Info: PARTICLE MESH EWALD (PME) ACTIVE
Info: PME TOLERANCE               1e-06
Info: PME EWALD COEFFICIENT       0.257952
Info: PME INTERPOLATION ORDER     4
Info: PME GRID DIMENSIONS         48 48 48
Info: PME MAXIMUM GRID SPACING    1
Info: Attempting to read FFTW data from FFTW_NAMD_2.9_BlueGeneQ.txt
Info: Optimizing 6 FFT steps.  1... 2... 3... 4... 5... 6...   Done.
Info: Writing FFTW data to FFTW_NAMD_2.9_BlueGeneQ.txt
Info: FULL ELECTROSTATIC EVALUATION FREQUENCY      2
Info: USING VERLET I (r-RESPA) MTS SCHEME.
Info: C1 SPLITTING OF LONG RANGE ELECTROSTATICS
Info: PLACING ATOMS IN PATCHES BY HYDROGEN GROUPS
Info: RIGID BONDS TO HYDROGEN : ALL
Info:         ERROR TOLERANCE : 1e-08
Info:          MAX ITERATIONS : 100
Info: RIGID WATER USING SETTLE ALGORITHM
Info: RANDOM NUMBER SEED     1422832115
Info: USE HYDROGEN BONDS?    NO
Info: COORDINATE PDB         ../../InputFiles/example.pdb
Info: STRUCTURE FILE         ../../InputFiles/example.psf
Info: PARAMETER file: CHARMM format! 
Info: PARAMETERS             ../../InputFiles/Parameters/par_all27_prot_na.prm
Info: USING ARITHMETIC MEAN TO COMBINE L-J SIGMA PARAMETERS
Info: SUMMARY OF PARAMETERS:
Info: 258 BONDS
Info: 666 ANGLES
Info: 1134 DIHEDRAL
Info: 70 IMPROPER
Info: 6 CROSSTERM
Info: 164 VDW
Info: 0 VDW_PAIRS
Info: 0 NBTHOLE_PAIRS
Info: TIME FOR READING PSF FILE: 1.99733
Info: TIME FOR READING PDB FILE: 0.450459
Info: 
Info: ****************************
Info: STRUCTURE SUMMARY:
Info: 10315 ATOMS
Info: 7285 BONDS
Info: 5281 ANGLES
Info: 3293 DIHEDRALS
Info: 204 IMPROPERS
Info: 74 CROSSTERMS
Info: 0 EXCLUSIONS
Info: 9701 RIGID BONDS
Info: 21244 DEGREES OF FREEDOM
Info: 3638 HYDROGEN GROUPS
Info: 4 ATOMS IN LARGEST HYDROGEN GROUP
Info: 3638 MIGRATION GROUPS
Info: 4 ATOMS IN LARGEST MIGRATION GROUP
Info: TOTAL MASS = 63394.1 amu
Info: TOTAL CHARGE = 1.00955e-06 e
Info: MASS DENSITY = 0.951884 g/cm^3
Info: ATOM DENSITY = 0.0932708 atoms/A^3
Info: *****************************
Info: 
Info: Entering startup at 24.4277 s, 202.062 MB of memory in use
Info: Startup phase 0 took 0.00317167 s, 202.062 MB of memory in use
Info: Startup phase 1 took 0.104423 s, 202.062 MB of memory in use
Info: Startup phase 2 took 0.00363277 s, 202.062 MB of memory in use
Info: Startup phase 3 took 0.00286205 s, 202.062 MB of memory in use
Info: PATCH GRID IS 5 (PERIODIC) BY 5 (PERIODIC) BY 2 (PERIODIC)
Info: PATCH GRID IS 2-AWAY BY 2-AWAY BY 1-AWAY
Info: REMOVING COM VELOCITY -0.0103259 0.0404206 -0.0692922
Info: LARGEST PATCH (12) HAS 234 ATOMS
Info: Startup phase 4 took 0.0326896 s, 202.062 MB of memory in use
Info: PME using 24 and 24 processors for FFT and reciprocal sum.
Info: PME USING 16 GRID NODES AND 16 TRANS NODES
Info: PME GRID LOCATIONS: 7 11 15 23 27 31 39 43 47 55 ...
Info: PME TRANS LOCATIONS: 3 5 13 19 21 29 35 37 45 51 ...
Info: Startup phase 5 took 0.00726879 s, 202.062 MB of memory in use
Info: Startup phase 6 took 0.0096836 s, 202.062 MB of memory in use
LDB: Central LB being created...
Info: Startup phase 7 took 1.20399 s, 202.062 MB of memory in use
Info: CREATING 2450 COMPUTE OBJECTS
Info: NONBONDED TABLE R-SQUARED SPACING: 0.0625
Info: NONBONDED TABLE SIZE: 769 POINTS
Info: ABSOLUTE IMPRECISION IN FAST TABLE ENERGY: 3.38813e-21 AT 11.7447
Info: RELATIVE IMPRECISION IN FAST TABLE ENERGY: 6.92477e-14 AT 11.9138
Info: ABSOLUTE IMPRECISION IN FAST TABLE FORCE: 2.64698e-23 AT 11.9138
Info: RELATIVE IMPRECISION IN FAST TABLE FORCE: 1.40436e-16 AT 11.9138
Info: ABSOLUTE IMPRECISION IN SCOR TABLE ENERGY: 3.38813e-21 AT 11.7447
Info: RELATIVE IMPRECISION IN SCOR TABLE ENERGY: 4.24069e-16 AT 11.9138
Info: ABSOLUTE IMPRECISION IN SCOR TABLE FORCE: 4.10282e-22 AT 11.9138
Info: RELATIVE IMPRECISION IN SCOR TABLE FORCE: 3.56912e-15 AT 11.9138
Info: ABSOLUTE IMPRECISION IN VDWA TABLE ENERGY: 9.86076e-32 AT 11.8295
Info: RELATIVE IMPRECISION IN VDWA TABLE ENERGY: 6.75473e-14 AT 11.9138
Info: ABSOLUTE IMPRECISION IN VDWA TABLE FORCE: 4.62223e-32 AT 11.9138
Info: RELATIVE IMPRECISION IN VDWA TABLE FORCE: 2.12237e-15 AT 11.9138
Info: ABSOLUTE IMPRECISION IN VDWB TABLE ENERGY: 4.1359e-25 AT 11.8295
Info: RELATIVE IMPRECISION IN VDWB TABLE ENERGY: 7.56853e-15 AT 11.9138
Info: ABSOLUTE IMPRECISION IN VDWB TABLE FORCE: 3.87741e-26 AT 11.9138
Info: RELATIVE IMPRECISION IN VDWB TABLE FORCE: 5.97409e-16 AT 11.9138
Info: useSync: 0 useProxySync: 0
Info: Startup phase 8 took 0.0326604 s, 202.062 MB of memory in use
Info: Building spanning tree ... send: 1 recv: 0 with branch factor 9
Info: Startup phase 9 took 0.00358388 s, 202.062 MB of memory in use
Info: Startup phase 10 took 0.002502 s, 202.062 MB of memory in use
Info: Finished startup at 25.8342 s, 202.062 MB of memory in use

TCL: Minimizing for 500 steps
PRESSURE: 0 7.92778e+08 9.80914e+08 6.43957e+08 9.80914e+08 1.21846e+09 7.99677e+08 6.43957e+08 7.99677e+08 5.27056e+08
GPRESSURE: 0 7.92785e+08 9.80912e+08 6.43961e+08 9.80914e+08 1.21847e+09 7.99675e+08 6.4396e+08 7.99677e+08 5.27061e+08
ETITLE:      TS           BOND          ANGLE          DIHED          IMPRP               ELECT            VDW       BOUNDARY           MISC        KINETIC               TOTAL           TEMP      POTENTIAL         TOTAL3        TEMPAVG            PRESSURE      GPRESSURE         VOLUME       PRESSAVG      GPRESSAVG

ENERGY:       0      3088.5033      1499.3301       263.8206        10.6933         -30848.5032 336586487.2282         0.0000         0.0000         0.0000      336560501.0723        -0.0000 336560501.0723 336560501.0723         0.0000      846098063.7249 846104120.5607    110592.0000 846098063.7249 846104120.5607

OPENING EXTENDED SYSTEM TRAJECTORY FILE
MINIMIZER SLOWLY MOVING 41 ATOMS WITH BAD CONTACTS DOWNHILL
PRESSURE: 1 2.3761e+07 2.92891e+07 1.92693e+07 2.92891e+07 3.65371e+07 2.38544e+07 1.92693e+07 2.38544e+07 1.58365e+07
GPRESSURE: 1 2.37671e+07 2.92887e+07 1.92714e+07 2.92892e+07 3.65424e+07 2.38532e+07 1.9271e+07 2.38552e+07 1.58411e+07
ENERGY:       1      3097.8780      1492.2035       263.8872        11.6906         -30918.4516  10098045.4909         0.0000         0.0000         0.0000       10071992.6986        -0.0000  10071992.6986  10071992.6986         0.0000       25378190.6513  25383543.1824    110592.0000  25378190.6513  25383543.1824

MINIMIZER SLOWLY MOVING 20 ATOMS WITH BAD CONTACTS DOWNHILL
PRESSURE: 2 1.60262e+06 1.93601e+06 1.28335e+06 1.93601e+06 2.45349e+06 1.57411e+06 1.28335e+06 1.57411e+06 1.07617e+06
GPRESSURE: 2 1.60887e+06 1.93607e+06 1.28495e+06 1.9358e+06 2.45889e+06 1.57341e+06 1.28485e+06 1.57465e+06 1.08101e+06
ENERGY:       2      3098.8562      1486.5938       264.0525        11.6906         -30939.5732    683808.6242         0.0000         0.0000         0.0000         657730.2441        -0.0000    657730.2441    657730.2441         0.0000        1710761.1668   1716255.7876    110592.0000   1710761.1668   1716255.7876

MINIMIZER SLOWLY MOVING 8 ATOMS WITH BAD CONTACTS DOWNHILL
PRESSURE: 3 197678 209202 143265 209202 286173 169684 143265 169684 134769
GPRESSURE: 3 204076 209794 144555 208589 291200 169306 144311 169543 140107
ENERGY:       3      3098.8562      1486.5938       264.0525        11.6906         -30939.6937     85515.0225         0.0000         0.0000         0.0000          59436.5219        -0.0000     59436.5219     59436.5219         0.0000         206206.9406    211794.4545    110592.0000    206206.9406    211794.4545

MINIMIZER SLOWLY MOVING 4 ATOMS WITH BAD CONTACTS DOWNHILL
PRESSURE: 4 51832.3 29892.9 24062.2 29892.9 59310.8 24792.8 24062.2 24792.8 35775.4
GPRESSURE: 4 58421.7 30508.2 25327.7 28842.3 64264.8 24475.3 24635.9 24619.7 41255.5
ENERGY:       4      3098.8562      1486.5938       264.0525        11.6906         -30939.5675     23037.6747         0.0000         0.0000         0.0000          -3040.6997        -0.0000     -3040.6997     -3040.6997         0.0000          48972.8153     54647.3064    110592.0000     48972.8153     54647.3064

MINIMIZER SLOWLY MOVING 2 ATOMS WITH BAD CONTACTS DOWNHILL
PRESSURE: 5 30532.1 3498.92 6725.59 3498.92 26455.3 3178.44 6725.59 3178.44 21542
GPRESSURE: 5 37142.6 4114.36 7988.38 2350.17 31398.3 2879.07 7205.28 2993.04 27043.8
ENERGY:       5      3098.8562      1486.5938       264.0525        11.6906         -30938.6693     13993.1376         0.0000         0.0000         0.0000         -12084.3386        -0.0000    -12084.3386    -12084.3386         0.0000          26176.4652     31861.5673    110592.0000     26176.4652     31861.5673

MINIMIZER SLOWLY MOVING 2 ATOMS WITH BAD CONTACTS DOWNHILL
PRESSURE: 6 26526.3 -1468.36 3460.82 -1468.36 20273.6 -889.048 3460.82 -889.048 18867
GPRESSURE: 6 33138.6 -853.801 4722.7 -2634.96 25214.1 -1184.61 3925.75 -1074.84 24370.8
ENERGY:       6      3098.8562      1486.5938       264.0525        11.6906         -30936.7428     12297.3267         0.0000         0.0000         0.0000         -13778.2230        -0.0000    -13778.2230    -13778.2230         0.0000          21889.0008     27574.5239    110592.0000     21889.0008     27574.5239

MINIMIZER SLOWLY MOVING 2 ATOMS WITH BAD CONTACTS DOWNHILL
PRESSURE: 7 25612.5 -2600.63 2716.01 -2600.63 18869.7 -1812.5 2716.01 -1812.5 18263.3
GPRESSURE: 7 32281.5 -2000.41 3936.7 -3699.2 23792.6 -2157.42 3226.41 -2008 23733.4
ENERGY:       7      3098.8562      1486.5938       264.0525        11.6906         -30934.6537     11914.2537         0.0000         0.0000         0.0000         -14159.2069        -0.0000    -14159.2069    -14159.2069         0.0000          20915.1785     26602.5042    110592.0000     20915.1785     26602.5042

MINIMIZER STARTING CONJUGATE GRADIENT ALGORITHM
LINE MINIMIZER REDUCING GRADIENT FROM 1.28304e+08 TO 128304
PRESSURE: 8 25247.7 -2536.43 2691.61 -2536.43 18631.3 -1769.09 2691.61 -1769.09 18003.1
GPRESSURE: 8 31880.1 -1938.49 3895.18 -3619.96 23534.7 -2102.32 3197.2 -1962.55 23436.4
ENERGY:       8      3090.7892      1485.5168       264.0466        11.6886         -30936.5185     11797.8422         0.0000         0.0000         0.0000         -14286.6351        -0.0000    -14286.6351    -14286.6351         0.0000          20627.3447     26283.7546    110592.0000     20627.3447     26283.7546

PRESSURE: 9 24890.1 -2473.62 2667.31 -2473.62 18397.3 -1726.98 2667.31 -1726.98 17748.1
GPRESSURE: 9 31486.6 -1877.91 3854.09 -3542.44 23281.6 -2048.85 3168.19 -1918.45 23145.4
ENERGY:       9      3082.7502      1484.4436       264.0410        11.6870         -30938.3841     11683.6730         0.0000         0.0000         0.0000         -14411.7892        -0.0000    -14411.7892    -14411.7892         0.0000          20345.1877     25971.1849    110592.0000     20345.1877     25971.1849

LDB: ============= START OF LOAD BALANCING ============== 26.2428
LDB: ============== END OF LOAD BALANCING =============== 26.2438
Info: useSync: 0 useProxySync: 0
LDB: =============== DONE WITH MIGRATION ================ 26.2506
PRESSURE: 10 24195.8 -2352.01 2618.96 -2352.01 17942.4 -1646.44 2618.96 -1646.44 17253.7
GPRESSURE: 10 30722.2 -1760.69 3773.13 -3392.42 22789.1 -1946.53 3110.7 -1834.05 22580.6
ETITLE:      TS           BOND          ANGLE          DIHED          IMPRP               ELECT            VDW       BOUNDARY           MISC        KINETIC               TOTAL           TEMP      POTENTIAL         TOTAL3        TEMPAVG            PRESSURE      GPRESSURE         VOLUME       PRESSAVG      GPRESSAVG

ENERGY:      10      3066.7562      1482.3085       264.0305        11.6851         -30942.1130     11461.8508         0.0000         0.0000         0.0000         -14655.4819        -0.0000    -14655.4819    -14655.4819         0.0000          19797.3211     25363.9782    110592.0000     19797.3211     25363.9782

PRESSURE: 11 22886.6 -2123.99 2523.69 -2123.99 17081.9 -1499.14 2523.69 -1499.14 16323.1
GPRESSURE: 11 29279.6 -1541.1 3616.28 -3111.35 21856.5 -1759.16 2998.16 -1679.43 21516.2
ENERGY:      11      3035.1037      1478.0836       264.0124        11.6860         -30949.5614     11042.8731         0.0000         0.0000         0.0000         -15117.8026        -0.0000    -15117.8026    -15117.8026         0.0000          18763.8759     24217.4311    110592.0000     18763.8759     24217.4311

PRESSURE: 12 20553.4 -1722.95 2339.96 -1722.95 15538.6 -1252.24 2339.96 -1252.24 14669.9
GPRESSURE: 12 26703.6 -1155.89 3322.71 -2617.65 20179.9 -1444.57 2783.67 -1419.34 19620.8
ENERGY:      12      2973.1376      1469.8155       263.9877        11.7070         -30964.4243     10293.4960         0.0000         0.0000         0.0000         -15952.2805        -0.0000    -15952.2805    -15952.2805         0.0000          16920.6524     22168.1114    110592.0000     16920.6524     22168.1114

PRESSURE: 13 16815.2 -1100.53 2006.84 -1100.53 13034.3 -904.044 2006.84 -904.044 12035.6
GPRESSURE: 13 22558 -562.478 2814.14 -1853.11 17445.3 -1000.21 2401.8 -1049.07 16584.8
ENERGY:      13      2854.5340      1454.0067       263.9835        11.8263         -30994.0211      9082.7739         0.0000         0.0000         0.0000         -17326.8967        -0.0000    -17326.8967    -17326.8967         0.0000          13961.6881     18862.6755    110592.0000     13961.6881     18862.6755

PRESSURE: 14 11864.8 -345.294 1493.19 -345.294 9637.93 -556.087 1493.19 -556.087 8576.4
GPRESSURE: 14 17006.2 140.803 2073.1 -927.946 13689.1 -559.716 1830.1 -669.463 12552.7
ENERGY:      14      2638.4195      1425.3083       264.1507        12.3760         -31052.7540      7446.6365         0.0000         0.0000         0.0000         -19265.8629        -0.0000    -19265.8629    -19265.8629         0.0000          10026.3729     14415.9962    110592.0000     10026.3729     14415.9962

PRESSURE: 15 7108.42 200.401 980.708 200.401 6246.69 -418.948 980.708 -418.948 5323.14
GPRESSURE: 15 11503.7 603.898 1365.47 -268.069 9802.28 -413.602 1312.93 -508.31 8650.47
ENERGY:      15      2288.6245      1379.6753       265.1654        14.7443         -31168.6191      5790.4200         0.0000         0.0000         0.0000         -21429.9896        -0.0000    -21429.9896    -21429.9896         0.0000           6226.0811      9985.4766    110592.0000      6226.0811      9985.4766

PRESSURE: 16 4850.09 165.432 1257.94 165.432 4514.88 -754.599 1257.94 -754.599 4125.78
GPRESSURE: 16 8668.6 486.094 1707.32 -477.896 7507.27 -965.973 1985.97 -921.641 7053.82
ENERGY:      16      1900.2223      1336.3753       270.1213        24.8446         -31394.4641      4840.6795         0.0000         0.0000         0.0000         -23022.2212        -0.0000    -23022.2212    -23022.2212         0.0000           4496.9203      7743.2303    110592.0000      4496.9203      7743.2303

PRESSURE: 17 17852.3 -1550.03 12378.5 -1550.03 10801.7 -4850.32 12378.5 -4850.32 17654.9
GPRESSURE: 17 30366.1 273.821 17743.2 -5798.21 14465.5 -7375.29 22472.3 -4882.86 26267.7
ENERGY:      17      2163.8410      1452.4679       293.4260        71.7709         -31822.6931      8851.2292         0.0000         0.0000         0.0000         -18989.9581        -0.0000    -18989.9581    -18989.9581         0.0000          15436.3105     23699.7773    110592.0000     15436.3105     23699.7773

LINE MINIMIZER BRACKET: DX 0.000128 0.000256 DU -1592.23 4032.26 DUDX -2.32342e+07 -4.29861e+06 5.45662e+07 
PRESSURE: 18 4953.74 96.6938 1515.53 96.6938 4553.16 -899.461 1515.53 -899.461 4341.14
GPRESSURE: 18 8800.08 414.144 2049.01 -651.118 7479.81 -1192.18 2434.04 -1102.32 7307.51
ENERGY:      18      1867.1741      1335.6056       271.7736        28.0148         -31441.9086      4839.5343         0.0000         0.0000         0.0000         -23099.8062        -0.0000    -23099.8062    -23099.8062         0.0000           4616.0112      7862.4673    110592.0000      4616.0112      7862.4673

LINE MINIMIZER BRACKET: DX 2.7443e-05 0.000228557 DU -77.585 4109.85 DUDX -4.29861e+06 -1.35344e+06 5.45662e+07 
PRESSURE: 19 5172 28.1139 1798.84 28.1139 4670.15 -1047.07 1798.84 -1047.07 4637.9
GPRESSURE: 19 9099.27 348.701 2429.82 -831.974 7557.9 -1421.45 2923.47 -1284.49 7678.48
ENERGY:      19      1852.2059      1337.3080       273.3194        30.9492         -31481.1655      4885.2168         0.0000         0.0000         0.0000         -23102.1662        -0.0000    -23102.1662    -23102.1662         0.0000           4826.6845      8111.8822    110592.0000      4826.6845      8111.8822

LINE MINIMIZER BRACKET: DX 2.28557e-05 0.000205701 DU -2.36002 4112.21 DUDX -1.35344e+06 1.16674e+06 5.45662e+07 
MINIMIZER RESTARTING CONJUGATE GRADIENT ALGORITHM
LINE MINIMIZER REDUCING GRADIENT FROM 2.67828e+07 TO 26782.8
PRESSURE: 20 4984.37 169.615 1602.4 169.615 4517.92 -872.402 1602.4 -872.402 4388.47
GPRESSURE: 20 8716.88 509.236 2127.21 -529.972 7368.74 -1151.88 2514.32 -1079.82 7293.74
ETITLE:      TS           BOND          ANGLE          DIHED          IMPRP               ELECT            VDW       BOUNDARY           MISC        KINETIC               TOTAL           TEMP      POTENTIAL         TOTAL3        TEMPAVG            PRESSURE      GPRESSURE         VOLUME       PRESSAVG      GPRESSAVG

ENERGY:      20      1839.4311      1335.3834       273.2693        30.8364         -31484.9723      4804.2133         0.0000         0.0000         0.0000         -23201.8389        -0.0000    -23201.8389    -23201.8389         0.0000           4630.2565      7793.1201    110592.0000      4630.2565      7793.1201

PRESSURE: 21 4827.6 283.437 1442.21 283.437 4391.32 -730.863 1442.21 -730.863 4182.58
GPRESSURE: 21 8402.24 636.73 1882.97 -289.379 7210.39 -935.766 2185.43 -914.947 6979.11
ENERGY:      21      1826.8362      1333.4917       273.2197        30.7251         -31488.7816      4736.4490         0.0000         0.0000         0.0000         -23288.0599        -0.0000    -23288.0599    -23288.0599         0.0000           4467.1672      7530.5788    110592.0000      4467.1672      7530.5788

PRESSURE: 22 4583.35 449.3 1202.82 449.3 4195.44 -521.748 1202.82 -521.748 3868.15
GPRESSURE: 22 7922.33 818.836 1523.19 56.8519 6961.93 -621.362 1704.16 -673.151 6504.58
ENERGY:      22      1802.1834      1329.8077       273.1222        30.5070         -31496.4094      4630.6304         0.0000         0.0000         0.0000         -23430.1586        -0.0000    -23430.1586    -23430.1586         0.0000           4215.6487      7129.6154    110592.0000      4215.6487      7129.6154

PRESSURE: 23 4268.45 628.288 924.711 628.288 3946.26 -286.446 924.711 -286.446 3481.17
GPRESSURE: 23 7325.72 1006.35 1115.7 424.026 6632.32 -277.893 1167.77 -403.766 5931.71
ENERGY:      23      1755.0049      1322.8424       272.9344        30.0888         -31511.7005      4493.0807         0.0000         0.0000         0.0000         -23637.7494        -0.0000    -23637.7494    -23637.7494         0.0000           3898.6288      6629.9153    110592.0000      3898.6288      6629.9153

PRESSURE: 24 3941.48 730.895 706.614 730.895 3691 -122.27 706.614 -122.27 3118.43
GPRESSURE: 24 6730.67 1096.24 808.274 638.319 6252.53 -52.5061 780.714 -215.575 5403.2
ENERGY:      24      1668.9688      1310.5704       272.5905        29.3237         -31542.3869      4345.8478         0.0000         0.0000         0.0000         -23915.0856        -0.0000    -23915.0856    -23915.0856         0.0000           3583.6371      6128.8011    110592.0000      3583.6371      6128.8011

PRESSURE: 25 3621.32 695.806 600.122 695.806 3432.04 -88.0327 600.122 -88.0327 2815.24
GPRESSURE: 25 6130.69 1027.15 668.08 615.894 5777.97 -25.0213 621.642 -166.616 4951.9
ENERGY:      25      1528.2267      1293.3104       272.0607        28.0758         -31604.0009      4190.6913         0.0000         0.0000         0.0000         -24291.6360        -0.0000    -24291.6360    -24291.6360         0.0000           3289.5320      5620.1885    110592.0000      3289.5320      5620.1885

PRESSURE: 26 3527.84 174.173 965.674 174.173 3596.42 -684.278 965.674 -684.278 3134.53
GPRESSURE: 26 5752.2 558.847 1292.8 -104.223 5392.07 -1036.15 1159.43 -598.733 5434.26
ENERGY:      26      1346.5154      1299.1636       271.8458        26.6980         -31727.6131      4189.6782         0.0000         0.0000         0.0000         -24593.7121        -0.0000    -24593.7121    -24593.7121         0.0000           3419.5982      5526.1763    110592.0000      3419.5982      5526.1763

PRESSURE: 27 493788 -1.25421e+06 844033 -1.25421e+06 3.25761e+06 -2.14378e+06 844033 -2.14378e+06 1.45473e+06
GPRESSURE: 27 511130 -1.2366e+06 881164 -1.29644e+06 3.21268e+06 -2.24275e+06 870827 -2.11448e+06 1.51883e+06
ENERGY:      27      1205.1013      1357.1891       269.8208        28.5640         -31978.8152    692937.9607         0.0000         0.0000         0.0000         663819.8207        -0.0000    663819.8207    663819.8207         0.0000        1735375.9544   1747545.5369    110592.0000   1735375.9544   1747545.5369

LINE MINIMIZER BRACKET: DX 0.000128 0.000256 DU -302.076 688414 DUDX -4.87769e+06 2.24167e+06 7.0879e+08 
PRESSURE: 28 3446.15 424.811 735.437 424.811 3365.34 -353.064 735.437 -353.064 2829.14
GPRESSURE: 28 5690.92 754.841 909 252.615 5354.88 -472.541 828.559 -366.419 4960.99
ENERGY:      28      1381.5238      1291.4084       271.7997        26.8964         -31697.4754      4118.0658         0.0000         0.0000         0.0000         -24607.7813        -0.0000    -24607.7813    -24607.7813         0.0000           3213.5390      5335.5945    110592.0000      3213.5390      5335.5945

LINE MINIMIZER BRACKET: DX 9.68226e-05 3.11774e-05 DU -316.145 14.0691 DUDX -4.87769e+06 -980439 2.24167e+06 
PRESSURE: 29 3460.72 357.014 794.742 357.014 3416.41 -439.471 794.742 -439.471 2902.68
GPRESSURE: 29 5692.02 699.33 1007.5 157.389 5349.49 -617.879 913.835 -428.299 5072.91
ENERGY:      29      1369.0339      1293.5423       271.8112        26.8185         -31707.7920      4132.8298         0.0000         0.0000         0.0000         -24613.7563        -0.0000    -24613.7563    -24613.7563         0.0000           3259.9346      5371.4746    110592.0000      3259.9346      5371.4746

LINE MINIMIZER BRACKET: DX 1.06752e-05 2.05021e-05 DU -5.975 20.0441 DUDX -980439 -108136 2.24167e+06 
PRESSURE: 30 3464.9 342.182 808.119 342.182 3429.03 -458.781 808.119 -458.781 2919.98
GPRESSURE: 30 5694.28 687.491 1029.74 136.41 5350.29 -650.529 933.045 -441.978 5099.48
ETITLE:      TS           BOND          ANGLE          DIHED          IMPRP               ELECT            VDW       BOUNDARY           MISC        KINETIC               TOTAL           TEMP      POTENTIAL         TOTAL3        TEMPAVG            PRESSURE      GPRESSURE         VOLUME       PRESSAVG      GPRESSAVG

ENERGY:      30      1366.6985      1294.0137       271.8140        26.8047         -31709.7733      4136.6587         0.0000         0.0000         0.0000         -24613.7837        -0.0000    -24613.7837    -24613.7837         0.0000           3271.3002      5381.3491    110592.0000      3271.3002      5381.3491

LINE MINIMIZER BRACKET: DX 2.05021e-06 1.84519e-05 DU -0.0274149 20.0716 DUDX -108136 82278.5 2.24167e+06 
MINIMIZER RESTARTING CONJUGATE GRADIENT ALGORITHM
LINE MINIMIZER REDUCING GRADIENT FROM 5.06428e+06 TO 5064.28
PRESSURE: 31 3398.67 386.433 740.968 386.433 3326.2 -376.655 740.968 -376.655 2794.43
GPRESSURE: 31 5581.58 716.015 926.792 202.958 5244.05 -519.752 843.865 -384.721 4907.05
ENERGY:      31      1350.5882      1289.2623       271.9073        26.5046         -31723.2706      4093.7031         0.0000         0.0000         0.0000         -24691.3051        -0.0000    -24691.3051    -24691.3051         0.0000           3173.0995      5244.2287    110592.0000      3173.0995      5244.2287

PRESSURE: 32 3340.12 420.406 685.19 420.406 3238.06 -309.556 685.19 -309.556 2685.89
GPRESSURE: 32 5480.22 737.395 842.62 254.427 5148.18 -414.916 770.749 -338.016 4742.31
ENERGY:      32      1334.9476      1284.6604       272.0057        26.2086         -31736.7659      4056.0860         0.0000         0.0000         0.0000         -24762.8576        -0.0000    -24762.8576    -24762.8576         0.0000           3088.0215      5123.5684    110592.0000      3088.0215      5123.5684

PRESSURE: 33 3240.29 465.526 599.409 465.526 3094.2 -208.826 599.409 -208.826 2507.43
GPRESSURE: 33 5303.01 764.272 716.027 324.293 4979.53 -262.109 660.41 -268.167 4474.65
ENERGY:      33      1305.0815      1275.8974       272.2169        25.6292         -31763.7462      3992.9343         0.0000         0.0000         0.0000         -24891.9868        -0.0000    -24891.9868    -24891.9868         0.0000           2947.3043      4919.0622    110592.0000      2947.3043      4919.0622

PRESSURE: 34 3084.12 499.782 493.214 499.782 2884.96 -90.0717 493.214 -90.0717 2248.62
GPRESSURE: 34 5013.21 778.96 565.701 384.524 4699.71 -93.2508 528.869 -187.055 4092.88
ENERGY:      34      1251.0465      1260.0864       272.6954        24.5209         -31817.6682      3897.4013         0.0000         0.0000         0.0000         -25111.9177        -0.0000    -25111.9177    -25111.9177         0.0000           2739.2337      4601.9360    110592.0000      2739.2337      4601.9360

PRESSURE: 35 2847.13 475.904 397.541 475.904 2592.17 7.89071 397.541 7.89071 1905.05
GPRESSURE: 35 4553.17 743.8 440.234 378.206 4240.71 25.0239 420.171 -124.809 3596.11
ENERGY:      35      1166.0083      1235.0194       273.8562        22.5072         -31925.3159      3762.9673         0.0000         0.0000         0.0000         -25464.9576        -0.0000    -25464.9576    -25464.9576         0.0000           2448.1163      4129.9988    110592.0000      2448.1163      4129.9988

PRESSURE: 36 2445.5 343.881 338.637 343.881 2104.52 64.6782 338.637 64.6782 1397.43
GPRESSURE: 36 3805.62 616.306 377.754 254.528 3444.72 63.8978 377.36 -102.012 2903.84
ENERGY:      36      1089.4735      1209.4593       276.8881        19.3028         -32139.6278      3569.8809         0.0000         0.0000         0.0000         -25974.6232        -0.0000    -25974.6232    -25974.6232         0.0000           1982.4828      3384.7276    110592.0000      1982.4828      3384.7276

PRESSURE: 37 2057.85 -477.058 937.895 -477.058 1758.2 -673.263 937.895 -673.263 1276.09
GPRESSURE: 37 3659.51 -30.5744 1213.31 -1388.55 2511.5 -972.508 1960.85 -676.549 2942.97
ENERGY:      37      1317.9587      1249.1309       286.0399        16.2577         -32564.6216      3560.7557         0.0000         0.0000         0.0000         -26134.4788        -0.0000    -26134.4788    -26134.4788         0.0000           1697.3818      3037.9918    110592.0000      1697.3818      3037.9918

PRESSURE: 38 4.38967e+09 6.55453e+09 -1.21541e+09 6.55453e+09 9.78706e+09 -1.81482e+09 -1.21541e+09 -1.81482e+09 3.36524e+08
GPRESSURE: 38 4.38953e+09 6.55451e+09 -1.21546e+09 6.55432e+09 9.78703e+09 -1.81489e+09 -1.21537e+09 -1.81481e+09 3.3654e+08
ENERGY:      38      3342.2956      1649.5151       324.4851        24.1967         -33419.4796 1924504553.3817         0.0000         0.0000         0.0000      1924476474.3946        -0.0000 1924476474.3946 1924476474.3946         0.0000      4837751910.7162 4837699204.9925    110592.0000 4837751910.7162 4837699204.9925

LINE MINIMIZER BRACKET: DX 0.000512 0.001024 DU -159.856 1.9245e+09 DUDX -1.56827e+06 2.74416e+06 3.01847e+07 
PRESSURE: 39 2049.23 135.87 385.73 135.87 1603.26 20.9267 385.73 20.9267 946.517
GPRESSURE: 39 3195.42 433.516 458.527 -0.367215 2674.61 -22.1114 524.686 -158.008 2370.25
ENERGY:      39      1151.8723      1216.8963       281.2979        17.0636         -32374.3549      3429.1515         0.0000         0.0000         0.0000         -26278.0733        -0.0000    -26278.0733    -26278.0733         0.0000           1533.0016      2746.7592    110592.0000      1533.0016      2746.7592

LINE MINIMIZER BRACKET: DX 0.000282151 0.000229849 DU -303.45 143.595 DUDX -1.56827e+06 -492287 2.74416e+06 
PRESSURE: 40 1997.86 73.2819 426.946 73.2819 1539.55 -24.0532 426.946 -24.0532 904.601
GPRESSURE: 40 3145.37 382.402 515.433 -105.338 2564.62 -84.5714 623.256 -195.756 2334.83
ETITLE:      TS           BOND          ANGLE          DIHED          IMPRP               ELECT            VDW       BOUNDARY           MISC        KINETIC               TOTAL           TEMP      POTENTIAL         TOTAL3        TEMPAVG            PRESSURE      GPRESSURE         VOLUME       PRESSAVG      GPRESSAVG

ENERGY:      40      1179.5372      1222.0213       282.2327        16.8069         -32416.3453      3420.3085         0.0000         0.0000         0.0000         -26295.4388        -0.0000    -26295.4388    -26295.4388         0.0000           1480.6705      2681.6049    110592.0000      1480.6705      2681.6049

LINE MINIMIZER BRACKET: DX 5.06488e-05 0.0001792 DU -17.3655 160.96 DUDX -492287 -179076 2.74416e+06 
PRESSURE: 41 1983.36 46.3852 447.112 46.3852 1522.85 -46.888 447.112 -46.888 897.213
GPRESSURE: 41 3137.79 360.893 542.915 -154.509 2530.57 -115.749 671.754 -214.144 2332.84
ENERGY:      41      1190.5319      1224.1049       282.5764        16.7268         -32431.1921      3419.7922         0.0000         0.0000         0.0000         -26297.4599        -0.0000    -26297.4599    -26297.4599         0.0000           1467.8074      2667.0682    110592.0000      1467.8074      2667.0682

LINE MINIMIZER BRACKET: DX 1.792e-05 0.00016128 DU -2.02112 162.981 DUDX -179076 -43899.7 2.74416e+06 
PRESSURE: 42 1972.47 19.3521 468.505 19.3521 1511.41 -71.58 468.505 -71.58 894.996
GPRESSURE: 42 3136.91 339.513 571.963 -206.13 2502.81 -149.307 723.606 -233.677 2337.3
ENERGY:      42      1200.9671      1226.1004       282.8919        16.6595         -32444.5523      3420.8436         0.0000         0.0000         0.0000         -26297.0898        -0.0000    -26297.0898    -26297.0898         0.0000           1459.6239      2659.0065    110592.0000      1459.6239      2659.0065

LINE MINIMIZER BRACKET: DX 1.792e-05 1.6128e-05 DU -2.02112 0.370034 DUDX -179076 -43899.7 92610.9 
PRESSURE: 43 1979.54 37.8277 453.768 37.8277 1518.68 -54.5306 453.768 -54.5306 895.978
GPRESSURE: 43 3136.82 354.101 551.963 -170.62 2521.13 -126.147 687.845 -220.224 2333.6
ENERGY:      43      1193.9022      1224.7476       282.6793        16.7042         -32435.5801      3419.9669         0.0000         0.0000         0.0000         -26297.5799        -0.0000    -26297.5799    -26297.5799         0.0000           1464.7316      2663.8500    110592.0000      1464.7316      2663.8500

LINE MINIMIZER BRACKET: DX 5.29608e-06 1.08319e-05 DU -0.120029 0.490063 DUDX -43899.7 -763.855 92610.9 
LINE MINIMIZER REDUCING GRADIENT FROM 2.15541e+06 TO 2155.41
PRESSURE: 44 1916.47 40.5289 448.215 40.5289 1491.26 -51.13 448.215 -51.13 861.092
GPRESSURE: 44 3035.08 352.07 539.536 -164.083 2457.76 -117.605 671.92 -214.61 2250.68
ENERGY:      44      1174.1497      1216.4778       283.1700        15.9330         -32469.0154      3395.3594         0.0000         0.0000         0.0000         -26383.9254        -0.0000    -26383.9254    -26383.9254         0.0000           1422.9415      2581.1732    110592.0000      1422.9415      2581.1732

PRESSURE: 45 1853.4 42.8469 443.032 42.8469 1463.02 -47.9321 443.032 -47.9321 825.633
GPRESSURE: 45 2935.22 349.86 527.71 -158.073 2395.13 -109.454 656.796 -209.289 2169.18
ENERGY:      45      1155.6008      1208.7608       283.6697        15.2326         -32502.4145      3371.3247         0.0000         0.0000         0.0000         -26467.8259        -0.0000    -26467.8259    -26467.8259         0.0000           1380.6853      2499.8455    110592.0000      1380.6853      2499.8455

PRESSURE: 46 1726.92 46.3885 433.765 46.3885 1404.06 -42.1443 433.765 -42.1443 752.825
GPRESSURE: 46 2740.77 344.955 505.81 -147.532 2272.08 -94.3057 628.863 -199.522 2010.18
ENERGY:      46      1122.1181      1194.9821       284.6938        14.0270         -32569.1087      3324.9127         0.0000         0.0000         0.0000         -26628.3750        -0.0000    -26628.3750    -26628.3750         0.0000           1294.6002      2341.0084    110592.0000      1294.6002      2341.0084

PRESSURE: 47 1471.32 49.2668 418.946 49.2668 1275.75 -32.7057 418.946 -32.7057 598.488
GPRESSURE: 47 2371.25 333.317 468.091 -131.844 2034.02 -68.2011 581.073 -183.188 1706.64
ENERGY:      47      1069.6547      1174.0325       286.8271        12.2969         -32702.0674      3238.3274         0.0000         0.0000         0.0000         -26920.9288        -0.0000    -26920.9288    -26920.9288         0.0000           1115.1834      2037.3050    110592.0000      1115.1834      2037.3050

PRESSURE: 48 940.122 40.5884 401.19 40.5884 973.938 -20.9039 401.19 -20.9039 246.782
GPRESSURE: 48 1698.75 304.122 412.58 -118.067 1584.76 -30.567 511.622 -161.922 1146.37
ENERGY:      48      1023.2932      1158.5695       291.3342        10.9534         -32966.3428      3087.4281         0.0000         0.0000         0.0000         -27394.7643        -0.0000    -27394.7643    -27394.7643         0.0000            720.2805      1476.6255    110592.0000       720.2805      1476.6255

PRESSURE: 49 -262.36 -13.5952 394.677 -13.5952 166.291 -13.6345 394.677 -13.6345 -669.57
GPRESSURE: 49 554.322 227.157 357.474 -139.974 768.762 0.788606 442.108 -157.824 150.754
ENERGY:      49      1173.3197      1234.5610       300.6771        13.9398         -33488.5667      2859.0696         0.0000         0.0000         0.0000         -27906.9996        -0.0000    -27906.9996    -27906.9996         0.0000           -255.2132       491.2792    110592.0000      -255.2132       491.2792

LDB: ============= START OF LOAD BALANCING ============== 27.8138
LDB: Largest compute 548 load 0.317018 is 51.0% of average load 0.621913
LDB: Average compute 0.028288 is 4.5% of average load 0.621913
LDB: Partitioning computes with target load 0.062191
LDB: Partitioning compute 87 with load 0.215516 by 4
LDB: Partitioning compute 72 with load 0.192763 by 4
LDB: Partitioning compute 78 with load 0.198263 by 4
LDB: Partitioning compute 67 with load 0.210260 by 4
LDB: Partitioning compute 54 with load 0.160748 by 3
LDB: Partitioning compute 93 with load 0.198719 by 4
LDB: Partitioning compute 92 with load 0.215297 by 4
LDB: Partitioning compute 63 with load 0.233118 by 4
LDB: Partitioning compute 79 with load 0.184093 by 3
LDB: Partitioning compute 69 with load 0.189992 by 4
LDB: Partitioning compute 1654 with load 0.273557 by 5
LDB: Partitioning compute 1658 with load 0.238044 by 4
LDB: Partitioning compute 1659 with load 0.119369 by 2
LDB: Partitioning compute 1678 with load 0.064773 by 2
LDB: Partitioning compute 1694 with load 0.096079 by 2
LDB: Partitioning compute 73 with load 0.200442 by 4
LDB: Partitioning compute 1469 with load 0.279373 by 5
LDB: Partitioning compute 1473 with load 0.275958 by 5
LDB: Partitioning compute 1474 with load 0.131363 by 3
LDB: Partitioning compute 1493 with load 0.072322 by 2
LDB: Partitioning compute 1509 with load 0.124403 by 3
LDB: Partitioning compute 84 with load 0.153966 by 3
LDB: Partitioning compute 94 with load 0.199882 by 4
LDB: Partitioning compute 729 with load 0.261364 by 5
LDB: Partitioning compute 733 with load 0.253983 by 5
LDB: Partitioning compute 734 with load 0.120438 by 2
LDB: Partitioning compute 753 with load 0.090016 by 2
LDB: Partitioning compute 769 with load 0.106917 by 2
LDB: Partitioning compute 53 with load 0.163879 by 3
LDB: Partitioning compute 64 with load 0.166377 by 3
LDB: Partitioning compute 88 with load 0.197973 by 4
LDB: Partitioning compute 59 with load 0.187714 by 4
LDB: Partitioning compute 68 with load 0.185420 by 3
LDB: Partitioning compute 97 with load 0.143018 by 3
LDB: Partitioning compute 99 with load 0.171548 by 3
LDB: Partitioning compute 98 with load 0.211754 by 4
LDB: Partitioning compute 83 with load 0.213521 by 4
LDB: Partitioning compute 288 with load 0.087719 by 2
LDB: Partitioning compute 433 with load 0.205493 by 4
LDB: Partitioning compute 437 with load 0.238335 by 4
LDB: Partitioning compute 438 with load 0.093648 by 2
LDB: Partitioning compute 58 with load 0.221384 by 4
LDB: Partitioning compute 1839 with load 0.235408 by 4
LDB: Partitioning compute 1843 with load 0.167354 by 3
LDB: Partitioning compute 1844 with load 0.090492 by 2
LDB: Partitioning compute 1879 with load 0.095319 by 2
LDB: Partitioning compute 89 with load 0.195516 by 4
LDB: Partitioning compute 1028 with load 0.098100 by 2
LDB: Partitioning compute 1173 with load 0.235802 by 4
LDB: Partitioning compute 1177 with load 0.223722 by 4
LDB: Partitioning compute 1178 with load 0.085798 by 2
LDB: Partitioning compute 1876 with load 0.258666 by 5
LDB: Partitioning compute 1880 with load 0.263647 by 5
LDB: Partitioning compute 1881 with load 0.114415 by 2
LDB: Partitioning compute 1900 with load 0.063745 by 2
LDB: Partitioning compute 1916 with load 0.096750 by 2
LDB: Partitioning compute 658 with load 0.090269 by 2
LDB: Partitioning compute 803 with load 0.231563 by 4
LDB: Partitioning compute 807 with load 0.238657 by 4
LDB: Partitioning compute 808 with load 0.092532 by 2
LDB: Partitioning compute 827 with load 0.064976 by 2
LDB: Partitioning compute 914 with load 0.258297 by 5
LDB: Partitioning compute 918 with load 0.225816 by 4
LDB: Partitioning compute 919 with load 0.084608 by 2
LDB: Partitioning compute 938 with load 0.062239 by 2
LDB: Partitioning compute 954 with load 0.094413 by 2
LDB: Partitioning compute 1691 with load 0.261086 by 5
LDB: Partitioning compute 1695 with load 0.249778 by 5
LDB: Partitioning compute 1696 with load 0.101810 by 2
LDB: Partitioning compute 1715 with load 0.080156 by 2
LDB: Partitioning compute 1731 with load 0.125273 by 3
LDB: Partitioning compute 1913 with load 0.174237 by 3
LDB: Partitioning compute 1917 with load 0.220193 by 4
LDB: Partitioning compute 1918 with load 0.083036 by 2
LDB: Partitioning compute 103 with load 0.086623 by 2
LDB: Partitioning compute 248 with load 0.208538 by 4
LDB: Partitioning compute 252 with load 0.219305 by 4
LDB: Partitioning compute 253 with load 0.092301 by 2
LDB: Partitioning compute 272 with load 0.078351 by 2
LDB: Partitioning compute 581 with load 0.259690 by 5
LDB: Partitioning compute 585 with load 0.275482 by 5
LDB: Partitioning compute 586 with load 0.116386 by 2
LDB: Partitioning compute 605 with load 0.105072 by 2
LDB: Partitioning compute 621 with load 0.099033 by 2
LDB: Partitioning compute 1213 with load 0.097066 by 2
LDB: Partitioning compute 1358 with load 0.189853 by 4
LDB: Partitioning compute 1362 with load 0.230843 by 4
LDB: Partitioning compute 1363 with load 0.089565 by 2
LDB: Partitioning compute 1136 with load 0.270774 by 5
LDB: Partitioning compute 1140 with load 0.273367 by 5
LDB: Partitioning compute 1141 with load 0.109696 by 2
LDB: Partitioning compute 1176 with load 0.119407 by 2
LDB: Partitioning compute 74 with load 0.158795 by 3
LDB: Partitioning compute 211 with load 0.225455 by 4
LDB: Partitioning compute 215 with load 0.266871 by 5
LDB: Partitioning compute 216 with load 0.121311 by 2
LDB: Partitioning compute 235 with load 0.074602 by 2
LDB: Partitioning compute 251 with load 0.112502 by 2
LDB: Partitioning compute 473 with load 0.120122 by 2
LDB: Partitioning compute 618 with load 0.236441 by 4
LDB: Partitioning compute 622 with load 0.237140 by 4
LDB: Partitioning compute 623 with load 0.091153 by 2
LDB: Partitioning compute 951 with load 0.242289 by 4
LDB: Partitioning compute 955 with load 0.203513 by 4
LDB: Partitioning compute 956 with load 0.095020 by 2
LDB: Partitioning compute 975 with load 0.080624 by 2
LDB: Partitioning compute 991 with load 0.082817 by 2
LDB: Partitioning compute 1506 with load 0.246652 by 4
LDB: Partitioning compute 1510 with load 0.272029 by 5
LDB: Partitioning compute 1511 with load 0.100012 by 2
LDB: Partitioning compute 1546 with load 0.133316 by 3
LDB: Partitioning compute 1398 with load 0.084067 by 2
LDB: Partitioning compute 1543 with load 0.216890 by 4
LDB: Partitioning compute 1547 with load 0.257016 by 5
LDB: Partitioning compute 1548 with load 0.109093 by 2
LDB: Partitioning compute 766 with load 0.244422 by 4
LDB: Partitioning compute 770 with load 0.271467 by 5
LDB: Partitioning compute 771 with load 0.104089 by 2
LDB: Partitioning compute 790 with load 0.077120 by 2
LDB: Partitioning compute 806 with load 0.127119 by 3
LDB: Partitioning compute 843 with load 0.080320 by 2
LDB: Partitioning compute 988 with load 0.193959 by 4
LDB: Partitioning compute 992 with load 0.197887 by 4
LDB: Partitioning compute 993 with load 0.076774 by 2
LDB: Partitioning compute 1012 with load 0.069046 by 2
LDB: Partitioning compute 1321 with load 0.238681 by 4
LDB: Partitioning compute 1325 with load 0.270051 by 5
LDB: Partitioning compute 1326 with load 0.123505 by 2
LDB: Partitioning compute 1345 with load 0.073538 by 2
LDB: Partitioning compute 1361 with load 0.094186 by 2
LDB: Partitioning compute 396 with load 0.274158 by 5
LDB: Partitioning compute 400 with load 0.291210 by 5
LDB: Partitioning compute 401 with load 0.096139 by 2
LDB: Partitioning compute 420 with load 0.091080 by 2
LDB: Partitioning compute 436 with load 0.138518 by 3
LDB: Partitioning compute 1583 with load 0.099817 by 2
LDB: Partitioning compute 1728 with load 0.250819 by 5
LDB: Partitioning compute 1732 with load 0.256845 by 5
LDB: Partitioning compute 1733 with load 0.087869 by 2
LDB: Partitioning compute 1752 with load 0.063360 by 2
LDB: Partitioning compute 60 with load 0.210100 by 4
LDB: Partitioning compute 66 with load 0.219274 by 4
LDB: Partitioning compute 71 with load 0.169507 by 3
LDB: Partitioning compute 91 with load 0.222066 by 4
LDB: Partitioning compute 65 with load 0.170396 by 3
LDB: Partitioning compute 85 with load 0.156298 by 3
LDB: Partitioning compute 96 with load 0.172822 by 3
LDB: Partitioning compute 77 with load 0.132962 by 3
LDB: Partitioning compute 57 with load 0.184627 by 3
LDB: Partitioning compute 52 with load 0.184828 by 3
LDB: Partitioning compute 80 with load 0.152521 by 3
LDB: Partitioning compute 50 with load 0.173900 by 3
LDB: Partitioning compute 95 with load 0.149810 by 3
LDB: Partitioning compute 75 with load 0.182248 by 3
LDB: Partitioning compute 62 with load 0.243370 by 4
LDB: Partitioning compute 81 with load 0.208041 by 4
LDB: Partitioning compute 51 with load 0.179013 by 3
LDB: Partitioning compute 82 with load 0.191844 by 4
LDB: Partitioning compute 56 with load 0.178991 by 3
LDB: Partitioning compute 55 with load 0.171365 by 3
LDB: Partitioning compute 90 with load 0.199184 by 4
LDB: Partitioning compute 70 with load 0.163480 by 3
LDB: Partitioning compute 1395 with load 0.221273 by 4
LDB: Partitioning compute 1399 with load 0.235389 by 4
LDB: Partitioning compute 1400 with load 0.117620 by 2
LDB: Partitioning compute 1435 with load 0.108866 by 2
LDB: Partitioning compute 61 with load 0.171031 by 3
LDB: Partitioning compute 86 with load 0.191865 by 4
LDB: Partitioning compute 877 with load 0.246388 by 4
LDB: Partitioning compute 881 with load 0.221373 by 4
LDB: Partitioning compute 882 with load 0.099542 by 2
LDB: Partitioning compute 901 with load 0.062645 by 2
LDB: Partitioning compute 917 with load 0.095667 by 2
LDB: Partitioning compute 692 with load 0.271293 by 5
LDB: Partitioning compute 696 with load 0.243967 by 4
LDB: Partitioning compute 697 with load 0.118079 by 2
LDB: Partitioning compute 716 with load 0.076376 by 2
LDB: Partitioning compute 732 with load 0.104239 by 2
LDB: Partitioning compute 1099 with load 0.220260 by 4
LDB: Partitioning compute 1103 with load 0.218096 by 4
LDB: Partitioning compute 1104 with load 0.103594 by 2
LDB: Partitioning compute 1139 with load 0.118741 by 2
LDB: Partitioning compute 1802 with load 0.205730 by 4
LDB: Partitioning compute 1806 with load 0.235176 by 4
LDB: Partitioning compute 1807 with load 0.079446 by 2
LDB: Partitioning compute 1842 with load 0.087661 by 2
LDB: Partitioning compute 1210 with load 0.230420 by 4
LDB: Partitioning compute 1214 with load 0.215010 by 4
LDB: Partitioning compute 1215 with load 0.095629 by 2
LDB: Partitioning compute 1234 with load 0.068265 by 2
LDB: Partitioning compute 1250 with load 0.096874 by 2
LDB: Partitioning compute 76 with load 0.207595 by 4
LDB: Partitioning compute 1284 with load 0.267848 by 5
LDB: Partitioning compute 1288 with load 0.263699 by 5
LDB: Partitioning compute 1289 with load 0.117360 by 2
LDB: Partitioning compute 1308 with load 0.062566 by 2
LDB: Partitioning compute 1324 with load 0.125703 by 3
LDB: Partitioning compute 1617 with load 0.284147 by 5
LDB: Partitioning compute 1621 with load 0.260557 by 5
LDB: Partitioning compute 1622 with load 0.099334 by 2
LDB: Partitioning compute 1641 with load 0.078773 by 2
LDB: Partitioning compute 1657 with load 0.117867 by 2
LDB: Partitioning compute 470 with load 0.269126 by 5
LDB: Partitioning compute 474 with load 0.264347 by 5
LDB: Partitioning compute 475 with load 0.144860 by 3
LDB: Partitioning compute 494 with load 0.073284 by 2
LDB: Partitioning compute 510 with load 0.095006 by 2
LDB: Partitioning compute 655 with load 0.263524 by 5
LDB: Partitioning compute 659 with load 0.223455 by 4
LDB: Partitioning compute 660 with load 0.087055 by 2
LDB: Partitioning compute 679 with load 0.068206 by 2
LDB: Partitioning compute 695 with load 0.118186 by 2
LDB: Partitioning compute 100 with load 0.237202 by 4
LDB: Partitioning compute 104 with load 0.243300 by 4
LDB: Partitioning compute 105 with load 0.094954 by 2
LDB: Partitioning compute 124 with load 0.072727 by 2
LDB: Partitioning compute 140 with load 0.118526 by 2
LDB: Partitioning compute 285 with load 0.223730 by 4
LDB: Partitioning compute 289 with load 0.222010 by 4
LDB: Partitioning compute 290 with load 0.096675 by 2
LDB: Partitioning compute 325 with load 0.105101 by 2
LDB: Partitioning compute 1247 with load 0.261356 by 5
LDB: Partitioning compute 1251 with load 0.260198 by 5
LDB: Partitioning compute 1252 with load 0.133055 by 3
LDB: Partitioning compute 1287 with load 0.111279 by 2
LDB: Partitioning compute 544 with load 0.303089 by 5
LDB: Partitioning compute 548 with load 0.317018 by 6
LDB: Partitioning compute 549 with load 0.127723 by 3
LDB: Partitioning compute 568 with load 0.088822 by 2
LDB: Partitioning compute 584 with load 0.140970 by 3
LDB: Partitioning compute 1025 with load 0.249170 by 5
LDB: Partitioning compute 1029 with load 0.223310 by 4
LDB: Partitioning compute 1030 with load 0.121072 by 2
LDB: Partitioning compute 1065 with load 0.093133 by 2
LDB: Partitioning compute 359 with load 0.282839 by 5
LDB: Partitioning compute 363 with load 0.268081 by 5
LDB: Partitioning compute 364 with load 0.103340 by 2
LDB: Partitioning compute 383 with load 0.071297 by 2
LDB: Partitioning compute 399 with load 0.147626 by 3
LDB: Partitioning compute 1580 with load 0.290172 by 5
LDB: Partitioning compute 1584 with load 0.241091 by 4
LDB: Partitioning compute 1585 with load 0.112340 by 2
LDB: Partitioning compute 1604 with load 0.071854 by 2
LDB: Partitioning compute 1620 with load 0.126049 by 3
LDB: Partitioning compute 1765 with load 0.227756 by 4
LDB: Partitioning compute 1769 with load 0.184095 by 3
LDB: Partitioning compute 1770 with load 0.103633 by 2
LDB: Partitioning compute 1805 with load 0.079965 by 2
LDB: Partitioning compute 1432 with load 0.279752 by 5
LDB: Partitioning compute 1436 with load 0.271763 by 5
LDB: Partitioning compute 1437 with load 0.121593 by 2
LDB: Partitioning compute 1472 with load 0.128004 by 3
LDB: Partitioning compute 174 with load 0.218855 by 4
LDB: Partitioning compute 178 with load 0.260110 by 5
LDB: Partitioning compute 179 with load 0.127450 by 3
LDB: Partitioning compute 198 with load 0.063285 by 2
LDB: Partitioning compute 214 with load 0.107893 by 2
LDB: Partitioning compute 1062 with load 0.213640 by 4
LDB: Partitioning compute 1066 with load 0.275586 by 5
LDB: Partitioning compute 1067 with load 0.123928 by 2
LDB: Partitioning compute 1086 with load 0.064306 by 2
LDB: Partitioning compute 1102 with load 0.090987 by 2
LDB: Partitioning compute 322 with load 0.251001 by 5
LDB: Partitioning compute 326 with load 0.237405 by 4
LDB: Partitioning compute 327 with load 0.128591 by 3
LDB: Partitioning compute 346 with load 0.076590 by 2
LDB: Partitioning compute 362 with load 0.101578 by 2
LDB: Partitioning compute 840 with load 0.214905 by 4
LDB: Partitioning compute 844 with load 0.216454 by 4
LDB: Partitioning compute 845 with load 0.093408 by 2
LDB: Partitioning compute 864 with load 0.063927 by 2
LDB: Partitioning compute 880 with load 0.095041 by 2
LDB: Partitioning compute 507 with load 0.256090 by 5
LDB: Partitioning compute 511 with load 0.258157 by 5
LDB: Partitioning compute 512 with load 0.109329 by 2
LDB: Partitioning compute 531 with load 0.076760 by 2
LDB: Partitioning compute 547 with load 0.136804 by 3
LDB: Partitioning compute 137 with load 0.246114 by 4
LDB: Partitioning compute 141 with load 0.240072 by 4
LDB: Partitioning compute 142 with load 0.108190 by 2
LDB: Partitioning compute 161 with load 0.076565 by 2
LDB: Partitioning compute 177 with load 0.115608 by 2
LDB: Increased migratable compute count from 2150 to 2768
LDB: Largest unpartitionable compute is 0.043331
LDB: ============== END OF LOAD BALANCING =============== 27.922
Info: build node-aware spanning tree with send: 1, recv: 0 with branch factor 9
Info: useSync: 0 useProxySync: 0
LDB: =============== DONE WITH MIGRATION ================ 27.9422
PRESSURE: 50 -3448.51 -116.998 406.609 -116.998 -2399.84 -39.4049 406.609 -39.4049 -3436.87
GPRESSURE: 50 -1161.1 3.8853 433.965 -301.956 -472.672 -120.766 453.081 -427.594 -1484.27
Info: Initial time: 128 CPUs 0.0393021 s/step 0.227443 days/ns 202.062 MB memory
ETITLE:      TS           BOND          ANGLE          DIHED          IMPRP               ELECT            VDW       BOUNDARY           MISC        KINETIC               TOTAL           TEMP      POTENTIAL         TOTAL3        TEMPAVG            PRESSURE      GPRESSURE         VOLUME       PRESSAVG      GPRESSAVG

ENERGY:      50      2576.2459      1811.0897       318.6265        35.7353         -34510.3189      2650.0506         0.0000         0.0000         0.0000         -27118.5709        -0.0000    -27118.5709    -27118.5709         0.0000          -3095.0714     -1039.3474    110592.0000     -3095.0714     -1039.3474

LINE MINIMIZER BRACKET: DX 0.000650094 0.00130019 DU -512.235 788.429 DUDX -1.23304e+06 -341173 1.62658e+06 
PRESSURE: 51 -755.204 -37.4865 396.833 -37.4865 -199.326 -13.3059 396.833 -13.3059 -1077.05
GPRESSURE: 51 192.763 194.199 351.05 -159.196 497.901 0.545698 431.666 -169.161 -180.913
ENERGY:      51      1311.2719      1297.1092       303.9940        16.3868         -33674.6452      2797.2655         0.0000         0.0000         0.0000         -27948.6177        -0.0000    -27948.6177    -27948.6177         0.0000           -677.1936       169.9171    110592.0000      -677.1936       169.9171

LINE MINIMIZER BRACKET: DX 0.000234067 0.00106612 DU -41.6181 830.047 DUDX -341173 -13379.6 1.62658e+06 
PRESSURE: 52 -991.433 -48.1574 397.998 -48.1574 -379.977 -13.337 397.998 -13.337 -1276.77
GPRESSURE: 52 35.6106 178.291 350.163 -169.491 378.783 -1.5642 428.692 -177.152 -328.279
ENERGY:      52      1389.7410      1331.7358       305.4856        17.7133         -33759.0763      2772.4210         0.0000         0.0000         0.0000         -27941.9796        -0.0000    -27941.9796    -27941.9796         0.0000           -882.7281        28.7048    110592.0000      -882.7281        28.7048

LINE MINIMIZER BRACKET: DX 0.000234067 0.000106612 DU -41.6181 6.63813 DUDX -341173 -13379.6 138267 
PRESSURE: 53 -778.492 -38.5653 396.949 -38.5653 -216.978 -13.3022 396.949 -13.3022 -1096.62
GPRESSURE: 53 176.841 192.633 350.905 -160.184 485.872 0.394992 431.323 -169.871 -195.743
ENERGY:      53      1318.6713      1300.3997       304.1438        16.5135         -33683.0959      2794.6888         0.0000         0.0000         0.0000         -27948.6789        -0.0000    -27948.6789    -27948.6789         0.0000           -697.3620       155.6570    110592.0000      -697.3620       155.6570

LINE MINIMIZER BRACKET: DX 1.06612e-05 9.59509e-05 DU -0.0611487 6.69928 DUDX -13379.6 1711.33 138267 
LINE MINIMIZER REDUCING GRADIENT FROM 2.7206e+06 TO 2720.6
PRESSURE: 54 -922.062 -61.0801 375.409 -61.0801 -389.309 2.32826 375.409 2.32826 -1166.62
GPRESSURE: 54 -18.8514 162.387 332.132 -179.499 264.653 20.9198 404.314 -157.271 -378.908
ENERGY:      54      1203.4234      1314.0844       305.4112        17.2435         -33813.6910      2749.8338         0.0000         0.0000         0.0000         -28223.6946        -0.0000    -28223.6946    -28223.6946         0.0000           -825.9966       -44.3689    110592.0000      -825.9966       -44.3689

PRESSURE: 55 -1084.4 -80.8333 355.178 -80.8333 -592.41 12.8567 355.178 12.8567 -1259.64
GPRESSURE: 55 -206.158 133.507 315.413 -197.12 41.9205 37.2954 379.125 -150.01 -558.8
ENERGY:      55      1114.5283      1335.5265       306.7222        18.1264         -33943.6412      2709.5091         0.0000         0.0000         0.0000         -28459.2286        -0.0000    -28459.2286    -28459.2286         0.0000           -978.8194      -241.0124    110592.0000      -978.8194      -241.0124

PRESSURE: 56 -1466.13 -112.051 318.249 -112.051 -1092.23 17.6578 318.249 17.6578 -1515.53
GPRESSURE: 56 -556.672 79.1059 287.782 -228.112 -407.301 56.2724 333.883 -154.473 -909.986
ENERGY:      56      1015.8733      1402.4883       309.4756        20.4143         -34201.6177      2642.1042         0.0000         0.0000         0.0000         -28811.2622        -0.0000    -28811.2622    -28811.2622         0.0000          -1357.9625      -624.6531    110592.0000     -1357.9625      -624.6531

PRESSURE: 57 -2458.13 -141.83 257.828 -141.83 -2468.1 -46.077 257.828 -46.077 -2304.38
GPRESSURE: 57 -1162.02 -21.081 255.746 -278.697 -1297.29 29.6915 266.018 -270.75 -1579.94
ENERGY:      57      1136.4859      1638.7907       315.5362        27.7878         -34709.9595      2560.4974         0.0000         0.0000         0.0000         -29030.8615        -0.0000    -29030.8615    -29030.8615         0.0000          -2410.2072     -1346.4183    110592.0000     -2410.2072     -1346.4183

PRESSURE: 58 -5171.09 -160.439 394.806 -160.439 -6484.06 -847.986 394.806 -847.986 -4373.62
GPRESSURE: 58 -1528.76 -431.342 477.401 -644.538 -2087.23 -591.614 901.411 -2158.23 -2318.63
ENERGY:      58      2673.4289      2570.7026       330.4646        68.3771         -35696.3939      2749.5234         0.0000         0.0000         0.0000         -27303.8973        -0.0000    -27303.8973    -27303.8973         0.0000          -5342.9248     -1978.2060    110592.0000     -5342.9248     -1978.2060

LINE MINIMIZER BRACKET: DX 0.000433321 0.000866643 DU -219.599 1726.96 DUDX -1.25656e+06 255634 4.14994e+06 
PRESSURE: 59 -2270.81 -139.706 266.622 -139.706 -2202.78 -27.5862 266.622 -27.5862 -2147.21
GPRESSURE: 59 -1069.89 -4.61368 258.809 -270.7 -1151.85 41.0827 274.742 -237.835 -1471.07
ENERGY:      59      1086.5457      1589.2056       314.4650        26.2214         -34625.4347      2569.0127         0.0000         0.0000         0.0000         -29039.9843        -0.0000    -29039.9843    -29039.9843         0.0000          -2206.9350     -1230.9342    110592.0000     -2206.9350     -1230.9342

LDB: ============= START OF LOAD BALANCING ============== 28.3382
LDB: ============== END OF LOAD BALANCING =============== 28.3391
Info: useSync: 0 useProxySync: 0
LDB: =============== DONE WITH MIGRATION ================ 28.3466
LINE MINIMIZER BRACKET: DX 0.000360676 7.26452e-05 DU -228.722 9.12274 DUDX -1.25656e+06 -3745.43 255634 
PRESSURE: 60 -2289.17 -139.972 265.717 -139.972 -2228.68 -29.271 265.717 -29.271 -2162.49
GPRESSURE: 60 -1079.28 -6.26398 258.458 -271.504 -1166.5 40.0896 273.81 -240.821 -1482.02
ETITLE:      TS           BOND          ANGLE          DIHED          IMPRP               ELECT            VDW       BOUNDARY           MISC        KINETIC               TOTAL           TEMP      POTENTIAL         TOTAL3        TEMPAVG            PRESSURE      GPRESSURE         VOLUME       PRESSAVG      GPRESSAVG

ENERGY:      60      1090.9989      1593.9782       314.5711        26.3710         -34633.8983      2568.0623         0.0000         0.0000         0.0000         -29039.9169        -0.0000    -29039.9169    -29039.9169         0.0000          -2226.7812     -1242.6021    110592.0000     -2226.7812     -1242.6021

LINE MINIMIZER BRACKET: DX 0.000360676 7.26452e-06 DU -228.722 0.0673631 DUDX -1.25656e+06 -3745.43 22056 
PRESSURE: 61 -2273.45 -139.745 266.492 -139.745 -2206.5 -27.8264 266.492 -27.8264 -2149.4
GPRESSURE: 61 -1071.24 -4.85093 258.759 -270.816 -1153.96 40.9418 274.609 -238.261 -1472.65
ENERGY:      61      1087.1789      1589.8896       314.4803        26.2428         -34626.6527      2568.8747         0.0000         0.0000         0.0000         -29039.9865        -0.0000    -29039.9865    -29039.9865         0.0000          -2209.7850     -1232.6158    110592.0000     -2209.7850     -1232.6158

LINE MINIMIZER BRACKET: DX 1.04502e-06 6.2195e-06 DU -0.00221333 0.0695765 DUDX -3745.43 -35.6869 22056 
LINE MINIMIZER REDUCING GRADIENT FROM 1.53675e+06 TO 1536.75
PRESSURE: 62 -1608.43 -196.361 279.687 -196.361 -1518.35 -51.4156 279.687 -51.4156 -1799.04
GPRESSURE: 62 -1325.54 -96.3742 295.25 -346.666 -1518.95 -28.063 305.274 -226.025 -1867.51
ENERGY:      62       931.2855      1596.2378       316.3003        23.2615         -34976.7106      2493.0773         0.0000         0.0000         0.0000         -29616.5481        -0.0000    -29616.5481    -29616.5481         0.0000          -1641.9396     -1570.6696    110592.0000     -1641.9396     -1570.6696

PRESSURE: 63 -1067.3 -355.21 386.802 -355.21 -1053.73 -151.061 386.802 -151.061 -1601.7
GPRESSURE: 63 -1316.2 -333.486 449.849 -550.302 -1738.42 -186.179 482.499 -341.696 -2069.41
ENERGY:      63       965.7872      1661.9046       319.3426        21.8812         -35315.5692      2500.1541         0.0000         0.0000         0.0000         -29846.4995        -0.0000    -29846.4995    -29846.4995         0.0000          -1240.9080     -1708.0094    110592.0000     -1240.9080     -1708.0094

PRESSURE: 64 3458.82 -1947.23 2413.96 -1947.23 262.617 -1666.03 2413.96 -1666.03 -206.179
GPRESSURE: 64 7304.66 -6850.39 4408.57 -3229.79 -345.093 -2103.16 4672.26 -3560.54 554.219
ENERGY:      64      1587.6789      1974.8582       328.8439        23.6497         -35959.8240      3596.6053         0.0000         0.0000         0.0000         -28448.1880        -0.0000    -28448.1880    -28448.1880         0.0000           1171.7513      2504.5962    110592.0000      1171.7513      2504.5962

LINE MINIMIZER BRACKET: DX 0.000521555 0.00104311 DU -229.951 1398.31 DUDX -782438 -78218.6 4.59363e+06 
PRESSURE: 65 -955.635 -408.412 430.604 -408.412 -979.388 -189.375 430.604 -189.375 -1567.43
GPRESSURE: 65 -1253.77 -419.873 511.285 -621.231 -1755.77 -238.751 557.436 -396.126 -2068.03
ENERGY:      65       995.0008      1682.2040       320.0933        21.7867         -35382.0008      2516.6787         0.0000         0.0000         0.0000         -29846.2372        -0.0000    -29846.2372    -29846.2372         0.0000          -1167.4846     -1692.5254    110592.0000     -1167.4846     -1692.5254

LINE MINIMIZER BRACKET: DX 0.000521555 0.000104311 DU -229.951 0.262229 DUDX -782438 -78218.6 85356.6 
PRESSURE: 66 -1014.1 -379.782 406.639 -379.782 -1017.27 -168.513 406.639 -168.513 -1585.37
GPRESSURE: 66 -1289.79 -372.758 477.627 -582.861 -1748.31 -210.385 516.241 -366.086 -2071.22
ENERGY:      66       979.0183      1671.4382       319.7005        21.8280         -35347.8037      2507.3203         0.0000         0.0000         0.0000         -29848.4985        -0.0000    -29848.4985    -29848.4985         0.0000          -1205.5791     -1703.1058    110592.0000     -1205.5791     -1703.1058

LINE MINIMIZER BRACKET: DX 5.05315e-05 5.37796e-05 DU -1.99902 2.26125 DUDX -78218.6 -569.811 85356.6 
LINE MINIMIZER REDUCING GRADIENT FROM 1.83515e+06 TO 1835.15
PRESSURE: 67 -1611.62 -68.6456 40.2632 -68.6456 -1252.56 38.5311 40.2632 38.5311 -1903.43
GPRESSURE: 67 -2222.68 -38.7623 65.063 -196.216 -2301.95 -9.36498 48.9623 -86.7563 -2661.35
ENERGY:      67       957.8364      1664.5165       321.6322        19.2062         -35665.8366      2334.9311         0.0000         0.0000         0.0000         -30367.7142        -0.0000    -30367.7142    -30367.7142         0.0000          -1589.2031     -2395.3266    110592.0000     -1589.2031     -2395.3266

PRESSURE: 68 -2116.55 44.6534 -101.841 44.6534 -1624.05 83.9857 -101.841 83.9857 -2312.52
GPRESSURE: 68 -2691.83 32.6509 -72.3627 -77.6709 -2669.72 36.4339 -86.5849 -6.31516 -3039.71
ENERGY:      68       999.2018      1697.5189       323.8527        19.8415         -35974.3295      2281.4512         0.0000         0.0000         0.0000         -30652.4633        -0.0000    -30652.4633    -30652.4633         0.0000          -2017.7080     -2800.4175    110592.0000     -2017.7080     -2800.4175

PRESSURE: 69 -3860.19 173.224 -252.375 173.224 -3180.81 -5.25961 -252.375 -5.25961 -3717.44
GPRESSURE: 69 -3378.29 31.4135 -126.053 36.8839 -3211.76 -73.4289 -102.262 -145.557 -3343.57
ENERGY:      69      1283.8250      1885.4443       328.7014        29.6224         -36564.1807      2306.6453         0.0000         0.0000         0.0000         -30729.9422        -0.0000    -30729.9422    -30729.9422         0.0000          -3586.1465     -3311.2072    110592.0000     -3586.1465     -3311.2072

PRESSURE: 70 -5027.1 4249.8 -1600.14 4249.8 8327.13 -21967.8 -1600.14 -21967.8 28131.2
GPRESSURE: 70 12389 -13188.9 9280.69 -2314.46 23237.6 -52270.7 18206.6 -51281 83162.4
ETITLE:      TS           BOND          ANGLE          DIHED          IMPRP               ELECT            VDW       BOUNDARY           MISC        KINETIC               TOTAL           TEMP      POTENTIAL         TOTAL3        TEMPAVG            PRESSURE      GPRESSURE         VOLUME       PRESSAVG      GPRESSAVG

ENERGY:      70      3132.5477      2862.3875       346.7529        75.8983         -37638.3519     10877.8182         0.0000         0.0000         0.0000         -20342.9474        -0.0000    -20342.9474    -20342.9474         0.0000          10477.0783     39596.3331    110592.0000     10477.0783     39596.3331

LINE MINIMIZER BRACKET: DX 0.000785099 0.0015702 DU -77.479 10387 DUDX -518203 386906 3.05509e+07 
PRESSURE: 71 -3032.84 128.731 -205.082 128.731 -2430.35 62.9734 -205.082 62.9734 -3085.01
GPRESSURE: 71 -3131.86 47.6834 -134.227 -1.54367 -3026.9 8.68071 -132.973 -21.7056 -3332.34
ENERGY:      71      1134.6197      1789.7474       326.4980        24.4732         -36333.4224      2274.4509         0.0000         0.0000         0.0000         -30783.6333        -0.0000    -30783.6333    -30783.6333         0.0000          -2849.4025     -3163.6988    110592.0000     -2849.4025     -3163.6988

LINE MINIMIZER BRACKET: DX 0.000472327 0.000312772 DU -131.17 53.6911 DUDX -518203 -24581.7 386906 
PRESSURE: 72 -3107.66 133.623 -210.643 133.623 -2498.1 58.5451 -210.643 58.5451 -3145.63
GPRESSURE: 72 -3158.32 47.3189 -135.534 2.68849 -3047.69 3.24255 -132.758 -28.4359 -3342.83
ENERGY:      72      1147.2294      1798.0226       326.6974        24.9170         -36356.7474      2276.0490         0.0000         0.0000         0.0000         -30783.8320        -0.0000    -30783.8320    -30783.8320         0.0000          -2917.1310     -3182.9454    110592.0000     -2917.1310     -3182.9454

LINE MINIMIZER BRACKET: DX 3.12772e-05 0.000281495 DU -0.198678 53.8898 DUDX -24581.7 11976.5 386906 
PRESSURE: 73 -3083.03 132.033 -208.847 132.033 -2475.79 60.0369 -208.847 60.0369 -3125.72
GPRESSURE: 73 -3149.72 47.4593 -135.153 1.31365 -3040.95 5.07281 -132.885 -26.1359 -3339.57
ENERGY:      73      1143.0560      1795.2880       326.6317        24.7702         -36349.1338      2275.4939         0.0000         0.0000         0.0000         -30783.8939        -0.0000    -30783.8939    -30783.8939         0.0000          -2894.8459     -3176.7462    110592.0000     -2894.8459     -3176.7462

LINE MINIMIZER BRACKET: DX 2.10585e-05 1.02187e-05 DU -0.260584 0.0619059 DUDX -24581.7 -52.8314 11976.5 
LINE MINIMIZER REDUCING GRADIENT FROM 1.51541e+06 TO 1515.41
PRESSURE: 74 -4460.23 113.411 50.6019 113.411 -3936.4 -112.811 50.6019 -112.811 -3321.13
GPRESSURE: 74 -3645.87 -293.267 441.506 39.2648 -3740.57 40.0923 926.668 -1193.97 -1789.55
ENERGY:      74      1065.9865      1687.7330       321.3631        30.3274         -36734.4914      2436.4027         0.0000         0.0000         0.0000         -31192.6787        -0.0000    -31192.6787    -31192.6787         0.0000          -3905.9190     -3058.6635    110592.0000     -3905.9190     -3058.6635

PRESSURE: 75 -5728.1 107.347 9036.78 107.347 -5992.21 1462.98 9036.78 1462.98 64224
GPRESSURE: 75 9230.8 -20993.3 27669.2 3559.21 -9684.33 6642.45 107606 -163162 210854
ENERGY:      75      1762.0701      1779.8161       319.0389        52.5942         -37101.2624     12025.4165         0.0000         0.0000         0.0000         -21162.3266        -0.0000    -21162.3266    -21162.3266         0.0000          17501.2158     70133.3848    110592.0000     17501.2158     70133.3848

LINE MINIMIZER BRACKET: DX 0.000784948 0.000784948 DU -408.785 10030.4 DUDX -1.51541e+06 578351 6.60637e+07 
PRESSURE: 76 -4010.15 127.324 -76.18 127.324 -3465.38 -74.5323 -76.18 -74.5323 -3454.27
GPRESSURE: 76 -3587.18 -110.498 150.735 -4.89578 -3508.99 -25.541 308.52 -424.375 -2899.38
ENERGY:      76      1012.7163      1697.6998       322.4484        27.8942         -36634.7384      2342.2964         0.0000         0.0000         0.0000         -31231.6834        -0.0000    -31231.6834    -31231.6834         0.0000          -3643.2671     -3331.8517    110592.0000     -3643.2671     -3331.8517

LINE MINIMIZER BRACKET: DX 0.000578432 0.000206516 DU -447.789 39.0047 DUDX -1.51541e+06 -138421 578351 
PRESSURE: 77 -4100.77 124.771 -56.2307 124.771 -3560.73 -84.9462 -56.2307 -84.9462 -3456.76
GPRESSURE: 77 -3608.21 -137.612 195.118 -0.614707 -3551.31 -20.8579 394.273 -525.841 -2757.3
ENERGY:      77      1019.5603      1694.4678       322.1987        28.3360         -36655.9334      2356.3073         0.0000         0.0000         0.0000         -31235.0633        -0.0000    -31235.0633    -31235.0633         0.0000          -3706.0861     -3305.6075    110592.0000     -3706.0861     -3305.6075

LINE MINIMIZER BRACKET: DX 4.36707e-05 0.000162845 DU -3.37994 42.3846 DUDX -138421 -14651.9 578351 
PRESSURE: 78 -4135.24 123.745 -48.0592 123.745 -3596.92 -88.6187 -48.0592 -88.6187 -3454.73
GPRESSURE: 78 -3615.16 -148.934 213.46 1.47845 -3567.76 -18.2031 430.798 -569.835 -2694.92
ENERGY:      78      1022.7177      1693.4157       322.1084        28.5101         -36663.8255      2362.1658         0.0000         0.0000         0.0000         -31234.9078        -0.0000    -31234.9078    -31234.9078         0.0000          -3728.9615     -3292.6127    110592.0000     -3728.9615     -3292.6127

LINE MINIMIZER BRACKET: DX 4.36707e-05 1.62845e-05 DU -3.37994 0.155518 DUDX -138421 -14651.9 34340.5 
PRESSURE: 79 -4111.17 124.463 -53.8004 124.463 -3571.65 -86.0689 -53.8004 -86.0689 -3456.33
GPRESSURE: 79 -3610.37 -140.966 200.562 -0.0136022 -3556.25 -20.1089 405.047 -538.772 -2739
ENERGY:      79      1020.4813      1694.1405       322.1712        28.3882         -36658.3234      2358.0417         0.0000         0.0000         0.0000         -31235.1006        -0.0000    -31235.1006    -31235.1006         0.0000          -3713.0497     -3301.8746    110592.0000     -3713.0497     -3301.8746

LINE MINIMIZER BRACKET: DX 4.92932e-06 1.13552e-05 DU -0.0372221 0.19274 DUDX -14651.9 2.18512 34340.5 
LINE MINIMIZER REDUCING GRADIENT FROM 2.12199e+06 TO 2121.99
PRESSURE: 80 -4640.7 44.9868 -15.2953 44.9868 -4112.39 -329.03 -15.2953 -329.03 -4095.43
GPRESSURE: 80 -3937.32 -186.926 246.972 -164.235 -3641.64 -347.706 298.79 -369.35 -3337.97
ETITLE:      TS           BOND          ANGLE          DIHED          IMPRP               ELECT            VDW       BOUNDARY           MISC        KINETIC               TOTAL           TEMP      POTENTIAL         TOTAL3        TEMPAVG            PRESSURE      GPRESSURE         VOLUME       PRESSAVG      GPRESSAVG

ENERGY:      80      1080.0323      1582.9600       317.2117        27.3913         -36823.1411      2359.8377         0.0000         0.0000         0.0000         -31455.7081        -0.0000    -31455.7081    -31455.7081         0.0000          -4282.8401     -3638.9773    110592.0000     -4282.8401     -3638.9773

PRESSURE: 81 -5490.66 -98.5605 62.2989 -98.5605 -4862.68 -618.331 62.2989 -618.331 -4987.55
GPRESSURE: 81 -4179.03 -336.964 419.061 -376.663 -3589.29 -775.817 357.248 -415.427 -3591.2
ENERGY:      81      1306.6916      1535.9230       312.8124        28.5645         -36984.0838      2419.5514         0.0000         0.0000         0.0000         -31380.5408        -0.0000    -31380.5408    -31380.5408         0.0000          -5113.6288     -3786.5043    110592.0000     -5113.6288     -3786.5043

LINE MINIMIZER BRACKET: DX 0.000306606 0.000306606 DU -220.607 75.1673 DUDX -2.12199e+06 -230011 712084 
PRESSURE: 82 -4816.73 17.1978 1.34988 17.1978 -4277.06 -393.849 1.34988 -393.849 -4284.62
GPRESSURE: 82 -4001.49 -215.28 281.347 -209.522 -3645.54 -438.366 303.487 -365.26 -3420.36
ENERGY:      82      1119.5459      1566.0522       316.0829        27.4678         -36862.4605      2369.1723         0.0000         0.0000         0.0000         -31464.1393        -0.0000    -31464.1393    -31464.1393         0.0000          -4459.4715     -3689.1286    110592.0000     -4459.4715     -3689.1286

LINE MINIMIZER BRACKET: DX 7.42078e-05 0.000232398 DU -8.43128 83.5985 DUDX -230011 2451.92 712084 
PRESSURE: 83 -4798.3 20.1636 -0.399917 20.1636 -4260.08 -387.221 -0.399917 -387.221 -4265.01
GPRESSURE: 83 -3995.28 -212.187 277.63 -204.829 -3645.58 -428.955 302.657 -365.151 -3412.9
ENERGY:      83      1115.1557      1567.5747       316.1943        27.4544         -36858.5420      2368.0883         0.0000         0.0000         0.0000         -31464.0746        -0.0000    -31464.0746    -31464.0746         0.0000          -4441.1292     -3684.5904    110592.0000     -4441.1292     -3684.5904

LINE MINIMIZER BRACKET: DX 7.42078e-06 0.000232398 DU -0.0647783 83.5985 DUDX -20683.1 2451.92 712084 
PRESSURE: 84 -4814.7 17.524 1.15768 17.524 -4275.2 -393.122 1.15768 -393.122 -4282.46
GPRESSURE: 84 -4000.81 -214.939 280.937 -209.007 -3645.55 -437.331 303.392 -365.244 -3419.55
ENERGY:      84      1119.0598      1566.2174       316.0951        27.4663         -36862.0305      2369.0519         0.0000         0.0000         0.0000         -31464.1402        -0.0000    -31464.1402    -31464.1402         0.0000          -4457.4510     -3688.6341    110592.0000     -4457.4510     -3688.6341

LINE MINIMIZER BRACKET: DX 6.60713e-06 8.13649e-07 DU -0.0655947 0.00081635 DUDX -20683.1 -83.4691 2451.92 
LINE MINIMIZER REDUCING GRADIENT FROM 2.03201e+06 TO 2032.01
PRESSURE: 85 -4869.13 32.6853 -48.1905 32.6853 -4341.01 -408.788 -48.1905 -408.788 -4528.49
GPRESSURE: 85 -4107.54 -182.153 199.077 -206.119 -3657.72 -422.735 191.024 -227.14 -3744.2
ENERGY:      85      1100.4058      1495.2439       313.1329        24.0804         -36920.5818      2335.3770         0.0000         0.0000         0.0000         -31652.3418        -0.0000    -31652.3418    -31652.3418         0.0000          -4579.5437     -3836.4878    110592.0000     -4579.5437     -3836.4878

PRESSURE: 86 -4995.36 36.8169 -80.5344 36.8169 -4502.58 -429.117 -80.5344 -429.117 -4809.2
GPRESSURE: 86 -4197.41 -163.46 144.332 -198.372 -3681.9 -398.182 128.563 -149.021 -3959.13
ENERGY:      86      1110.6402      1438.0073       310.6012        21.9347         -36978.1041      2314.4076         0.0000         0.0000         0.0000         -31782.5131        -0.0000    -31782.5131    -31782.5131         0.0000          -4769.0467     -3946.1469    110592.0000     -4769.0467     -3946.1469

PRESSURE: 87 -5472.16 22.5939 -97.3961 22.5939 -5126.66 -501.834 -97.3961 -501.834 -5533.78
GPRESSURE: 87 -4340.21 -157.147 86.3096 -192.105 -3741.18 -365.378 73.1279 -79.9281 -4228.54
ENERGY:      87      1222.2396      1367.9991       307.2759        20.8128         -37090.1155      2300.2687         0.0000         0.0000         0.0000         -31871.5195        -0.0000    -31871.5195    -31871.5195         0.0000          -5377.5302     -4103.3102    110592.0000     -5377.5302     -4103.3102

PRESSURE: 88 -7304.5 -101.118 -34.4243 -101.118 -7419.98 -786.003 -34.4243 -786.003 -7794.69
GPRESSURE: 88 -4383.74 -301.959 179.256 -322.713 -3749 -474.71 129.53 -162.015 -4364
ENERGY:      88      1886.6707      1463.6757       306.4775        28.7679         -37302.4815      2391.9894         0.0000         0.0000         0.0000         -31224.9003        -0.0000    -31224.9003    -31224.9003         0.0000          -7506.3925     -4165.5805    110592.0000     -7506.3925     -4165.5805

LINE MINIMIZER BRACKET: DX 0.000305632 0.000611264 DU -89.0064 646.619 DUDX -676392 119804 2.10432e+06 
PRESSURE: 89 -5383.43 25.9316 -97.4824 25.9316 -5011.64 -488.713 -97.4824 -488.713 -5412.68
GPRESSURE: 89 -4322.48 -155.415 90.9629 -191.501 -3732.68 -367.284 77.2766 -84.8412 -4198.63
ENERGY:      89      1197.9360      1373.4829       307.6012        20.7382         -37074.0464      2300.2100         0.0000         0.0000         0.0000         -31874.0782        -0.0000    -31874.0782    -31874.0782         0.0000          -5269.2497     -4084.5973    110592.0000     -5269.2497     -4084.5973

LINE MINIMIZER BRACKET: DX 0.00026109 4.45422e-05 DU -91.5651 2.55867 DUDX -676392 -4782.74 119804 
PRESSURE: 90 -5392 25.6192 -97.5038 25.6192 -5022.78 -489.984 -97.5038 -489.984 -5424.52
GPRESSURE: 90 -4324.3 -155.545 90.4398 -191.532 -3733.54 -367.039 76.8089 -84.2797 -4201.73
ETITLE:      TS           BOND          ANGLE          DIHED          IMPRP               ELECT            VDW       BOUNDARY           MISC        KINETIC               TOTAL           TEMP      POTENTIAL         TOTAL3        TEMPAVG            PRESSURE      GPRESSURE         VOLUME       PRESSAVG      GPRESSAVG

ENERGY:      90      1200.2369      1372.8568       307.5662        20.7422         -37075.6553      2300.1834         0.0000         0.0000         0.0000         -31874.0697        -0.0000    -31874.0697    -31874.0697         0.0000          -5279.7666     -4086.5216    110592.0000     -5279.7666     -4086.5216

LINE MINIMIZER BRACKET: DX 0.00026109 4.45422e-06 DU -91.5651 0.00850463 DUDX -676392 -4782.74 7580.21 
LINE MINIMIZER REDUCING GRADIENT FROM 1.24939e+06 TO 1249.39
PRESSURE: 91 -5110.76 -14.7586 -126.579 -14.7586 -4832.71 -479.212 -126.579 -479.212 -5332.95
GPRESSURE: 91 -4294.32 -143.019 41.0028 -173.128 -3725.63 -445.006 16.2204 -141.19 -4298.18
ENERGY:      91      1120.4692      1277.6818       305.3177        19.1558         -37141.7435      2280.8344         0.0000         0.0000         0.0000         -32138.2845        -0.0000    -32138.2845    -32138.2845         0.0000          -5092.1411     -4106.0437    110592.0000     -5092.1411     -4106.0437

PRESSURE: 92 -5005.5 -107.611 -174.205 -107.611 -4792.9 -466.431 -174.205 -466.431 -5467.81
GPRESSURE: 92 -4184.09 -206.177 16.3262 -231.765 -3631.42 -540.99 -17.6124 -239.107 -4386.13
ENERGY:      92      1190.8974      1234.6192       303.8651        19.3138         -37205.8335      2294.5501         0.0000         0.0000         0.0000         -32162.5879        -0.0000    -32162.5879    -32162.5879         0.0000          -5088.7376     -4067.2133    110592.0000     -5088.7376     -4067.2133

PRESSURE: 93 -5193.68 -698.302 -384.419 -698.302 -4368.27 -304.684 -384.419 -304.684 -6385.83
GPRESSURE: 93 -3520.11 -869.201 121.104 -930.741 -2320.11 -709.593 -56.4656 -495.258 -4362.13
ENERGY:      93      1857.2371      1292.4635       302.7980        24.0310         -37329.0797      2553.7799         0.0000         0.0000         0.0000         -31298.7701        -0.0000    -31298.7701    -31298.7701         0.0000          -5315.9258     -3400.7826    110592.0000     -5315.9258     -3400.7826

LINE MINIMIZER BRACKET: DX 0.000356348 0.000712697 DU -24.3034 863.818 DUDX -421926 305379 2.25072e+06 
PRESSURE: 94 -5029.01 -60.2706 -151.836 -60.2706 -4798.91 -472.419 -151.836 -472.419 -5384.45
GPRESSURE: 94 -4241.5 -167.546 22.5 -193.544 -3688.76 -499.942 -6.97545 -194.313 -4351.98
ENERGY:      94      1142.6930      1245.9680       304.3664        19.0560         -37179.8687      2283.6928         0.0000         0.0000         0.0000         -32184.0924        -0.0000    -32184.0924    -32184.0924         0.0000          -5070.7910     -4094.0822    110592.0000     -5070.7910     -4094.0822

LINE MINIMIZER BRACKET: DX 0.000210702 0.000145646 DU -45.8079 21.5045 DUDX -421926 -6459.67 305379 
PRESSURE: 95 -5025.49 -64.3268 -153.885 -64.3268 -4797.95 -471.894 -153.885 -471.894 -5391.04
GPRESSURE: 95 -4236.59 -170.5 21.6061 -196.337 -3684.51 -503.946 -8.23556 -198.506 -4355.56
ENERGY:      95      1146.2743      1244.4501       304.3107        19.0702         -37182.4809      2284.4074         0.0000         0.0000         0.0000         -32183.9682        -0.0000    -32183.9682    -32183.9682         0.0000          -5071.4954     -4092.2225    110592.0000     -5071.4954     -4092.2225

LINE MINIMIZER BRACKET: DX 0.000210702 1.45646e-05 DU -45.8079 0.12423 DUDX -421926 -6459.67 23745.8 
PRESSURE: 96 -5028.23 -61.1357 -152.27 -61.1357 -4798.7 -472.309 -152.27 -472.309 -5385.84
GPRESSURE: 96 -4240.46 -168.17 22.3072 -194.131 -3687.87 -500.805 -7.24613 -195.213 -4352.76
ENERGY:      96      1143.4418      1245.6336       304.3543        19.0589         -37180.4321      2283.8404         0.0000         0.0000         0.0000         -32184.1031        -0.0000    -32184.1031    -32184.1031         0.0000          -5070.9220     -4093.6963    110592.0000     -5070.9220     -4093.6963

LINE MINIMIZER BRACKET: DX 3.13834e-06 1.14263e-05 DU -0.0106855 0.134916 DUDX -6459.67 31.5172 23745.8 
LINE MINIMIZER REDUCING GRADIENT FROM 929155 TO 929.155
PRESSURE: 97 -4772.73 -87.0265 -163.432 -87.0265 -4537 -339.412 -163.432 -339.412 -5231.01
GPRESSURE: 97 -4241.1 -140.557 12.1454 -157.511 -3739.28 -446.266 -23.1748 -157 -4490.99
ENERGY:      97      1091.9225      1191.3555       302.3386        17.3348         -37250.6702      2257.1218         0.0000         0.0000         0.0000         -32390.5969        -0.0000    -32390.5969    -32390.5969         0.0000          -4846.9144     -4157.1247    110592.0000     -4846.9144     -4157.1247

PRESSURE: 98 -4672.25 -106.618 -170.01 -106.618 -4448.67 -202.076 -170.01 -202.076 -5240.92
GPRESSURE: 98 -4246.19 -111.242 22.4151 -115.948 -3798.7 -386.707 -23.2978 -106.231 -4633.73
ENERGY:      98      1154.6889      1171.2909       300.5463        16.4588         -37320.5893      2237.0733         0.0000         0.0000         0.0000         -32440.5311        -0.0000    -32440.5311    -32440.5311         0.0000          -4787.2804     -4226.2058    110592.0000     -4787.2804     -4226.2058

PRESSURE: 99 -4957.94 -85.0508 -165.356 -85.0508 -4831.61 45.5243 -165.356 45.5243 -5714.97
GPRESSURE: 99 -4297.97 -5.19928 93.7322 27.1202 -3960.54 -303.566 24.1833 -22.3666 -4890.9
ENERGY:      99      1626.2312      1230.6450       296.0969        17.9217         -37459.3752      2214.1958         0.0000         0.0000         0.0000         -32074.2845        -0.0000    -32074.2845    -32074.2845         0.0000          -5168.1737     -4383.1368    110592.0000     -5168.1737     -4383.1368

LDB: ============= START OF LOAD BALANCING ============== 29.9175
LDB: Largest compute 2955 load 0.072089 is 11.5% of average load 0.629036
LDB: Average compute 0.022086 is 3.5% of average load 0.629036
LDB: TIME 29.9337 LOAD: AVG 0.629036 MAX 1.45933  PROXIES: TOTAL 500 MAXPE 10 MAXPATCH 10 None MEM: 202.062 MB
LDB: TIME 30.0384 LOAD: AVG 0.629036 MAX 0.754712  PROXIES: TOTAL 975 MAXPE 16 MAXPATCH 23 TorusLB MEM: 202.062 MB
LDB: ============== END OF LOAD BALANCING =============== 30.0637
Info: build node-aware spanning tree with send: 1, recv: 0 with branch factor 9
Info: useSync: 0 useProxySync: 0
LDB: =============== DONE WITH MIGRATION ================ 30.0966
LINE MINIMIZER BRACKET: DX 0.000360706 0.000721412 DU -49.9342 366.247 DUDX -354821 77129.9 941676 
PRESSURE: 100 -4678.35 -104.123 -169.23 -104.123 -4451.54 -226.515 -169.23 -226.515 -5227.62
GPRESSURE: 100 -4244.37 -117.108 19.1681 -124.35 -3787.55 -397.017 -24.5885 -115.744 -4608.53
Info: Initial time: 128 CPUs 0.0386589 s/step 0.223721 days/ns 202.062 MB memory
ETITLE:      TS           BOND          ANGLE          DIHED          IMPRP               ELECT            VDW       BOUNDARY           MISC        KINETIC               TOTAL           TEMP      POTENTIAL         TOTAL3        TEMPAVG            PRESSURE      GPRESSURE         VOLUME       PRESSAVG      GPRESSAVG

ENERGY:     100      1135.0443      1172.4243       300.8753        16.5472         -37308.1043      2240.1860         0.0000         0.0000         0.0000         -32443.0272        -0.0000    -32443.0272    -32443.0272         0.0000          -4785.8375     -4213.4815    110592.0000     -4785.8375     -4213.4815

LINE MINIMIZER BRACKET: DX 0.000296175 6.4531e-05 DU -52.4302 2.49605 DUDX -354821 197.232 77129.9 
LINE MINIMIZER REDUCING GRADIENT FROM 1.01445e+06 TO 1014.45
PRESSURE: 101 -4832.78 -38.6552 -95.3174 -38.6552 -4651.86 -137.072 -95.3174 -137.072 -5327.14
GPRESSURE: 101 -4378.77 -16.6073 57.2559 -4.66986 -4029.76 -307.162 1.21244 -32.5778 -4781.93
ENERGY:     101      1136.9305      1143.6819       297.5724        15.1175         -37419.6111      2184.1474         0.0000         0.0000         0.0000         -32642.1614        -0.0000    -32642.1614    -32642.1614         0.0000          -4937.2593     -4396.8211    110592.0000     -4937.2593     -4396.8211

PRESSURE: 102 -5085.12 -1.72223 -2.75754 -1.72223 -4959.61 -83.9283 -2.75754 -83.9283 -5534.3
GPRESSURE: 102 -4480.57 56.9932 110.027 81.1942 -4229.52 -263.159 38.061 16.1251 -4939.29
ENERGY:     102      1201.1816      1135.2816       294.0946        15.3148         -37530.8257      2146.9006         0.0000         0.0000         0.0000         -32738.0525        -0.0000    -32738.0525    -32738.0525         0.0000          -5193.0090     -4549.7942    110592.0000     -5193.0090     -4549.7942

PRESSURE: 103 -5922.34 23.0602 214.008 23.0602 -5868.5 -60.0531 214.008 -60.0531 -6269.15
GPRESSURE: 103 -4636.22 167.704 225.663 211.287 -4486.88 -260.304 107.732 43.8066 -5216.56
ENERGY:     103      1512.0244      1184.2686       287.8769        24.4617         -37752.4644      2127.1391         0.0000         0.0000         0.0000         -32616.6936        -0.0000    -32616.6936    -32616.6936         0.0000          -6020.0000     -4779.8884    110592.0000     -6020.0000     -4779.8884

LINE MINIMIZER BRACKET: DX 0.000308692 0.000617384 DU -95.8912 121.359 DUDX -478180 -142778 541049 
PRESSURE: 104 -5223.23 7.6638 39.8016 7.6638 -5118.93 -70.8954 39.8016 -70.8954 -5653.39
GPRESSURE: 104 -4516.89 83.0302 133.803 111.439 -4299.35 -255.149 53.7317 28.0834 -5001.55
ENERGY:     104      1246.5585      1138.1186       292.6362        16.0546         -37577.5372      2136.7759         0.0000         0.0000         0.0000         -32747.3935        -0.0000    -32747.3935    -32747.3935         0.0000          -5331.8543     -4605.9318    110592.0000     -5331.8543     -4605.9318

LINE MINIMIZER BRACKET: DX 0.00012988 0.000487504 DU -9.34096 130.7 DUDX -142778 -995.038 541049 
MINIMIZER RESTARTING CONJUGATE GRADIENT ALGORITHM
LINE MINIMIZER REDUCING GRADIENT FROM 1.37997e+06 TO 1379.97
PRESSURE: 105 -5469.57 -40.5888 -100.374 -40.5888 -4924.28 -409.333 -100.374 -409.333 -5482.31
GPRESSURE: 105 -4791.58 -367.547 268.937 -13.223 -4035.41 -626.347 -35.4083 -734.757 -4365.99
ENERGY:     105      1279.8639      1132.1159       289.5468        12.2151         -37716.2638      2209.9484         0.0000         0.0000         0.0000         -32792.5738        -0.0000    -32792.5738    -32792.5738         0.0000          -5292.0546     -4397.6587    110592.0000     -5292.0546     -4397.6587

PRESSURE: 106 -3536.85 -250.627 2591.72 -250.627 -4773.01 -1351.18 2591.72 -1351.18 -2639.71
GPRESSURE: 106 -2842.68 -4988.88 7562.76 -34.618 -2922.07 -1784.49 2304.37 -6028.63 1972.02
ENERGY:     106      2803.9892      1426.3069       287.0766        13.3318         -37860.4611      3268.0439         0.0000         0.0000         0.0000         -30061.7128        -0.0000    -30061.7128    -30061.7128         0.0000          -3649.8571     -1264.2418    110592.0000     -3649.8571     -1264.2418

LINE MINIMIZER BRACKET: DX 0.001024 0.001024 DU -45.1803 2730.86 DUDX -1.37997e+06 1.02915e+06 5.08623e+06 
PRESSURE: 107 -5343.34 -19.953 -137.28 -19.953 -4967.84 -203.365 -137.28 -203.365 -5552.58
GPRESSURE: 107 -4693.18 -79.1929 13.0048 29.5548 -4190.88 -386.972 -84.5737 -218.964 -4786.09
ENERGY:     107      1075.1241      1096.4718       290.9178        13.1774         -37649.3242      2140.1011         0.0000         0.0000         0.0000         -33033.5321        -0.0000    -33033.5321    -33033.5321         0.0000          -5287.9219     -4556.7144    110592.0000     -5287.9219     -4556.7144

LINE MINIMIZER BRACKET: DX 0.000533048 0.000490952 DU -286.139 240.958 DUDX -1.37997e+06 -19281.3 1.02915e+06 
PRESSURE: 108 -5357.56 -21.9581 -144.945 -21.9581 -4960.3 -219.81 -144.945 -219.81 -5548.61
GPRESSURE: 108 -4707.65 -98.1154 15.9096 23.7834 -4179.41 -404.936 -89.5219 -253.467 -4760.89
ENERGY:     108      1079.9458      1096.9104       290.7710        13.0232         -37655.9762      2143.2555         0.0000         0.0000         0.0000         -33032.0703        -0.0000    -33032.0703    -33032.0703         0.0000          -5288.8225     -4549.3161    110592.0000     -5288.8225     -4549.3161

LINE MINIMIZER BRACKET: DX 0.000533048 4.90952e-05 DU -286.139 1.46177 DUDX -1.37997e+06 -19281.3 79013.4 
2015-02-02 10:09:06.568 (WARN ) [0xfff846e9220] 8761439:ibm.runjob.client.Job: terminated by signal 9
2015-02-02 10:09:06.568 (WARN ) [0xfff846e9220] 8761439:ibm.runjob.client.Job: abnormal termination by signal 9 from rank 1
