Converse/Charm++ Commit ID: v6.3.0-723-g6148ae1
[0] isomalloc.c> Disabling isomalloc because isomalloc disabled by conv-mach
Info: NAMD 2.9 for BlueGeneQ
Info: 
Info: Please visit http://www.ks.uiuc.edu/Research/namd/
Info: for updates, documentation, and support information.
Info: 
Info: Please cite Phillips et al., J. Comp. Chem. 26:1781-1802 (2005)
Info: in all publications reporting results obtained with NAMD.
Info: 
Info: Based on Charm++/Converse 60305 for pami-bluegeneq-smp-xlc
Info: Built Sun Dec 7 11:31:12 EST 2014 by bobdanani on avoca-test
Info: Running on 128 processors, 16 nodes, 16 physical nodes.
Info: CPU topology information unavailable.
Info: Charm++/Converse parallel runtime startup completed at 0.037987 s
Info: 202.062 MB of memory in use based on /proc/self/stat
Info: Configuration file is namd_equilibration_script.conf
Info: Working in the current directory /vlsci/VR0021/mike/GIT/MD_workflow_py/newdir/newiDir0039
TCL: Suspending until startup complete.
Info: SIMULATION PARAMETERS:
Info: TIMESTEP               2
Info: NUMBER OF STEPS        0
Info: STEPS PER CYCLE        10
Info: PERIODIC CELL BASIS 1  48 0 0
Info: PERIODIC CELL BASIS 2  0 48 0
Info: PERIODIC CELL BASIS 3  0 0 48
Info: PERIODIC CELL CENTER   0 0 0
Info: WRAPPING WATERS AROUND PERIODIC BOUNDARIES ON OUTPUT.
Info: WRAPPING ALL CLUSTERS AROUND PERIODIC BOUNDARIES ON OUTPUT.
Info: LOAD BALANCER  Centralized
Info: LOAD BALANCING STRATEGY  New Load Balancers -- DEFAULT
Info: LDB PERIOD             2000 steps
Info: FIRST LDB TIMESTEP     50
Info: LAST LDB TIMESTEP     -1
Info: LDB BACKGROUND SCALING 1
Info: HOM BACKGROUND SCALING 1
Info: PME BACKGROUND SCALING 1
Info: REMOVING PATCHES FROM PROCESSOR 0
Info: MIN ATOMS PER PATCH    40
Info: INITIAL TEMPERATURE    310
Info: CENTER OF MASS MOVING INITIALLY? NO
Info: DIELECTRIC             1
Info: EXCLUDE                SCALED ONE-FOUR
Info: 1-4 ELECTROSTATICS SCALED BY 1
Info: MODIFIED 1-4 VDW PARAMETERS WILL BE USED
Info: DCD FILENAME           current_MD_run_files.dcd
Info: DCD FREQUENCY          500
Info: DCD FIRST STEP         500
Info: DCD FILE WILL CONTAIN UNIT CELL DATA
Info: XST FILENAME           current_MD_run_files.xst
Info: XST FREQUENCY          500
Info: NO VELOCITY DCD OUTPUT
Info: NO FORCE DCD OUTPUT
Info: OUTPUT FILENAME        current_MD_run_files
Info: BINARY OUTPUT FILES WILL BE USED
Info: RESTART FILENAME       current_MD_run_files.restart
Info: RESTART FREQUENCY      5000
Info: BINARY RESTART FILES WILL BE USED
Info: SWITCHING ACTIVE
Info: SWITCHING ON           10
Info: SWITCHING OFF          12
Info: PAIRLIST DISTANCE      14
Info: PAIRLIST SHRINK RATE   0.01
Info: PAIRLIST GROW RATE     0.01
Info: PAIRLIST TRIGGER       0.3
Info: PAIRLISTS PER CYCLE    2
Info: PAIRLISTS ENABLED
Info: MARGIN                 0.99
Info: HYDROGEN GROUP CUTOFF  2.5
Info: PATCH DIMENSION        17.49
Info: ENERGY OUTPUT STEPS    500
Info: CROSSTERM ENERGY INCLUDED IN DIHEDRAL
Info: TIMING OUTPUT STEPS    500
Info: PRESSURE OUTPUT STEPS  500
Info: LANGEVIN DYNAMICS ACTIVE
Info: LANGEVIN TEMPERATURE   310
Info: LANGEVIN DAMPING COEFFICIENT IS 5 INVERSE PS
Info: LANGEVIN DYNAMICS NOT APPLIED TO HYDROGENS
Info: LANGEVIN PISTON PRESSURE CONTROL ACTIVE
Info:        TARGET PRESSURE IS 1.01325 BAR
Info:     OSCILLATION PERIOD IS 100 FS
Info:             DECAY TIME IS 50 FS
Info:     PISTON TEMPERATURE IS 310 K
Info:       PRESSURE CONTROL IS GROUP-BASED
Info:    INITIAL STRAIN RATE IS 0 0 0
Info:       CELL FLUCTUATION IS ANISOTROPIC
Info: PARTICLE MESH EWALD (PME) ACTIVE
Info: PME TOLERANCE               1e-06
Info: PME EWALD COEFFICIENT       0.257952
Info: PME INTERPOLATION ORDER     4
Info: PME GRID DIMENSIONS         48 48 48
Info: PME MAXIMUM GRID SPACING    1
Info: Attempting to read FFTW data from FFTW_NAMD_2.9_BlueGeneQ.txt
Info: Optimizing 6 FFT steps.  1... 2... 3... 4... 5... 6...   Done.
Info: Writing FFTW data to FFTW_NAMD_2.9_BlueGeneQ.txt
Info: FULL ELECTROSTATIC EVALUATION FREQUENCY      2
Info: USING VERLET I (r-RESPA) MTS SCHEME.
Info: C1 SPLITTING OF LONG RANGE ELECTROSTATICS
Info: PLACING ATOMS IN PATCHES BY HYDROGEN GROUPS
Info: RIGID BONDS TO HYDROGEN : ALL
Info:         ERROR TOLERANCE : 1e-08
Info:          MAX ITERATIONS : 100
Info: RIGID WATER USING SETTLE ALGORITHM
Info: RANDOM NUMBER SEED     1422832114
Info: USE HYDROGEN BONDS?    NO
Info: COORDINATE PDB         ../../InputFiles/example.pdb
Info: STRUCTURE FILE         ../../InputFiles/example.psf
Info: PARAMETER file: CHARMM format! 
Info: PARAMETERS             ../../InputFiles/Parameters/par_all27_prot_na.prm
Info: USING ARITHMETIC MEAN TO COMBINE L-J SIGMA PARAMETERS
Info: SUMMARY OF PARAMETERS:
Info: 258 BONDS
Info: 666 ANGLES
Info: 1134 DIHEDRAL
Info: 70 IMPROPER
Info: 6 CROSSTERM
Info: 164 VDW
Info: 0 VDW_PAIRS
Info: 0 NBTHOLE_PAIRS
Info: TIME FOR READING PSF FILE: 1.97196
Info: TIME FOR READING PDB FILE: 0.442935
Info: 
Info: ****************************
Info: STRUCTURE SUMMARY:
Info: 10315 ATOMS
Info: 7285 BONDS
Info: 5281 ANGLES
Info: 3293 DIHEDRALS
Info: 204 IMPROPERS
Info: 74 CROSSTERMS
Info: 0 EXCLUSIONS
Info: 9701 RIGID BONDS
Info: 21244 DEGREES OF FREEDOM
Info: 3638 HYDROGEN GROUPS
Info: 4 ATOMS IN LARGEST HYDROGEN GROUP
Info: 3638 MIGRATION GROUPS
Info: 4 ATOMS IN LARGEST MIGRATION GROUP
Info: TOTAL MASS = 63394.1 amu
Info: TOTAL CHARGE = 1.00955e-06 e
Info: MASS DENSITY = 0.951884 g/cm^3
Info: ATOM DENSITY = 0.0932708 atoms/A^3
Info: *****************************
Info: 
Info: Entering startup at 24.1037 s, 202.062 MB of memory in use
Info: Startup phase 0 took 0.00317773 s, 202.062 MB of memory in use
Info: Startup phase 1 took 0.104468 s, 202.062 MB of memory in use
Info: Startup phase 2 took 0.00439472 s, 202.062 MB of memory in use
Info: Startup phase 3 took 0.00281346 s, 202.062 MB of memory in use
Info: PATCH GRID IS 5 (PERIODIC) BY 5 (PERIODIC) BY 2 (PERIODIC)
Info: PATCH GRID IS 2-AWAY BY 2-AWAY BY 1-AWAY
Info: REMOVING COM VELOCITY -0.0235697 -0.0384797 -0.0632434
Info: LARGEST PATCH (12) HAS 234 ATOMS
Info: Startup phase 4 took 0.0328697 s, 202.062 MB of memory in use
Info: PME using 24 and 24 processors for FFT and reciprocal sum.
Info: PME USING 16 GRID NODES AND 16 TRANS NODES
Info: PME GRID LOCATIONS: 7 11 15 23 27 31 39 43 47 55 ...
Info: PME TRANS LOCATIONS: 3 5 13 19 21 29 35 37 45 51 ...
Info: Startup phase 5 took 0.00774984 s, 202.062 MB of memory in use
Info: Startup phase 6 took 0.00971798 s, 202.062 MB of memory in use
LDB: Central LB being created...
Info: Startup phase 7 took 1.20412 s, 202.062 MB of memory in use
Info: CREATING 2450 COMPUTE OBJECTS
Info: NONBONDED TABLE R-SQUARED SPACING: 0.0625
Info: NONBONDED TABLE SIZE: 769 POINTS
Info: ABSOLUTE IMPRECISION IN FAST TABLE ENERGY: 3.38813e-21 AT 11.7447
Info: RELATIVE IMPRECISION IN FAST TABLE ENERGY: 6.92477e-14 AT 11.9138
Info: ABSOLUTE IMPRECISION IN FAST TABLE FORCE: 2.64698e-23 AT 11.9138
Info: RELATIVE IMPRECISION IN FAST TABLE FORCE: 1.40436e-16 AT 11.9138
Info: ABSOLUTE IMPRECISION IN SCOR TABLE ENERGY: 3.38813e-21 AT 11.7447
Info: RELATIVE IMPRECISION IN SCOR TABLE ENERGY: 4.24069e-16 AT 11.9138
Info: ABSOLUTE IMPRECISION IN SCOR TABLE FORCE: 4.10282e-22 AT 11.9138
Info: RELATIVE IMPRECISION IN SCOR TABLE FORCE: 3.56912e-15 AT 11.9138
Info: ABSOLUTE IMPRECISION IN VDWA TABLE ENERGY: 9.86076e-32 AT 11.8295
Info: RELATIVE IMPRECISION IN VDWA TABLE ENERGY: 6.75473e-14 AT 11.9138
Info: ABSOLUTE IMPRECISION IN VDWA TABLE FORCE: 4.62223e-32 AT 11.9138
Info: RELATIVE IMPRECISION IN VDWA TABLE FORCE: 2.12237e-15 AT 11.9138
Info: ABSOLUTE IMPRECISION IN VDWB TABLE ENERGY: 4.1359e-25 AT 11.8295
Info: RELATIVE IMPRECISION IN VDWB TABLE ENERGY: 7.56853e-15 AT 11.9138
Info: ABSOLUTE IMPRECISION IN VDWB TABLE FORCE: 3.87741e-26 AT 11.9138
Info: RELATIVE IMPRECISION IN VDWB TABLE FORCE: 5.97409e-16 AT 11.9138
Info: useSync: 0 useProxySync: 0
Info: Startup phase 8 took 0.0312514 s, 202.062 MB of memory in use
Info: Building spanning tree ... send: 1 recv: 0 with branch factor 9
Info: Startup phase 9 took 0.00322745 s, 202.062 MB of memory in use
Info: Startup phase 10 took 0.00244432 s, 202.062 MB of memory in use
Info: Finished startup at 25.5099 s, 202.062 MB of memory in use

TCL: Minimizing for 500 steps
PRESSURE: 0 7.92778e+08 9.80914e+08 6.43957e+08 9.80914e+08 1.21846e+09 7.99677e+08 6.43957e+08 7.99677e+08 5.27056e+08
GPRESSURE: 0 7.92785e+08 9.80912e+08 6.43961e+08 9.80914e+08 1.21847e+09 7.99675e+08 6.4396e+08 7.99677e+08 5.27061e+08
ETITLE:      TS           BOND          ANGLE          DIHED          IMPRP               ELECT            VDW       BOUNDARY           MISC        KINETIC               TOTAL           TEMP      POTENTIAL         TOTAL3        TEMPAVG            PRESSURE      GPRESSURE         VOLUME       PRESSAVG      GPRESSAVG

ENERGY:       0      3088.5033      1499.3301       263.8206        10.6933         -30848.5032 336586487.2282         0.0000         0.0000         0.0000      336560501.0723        -0.0000 336560501.0723 336560501.0723         0.0000      846098063.7249 846104120.5607    110592.0000 846098063.7249 846104120.5607

OPENING EXTENDED SYSTEM TRAJECTORY FILE
MINIMIZER SLOWLY MOVING 41 ATOMS WITH BAD CONTACTS DOWNHILL
PRESSURE: 1 2.3761e+07 2.92891e+07 1.92693e+07 2.92891e+07 3.65371e+07 2.38544e+07 1.92693e+07 2.38544e+07 1.58365e+07
GPRESSURE: 1 2.37671e+07 2.92887e+07 1.92714e+07 2.92892e+07 3.65424e+07 2.38532e+07 1.9271e+07 2.38552e+07 1.58411e+07
ENERGY:       1      3097.8780      1492.2035       263.8872        11.6906         -30918.4516  10098045.4909         0.0000         0.0000         0.0000       10071992.6986        -0.0000  10071992.6986  10071992.6986         0.0000       25378190.6513  25383543.1825    110592.0000  25378190.6513  25383543.1825

MINIMIZER SLOWLY MOVING 20 ATOMS WITH BAD CONTACTS DOWNHILL
PRESSURE: 2 1.60262e+06 1.93601e+06 1.28335e+06 1.93601e+06 2.45349e+06 1.57411e+06 1.28335e+06 1.57411e+06 1.07617e+06
GPRESSURE: 2 1.60887e+06 1.93607e+06 1.28495e+06 1.9358e+06 2.45889e+06 1.57341e+06 1.28485e+06 1.57465e+06 1.08101e+06
ENERGY:       2      3098.8562      1486.5938       264.0525        11.6906         -30939.5733    683808.6242         0.0000         0.0000         0.0000         657730.2440        -0.0000    657730.2440    657730.2440         0.0000        1710761.1668   1716255.7876    110592.0000   1710761.1668   1716255.7876

MINIMIZER SLOWLY MOVING 8 ATOMS WITH BAD CONTACTS DOWNHILL
PRESSURE: 3 197678 209202 143265 209202 286173 169684 143265 169684 134769
GPRESSURE: 3 204076 209794 144555 208589 291200 169306 144311 169543 140107
ENERGY:       3      3098.8562      1486.5938       264.0525        11.6906         -30939.6938     85515.0225         0.0000         0.0000         0.0000          59436.5218        -0.0000     59436.5218     59436.5218         0.0000         206206.9406    211794.4545    110592.0000    206206.9406    211794.4545

MINIMIZER SLOWLY MOVING 4 ATOMS WITH BAD CONTACTS DOWNHILL
PRESSURE: 4 51832.3 29892.9 24062.2 29892.9 59310.8 24792.8 24062.2 24792.8 35775.4
GPRESSURE: 4 58421.7 30508.2 25327.7 28842.3 64264.8 24475.3 24635.9 24619.7 41255.5
ENERGY:       4      3098.8562      1486.5938       264.0525        11.6906         -30939.5674     23037.6747         0.0000         0.0000         0.0000          -3040.6997        -0.0000     -3040.6997     -3040.6997         0.0000          48972.8153     54647.3064    110592.0000     48972.8153     54647.3064

MINIMIZER SLOWLY MOVING 2 ATOMS WITH BAD CONTACTS DOWNHILL
PRESSURE: 5 30532.1 3498.92 6725.59 3498.92 26455.3 3178.44 6725.59 3178.44 21542
GPRESSURE: 5 37142.6 4114.36 7988.38 2350.17 31398.3 2879.07 7205.28 2993.04 27043.8
ENERGY:       5      3098.8562      1486.5938       264.0525        11.6906         -30938.6694     13993.1376         0.0000         0.0000         0.0000         -12084.3387        -0.0000    -12084.3387    -12084.3387         0.0000          26176.4652     31861.5673    110592.0000     26176.4652     31861.5673

MINIMIZER SLOWLY MOVING 2 ATOMS WITH BAD CONTACTS DOWNHILL
PRESSURE: 6 26526.3 -1468.36 3460.82 -1468.36 20273.6 -889.048 3460.82 -889.048 18867
GPRESSURE: 6 33138.6 -853.801 4722.7 -2634.96 25214.1 -1184.61 3925.75 -1074.84 24370.8
ENERGY:       6      3098.8562      1486.5938       264.0525        11.6906         -30936.7428     12297.3267         0.0000         0.0000         0.0000         -13778.2230        -0.0000    -13778.2230    -13778.2230         0.0000          21889.0008     27574.5239    110592.0000     21889.0008     27574.5239

MINIMIZER SLOWLY MOVING 2 ATOMS WITH BAD CONTACTS DOWNHILL
PRESSURE: 7 25612.5 -2600.63 2716.01 -2600.63 18869.7 -1812.5 2716.01 -1812.5 18263.3
GPRESSURE: 7 32281.5 -2000.41 3936.7 -3699.2 23792.6 -2157.42 3226.41 -2008 23733.4
ENERGY:       7      3098.8562      1486.5938       264.0525        11.6906         -30934.6538     11914.2537         0.0000         0.0000         0.0000         -14159.2070        -0.0000    -14159.2070    -14159.2070         0.0000          20915.1785     26602.5042    110592.0000     20915.1785     26602.5042

MINIMIZER STARTING CONJUGATE GRADIENT ALGORITHM
LINE MINIMIZER REDUCING GRADIENT FROM 1.28304e+08 TO 128304
PRESSURE: 8 25247.7 -2536.43 2691.61 -2536.43 18631.3 -1769.09 2691.61 -1769.09 18003.1
GPRESSURE: 8 31880.1 -1938.49 3895.18 -3619.96 23534.7 -2102.32 3197.2 -1962.55 23436.4
ENERGY:       8      3090.7892      1485.5168       264.0466        11.6886         -30936.5185     11797.8422         0.0000         0.0000         0.0000         -14286.6351        -0.0000    -14286.6351    -14286.6351         0.0000          20627.3447     26283.7546    110592.0000     20627.3447     26283.7546

PRESSURE: 9 24890.1 -2473.62 2667.3 -2473.62 18397.3 -1726.98 2667.3 -1726.98 17748.1
GPRESSURE: 9 31486.6 -1877.91 3854.09 -3542.44 23281.6 -2048.85 3168.19 -1918.45 23145.4
ENERGY:       9      3082.7502      1484.4436       264.0410        11.6870         -30938.3841     11683.6730         0.0000         0.0000         0.0000         -14411.7892        -0.0000    -14411.7892    -14411.7892         0.0000          20345.1877     25971.1849    110592.0000     20345.1877     25971.1849

LDB: ============= START OF LOAD BALANCING ============== 25.914
LDB: ============== END OF LOAD BALANCING =============== 25.915
Info: useSync: 0 useProxySync: 0
LDB: =============== DONE WITH MIGRATION ================ 25.9215
PRESSURE: 10 24195.8 -2352.01 2618.96 -2352.01 17942.4 -1646.44 2618.96 -1646.44 17253.7
GPRESSURE: 10 30722.2 -1760.69 3773.13 -3392.42 22789.1 -1946.53 3110.7 -1834.05 22580.6
ETITLE:      TS           BOND          ANGLE          DIHED          IMPRP               ELECT            VDW       BOUNDARY           MISC        KINETIC               TOTAL           TEMP      POTENTIAL         TOTAL3        TEMPAVG            PRESSURE      GPRESSURE         VOLUME       PRESSAVG      GPRESSAVG

ENERGY:      10      3066.7562      1482.3085       264.0305        11.6851         -30942.1129     11461.8508         0.0000         0.0000         0.0000         -14655.4818        -0.0000    -14655.4818    -14655.4818         0.0000          19797.3211     25363.9782    110592.0000     19797.3211     25363.9782

PRESSURE: 11 22886.6 -2123.99 2523.69 -2123.99 17081.9 -1499.14 2523.69 -1499.14 16323.1
GPRESSURE: 11 29279.6 -1541.1 3616.28 -3111.35 21856.5 -1759.16 2998.16 -1679.43 21516.2
ENERGY:      11      3035.1037      1478.0836       264.0124        11.6860         -30949.5613     11042.8731         0.0000         0.0000         0.0000         -15117.8025        -0.0000    -15117.8025    -15117.8025         0.0000          18763.8759     24217.4311    110592.0000     18763.8759     24217.4311

PRESSURE: 12 20553.4 -1722.95 2339.96 -1722.95 15538.6 -1252.24 2339.96 -1252.24 14669.9
GPRESSURE: 12 26703.6 -1155.89 3322.71 -2617.65 20179.9 -1444.57 2783.67 -1419.34 19620.8
ENERGY:      12      2973.1376      1469.8155       263.9877        11.7070         -30964.4243     10293.4960         0.0000         0.0000         0.0000         -15952.2805        -0.0000    -15952.2805    -15952.2805         0.0000          16920.6524     22168.1114    110592.0000     16920.6524     22168.1114

PRESSURE: 13 16815.2 -1100.53 2006.84 -1100.53 13034.3 -904.044 2006.84 -904.044 12035.6
GPRESSURE: 13 22558 -562.478 2814.14 -1853.11 17445.3 -1000.21 2401.8 -1049.07 16584.8
ENERGY:      13      2854.5340      1454.0067       263.9835        11.8263         -30994.0210      9082.7739         0.0000         0.0000         0.0000         -17326.8967        -0.0000    -17326.8967    -17326.8967         0.0000          13961.6881     18862.6755    110592.0000     13961.6881     18862.6755

PRESSURE: 14 11864.8 -345.294 1493.19 -345.294 9637.93 -556.087 1493.19 -556.087 8576.4
GPRESSURE: 14 17006.2 140.803 2073.1 -927.946 13689.1 -559.716 1830.1 -669.463 12552.7
ENERGY:      14      2638.4195      1425.3083       264.1507        12.3760         -31052.7540      7446.6365         0.0000         0.0000         0.0000         -19265.8629        -0.0000    -19265.8629    -19265.8629         0.0000          10026.3729     14415.9962    110592.0000     10026.3729     14415.9962

PRESSURE: 15 7108.42 200.401 980.708 200.401 6246.69 -418.948 980.708 -418.948 5323.14
GPRESSURE: 15 11503.7 603.898 1365.47 -268.069 9802.28 -413.601 1312.93 -508.31 8650.47
ENERGY:      15      2288.6245      1379.6753       265.1654        14.7443         -31168.6190      5790.4200         0.0000         0.0000         0.0000         -21429.9895        -0.0000    -21429.9895    -21429.9895         0.0000           6226.0811      9985.4766    110592.0000      6226.0811      9985.4766

PRESSURE: 16 4850.09 165.432 1257.94 165.432 4514.88 -754.599 1257.94 -754.599 4125.78
GPRESSURE: 16 8668.6 486.094 1707.32 -477.896 7507.27 -965.973 1985.97 -921.641 7053.82
ENERGY:      16      1900.2223      1336.3753       270.1213        24.8446         -31394.4640      4840.6795         0.0000         0.0000         0.0000         -23022.2211        -0.0000    -23022.2211    -23022.2211         0.0000           4496.9203      7743.2304    110592.0000      4496.9203      7743.2304

PRESSURE: 17 17852.3 -1550.03 12378.5 -1550.03 10801.7 -4850.32 12378.5 -4850.32 17654.9
GPRESSURE: 17 30366.1 273.821 17743.2 -5798.21 14465.5 -7375.29 22472.3 -4882.86 26267.7
ENERGY:      17      2163.8410      1452.4679       293.4260        71.7709         -31822.6930      8851.2293         0.0000         0.0000         0.0000         -18989.9580        -0.0000    -18989.9580    -18989.9580         0.0000          15436.3106     23699.7775    110592.0000     15436.3106     23699.7775

LINE MINIMIZER BRACKET: DX 0.000128 0.000256 DU -1592.23 4032.26 DUDX -2.32342e+07 -4.29861e+06 5.45662e+07 
PRESSURE: 18 4953.74 96.6938 1515.53 96.6938 4553.16 -899.461 1515.53 -899.461 4341.14
GPRESSURE: 18 8800.08 414.144 2049.01 -651.118 7479.81 -1192.18 2434.04 -1102.32 7307.51
ENERGY:      18      1867.1741      1335.6056       271.7736        28.0148         -31441.9085      4839.5343         0.0000         0.0000         0.0000         -23099.8061        -0.0000    -23099.8061    -23099.8061         0.0000           4616.0112      7862.4673    110592.0000      4616.0112      7862.4673

LINE MINIMIZER BRACKET: DX 2.7443e-05 0.000228557 DU -77.585 4109.85 DUDX -4.29861e+06 -1.35344e+06 5.45662e+07 
PRESSURE: 19 5172 28.1138 1798.84 28.1138 4670.15 -1047.07 1798.84 -1047.07 4637.9
GPRESSURE: 19 9099.27 348.701 2429.82 -831.974 7557.9 -1421.45 2923.47 -1284.49 7678.48
ENERGY:      19      1852.2059      1337.3080       273.3194        30.9492         -31481.1655      4885.2168         0.0000         0.0000         0.0000         -23102.1662        -0.0000    -23102.1662    -23102.1662         0.0000           4826.6845      8111.8822    110592.0000      4826.6845      8111.8822

LINE MINIMIZER BRACKET: DX 2.28557e-05 0.000205701 DU -2.36009 4112.21 DUDX -1.35344e+06 1.16674e+06 5.45662e+07 
MINIMIZER RESTARTING CONJUGATE GRADIENT ALGORITHM
LINE MINIMIZER REDUCING GRADIENT FROM 2.67828e+07 TO 26782.8
PRESSURE: 20 4984.37 169.615 1602.4 169.615 4517.92 -872.402 1602.4 -872.402 4388.47
GPRESSURE: 20 8716.88 509.236 2127.21 -529.972 7368.74 -1151.88 2514.32 -1079.82 7293.74
ETITLE:      TS           BOND          ANGLE          DIHED          IMPRP               ELECT            VDW       BOUNDARY           MISC        KINETIC               TOTAL           TEMP      POTENTIAL         TOTAL3        TEMPAVG            PRESSURE      GPRESSURE         VOLUME       PRESSAVG      GPRESSAVG

ENERGY:      20      1839.4311      1335.3834       273.2693        30.8364         -31484.9724      4804.2133         0.0000         0.0000         0.0000         -23201.8389        -0.0000    -23201.8389    -23201.8389         0.0000           4630.2565      7793.1202    110592.0000      4630.2565      7793.1202

PRESSURE: 21 4827.6 283.437 1442.21 283.437 4391.32 -730.863 1442.21 -730.863 4182.58
GPRESSURE: 21 8402.24 636.73 1882.97 -289.379 7210.39 -935.766 2185.43 -914.947 6979.11
ENERGY:      21      1826.8362      1333.4917       273.2197        30.7251         -31488.7816      4736.4490         0.0000         0.0000         0.0000         -23288.0599        -0.0000    -23288.0599    -23288.0599         0.0000           4467.1672      7530.5788    110592.0000      4467.1672      7530.5788

PRESSURE: 22 4583.35 449.3 1202.82 449.3 4195.44 -521.748 1202.82 -521.748 3868.15
GPRESSURE: 22 7922.33 818.836 1523.19 56.8519 6961.93 -621.362 1704.16 -673.151 6504.58
ENERGY:      22      1802.1834      1329.8077       273.1222        30.5070         -31496.4094      4630.6304         0.0000         0.0000         0.0000         -23430.1587        -0.0000    -23430.1587    -23430.1587         0.0000           4215.6487      7129.6154    110592.0000      4215.6487      7129.6154

PRESSURE: 23 4268.45 628.288 924.711 628.288 3946.26 -286.446 924.711 -286.446 3481.17
GPRESSURE: 23 7325.72 1006.35 1115.7 424.026 6632.32 -277.893 1167.77 -403.766 5931.71
ENERGY:      23      1755.0049      1322.8424       272.9344        30.0888         -31511.7005      4493.0807         0.0000         0.0000         0.0000         -23637.7494        -0.0000    -23637.7494    -23637.7494         0.0000           3898.6288      6629.9153    110592.0000      3898.6288      6629.9153

PRESSURE: 24 3941.48 730.895 706.614 730.895 3691 -122.27 706.614 -122.27 3118.43
GPRESSURE: 24 6730.67 1096.24 808.274 638.319 6252.53 -52.506 780.714 -215.575 5403.2
ENERGY:      24      1668.9688      1310.5704       272.5905        29.3237         -31542.3869      4345.8478         0.0000         0.0000         0.0000         -23915.0857        -0.0000    -23915.0857    -23915.0857         0.0000           3583.6370      6128.8011    110592.0000      3583.6370      6128.8011

PRESSURE: 25 3621.32 695.806 600.122 695.806 3432.04 -88.0327 600.122 -88.0327 2815.24
GPRESSURE: 25 6130.69 1027.15 668.08 615.894 5777.97 -25.0214 621.642 -166.616 4951.9
ENERGY:      25      1528.2267      1293.3104       272.0607        28.0758         -31604.0009      4190.6913         0.0000         0.0000         0.0000         -24291.6359        -0.0000    -24291.6359    -24291.6359         0.0000           3289.5320      5620.1885    110592.0000      3289.5320      5620.1885

PRESSURE: 26 3527.84 174.173 965.674 174.173 3596.42 -684.278 965.674 -684.278 3134.53
GPRESSURE: 26 5752.2 558.847 1292.8 -104.223 5392.07 -1036.15 1159.43 -598.733 5434.26
ENERGY:      26      1346.5154      1299.1636       271.8458        26.6980         -31727.6131      4189.6782         0.0000         0.0000         0.0000         -24593.7122        -0.0000    -24593.7122    -24593.7122         0.0000           3419.5982      5526.1762    110592.0000      3419.5982      5526.1762

PRESSURE: 27 493788 -1.25421e+06 844033 -1.25421e+06 3.25761e+06 -2.14378e+06 844033 -2.14378e+06 1.45473e+06
GPRESSURE: 27 511130 -1.2366e+06 881164 -1.29644e+06 3.21268e+06 -2.24275e+06 870827 -2.11448e+06 1.51883e+06
ENERGY:      27      1205.1013      1357.1891       269.8208        28.5640         -31978.8152    692937.9162         0.0000         0.0000         0.0000         663819.7763        -0.0000    663819.7763    663819.7763         0.0000        1735375.8427   1747545.4253    110592.0000   1735375.8427   1747545.4253

LINE MINIMIZER BRACKET: DX 0.000128 0.000256 DU -302.076 688413 DUDX -4.87769e+06 2.24167e+06 7.0879e+08 
PRESSURE: 28 3446.15 424.811 735.437 424.811 3365.34 -353.064 735.437 -353.064 2829.14
GPRESSURE: 28 5690.92 754.841 909 252.615 5354.88 -472.541 828.559 -366.419 4960.99
ENERGY:      28      1381.5238      1291.4084       271.7997        26.8964         -31697.4754      4118.0659         0.0000         0.0000         0.0000         -24607.7813        -0.0000    -24607.7813    -24607.7813         0.0000           3213.5390      5335.5945    110592.0000      3213.5390      5335.5945

LINE MINIMIZER BRACKET: DX 9.68226e-05 3.11774e-05 DU -316.145 14.0691 DUDX -4.87769e+06 -980438 2.24167e+06 
PRESSURE: 29 3460.72 357.014 794.742 357.014 3416.41 -439.471 794.742 -439.471 2902.68
GPRESSURE: 29 5692.02 699.329 1007.5 157.389 5349.49 -617.879 913.835 -428.299 5072.91
ENERGY:      29      1369.0339      1293.5423       271.8112        26.8185         -31707.7919      4132.8298         0.0000         0.0000         0.0000         -24613.7562        -0.0000    -24613.7562    -24613.7562         0.0000           3259.9346      5371.4747    110592.0000      3259.9346      5371.4747

LINE MINIMIZER BRACKET: DX 1.06752e-05 2.05021e-05 DU -5.97488 20.044 DUDX -980438 -108135 2.24167e+06 
PRESSURE: 30 3464.9 342.182 808.119 342.182 3429.03 -458.781 808.119 -458.781 2919.98
GPRESSURE: 30 5694.28 687.491 1029.74 136.41 5350.29 -650.53 933.045 -441.978 5099.48
ETITLE:      TS           BOND          ANGLE          DIHED          IMPRP               ELECT            VDW       BOUNDARY           MISC        KINETIC               TOTAL           TEMP      POTENTIAL         TOTAL3        TEMPAVG            PRESSURE      GPRESSURE         VOLUME       PRESSAVG      GPRESSAVG

ENERGY:      30      1366.6985      1294.0137       271.8140        26.8047         -31709.7733      4136.6587         0.0000         0.0000         0.0000         -24613.7836        -0.0000    -24613.7836    -24613.7836         0.0000           3271.3003      5381.3491    110592.0000      3271.3003      5381.3491

LINE MINIMIZER BRACKET: DX 2.05021e-06 1.84519e-05 DU -0.0274759 20.0715 DUDX -108135 82279.2 2.24167e+06 
MINIMIZER RESTARTING CONJUGATE GRADIENT ALGORITHM
LINE MINIMIZER REDUCING GRADIENT FROM 5.06428e+06 TO 5064.28
PRESSURE: 31 3398.67 386.433 740.968 386.433 3326.2 -376.655 740.968 -376.655 2794.43
GPRESSURE: 31 5581.58 716.015 926.792 202.958 5244.05 -519.752 843.865 -384.721 4907.05
ENERGY:      31      1350.5882      1289.2623       271.9073        26.5046         -31723.2706      4093.7031         0.0000         0.0000         0.0000         -24691.3051        -0.0000    -24691.3051    -24691.3051         0.0000           3173.0996      5244.2287    110592.0000      3173.0996      5244.2287

PRESSURE: 32 3340.12 420.406 685.19 420.406 3238.06 -309.556 685.19 -309.556 2685.89
GPRESSURE: 32 5480.22 737.395 842.62 254.427 5148.18 -414.916 770.749 -338.016 4742.31
ENERGY:      32      1334.9476      1284.6604       272.0057        26.2086         -31736.7659      4056.0860         0.0000         0.0000         0.0000         -24762.8576        -0.0000    -24762.8576    -24762.8576         0.0000           3088.0215      5123.5684    110592.0000      3088.0215      5123.5684

PRESSURE: 33 3240.29 465.526 599.409 465.526 3094.2 -208.826 599.409 -208.826 2507.43
GPRESSURE: 33 5303.01 764.272 716.027 324.293 4979.53 -262.109 660.41 -268.167 4474.65
ENERGY:      33      1305.0815      1275.8974       272.2169        25.6292         -31763.7462      3992.9343         0.0000         0.0000         0.0000         -24891.9868        -0.0000    -24891.9868    -24891.9868         0.0000           2947.3043      4919.0622    110592.0000      2947.3043      4919.0622

PRESSURE: 34 3084.12 499.781 493.214 499.781 2884.96 -90.0717 493.214 -90.0717 2248.62
GPRESSURE: 34 5013.21 778.96 565.701 384.524 4699.71 -93.2508 528.869 -187.055 4092.88
ENERGY:      34      1251.0465      1260.0864       272.6954        24.5209         -31817.6682      3897.4013         0.0000         0.0000         0.0000         -25111.9177        -0.0000    -25111.9177    -25111.9177         0.0000           2739.2337      4601.9360    110592.0000      2739.2337      4601.9360

PRESSURE: 35 2847.13 475.904 397.541 475.904 2592.17 7.89073 397.541 7.89073 1905.05
GPRESSURE: 35 4553.17 743.8 440.234 378.206 4240.71 25.0239 420.171 -124.809 3596.11
ENERGY:      35      1166.0082      1235.0194       273.8562        22.5072         -31925.3160      3762.9673         0.0000         0.0000         0.0000         -25464.9577        -0.0000    -25464.9577    -25464.9577         0.0000           2448.1163      4129.9988    110592.0000      2448.1163      4129.9988

PRESSURE: 36 2445.5 343.881 338.637 343.881 2104.52 64.6782 338.637 64.6782 1397.43
GPRESSURE: 36 3805.62 616.306 377.754 254.528 3444.72 63.8978 377.36 -102.012 2903.84
ENERGY:      36      1089.4735      1209.4593       276.8881        19.3028         -32139.6278      3569.8809         0.0000         0.0000         0.0000         -25974.6231        -0.0000    -25974.6231    -25974.6231         0.0000           1982.4829      3384.7276    110592.0000      1982.4829      3384.7276

PRESSURE: 37 2057.85 -477.059 937.896 -477.059 1758.2 -673.264 937.896 -673.264 1276.09
GPRESSURE: 37 3659.51 -30.5748 1213.31 -1388.56 2511.5 -972.509 1960.85 -676.55 2942.97
ENERGY:      37      1317.9587      1249.1308       286.0399        16.2577         -32564.6216      3560.7560         0.0000         0.0000         0.0000         -26134.4785        -0.0000    -26134.4785    -26134.4785         0.0000           1697.3827      3037.9929    110592.0000      1697.3827      3037.9929

PRESSURE: 38 4.38969e+09 6.55456e+09 -1.21541e+09 6.55456e+09 9.78709e+09 -1.81482e+09 -1.21541e+09 -1.81482e+09 3.36523e+08
GPRESSURE: 38 4.38955e+09 6.55454e+09 -1.21546e+09 6.55435e+09 9.78706e+09 -1.81489e+09 -1.21537e+09 -1.81481e+09 3.36539e+08
ENERGY:      38      3342.2955      1649.5150       324.4851        24.1967         -33419.4796 1924510801.5305         0.0000         0.0000         0.0000      1924482722.5432        -0.0000 1924482722.5432 1924482722.5432         0.0000      4837767610.4383 4837714904.6552    110592.0000 4837767610.4383 4837714904.6552

LINE MINIMIZER BRACKET: DX 0.000512 0.001024 DU -159.855 1.92451e+09 DUDX -1.56827e+06 2.74417e+06 3.01844e+07 
PRESSURE: 39 2049.23 135.87 385.73 135.87 1603.26 20.9267 385.73 20.9267 946.517
GPRESSURE: 39 3195.42 433.516 458.527 -0.367237 2674.61 -22.1114 524.686 -158.008 2370.25
ENERGY:      39      1151.8722      1216.8963       281.2979        17.0636         -32374.3548      3429.1516         0.0000         0.0000         0.0000         -26278.0732        -0.0000    -26278.0732    -26278.0732         0.0000           1533.0018      2746.7594    110592.0000      1533.0018      2746.7594

LINE MINIMIZER BRACKET: DX 0.000282151 0.000229849 DU -303.45 143.595 DUDX -1.56827e+06 -492288 2.74417e+06 
PRESSURE: 40 1997.86 73.2819 426.946 73.2819 1539.55 -24.0532 426.946 -24.0532 904.601
GPRESSURE: 40 3145.37 382.402 515.433 -105.338 2564.62 -84.5714 623.256 -195.756 2334.83
ETITLE:      TS           BOND          ANGLE          DIHED          IMPRP               ELECT            VDW       BOUNDARY           MISC        KINETIC               TOTAL           TEMP      POTENTIAL         TOTAL3        TEMPAVG            PRESSURE      GPRESSURE         VOLUME       PRESSAVG      GPRESSAVG

ENERGY:      40      1179.5371      1222.0212       282.2327        16.8069         -32416.3452      3420.3085         0.0000         0.0000         0.0000         -26295.4387        -0.0000    -26295.4387    -26295.4387         0.0000           1480.6707      2681.6051    110592.0000      1480.6707      2681.6051

LINE MINIMIZER BRACKET: DX 5.06488e-05 0.0001792 DU -17.3655 160.96 DUDX -492288 -179077 2.74417e+06 
PRESSURE: 41 1983.36 46.3851 447.112 46.3851 1522.85 -46.888 447.112 -46.888 897.214
GPRESSURE: 41 3137.79 360.893 542.915 -154.509 2530.57 -115.749 671.754 -214.144 2332.84
ENERGY:      41      1190.5318      1224.1049       282.5764        16.7268         -32431.1921      3419.7923         0.0000         0.0000         0.0000         -26297.4599        -0.0000    -26297.4599    -26297.4599         0.0000           1467.8076      2667.0684    110592.0000      1467.8076      2667.0684

LINE MINIMIZER BRACKET: DX 1.792e-05 0.00016128 DU -2.02121 162.981 DUDX -179077 -43899.7 2.74417e+06 
PRESSURE: 42 1972.47 19.3521 468.505 19.3521 1511.41 -71.58 468.505 -71.58 894.996
GPRESSURE: 42 3136.91 339.513 571.963 -206.13 2502.81 -149.307 723.606 -233.677 2337.3
ENERGY:      42      1200.9670      1226.1004       282.8919        16.6595         -32444.5522      3420.8437         0.0000         0.0000         0.0000         -26297.0898        -0.0000    -26297.0898    -26297.0898         0.0000           1459.6242      2659.0067    110592.0000      1459.6242      2659.0067

LINE MINIMIZER BRACKET: DX 1.792e-05 1.6128e-05 DU -2.02121 0.370136 DUDX -179077 -43899.7 92611 
PRESSURE: 43 1979.54 37.8285 453.768 37.8285 1518.68 -54.5299 453.768 -54.5299 895.978
GPRESSURE: 43 3136.82 354.101 551.962 -170.619 2521.14 -126.146 687.844 -220.224 2333.6
ENERGY:      43      1193.9018      1224.7476       282.6793        16.7042         -32435.5796      3419.9669         0.0000         0.0000         0.0000         -26297.5798        -0.0000    -26297.5798    -26297.5798         0.0000           1464.7321      2663.8505    110592.0000      1464.7321      2663.8505

LINE MINIMIZER BRACKET: DX 5.29558e-06 1.08324e-05 DU -0.119949 0.490086 DUDX -43899.7 -768.017 92611 
LINE MINIMIZER REDUCING GRADIENT FROM 2.1554e+06 TO 2155.4
PRESSURE: 44 1916.47 40.5295 448.215 40.5295 1491.26 -51.1294 448.215 -51.1294 861.092
GPRESSURE: 44 3035.08 352.07 539.536 -164.081 2457.76 -117.604 671.919 -214.609 2250.68
ENERGY:      44      1174.1493      1216.4777       283.1700        15.9330         -32469.0148      3395.3595         0.0000         0.0000         0.0000         -26383.9253        -0.0000    -26383.9253    -26383.9253         0.0000           1422.9422      2581.1739    110592.0000      1422.9422      2581.1739

PRESSURE: 45 1853.4 42.8475 443.032 42.8475 1463.03 -47.9317 443.032 -47.9317 825.634
GPRESSURE: 45 2935.22 349.86 527.71 -158.072 2395.13 -109.453 656.795 -209.288 2169.18
ENERGY:      45      1155.6005      1208.7607       283.6697        15.2326         -32502.4140      3371.3248         0.0000         0.0000         0.0000         -26467.8257        -0.0000    -26467.8257    -26467.8257         0.0000           1380.6861      2499.8464    110592.0000      1380.6861      2499.8464

PRESSURE: 46 1726.92 46.3889 433.765 46.3889 1404.06 -42.144 433.765 -42.144 752.826
GPRESSURE: 46 2740.77 344.955 505.81 -147.532 2272.08 -94.3054 628.863 -199.522 2010.18
ENERGY:      46      1122.1178      1194.9820       284.6938        14.0270         -32569.1083      3324.9130         0.0000         0.0000         0.0000         -26628.3748        -0.0000    -26628.3748    -26628.3748         0.0000           1294.6012      2341.0095    110592.0000      1294.6012      2341.0095

PRESSURE: 47 1471.32 49.267 418.947 49.267 1275.75 -32.7058 418.947 -32.7058 598.49
GPRESSURE: 47 2371.25 333.317 468.091 -131.844 2034.02 -68.2012 581.074 -183.188 1706.64
ENERGY:      47      1069.6544      1174.0323       286.8271        12.2969         -32702.0670      3238.3277         0.0000         0.0000         0.0000         -26920.9284        -0.0000    -26920.9284    -26920.9284         0.0000           1115.1847      2037.3065    110592.0000      1115.1847      2037.3065

PRESSURE: 48 940.123 40.5884 401.19 40.5884 973.939 -20.9045 401.19 -20.9045 246.784
GPRESSURE: 48 1698.75 304.122 412.581 -118.068 1584.76 -30.5677 511.623 -161.923 1146.37
ENERGY:      48      1023.2930      1158.5693       291.3342        10.9534         -32966.3423      3087.4286         0.0000         0.0000         0.0000         -27394.7637        -0.0000    -27394.7637    -27394.7637         0.0000            720.2821      1476.6274    110592.0000       720.2821      1476.6274

PRESSURE: 49 -262.358 -13.5954 394.678 -13.5954 166.292 -13.6353 394.678 -13.6353 -669.567
GPRESSURE: 49 554.324 227.157 357.475 -139.975 768.763 0.787863 442.11 -157.825 150.756
ENERGY:      49      1173.3193      1234.5606       300.6771        13.9398         -33488.5661      2859.0701         0.0000         0.0000         0.0000         -27906.9993        -0.0000    -27906.9993    -27906.9993         0.0000           -255.2110       491.2810    110592.0000      -255.2110       491.2810

LDB: ============= START OF LOAD BALANCING ============== 27.4807
LDB: Largest compute 548 load 0.316437 is 50.8% of average load 0.622832
LDB: Average compute 0.028315 is 4.5% of average load 0.622832
LDB: Partitioning computes with target load 0.062283
LDB: Partitioning compute 67 with load 0.210214 by 4
LDB: Partitioning compute 63 with load 0.231192 by 4
LDB: Partitioning compute 87 with load 0.214949 by 4
LDB: Partitioning compute 92 with load 0.216164 by 4
LDB: Partitioning compute 72 with load 0.192018 by 4
LDB: Partitioning compute 78 with load 0.198680 by 4
LDB: Partitioning compute 73 with load 0.199163 by 4
LDB: Partitioning compute 54 with load 0.160799 by 3
LDB: Partitioning compute 1654 with load 0.270083 by 5
LDB: Partitioning compute 1658 with load 0.239809 by 4
LDB: Partitioning compute 1659 with load 0.119246 by 2
LDB: Partitioning compute 1678 with load 0.064498 by 2
LDB: Partitioning compute 1694 with load 0.095300 by 2
LDB: Partitioning compute 1469 with load 0.280069 by 5
LDB: Partitioning compute 1473 with load 0.276801 by 5
LDB: Partitioning compute 1474 with load 0.131716 by 3
LDB: Partitioning compute 1493 with load 0.071900 by 2
LDB: Partitioning compute 1509 with load 0.126033 by 3
LDB: Partitioning compute 88 with load 0.196685 by 4
LDB: Partitioning compute 729 with load 0.266278 by 5
LDB: Partitioning compute 733 with load 0.255978 by 5
LDB: Partitioning compute 734 with load 0.121595 by 2
LDB: Partitioning compute 753 with load 0.090559 by 2
LDB: Partitioning compute 769 with load 0.107040 by 2
LDB: Partitioning compute 59 with load 0.187221 by 4
LDB: Partitioning compute 84 with load 0.154848 by 3
LDB: Partitioning compute 68 with load 0.184103 by 3
LDB: Partitioning compute 58 with load 0.221726 by 4
LDB: Partitioning compute 64 with load 0.166938 by 3
LDB: Partitioning compute 69 with load 0.190401 by 4
LDB: Partitioning compute 53 with load 0.163849 by 3
LDB: Partitioning compute 93 with load 0.201317 by 4
LDB: Partitioning compute 98 with load 0.211288 by 4
LDB: Partitioning compute 83 with load 0.215932 by 4
LDB: Partitioning compute 74 with load 0.158255 by 3
LDB: Partitioning compute 99 with load 0.171668 by 3
LDB: Partitioning compute 79 with load 0.185319 by 3
LDB: Partitioning compute 766 with load 0.243490 by 4
LDB: Partitioning compute 770 with load 0.270827 by 5
LDB: Partitioning compute 771 with load 0.104738 by 2
LDB: Partitioning compute 790 with load 0.076542 by 2
LDB: Partitioning compute 806 with load 0.126326 by 3
LDB: Partitioning compute 97 with load 0.142251 by 3
LDB: Partitioning compute 658 with load 0.090357 by 2
LDB: Partitioning compute 803 with load 0.231092 by 4
LDB: Partitioning compute 807 with load 0.238547 by 4
LDB: Partitioning compute 808 with load 0.092818 by 2
LDB: Partitioning compute 827 with load 0.064885 by 2
LDB: Partitioning compute 89 with load 0.195937 by 4
LDB: Partitioning compute 1839 with load 0.234256 by 4
LDB: Partitioning compute 1843 with load 0.167631 by 3
LDB: Partitioning compute 1844 with load 0.090683 by 2
LDB: Partitioning compute 1879 with load 0.095054 by 2
LDB: Partitioning compute 288 with load 0.088990 by 2
LDB: Partitioning compute 433 with load 0.206206 by 4
LDB: Partitioning compute 437 with load 0.238053 by 4
LDB: Partitioning compute 438 with load 0.092977 by 2
LDB: Partitioning compute 1136 with load 0.270184 by 5
LDB: Partitioning compute 1140 with load 0.273310 by 5
LDB: Partitioning compute 1141 with load 0.109989 by 2
LDB: Partitioning compute 1176 with load 0.119525 by 2
LDB: Partitioning compute 103 with load 0.086024 by 2
LDB: Partitioning compute 248 with load 0.210232 by 4
LDB: Partitioning compute 252 with load 0.218658 by 4
LDB: Partitioning compute 253 with load 0.092697 by 2
LDB: Partitioning compute 272 with load 0.079021 by 2
LDB: Partitioning compute 951 with load 0.240938 by 4
LDB: Partitioning compute 955 with load 0.203303 by 4
LDB: Partitioning compute 956 with load 0.095314 by 2
LDB: Partitioning compute 975 with load 0.080222 by 2
LDB: Partitioning compute 991 with load 0.083229 by 2
LDB: Partitioning compute 581 with load 0.257820 by 5
LDB: Partitioning compute 585 with load 0.274449 by 5
LDB: Partitioning compute 586 with load 0.117350 by 2
LDB: Partitioning compute 605 with load 0.102742 by 2
LDB: Partitioning compute 621 with load 0.098491 by 2
LDB: Partitioning compute 843 with load 0.080500 by 2
LDB: Partitioning compute 988 with load 0.194652 by 4
LDB: Partitioning compute 992 with load 0.200320 by 4
LDB: Partitioning compute 993 with load 0.076514 by 2
LDB: Partitioning compute 1012 with load 0.069115 by 2
LDB: Partitioning compute 94 with load 0.201229 by 4
LDB: Partitioning compute 1028 with load 0.097570 by 2
LDB: Partitioning compute 1173 with load 0.235445 by 4
LDB: Partitioning compute 1177 with load 0.222389 by 4
LDB: Partitioning compute 1178 with load 0.085340 by 2
LDB: Partitioning compute 1691 with load 0.262528 by 5
LDB: Partitioning compute 1695 with load 0.251429 by 5
LDB: Partitioning compute 1696 with load 0.102651 by 2
LDB: Partitioning compute 1715 with load 0.080974 by 2
LDB: Partitioning compute 1731 with load 0.126040 by 3
LDB: Partitioning compute 914 with load 0.259619 by 5
LDB: Partitioning compute 918 with load 0.224512 by 4
LDB: Partitioning compute 919 with load 0.085382 by 2
LDB: Partitioning compute 938 with load 0.062643 by 2
LDB: Partitioning compute 954 with load 0.093836 by 2
LDB: Partitioning compute 1506 with load 0.245268 by 4
LDB: Partitioning compute 1510 with load 0.270634 by 5
LDB: Partitioning compute 1511 with load 0.098163 by 2
LDB: Partitioning compute 1546 with load 0.132178 by 3
LDB: Partitioning compute 1398 with load 0.084379 by 2
LDB: Partitioning compute 1543 with load 0.217426 by 4
LDB: Partitioning compute 1547 with load 0.256606 by 5
LDB: Partitioning compute 1548 with load 0.110034 by 2
LDB: Partitioning compute 473 with load 0.119368 by 2
LDB: Partitioning compute 618 with load 0.235301 by 4
LDB: Partitioning compute 622 with load 0.236058 by 4
LDB: Partitioning compute 623 with load 0.090774 by 2
LDB: Partitioning compute 211 with load 0.226168 by 4
LDB: Partitioning compute 215 with load 0.264384 by 5
LDB: Partitioning compute 216 with load 0.121063 by 2
LDB: Partitioning compute 235 with load 0.073368 by 2
LDB: Partitioning compute 251 with load 0.110741 by 2
LDB: Partitioning compute 1213 with load 0.097454 by 2
LDB: Partitioning compute 1358 with load 0.190745 by 4
LDB: Partitioning compute 1362 with load 0.231022 by 4
LDB: Partitioning compute 1363 with load 0.089601 by 2
LDB: Partitioning compute 396 with load 0.272954 by 5
LDB: Partitioning compute 400 with load 0.288757 by 5
LDB: Partitioning compute 401 with load 0.095113 by 2
LDB: Partitioning compute 420 with load 0.091208 by 2
LDB: Partitioning compute 436 with load 0.137870 by 3
LDB: Partitioning compute 1876 with load 0.258772 by 5
LDB: Partitioning compute 1880 with load 0.262719 by 5
LDB: Partitioning compute 1881 with load 0.114383 by 2
LDB: Partitioning compute 1900 with load 0.064086 by 2
LDB: Partitioning compute 1916 with load 0.096947 by 2
LDB: Partitioning compute 1321 with load 0.240099 by 4
LDB: Partitioning compute 1325 with load 0.269594 by 5
LDB: Partitioning compute 1326 with load 0.123787 by 2
LDB: Partitioning compute 1345 with load 0.072950 by 2
LDB: Partitioning compute 1361 with load 0.093277 by 2
LDB: Partitioning compute 1913 with load 0.173165 by 3
LDB: Partitioning compute 1917 with load 0.217896 by 4
LDB: Partitioning compute 1918 with load 0.081403 by 2
LDB: Partitioning compute 1583 with load 0.099827 by 2
LDB: Partitioning compute 1728 with load 0.252001 by 5
LDB: Partitioning compute 1732 with load 0.257244 by 5
LDB: Partitioning compute 1733 with load 0.087973 by 2
LDB: Partitioning compute 1752 with load 0.063695 by 2
LDB: Partitioning compute 60 with load 0.211176 by 4
LDB: Partitioning compute 96 with load 0.172112 by 3
LDB: Partitioning compute 85 with load 0.156626 by 3
LDB: Partitioning compute 77 with load 0.134853 by 3
LDB: Partitioning compute 65 with load 0.168216 by 3
LDB: Partitioning compute 91 with load 0.222161 by 4
LDB: Partitioning compute 90 with load 0.198331 by 4
LDB: Partitioning compute 57 with load 0.184144 by 3
LDB: Partitioning compute 62 with load 0.242512 by 4
LDB: Partitioning compute 71 with load 0.169489 by 3
LDB: Partitioning compute 52 with load 0.186030 by 3
LDB: Partitioning compute 76 with load 0.207303 by 4
LDB: Partitioning compute 81 with load 0.207531 by 4
LDB: Partitioning compute 75 with load 0.182938 by 3
LDB: Partitioning compute 55 with load 0.170941 by 3
LDB: Partitioning compute 61 with load 0.171848 by 3
LDB: Partitioning compute 50 with load 0.174449 by 3
LDB: Partitioning compute 70 with load 0.163363 by 3
LDB: Partitioning compute 66 with load 0.218986 by 4
LDB: Partitioning compute 82 with load 0.192119 by 4
LDB: Partitioning compute 95 with load 0.149927 by 3
LDB: Partitioning compute 51 with load 0.178988 by 3
LDB: Partitioning compute 80 with load 0.152782 by 3
LDB: Partitioning compute 1395 with load 0.220893 by 4
LDB: Partitioning compute 1399 with load 0.236819 by 4
LDB: Partitioning compute 1400 with load 0.118067 by 2
LDB: Partitioning compute 1435 with load 0.110522 by 2
LDB: Partitioning compute 56 with load 0.180718 by 3
LDB: Partitioning compute 1617 with load 0.284804 by 5
LDB: Partitioning compute 1621 with load 0.259852 by 5
LDB: Partitioning compute 1622 with load 0.099407 by 2
LDB: Partitioning compute 1641 with load 0.078131 by 2
LDB: Partitioning compute 1657 with load 0.119253 by 2
LDB: Partitioning compute 1210 with load 0.232443 by 4
LDB: Partitioning compute 1214 with load 0.215781 by 4
LDB: Partitioning compute 1215 with load 0.096873 by 2
LDB: Partitioning compute 1234 with load 0.069218 by 2
LDB: Partitioning compute 1250 with load 0.098478 by 2
LDB: Partitioning compute 1099 with load 0.217718 by 4
LDB: Partitioning compute 1103 with load 0.214910 by 4
LDB: Partitioning compute 1104 with load 0.102363 by 2
LDB: Partitioning compute 1139 with load 0.116545 by 2
LDB: Partitioning compute 359 with load 0.283852 by 5
LDB: Partitioning compute 363 with load 0.269590 by 5
LDB: Partitioning compute 364 with load 0.103446 by 2
LDB: Partitioning compute 383 with load 0.071812 by 2
LDB: Partitioning compute 399 with load 0.148446 by 3
LDB: Partitioning compute 1802 with load 0.206451 by 4
LDB: Partitioning compute 1806 with load 0.236657 by 4
LDB: Partitioning compute 1807 with load 0.079784 by 2
LDB: Partitioning compute 1842 with load 0.089165 by 2
LDB: Partitioning compute 86 with load 0.192661 by 4
LDB: Partitioning compute 1284 with load 0.271681 by 5
LDB: Partitioning compute 1288 with load 0.262648 by 5
LDB: Partitioning compute 1289 with load 0.117800 by 2
LDB: Partitioning compute 1308 with load 0.063102 by 2
LDB: Partitioning compute 1324 with load 0.126503 by 3
LDB: Partitioning compute 100 with load 0.237874 by 4
LDB: Partitioning compute 104 with load 0.245358 by 4
LDB: Partitioning compute 105 with load 0.095621 by 2
LDB: Partitioning compute 124 with load 0.072878 by 2
LDB: Partitioning compute 140 with load 0.118733 by 2
LDB: Partitioning compute 877 with load 0.245325 by 4
LDB: Partitioning compute 881 with load 0.221590 by 4
LDB: Partitioning compute 882 with load 0.099587 by 2
LDB: Partitioning compute 901 with load 0.062969 by 2
LDB: Partitioning compute 917 with load 0.095459 by 2
LDB: Partitioning compute 1025 with load 0.250488 by 5
LDB: Partitioning compute 1029 with load 0.224695 by 4
LDB: Partitioning compute 1030 with load 0.121787 by 2
LDB: Partitioning compute 1065 with load 0.093804 by 2
LDB: Partitioning compute 470 with load 0.271845 by 5
LDB: Partitioning compute 474 with load 0.266951 by 5
LDB: Partitioning compute 475 with load 0.146341 by 3
LDB: Partitioning compute 494 with load 0.073980 by 2
LDB: Partitioning compute 510 with load 0.096508 by 2
LDB: Partitioning compute 655 with load 0.264137 by 5
LDB: Partitioning compute 659 with load 0.222776 by 4
LDB: Partitioning compute 660 with load 0.088970 by 2
LDB: Partitioning compute 679 with load 0.069048 by 2
LDB: Partitioning compute 695 with load 0.118854 by 2
LDB: Partitioning compute 1580 with load 0.287903 by 5
LDB: Partitioning compute 1584 with load 0.239573 by 4
LDB: Partitioning compute 1585 with load 0.112569 by 2
LDB: Partitioning compute 1604 with load 0.072140 by 2
LDB: Partitioning compute 1620 with load 0.126087 by 3
LDB: Partitioning compute 840 with load 0.213706 by 4
LDB: Partitioning compute 844 with load 0.216122 by 4
LDB: Partitioning compute 845 with load 0.093277 by 2
LDB: Partitioning compute 864 with load 0.063857 by 2
LDB: Partitioning compute 880 with load 0.095869 by 2
LDB: Partitioning compute 1765 with load 0.229423 by 4
LDB: Partitioning compute 1769 with load 0.186710 by 3
LDB: Partitioning compute 1770 with load 0.104837 by 2
LDB: Partitioning compute 1805 with load 0.080034 by 2
LDB: Partitioning compute 544 with load 0.301642 by 5
LDB: Partitioning compute 548 with load 0.316437 by 6
LDB: Partitioning compute 549 with load 0.127310 by 3
LDB: Partitioning compute 568 with load 0.088557 by 2
LDB: Partitioning compute 584 with load 0.140567 by 3
LDB: Partitioning compute 1432 with load 0.282765 by 5
LDB: Partitioning compute 1436 with load 0.271232 by 5
LDB: Partitioning compute 1437 with load 0.122461 by 2
LDB: Partitioning compute 1472 with load 0.129979 by 3
LDB: Partitioning compute 692 with load 0.272163 by 5
LDB: Partitioning compute 696 with load 0.243937 by 4
LDB: Partitioning compute 697 with load 0.119129 by 2
LDB: Partitioning compute 716 with load 0.077526 by 2
LDB: Partitioning compute 732 with load 0.104225 by 2
LDB: Partitioning compute 174 with load 0.220115 by 4
LDB: Partitioning compute 178 with load 0.261215 by 5
LDB: Partitioning compute 179 with load 0.128084 by 3
LDB: Partitioning compute 198 with load 0.063510 by 2
LDB: Partitioning compute 214 with load 0.106690 by 2
LDB: Partitioning compute 137 with load 0.248447 by 4
LDB: Partitioning compute 141 with load 0.241339 by 4
LDB: Partitioning compute 142 with load 0.108717 by 2
LDB: Partitioning compute 161 with load 0.077107 by 2
LDB: Partitioning compute 177 with load 0.117160 by 2
LDB: Partitioning compute 285 with load 0.223232 by 4
LDB: Partitioning compute 289 with load 0.223343 by 4
LDB: Partitioning compute 290 with load 0.096807 by 2
LDB: Partitioning compute 325 with load 0.105336 by 2
LDB: Partitioning compute 507 with load 0.258195 by 5
LDB: Partitioning compute 511 with load 0.259424 by 5
LDB: Partitioning compute 512 with load 0.110372 by 2
LDB: Partitioning compute 531 with load 0.076781 by 2
LDB: Partitioning compute 547 with load 0.137481 by 3
LDB: Partitioning compute 322 with load 0.250473 by 5
LDB: Partitioning compute 326 with load 0.234923 by 4
LDB: Partitioning compute 327 with load 0.128167 by 3
LDB: Partitioning compute 346 with load 0.077282 by 2
LDB: Partitioning compute 362 with load 0.100974 by 2
LDB: Partitioning compute 1062 with load 0.213446 by 4
LDB: Partitioning compute 1066 with load 0.275650 by 5
LDB: Partitioning compute 1067 with load 0.123148 by 2
LDB: Partitioning compute 1086 with load 0.064647 by 2
LDB: Partitioning compute 1102 with load 0.091500 by 2
LDB: Partitioning compute 1247 with load 0.263218 by 5
LDB: Partitioning compute 1251 with load 0.258960 by 5
LDB: Partitioning compute 1252 with load 0.133202 by 3
LDB: Partitioning compute 1287 with load 0.112151 by 2
LDB: Increased migratable compute count from 2150 to 2768
LDB: Largest unpartitionable compute is 0.042739
LDB: ============== END OF LOAD BALANCING =============== 27.5955
Info: build node-aware spanning tree with send: 1, recv: 0 with branch factor 9
Info: useSync: 0 useProxySync: 0
LDB: =============== DONE WITH MIGRATION ================ 27.6145
PRESSURE: 50 -3448.51 -117 406.612 -117 -2399.84 -39.4059 406.612 -39.4059 -3436.86
GPRESSURE: 50 -1161.1 3.88521 433.966 -301.957 -472.674 -120.764 453.083 -427.591 -1484.28
Info: Initial time: 128 CPUs 0.0391505 s/step 0.226565 days/ns 202.062 MB memory
ETITLE:      TS           BOND          ANGLE          DIHED          IMPRP               ELECT            VDW       BOUNDARY           MISC        KINETIC               TOTAL           TEMP      POTENTIAL         TOTAL3        TEMPAVG            PRESSURE      GPRESSURE         VOLUME       PRESSAVG      GPRESSAVG

ENERGY:      50      2576.2431      1811.0887       318.6265        35.7353         -34510.3183      2650.0502         0.0000         0.0000         0.0000         -27118.5746        -0.0000    -27118.5746    -27118.5746         0.0000          -3095.0690     -1039.3492    110592.0000     -3095.0690     -1039.3492

LINE MINIMIZER BRACKET: DX 0.000650094 0.00130019 DU -512.236 788.425 DUDX -1.23304e+06 -341174 1.62658e+06 
PRESSURE: 51 -755.205 -37.4869 396.835 -37.4869 -199.326 -13.3069 396.835 -13.3069 -1077.05
GPRESSURE: 51 192.763 194.198 351.051 -159.197 497.901 0.545046 431.667 -169.161 -180.913
ENERGY:      51      1311.2723      1297.1091       303.9940        16.3868         -33674.6455      2797.2657         0.0000         0.0000         0.0000         -27948.6178        -0.0000    -27948.6178    -27948.6178         0.0000           -677.1937       169.9171    110592.0000      -677.1937       169.9171

LINE MINIMIZER BRACKET: DX 0.000234068 0.00106612 DU -41.6184 830.043 DUDX -341174 -13379.5 1.62658e+06 
PRESSURE: 52 -991.433 -48.1578 397.999 -48.1578 -379.977 -13.338 397.999 -13.338 -1276.77
GPRESSURE: 52 35.6106 178.29 350.164 -169.492 378.783 -1.5648 428.693 -177.152 -328.279
ENERGY:      52      1389.7412      1331.7356       305.4856        17.7133         -33759.0765      2772.4212         0.0000         0.0000         0.0000         -27941.9797        -0.0000    -27941.9797    -27941.9797         0.0000           -882.7280        28.7049    110592.0000      -882.7280        28.7049

LINE MINIMIZER BRACKET: DX 0.000234068 0.000106612 DU -41.6184 6.6381 DUDX -341174 -13379.5 138267 
PRESSURE: 53 -778.493 -38.5656 396.95 -38.5656 -216.978 -13.3031 396.95 -13.3031 -1096.62
GPRESSURE: 53 176.841 192.633 350.906 -160.185 485.873 0.394428 431.324 -169.871 -195.743
ENERGY:      53      1318.6716      1300.3996       304.1437        16.5135         -33683.0963      2794.6889         0.0000         0.0000         0.0000         -27948.6789        -0.0000    -27948.6789    -27948.6789         0.0000           -697.3621       155.6569    110592.0000      -697.3621       155.6569

LINE MINIMIZER BRACKET: DX 1.06612e-05 9.59509e-05 DU -0.0611683 6.69927 DUDX -13379.5 1711.4 138267 
LINE MINIMIZER REDUCING GRADIENT FROM 2.7206e+06 TO 2720.6
PRESSURE: 54 -922.063 -61.0805 375.41 -61.0805 -389.309 2.32736 375.41 2.32736 -1166.62
GPRESSURE: 54 -18.8518 162.387 332.133 -179.5 264.653 20.9192 404.315 -157.271 -378.909
ENERGY:      54      1203.4239      1314.0843       305.4112        17.2436         -33813.6916      2749.8338         0.0000         0.0000         0.0000         -28223.6947        -0.0000    -28223.6947    -28223.6947         0.0000           -825.9972       -44.3692    110592.0000      -825.9972       -44.3692

PRESSURE: 55 -1084.41 -80.8338 355.179 -80.8338 -592.411 12.8559 355.179 12.8559 -1259.65
GPRESSURE: 55 -206.158 133.507 315.414 -197.121 41.9202 37.295 379.127 -150.011 -558.801
ENERGY:      55      1114.5289      1335.5266       306.7222        18.1264         -33943.6419      2709.5091         0.0000         0.0000         0.0000         -28459.2287        -0.0000    -28459.2287    -28459.2287         0.0000           -978.8207      -241.0130    110592.0000      -978.8207      -241.0130

PRESSURE: 56 -1466.13 -112.051 318.25 -112.051 -1092.23 17.6574 318.25 17.6574 -1515.53
GPRESSURE: 56 -556.673 79.1056 287.783 -228.112 -407.302 56.2721 333.884 -154.473 -909.987
ENERGY:      56      1015.8739      1402.4885       309.4755        20.4143         -34201.6186      2642.1041         0.0000         0.0000         0.0000         -28811.2624        -0.0000    -28811.2624    -28811.2624         0.0000          -1357.9648      -624.6540    110592.0000     -1357.9648      -624.6540

PRESSURE: 57 -2458.14 -141.83 257.828 -141.83 -2468.11 -46.0765 257.828 -46.0765 -2304.39
GPRESSURE: 57 -1162.02 -21.0813 255.746 -278.697 -1297.29 29.6916 266.018 -270.75 -1579.95
ENERGY:      57      1136.4861      1638.7913       315.5362        27.7878         -34709.9606      2560.4971         0.0000         0.0000         0.0000         -29030.8622        -0.0000    -29030.8622    -29030.8622         0.0000          -2410.2120     -1346.4199    110592.0000     -2410.2120     -1346.4199

PRESSURE: 58 -5171.1 -160.437 394.803 -160.437 -6484.07 -847.982 394.803 -847.982 -4373.64
GPRESSURE: 58 -1528.76 -431.342 477.401 -644.539 -2087.23 -591.613 901.409 -2158.23 -2318.63
ENERGY:      58      2673.4276      2570.7037       330.4646        68.3772         -35696.3958      2749.5222         0.0000         0.0000         0.0000         -27303.9006        -0.0000    -27303.9006    -27303.9006         0.0000          -5342.9357     -1978.2093    110592.0000     -5342.9357     -1978.2093

LINE MINIMIZER BRACKET: DX 0.000433321 0.000866642 DU -219.6 1726.96 DUDX -1.25656e+06 255632 4.14994e+06 
PRESSURE: 59 -2270.82 -139.707 266.622 -139.707 -2202.78 -27.586 266.622 -27.586 -2147.22
GPRESSURE: 59 -1069.89 -4.61414 258.809 -270.701 -1151.85 41.0826 274.743 -237.835 -1471.07
ENERGY:      59      1086.5463      1589.2064       314.4650        26.2214         -34625.4364      2569.0124         0.0000         0.0000         0.0000         -29039.9849        -0.0000    -29039.9849    -29039.9849         0.0000          -2206.9406     -1230.9364    110592.0000     -2206.9406     -1230.9364

LDB: ============= START OF LOAD BALANCING ============== 28.0105
LDB: ============== END OF LOAD BALANCING =============== 28.0115
Info: useSync: 0 useProxySync: 0
LDB: =============== DONE WITH MIGRATION ================ 28.0162
LINE MINIMIZER BRACKET: DX 0.000360676 7.26446e-05 DU -228.722 9.12267 DUDX -1.25656e+06 -3745.51 255632 
PRESSURE: 60 -2289.18 -139.973 265.717 -139.973 -2228.69 -29.2708 265.717 -29.2708 -2162.5
GPRESSURE: 60 -1079.28 -6.26446 258.458 -271.504 -1166.5 40.0896 273.81 -240.821 -1482.03
ETITLE:      TS           BOND          ANGLE          DIHED          IMPRP               ELECT            VDW       BOUNDARY           MISC        KINETIC               TOTAL           TEMP      POTENTIAL         TOTAL3        TEMPAVG            PRESSURE      GPRESSURE         VOLUME       PRESSAVG      GPRESSAVG

ENERGY:      60      1090.9994      1593.9789       314.5711        26.3710         -34633.8999      2568.0620         0.0000         0.0000         0.0000         -29039.9174        -0.0000    -29039.9174    -29039.9174         0.0000          -2226.7867     -1242.6043    110592.0000     -2226.7867     -1242.6043

LINE MINIMIZER BRACKET: DX 0.000360676 7.26446e-06 DU -228.722 0.0674219 DUDX -1.25656e+06 -3745.51 22055.8 
PRESSURE: 61 -2273.46 -139.745 266.492 -139.745 -2206.5 -27.8261 266.492 -27.8261 -2149.41
GPRESSURE: 61 -1071.24 -4.8512 258.759 -270.816 -1153.96 40.9418 274.609 -238.26 -1472.65
ENERGY:      61      1087.1791      1589.8900       314.4803        26.2428         -34626.6536      2568.8744         0.0000         0.0000         0.0000         -29039.9870        -0.0000    -29039.9870    -29039.9870         0.0000          -2209.7888     -1232.6169    110592.0000     -2209.7888     -1232.6169

LINE MINIMIZER BRACKET: DX 1.04437e-06 6.22009e-06 DU -0.00209492 0.0695168 DUDX -3745.51 -38.0587 22055.8 
LINE MINIMIZER REDUCING GRADIENT FROM 1.53675e+06 TO 1536.75
PRESSURE: 62 -1608.43 -196.361 279.687 -196.361 -1518.35 -51.4155 279.687 -51.4155 -1799.04
GPRESSURE: 62 -1325.54 -96.3743 295.25 -346.666 -1518.95 -28.0632 305.275 -226.025 -1867.52
ENERGY:      62       931.2858      1596.2380       316.3003        23.2616         -34976.7109      2493.0771         0.0000         0.0000         0.0000         -29616.5481        -0.0000    -29616.5481    -29616.5481         0.0000          -1641.9402     -1570.6705    110592.0000     -1641.9402     -1570.6705

PRESSURE: 63 -1067.29 -355.211 386.802 -355.211 -1053.72 -151.061 386.802 -151.061 -1601.7
GPRESSURE: 63 -1316.2 -333.486 449.849 -550.303 -1738.42 -186.179 482.499 -341.696 -2069.41
ENERGY:      63       965.7874      1661.9046       319.3426        21.8812         -35315.5691      2500.1541         0.0000         0.0000         0.0000         -29846.4992        -0.0000    -29846.4992    -29846.4992         0.0000          -1240.9050     -1708.0097    110592.0000     -1240.9050     -1708.0097

PRESSURE: 64 3458.8 -1947.25 2413.96 -1947.25 262.637 -1666.04 2413.96 -1666.04 -206.164
GPRESSURE: 64 7304.59 -6850.34 4408.54 -3229.82 -345.073 -2103.17 4672.26 -3560.54 554.218
ENERGY:      64      1587.6780      1974.8572       328.8439        23.6497         -35959.8227      3596.6035         0.0000         0.0000         0.0000         -28448.1903        -0.0000    -28448.1903    -28448.1903         0.0000           1171.7574      2504.5799    110592.0000      1171.7574      2504.5799

LINE MINIMIZER BRACKET: DX 0.000521555 0.00104311 DU -229.951 1398.31 DUDX -782437 -78218.2 4.5936e+06 
PRESSURE: 65 -955.631 -408.412 430.603 -408.412 -979.384 -189.376 430.603 -189.376 -1567.43
GPRESSURE: 65 -1253.77 -419.873 511.285 -621.232 -1755.77 -238.752 557.436 -396.126 -2068.03
ENERGY:      65       995.0009      1682.2040       320.0933        21.7868         -35382.0005      2516.6787         0.0000         0.0000         0.0000         -29846.2368        -0.0000    -29846.2368    -29846.2368         0.0000          -1167.4808     -1692.5255    110592.0000     -1167.4808     -1692.5255

LINE MINIMIZER BRACKET: DX 0.000521555 0.000104311 DU -229.951 0.262357 DUDX -782437 -78218.2 85356.8 
PRESSURE: 66 -1014.09 -379.782 406.638 -379.782 -1017.27 -168.513 406.638 -168.513 -1585.37
GPRESSURE: 66 -1289.79 -372.757 477.626 -582.862 -1748.31 -210.385 516.24 -366.086 -2071.22
ENERGY:      66       979.0182      1671.4380       319.7004        21.8280         -35347.8029      2507.3202         0.0000         0.0000         0.0000         -29848.4981        -0.0000    -29848.4981    -29848.4981         0.0000          -1205.5762     -1703.1061    110592.0000     -1205.5762     -1703.1061

LINE MINIMIZER BRACKET: DX 5.05307e-05 5.37804e-05 DU -1.99891 2.26127 DUDX -78218.2 -570.754 85356.8 
LINE MINIMIZER REDUCING GRADIENT FROM 1.83515e+06 TO 1835.15
PRESSURE: 67 -1611.62 -68.646 40.2631 -68.646 -1252.55 38.531 40.2631 38.531 -1903.42
GPRESSURE: 67 -2222.68 -38.7626 65.0634 -196.216 -2301.95 -9.36539 48.9626 -86.7567 -2661.35
ENERGY:      67       957.8365      1664.5160       321.6322        19.2062         -35665.8356      2334.9313         0.0000         0.0000         0.0000         -30367.7134        -0.0000    -30367.7134    -30367.7134         0.0000          -1589.1977     -2395.3252    110592.0000     -1589.1977     -2395.3252

PRESSURE: 68 -2116.54 44.6531 -101.841 44.6531 -1624.05 83.9858 -101.841 83.9858 -2312.51
GPRESSURE: 68 -2691.83 32.6508 -72.3624 -77.6711 -2669.72 36.4335 -86.5849 -6.31545 -3039.7
ENERGY:      68       999.2021      1697.5183       323.8527        19.8415         -35974.3281      2281.4513         0.0000         0.0000         0.0000         -30652.4623        -0.0000    -30652.4623    -30652.4623         0.0000          -2017.7004     -2800.4153    110592.0000     -2017.7004     -2800.4153

PRESSURE: 69 -3860.18 173.224 -252.375 173.224 -3180.79 -5.25765 -252.375 -5.25765 -3717.43
GPRESSURE: 69 -3378.28 31.4136 -126.052 36.8846 -3211.76 -73.4269 -102.26 -145.558 -3343.57
ENERGY:      69      1283.8251      1885.4431       328.7014        29.6224         -36564.1787      2306.6451         0.0000         0.0000         0.0000         -30729.9417        -0.0000    -30729.9417    -30729.9417         0.0000          -3586.1339     -3311.2037    110592.0000     -3586.1339     -3311.2037

PRESSURE: 70 -5026.97 4249.39 -1599.45 4249.39 8326.8 -21967.6 -1599.45 -21967.6 28131.4
GPRESSURE: 70 12389.9 -13190.5 9282.96 -2315.41 23238.1 -52270.7 18208.7 -51283 83164.3
ETITLE:      TS           BOND          ANGLE          DIHED          IMPRP               ELECT            VDW       BOUNDARY           MISC        KINETIC               TOTAL           TEMP      POTENTIAL         TOTAL3        TEMPAVG            PRESSURE      GPRESSURE         VOLUME       PRESSAVG      GPRESSAVG

ENERGY:      70      3132.5432      2862.3843       346.7528        75.8984         -37638.3488     10877.8036         0.0000         0.0000         0.0000         -20342.9665        -0.0000    -20342.9665    -20342.9665         0.0000          10477.0708     39597.4305    110592.0000     10477.0708     39597.4305

LINE MINIMIZER BRACKET: DX 0.000785099 0.0015702 DU -77.4794 10387 DUDX -518204 386905 3.05508e+07 
PRESSURE: 71 -3032.83 128.731 -205.082 128.731 -2430.34 62.9742 -205.082 62.9742 -3085
GPRESSURE: 71 -3131.86 47.6835 -134.227 -1.54339 -3026.89 8.68107 -132.973 -21.7058 -3332.34
ENERGY:      71      1134.6201      1789.7465       326.4979        24.4732         -36333.4210      2274.4509         0.0000         0.0000         0.0000         -30783.6323        -0.0000    -30783.6323    -30783.6323         0.0000          -2849.3933     -3163.6963    110592.0000     -2849.3933     -3163.6963

LINE MINIMIZER BRACKET: DX 0.000472328 0.000312771 DU -131.17 53.6907 DUDX -518204 -24581.7 386905 
PRESSURE: 72 -3107.65 133.623 -210.643 133.623 -2498.09 58.5459 -210.643 58.5459 -3145.62
GPRESSURE: 72 -3158.32 47.3191 -135.534 2.68879 -3047.68 3.24303 -132.758 -28.4361 -3342.82
ENERGY:      72      1147.2299      1798.0217       326.6974        24.9170         -36356.7460      2276.0490         0.0000         0.0000         0.0000         -30783.8310        -0.0000    -30783.8310    -30783.8310         0.0000          -2917.1215     -3182.9428    110592.0000     -2917.1215     -3182.9428

LINE MINIMIZER BRACKET: DX 3.12771e-05 0.000281494 DU -0.198707 53.8894 DUDX -24581.7 11976.4 386905 
PRESSURE: 73 -3083.02 132.033 -208.847 132.033 -2475.78 60.0377 -208.847 60.0377 -3125.72
GPRESSURE: 73 -3149.72 47.4593 -135.153 1.31405 -3040.95 5.07316 -132.885 -26.1362 -3339.57
ENERGY:      73      1143.0567      1795.2873       326.6317        24.7702         -36349.1328      2275.4939         0.0000         0.0000         0.0000         -30783.8929        -0.0000    -30783.8929    -30783.8929         0.0000          -2894.8376     -3176.7440    110592.0000     -2894.8376     -3176.7440

LINE MINIMIZER BRACKET: DX 2.1059e-05 1.02182e-05 DU -0.260592 0.0618856 DUDX -24581.7 -52.2378 11976.4 
LINE MINIMIZER REDUCING GRADIENT FROM 1.51541e+06 TO 1515.41
PRESSURE: 74 -4460.24 113.411 50.606 113.411 -3936.41 -112.807 50.606 -112.807 -3321.1
GPRESSURE: 74 -3645.86 -293.277 441.519 39.2705 -3740.58 40.1027 926.709 -1194.02 -1789.46
ENERGY:      74      1065.9876      1687.7339       321.3631        30.3275         -36734.4926      2436.4079         0.0000         0.0000         0.0000         -31192.6727        -0.0000    -31192.6727    -31192.6727         0.0000          -3905.9145     -3058.6335    110592.0000     -3905.9145     -3058.6335

PRESSURE: 75 -5728.09 107.336 9037.3 107.336 -5992.24 1462.98 9037.3 1462.98 64230.1
GPRESSURE: 75 9231.67 -20994.7 27671 3559.24 -9684.39 6642.5 107616 -163178 210874
ENERGY:      75      1762.0727      1779.8192       319.0390        52.5944         -37101.2658     12026.2437         0.0000         0.0000         0.0000         -21161.4968        -0.0000    -21161.4968    -21161.4968         0.0000          17503.2660     70140.3833    110592.0000     17503.2660     70140.3833

LINE MINIMIZER BRACKET: DX 0.000784946 0.000784946 DU -408.78 10031.2 DUDX -1.51541e+06 578382 6.60701e+07 
PRESSURE: 76 -4010.14 127.324 -76.1818 127.324 -3465.37 -74.5291 -76.1818 -74.5291 -3454.26
GPRESSURE: 76 -3587.18 -110.498 150.734 -4.89434 -3508.99 -25.5384 308.521 -424.378 -2899.37
ENERGY:      76      1012.7164      1697.7007       322.4484        27.8942         -36634.7361      2342.2964         0.0000         0.0000         0.0000         -31231.6800        -0.0000    -31231.6800    -31231.6800         0.0000          -3643.2574     -3331.8446    110592.0000     -3643.2574     -3331.8446

LINE MINIMIZER BRACKET: DX 0.000578425 0.000206521 DU -447.787 39.0074 DUDX -1.51541e+06 -138429 578382 
PRESSURE: 77 -4100.76 124.772 -56.2315 124.772 -3560.73 -84.9435 -56.2315 -84.9435 -3456.75
GPRESSURE: 77 -3608.21 -137.613 195.119 -0.612657 -3551.31 -20.8549 394.278 -525.851 -2757.28
ENERGY:      77      1019.5604      1694.4686       322.1988        28.3360         -36655.9321      2356.3080         0.0000         0.0000         0.0000         -31235.0604        -0.0000    -31235.0604    -31235.0604         0.0000          -3706.0792     -3305.5987    110592.0000     -3706.0792     -3305.5987

LINE MINIMIZER BRACKET: DX 4.36723e-05 0.000162849 DU -3.38034 42.3877 DUDX -138429 -14653.5 578382 
PRESSURE: 78 -4135.23 123.745 -48.0598 123.745 -3596.92 -88.6157 -48.0598 -88.6157 -3454.72
GPRESSURE: 78 -3615.15 -148.935 213.461 1.4805 -3567.76 -18.1995 430.805 -569.847 -2694.89
ENERGY:      78      1022.7178      1693.4165       322.1084        28.5102         -36663.8245      2362.1668         0.0000         0.0000         0.0000         -31234.9048        -0.0000    -31234.9048    -31234.9048         0.0000          -3728.9549     -3292.6028    110592.0000     -3728.9549     -3292.6028

LINE MINIMIZER BRACKET: DX 4.36723e-05 1.62849e-05 DU -3.38034 0.155584 DUDX -138429 -14653.5 34341.1 
PRESSURE: 79 -4111.16 124.464 -53.8015 124.464 -3571.64 -86.0658 -53.8015 -86.0658 -3456.32
GPRESSURE: 79 -3610.37 -140.967 200.562 -0.0118431 -3556.24 -20.1055 405.052 -538.781 -2738.98
ENERGY:      79      1020.4813      1694.1413       322.1713        28.3882         -36658.3219      2358.0423         0.0000         0.0000         0.0000         -31235.0975        -0.0000    -31235.0975    -31235.0975         0.0000          -3713.0419     -3301.8658    110592.0000     -3713.0419     -3301.8658

LINE MINIMIZER BRACKET: DX 4.92887e-06 1.1356e-05 DU -0.0371495 0.192734 DUDX -14653.5 -0.457269 34341.1 
LINE MINIMIZER REDUCING GRADIENT FROM 2.12203e+06 TO 2122.03
PRESSURE: 80 -4640.71 44.9859 -15.2955 44.9859 -4112.41 -329.032 -15.2955 -329.032 -4095.44
GPRESSURE: 80 -3937.32 -186.928 246.973 -164.237 -3641.64 -347.71 298.792 -369.355 -3337.96
ETITLE:      TS           BOND          ANGLE          DIHED          IMPRP               ELECT            VDW       BOUNDARY           MISC        KINETIC               TOTAL           TEMP      POTENTIAL         TOTAL3        TEMPAVG            PRESSURE      GPRESSURE         VOLUME       PRESSAVG      GPRESSAVG

ENERGY:      80      1080.0355      1582.9624       317.2118        27.3915         -36823.1428      2359.8394         0.0000         0.0000         0.0000         -31455.7022        -0.0000    -31455.7022    -31455.7022         0.0000          -4282.8546     -3638.9746    110592.0000     -4282.8546     -3638.9746

PRESSURE: 81 -5490.7 -98.5631 62.3001 -98.5631 -4862.72 -618.338 62.3001 -618.338 -4987.59
GPRESSURE: 81 -4179.04 -336.968 419.064 -376.667 -3589.29 -775.828 357.25 -415.434 -3591.19
ENERGY:      81      1306.7041      1535.9281       312.8125        28.5649         -36984.0884      2419.5554         0.0000         0.0000         0.0000         -31380.5234        -0.0000    -31380.5234    -31380.5234         0.0000          -5113.6709     -3786.5055    110592.0000     -5113.6709     -3786.5055

LINE MINIMIZER BRACKET: DX 0.000306604 0.000306604 DU -220.605 75.1788 DUDX -2.12203e+06 -229989 712141 
PRESSURE: 82 -4816.73 17.2003 1.34776 17.2003 -4277.06 -393.843 1.34776 -393.843 -4284.61
GPRESSURE: 82 -4001.48 -215.278 281.344 -209.518 -3645.54 -438.358 303.487 -365.266 -3420.34
ENERGY:      82      1119.5449      1566.0571       316.0830        27.4680         -36862.4577      2369.1731         0.0000         0.0000         0.0000         -31464.1315        -0.0000    -31464.1315    -31464.1315         0.0000          -4459.4679     -3689.1210    110592.0000     -4459.4679     -3689.1210

LINE MINIMIZER BRACKET: DX 7.41975e-05 0.000232406 DU -8.42932 83.6081 DUDX -229989 2451.65 712141 
PRESSURE: 83 -4798.3 20.1657 -0.401806 20.1657 -4260.09 -387.216 -0.401806 -387.216 -4265
GPRESSURE: 83 -3995.28 -212.185 277.627 -204.826 -3645.58 -428.949 302.658 -365.157 -3412.89
ENERGY:      83      1115.1553      1567.5794       316.1944        27.4546         -36858.5396      2368.0892         0.0000         0.0000         0.0000         -31464.0667        -0.0000    -31464.0667    -31464.0667         0.0000          -4441.1275     -3684.5832    110592.0000     -4441.1275     -3684.5832

LINE MINIMIZER BRACKET: DX 7.41975e-06 0.000232406 DU -0.0647939 83.6081 DUDX -20681.2 2451.65 712141 
PRESSURE: 84 -4814.7 17.5263 1.15568 17.5263 -4275.2 -393.116 1.15568 -393.116 -4282.45
GPRESSURE: 84 -4000.8 -214.937 280.934 -209.003 -3645.55 -437.324 303.393 -365.249 -3419.53
ENERGY:      84      1119.0590      1566.2222       316.0952        27.4665         -36862.0280      2369.0527         0.0000         0.0000         0.0000         -31464.1324        -0.0000    -31464.1324    -31464.1324         0.0000          -4457.4484     -3688.6268    110592.0000     -4457.4484     -3688.6268

LINE MINIMIZER BRACKET: DX 6.60653e-06 8.13225e-07 DU -0.0656629 0.000869003 DUDX -20681.2 -82.5313 2451.65 
LINE MINIMIZER REDUCING GRADIENT FROM 2.03201e+06 TO 2032.01
PRESSURE: 85 -4869.13 32.6864 -48.1906 32.6864 -4341.01 -408.785 -48.1906 -408.785 -4528.49
GPRESSURE: 85 -4107.53 -182.152 199.077 -206.119 -3657.72 -422.735 191.024 -227.143 -3744.19
ENERGY:      85      1100.4062      1495.2486       313.1331        24.0806         -36920.5797      2335.3781         0.0000         0.0000         0.0000         -31652.3331        -0.0000    -31652.3331    -31652.3331         0.0000          -4579.5431     -3836.4823    110592.0000     -4579.5431     -3836.4823

PRESSURE: 86 -4995.36 36.8176 -80.5338 36.8176 -4502.59 -429.117 -80.5338 -429.117 -4809.2
GPRESSURE: 86 -4197.41 -163.461 144.334 -198.373 -3681.9 -398.185 128.564 -149.023 -3959.12
ENERGY:      86      1110.6414      1438.0122       310.6014        21.9348         -36978.1024      2314.4092         0.0000         0.0000         0.0000         -31782.5033        -0.0000    -31782.5033    -31782.5033         0.0000          -4769.0477     -3946.1418    110592.0000     -4769.0477     -3946.1418

PRESSURE: 87 -5472.17 22.5933 -97.3938 22.5933 -5126.66 -501.837 -97.3938 -501.837 -5533.78
GPRESSURE: 87 -4340.21 -157.149 86.3135 -192.108 -3741.18 -365.382 73.1316 -79.9287 -4228.54
ENERGY:      87      1222.2420      1368.0035       307.2759        20.8128         -37090.1146      2300.2708         0.0000         0.0000         0.0000         -31871.5096        -0.0000    -31871.5096    -31871.5096         0.0000          -5377.5368     -4103.3075    110592.0000     -5377.5368     -4103.3075

PRESSURE: 88 -7304.53 -101.117 -34.4197 -101.117 -7420 -786.008 -34.4197 -786.008 -7794.72
GPRESSURE: 88 -4383.75 -301.953 179.26 -322.71 -3749 -474.703 129.534 -162.002 -4364
ENERGY:      88      1886.6725      1463.6789       306.4775        28.7678         -37302.4822      2391.9902         0.0000         0.0000         0.0000         -31224.8954        -0.0000    -31224.8954    -31224.8954         0.0000          -7506.4181     -4165.5870    110592.0000     -7506.4181     -4165.5870

LINE MINIMIZER BRACKET: DX 0.000305633 0.000611265 DU -89.0063 646.614 DUDX -676385 119800 2.1043e+06 
PRESSURE: 89 -5383.44 25.931 -97.4803 25.931 -5011.64 -488.717 -97.4803 -488.717 -5412.69
GPRESSURE: 89 -4322.48 -155.417 90.9665 -191.504 -3732.68 -367.288 77.28 -84.842 -4198.63
ENERGY:      89      1197.9387      1373.4874       307.6012        20.7383         -37074.0458      2300.2121         0.0000         0.0000         0.0000         -31874.0681        -0.0000    -31874.0681    -31874.0681         0.0000          -5269.2573     -4084.5945    110592.0000     -5269.2573     -4084.5945

LINE MINIMIZER BRACKET: DX 0.000261091 4.45415e-05 DU -91.5648 2.55855 DUDX -676385 -4782.91 119800 
PRESSURE: 90 -5392.01 25.6186 -97.5017 25.6186 -5022.78 -489.987 -97.5017 -489.987 -5424.53
GPRESSURE: 90 -4324.3 -155.547 90.4435 -191.535 -3733.53 -367.043 76.8123 -84.2806 -4201.73
ETITLE:      TS           BOND          ANGLE          DIHED          IMPRP               ELECT            VDW       BOUNDARY           MISC        KINETIC               TOTAL           TEMP      POTENTIAL         TOTAL3        TEMPAVG            PRESSURE      GPRESSURE         VOLUME       PRESSAVG      GPRESSAVG

ENERGY:      90      1200.2396      1372.8613       307.5663        20.7423         -37075.6546      2300.1855         0.0000         0.0000         0.0000         -31874.0596        -0.0000    -31874.0596    -31874.0596         0.0000          -5279.7741     -4086.5188    110592.0000     -5279.7741     -4086.5188

LINE MINIMIZER BRACKET: DX 0.000261091 4.45415e-06 DU -91.5648 0.00855936 DUDX -676385 -4782.91 7579.7 
LINE MINIMIZER REDUCING GRADIENT FROM 1.24941e+06 TO 1249.41
PRESSURE: 91 -5110.77 -14.7574 -126.578 -14.7574 -4832.72 -479.217 -126.578 -479.217 -5332.96
GPRESSURE: 91 -4294.33 -143.019 41.0038 -173.129 -3725.62 -445.006 16.2218 -141.188 -4298.18
ENERGY:      91      1120.4717      1277.6855       305.3178        19.1559         -37141.7423      2280.8357         0.0000         0.0000         0.0000         -32138.2758        -0.0000    -32138.2758    -32138.2758         0.0000          -5092.1485     -4106.0422    110592.0000     -5092.1485     -4106.0422

PRESSURE: 92 -5005.51 -107.609 -174.204 -107.609 -4792.91 -466.437 -174.204 -466.437 -5467.82
GPRESSURE: 92 -4184.09 -206.176 16.3265 -231.765 -3631.42 -540.987 -17.6117 -239.103 -4386.13
ENERGY:      92      1190.9006      1234.6225       303.8651        19.3139         -37205.8320      2294.5508         0.0000         0.0000         0.0000         -32162.5791        -0.0000    -32162.5791    -32162.5791         0.0000          -5088.7481     -4067.2144    110592.0000     -5088.7481     -4067.2144

PRESSURE: 93 -5193.69 -698.304 -384.414 -698.304 -4368.29 -304.695 -384.414 -304.695 -6385.85
GPRESSURE: 93 -3520.1 -869.202 121.108 -930.748 -2320.1 -709.59 -56.463 -495.25 -4362.14
ENERGY:      93      1857.2462      1292.4674       302.7981        24.0312         -37329.0771      2553.7833         0.0000         0.0000         0.0000         -31298.7508        -0.0000    -31298.7508    -31298.7508         0.0000          -5315.9414     -3400.7798    110592.0000     -5315.9414     -3400.7798

LINE MINIMIZER BRACKET: DX 0.000356346 0.000712693 DU -24.3033 863.828 DUDX -421930 305385 2.25076e+06 
PRESSURE: 94 -5029.02 -60.2688 -151.835 -60.2688 -4798.92 -472.424 -151.835 -472.424 -5384.46
GPRESSURE: 94 -4241.5 -167.545 22.5005 -193.544 -3688.76 -499.94 -6.97453 -194.309 -4351.98
ENERGY:      94      1142.6958      1245.9714       304.3664        19.0561         -37179.8672      2283.6937         0.0000         0.0000         0.0000         -32184.0839        -0.0000    -32184.0839    -32184.0839         0.0000          -5070.8002     -4094.0825    110592.0000     -5070.8002     -4094.0825

LINE MINIMIZER BRACKET: DX 0.0002107 0.000145646 DU -45.8082 21.5049 DUDX -421930 -6459.5 305385 
PRESSURE: 95 -5025.5 -64.325 -153.884 -64.325 -4797.96 -471.9 -153.884 -471.9 -5391.05
GPRESSURE: 95 -4236.6 -170.499 21.6066 -196.337 -3684.51 -503.944 -8.23472 -198.503 -4355.56
ENERGY:      95      1146.2771      1244.4536       304.3107        19.0702         -37182.4794      2284.4082         0.0000         0.0000         0.0000         -32183.9597        -0.0000    -32183.9597    -32183.9597         0.0000          -5071.5047     -4092.2229    110592.0000     -5071.5047     -4092.2229

LINE MINIMIZER BRACKET: DX 0.0002107 1.45646e-05 DU -45.8082 0.124231 DUDX -421930 -6459.5 23746.5 
PRESSURE: 96 -5028.24 -61.1339 -152.269 -61.1339 -4798.7 -472.315 -152.269 -472.315 -5385.85
GPRESSURE: 96 -4240.46 -168.169 22.3077 -194.131 -3687.87 -500.803 -7.24529 -195.21 -4352.76
ENERGY:      96      1143.4445      1245.6371       304.3543        19.0589         -37180.4307      2283.8412         0.0000         0.0000         0.0000         -32184.0946        -0.0000    -32184.0946    -32184.0946         0.0000          -5070.9313     -4093.6967    110592.0000     -5070.9313     -4093.6967

LINE MINIMIZER BRACKET: DX 3.13827e-06 1.14263e-05 DU -0.0107 0.134931 DUDX -6459.5 31.6678 23746.5 
LINE MINIMIZER REDUCING GRADIENT FROM 929161 TO 929.161
PRESSURE: 97 -4772.73 -87.0271 -163.433 -87.0271 -4537 -339.417 -163.433 -339.417 -5231.01
GPRESSURE: 97 -4241.1 -140.559 12.1453 -157.514 -3739.27 -446.266 -23.1752 -157 -4490.99
ENERGY:      97      1091.9240      1191.3579       302.3387        17.3348         -37250.6675      2257.1233         0.0000         0.0000         0.0000         -32390.5887        -0.0000    -32390.5887    -32390.5887         0.0000          -4846.9135     -4157.1217    110592.0000     -4846.9135     -4157.1217

PRESSURE: 98 -4672.24 -106.621 -170.014 -106.621 -4448.65 -202.079 -170.014 -202.079 -5240.92
GPRESSURE: 98 -4246.18 -111.247 22.4137 -115.954 -3798.68 -386.71 -23.2999 -106.233 -4633.73
ENERGY:      98      1154.6903      1171.2926       300.5464        16.4589         -37320.5854      2237.0761         0.0000         0.0000         0.0000         -32440.5211        -0.0000    -32440.5211    -32440.5211         0.0000          -4787.2696     -4226.1974    110592.0000     -4787.2696     -4226.1974

PRESSURE: 99 -4957.92 -85.0576 -165.373 -85.0576 -4831.57 45.53 -165.373 45.53 -5714.95
GPRESSURE: 99 -4297.95 -5.20976 93.7267 27.1097 -3960.51 -303.57 24.1747 -22.3718 -4890.89
ENERGY:      99      1626.2379      1230.6460       296.0971        17.9218         -37459.3688      2214.2015         0.0000         0.0000         0.0000         -32074.2645        -0.0000    -32074.2645    -32074.2645         0.0000          -5168.1475     -4383.1149    110592.0000     -5168.1475     -4383.1149

LDB: ============= START OF LOAD BALANCING ============== 29.5821
LDB: Largest compute 359 load 0.072367 is 11.5% of average load 0.629910
LDB: Average compute 0.022106 is 3.5% of average load 0.629910
LDB: TIME 29.5977 LOAD: AVG 0.62991 MAX 1.45532  PROXIES: TOTAL 500 MAXPE 10 MAXPATCH 10 None MEM: 202.062 MB
LDB: TIME 29.7028 LOAD: AVG 0.62991 MAX 0.755815  PROXIES: TOTAL 972 MAXPE 19 MAXPATCH 28 TorusLB MEM: 202.062 MB
2015-02-02 10:09:05.636 (WARN ) [0xfffa8109220] 8761432:ibm.runjob.client.Job: terminated by signal 9
2015-02-02 10:09:05.636 (WARN ) [0xfffa8109220] 8761432:ibm.runjob.client.Job: abnormal termination by signal 9 from rank 1
