Converse/Charm++ Commit ID: v6.3.0-723-g6148ae1
[0] isomalloc.c> Disabling isomalloc because isomalloc disabled by conv-mach
Info: NAMD 2.9 for BlueGeneQ
Info: 
Info: Please visit http://www.ks.uiuc.edu/Research/namd/
Info: for updates, documentation, and support information.
Info: 
Info: Please cite Phillips et al., J. Comp. Chem. 26:1781-1802 (2005)
Info: in all publications reporting results obtained with NAMD.
Info: 
Info: Based on Charm++/Converse 60305 for pami-bluegeneq-smp-xlc
Info: Built Sun Dec 7 11:31:12 EST 2014 by bobdanani on avoca-test
Info: Running on 128 processors, 16 nodes, 16 physical nodes.
Info: CPU topology information unavailable.
Info: Charm++/Converse parallel runtime startup completed at 0.037809 s
Info: 202.062 MB of memory in use based on /proc/self/stat
Info: Configuration file is namd_equilibration_script.conf
Info: Working in the current directory /vlsci/VR0021/mike/GIT/MD_workflow_py/newdir/newiDir0062
TCL: Suspending until startup complete.
Info: SIMULATION PARAMETERS:
Info: TIMESTEP               2
Info: NUMBER OF STEPS        0
Info: STEPS PER CYCLE        10
Info: PERIODIC CELL BASIS 1  48 0 0
Info: PERIODIC CELL BASIS 2  0 48 0
Info: PERIODIC CELL BASIS 3  0 0 48
Info: PERIODIC CELL CENTER   0 0 0
Info: WRAPPING WATERS AROUND PERIODIC BOUNDARIES ON OUTPUT.
Info: WRAPPING ALL CLUSTERS AROUND PERIODIC BOUNDARIES ON OUTPUT.
Info: LOAD BALANCER  Centralized
Info: LOAD BALANCING STRATEGY  New Load Balancers -- DEFAULT
Info: LDB PERIOD             2000 steps
Info: FIRST LDB TIMESTEP     50
Info: LAST LDB TIMESTEP     -1
Info: LDB BACKGROUND SCALING 1
Info: HOM BACKGROUND SCALING 1
Info: PME BACKGROUND SCALING 1
Info: REMOVING PATCHES FROM PROCESSOR 0
Info: MIN ATOMS PER PATCH    40
Info: INITIAL TEMPERATURE    310
Info: CENTER OF MASS MOVING INITIALLY? NO
Info: DIELECTRIC             1
Info: EXCLUDE                SCALED ONE-FOUR
Info: 1-4 ELECTROSTATICS SCALED BY 1
Info: MODIFIED 1-4 VDW PARAMETERS WILL BE USED
Info: DCD FILENAME           current_MD_run_files.dcd
Info: DCD FREQUENCY          500
Info: DCD FIRST STEP         500
Info: DCD FILE WILL CONTAIN UNIT CELL DATA
Info: XST FILENAME           current_MD_run_files.xst
Info: XST FREQUENCY          500
Info: NO VELOCITY DCD OUTPUT
Info: NO FORCE DCD OUTPUT
Info: OUTPUT FILENAME        current_MD_run_files
Info: BINARY OUTPUT FILES WILL BE USED
Info: RESTART FILENAME       current_MD_run_files.restart
Info: RESTART FREQUENCY      5000
Info: BINARY RESTART FILES WILL BE USED
Info: SWITCHING ACTIVE
Info: SWITCHING ON           10
Info: SWITCHING OFF          12
Info: PAIRLIST DISTANCE      14
Info: PAIRLIST SHRINK RATE   0.01
Info: PAIRLIST GROW RATE     0.01
Info: PAIRLIST TRIGGER       0.3
Info: PAIRLISTS PER CYCLE    2
Info: PAIRLISTS ENABLED
Info: MARGIN                 0.99
Info: HYDROGEN GROUP CUTOFF  2.5
Info: PATCH DIMENSION        17.49
Info: ENERGY OUTPUT STEPS    500
Info: CROSSTERM ENERGY INCLUDED IN DIHEDRAL
Info: TIMING OUTPUT STEPS    500
Info: PRESSURE OUTPUT STEPS  500
Info: LANGEVIN DYNAMICS ACTIVE
Info: LANGEVIN TEMPERATURE   310
Info: LANGEVIN DAMPING COEFFICIENT IS 5 INVERSE PS
Info: LANGEVIN DYNAMICS NOT APPLIED TO HYDROGENS
Info: LANGEVIN PISTON PRESSURE CONTROL ACTIVE
Info:        TARGET PRESSURE IS 1.01325 BAR
Info:     OSCILLATION PERIOD IS 100 FS
Info:             DECAY TIME IS 50 FS
Info:     PISTON TEMPERATURE IS 310 K
Info:       PRESSURE CONTROL IS GROUP-BASED
Info:    INITIAL STRAIN RATE IS 0 0 0
Info:       CELL FLUCTUATION IS ANISOTROPIC
Info: PARTICLE MESH EWALD (PME) ACTIVE
Info: PME TOLERANCE               1e-06
Info: PME EWALD COEFFICIENT       0.257952
Info: PME INTERPOLATION ORDER     4
Info: PME GRID DIMENSIONS         48 48 48
Info: PME MAXIMUM GRID SPACING    1
Info: Attempting to read FFTW data from FFTW_NAMD_2.9_BlueGeneQ.txt
Info: Optimizing 6 FFT steps.  1... 2... 3... 4... 5... 6...   Done.
Info: Writing FFTW data to FFTW_NAMD_2.9_BlueGeneQ.txt
Info: FULL ELECTROSTATIC EVALUATION FREQUENCY      2
Info: USING VERLET I (r-RESPA) MTS SCHEME.
Info: C1 SPLITTING OF LONG RANGE ELECTROSTATICS
Info: PLACING ATOMS IN PATCHES BY HYDROGEN GROUPS
Info: RIGID BONDS TO HYDROGEN : ALL
Info:         ERROR TOLERANCE : 1e-08
Info:          MAX ITERATIONS : 100
Info: RIGID WATER USING SETTLE ALGORITHM
Info: RANDOM NUMBER SEED     1422832114
Info: USE HYDROGEN BONDS?    NO
Info: COORDINATE PDB         ../../InputFiles/example.pdb
Info: STRUCTURE FILE         ../../InputFiles/example.psf
Info: PARAMETER file: CHARMM format! 
Info: PARAMETERS             ../../InputFiles/Parameters/par_all27_prot_na.prm
Info: USING ARITHMETIC MEAN TO COMBINE L-J SIGMA PARAMETERS
Info: SUMMARY OF PARAMETERS:
Info: 258 BONDS
Info: 666 ANGLES
Info: 1134 DIHEDRAL
Info: 70 IMPROPER
Info: 6 CROSSTERM
Info: 164 VDW
Info: 0 VDW_PAIRS
Info: 0 NBTHOLE_PAIRS
Info: TIME FOR READING PSF FILE: 1.9908
Info: TIME FOR READING PDB FILE: 0.443758
Info: 
Info: ****************************
Info: STRUCTURE SUMMARY:
Info: 10315 ATOMS
Info: 7285 BONDS
Info: 5281 ANGLES
Info: 3293 DIHEDRALS
Info: 204 IMPROPERS
Info: 74 CROSSTERMS
Info: 0 EXCLUSIONS
Info: 9701 RIGID BONDS
Info: 21244 DEGREES OF FREEDOM
Info: 3638 HYDROGEN GROUPS
Info: 4 ATOMS IN LARGEST HYDROGEN GROUP
Info: 3638 MIGRATION GROUPS
Info: 4 ATOMS IN LARGEST MIGRATION GROUP
Info: TOTAL MASS = 63394.1 amu
Info: TOTAL CHARGE = 1.00955e-06 e
Info: MASS DENSITY = 0.951884 g/cm^3
Info: ATOM DENSITY = 0.0932708 atoms/A^3
Info: *****************************
Info: 
Info: Entering startup at 24.5021 s, 202.062 MB of memory in use
Info: Startup phase 0 took 0.0031504 s, 202.062 MB of memory in use
Info: Startup phase 1 took 0.104184 s, 202.062 MB of memory in use
Info: Startup phase 2 took 0.00354352 s, 202.062 MB of memory in use
Info: Startup phase 3 took 0.00295326 s, 202.062 MB of memory in use
Info: PATCH GRID IS 5 (PERIODIC) BY 5 (PERIODIC) BY 2 (PERIODIC)
Info: PATCH GRID IS 2-AWAY BY 2-AWAY BY 1-AWAY
Info: REMOVING COM VELOCITY -0.0235697 -0.0384797 -0.0632434
Info: LARGEST PATCH (12) HAS 234 ATOMS
Info: Startup phase 4 took 0.0325184 s, 202.062 MB of memory in use
Info: PME using 24 and 24 processors for FFT and reciprocal sum.
Info: PME USING 16 GRID NODES AND 16 TRANS NODES
Info: PME GRID LOCATIONS: 7 11 15 23 27 31 39 43 47 55 ...
Info: PME TRANS LOCATIONS: 3 5 13 19 21 29 35 37 45 51 ...
Info: Startup phase 5 took 0.0085862 s, 202.062 MB of memory in use
Info: Startup phase 6 took 0.00982761 s, 202.062 MB of memory in use
LDB: Central LB being created...
Info: Startup phase 7 took 1.20399 s, 202.062 MB of memory in use
Info: CREATING 2450 COMPUTE OBJECTS
Info: NONBONDED TABLE R-SQUARED SPACING: 0.0625
Info: NONBONDED TABLE SIZE: 769 POINTS
Info: ABSOLUTE IMPRECISION IN FAST TABLE ENERGY: 3.38813e-21 AT 11.7447
Info: RELATIVE IMPRECISION IN FAST TABLE ENERGY: 6.92477e-14 AT 11.9138
Info: ABSOLUTE IMPRECISION IN FAST TABLE FORCE: 2.64698e-23 AT 11.9138
Info: RELATIVE IMPRECISION IN FAST TABLE FORCE: 1.40436e-16 AT 11.9138
Info: ABSOLUTE IMPRECISION IN SCOR TABLE ENERGY: 3.38813e-21 AT 11.7447
Info: RELATIVE IMPRECISION IN SCOR TABLE ENERGY: 4.24069e-16 AT 11.9138
Info: ABSOLUTE IMPRECISION IN SCOR TABLE FORCE: 4.10282e-22 AT 11.9138
Info: RELATIVE IMPRECISION IN SCOR TABLE FORCE: 3.56912e-15 AT 11.9138
Info: ABSOLUTE IMPRECISION IN VDWA TABLE ENERGY: 9.86076e-32 AT 11.8295
Info: RELATIVE IMPRECISION IN VDWA TABLE ENERGY: 6.75473e-14 AT 11.9138
Info: ABSOLUTE IMPRECISION IN VDWA TABLE FORCE: 4.62223e-32 AT 11.9138
Info: RELATIVE IMPRECISION IN VDWA TABLE FORCE: 2.12237e-15 AT 11.9138
Info: ABSOLUTE IMPRECISION IN VDWB TABLE ENERGY: 4.1359e-25 AT 11.8295
Info: RELATIVE IMPRECISION IN VDWB TABLE ENERGY: 7.56853e-15 AT 11.9138
Info: ABSOLUTE IMPRECISION IN VDWB TABLE FORCE: 3.87741e-26 AT 11.9138
Info: RELATIVE IMPRECISION IN VDWB TABLE FORCE: 5.97409e-16 AT 11.9138
Info: useSync: 0 useProxySync: 0
Info: Startup phase 8 took 0.0330933 s, 202.062 MB of memory in use
Info: Building spanning tree ... send: 1 recv: 0 with branch factor 9
Info: Startup phase 9 took 0.00346243 s, 202.062 MB of memory in use
Info: Startup phase 10 took 0.00247826 s, 202.062 MB of memory in use
Info: Finished startup at 25.9099 s, 202.062 MB of memory in use

TCL: Minimizing for 500 steps
PRESSURE: 0 7.92778e+08 9.80914e+08 6.43957e+08 9.80914e+08 1.21846e+09 7.99677e+08 6.43957e+08 7.99677e+08 5.27056e+08
GPRESSURE: 0 7.92785e+08 9.80912e+08 6.43961e+08 9.80914e+08 1.21847e+09 7.99675e+08 6.4396e+08 7.99677e+08 5.27061e+08
ETITLE:      TS           BOND          ANGLE          DIHED          IMPRP               ELECT            VDW       BOUNDARY           MISC        KINETIC               TOTAL           TEMP      POTENTIAL         TOTAL3        TEMPAVG            PRESSURE      GPRESSURE         VOLUME       PRESSAVG      GPRESSAVG

ENERGY:       0      3088.5033      1499.3301       263.8206        10.6933         -30848.5032 336586487.2282         0.0000         0.0000         0.0000      336560501.0723        -0.0000 336560501.0723 336560501.0723         0.0000      846098063.7249 846104120.5607    110592.0000 846098063.7249 846104120.5607

OPENING EXTENDED SYSTEM TRAJECTORY FILE
MINIMIZER SLOWLY MOVING 41 ATOMS WITH BAD CONTACTS DOWNHILL
PRESSURE: 1 2.3761e+07 2.92891e+07 1.92693e+07 2.92891e+07 3.65371e+07 2.38544e+07 1.92693e+07 2.38544e+07 1.58365e+07
GPRESSURE: 1 2.37671e+07 2.92887e+07 1.92714e+07 2.92892e+07 3.65424e+07 2.38532e+07 1.9271e+07 2.38552e+07 1.58411e+07
ENERGY:       1      3097.8780      1492.2035       263.8872        11.6906         -30918.4516  10098045.4909         0.0000         0.0000         0.0000       10071992.6986        -0.0000  10071992.6986  10071992.6986         0.0000       25378190.6513  25383543.1824    110592.0000  25378190.6513  25383543.1824

MINIMIZER SLOWLY MOVING 20 ATOMS WITH BAD CONTACTS DOWNHILL
PRESSURE: 2 1.60262e+06 1.93601e+06 1.28335e+06 1.93601e+06 2.45349e+06 1.57411e+06 1.28335e+06 1.57411e+06 1.07617e+06
GPRESSURE: 2 1.60887e+06 1.93607e+06 1.28495e+06 1.9358e+06 2.45889e+06 1.57341e+06 1.28485e+06 1.57465e+06 1.08101e+06
ENERGY:       2      3098.8562      1486.5938       264.0525        11.6906         -30939.5732    683808.6242         0.0000         0.0000         0.0000         657730.2441        -0.0000    657730.2441    657730.2441         0.0000        1710761.1668   1716255.7876    110592.0000   1710761.1668   1716255.7876

MINIMIZER SLOWLY MOVING 8 ATOMS WITH BAD CONTACTS DOWNHILL
PRESSURE: 3 197678 209202 143265 209202 286173 169684 143265 169684 134769
GPRESSURE: 3 204076 209794 144555 208589 291200 169306 144311 169543 140107
ENERGY:       3      3098.8562      1486.5938       264.0525        11.6906         -30939.6937     85515.0225         0.0000         0.0000         0.0000          59436.5218        -0.0000     59436.5218     59436.5218         0.0000         206206.9406    211794.4545    110592.0000    206206.9406    211794.4545

MINIMIZER SLOWLY MOVING 4 ATOMS WITH BAD CONTACTS DOWNHILL
PRESSURE: 4 51832.3 29892.9 24062.2 29892.9 59310.8 24792.8 24062.2 24792.8 35775.4
GPRESSURE: 4 58421.7 30508.2 25327.7 28842.3 64264.8 24475.3 24635.9 24619.7 41255.5
ENERGY:       4      3098.8562      1486.5938       264.0525        11.6906         -30939.5674     23037.6747         0.0000         0.0000         0.0000          -3040.6997        -0.0000     -3040.6997     -3040.6997         0.0000          48972.8153     54647.3064    110592.0000     48972.8153     54647.3064

MINIMIZER SLOWLY MOVING 2 ATOMS WITH BAD CONTACTS DOWNHILL
PRESSURE: 5 30532.1 3498.92 6725.59 3498.92 26455.3 3178.44 6725.59 3178.44 21542
GPRESSURE: 5 37142.6 4114.36 7988.38 2350.17 31398.3 2879.07 7205.28 2993.04 27043.8
ENERGY:       5      3098.8562      1486.5938       264.0525        11.6906         -30938.6693     13993.1376         0.0000         0.0000         0.0000         -12084.3386        -0.0000    -12084.3386    -12084.3386         0.0000          26176.4652     31861.5673    110592.0000     26176.4652     31861.5673

MINIMIZER SLOWLY MOVING 2 ATOMS WITH BAD CONTACTS DOWNHILL
PRESSURE: 6 26526.3 -1468.36 3460.82 -1468.36 20273.6 -889.048 3460.82 -889.048 18867
GPRESSURE: 6 33138.6 -853.801 4722.7 -2634.96 25214.1 -1184.61 3925.75 -1074.84 24370.8
ENERGY:       6      3098.8562      1486.5938       264.0525        11.6906         -30936.7428     12297.3267         0.0000         0.0000         0.0000         -13778.2230        -0.0000    -13778.2230    -13778.2230         0.0000          21889.0008     27574.5239    110592.0000     21889.0008     27574.5239

MINIMIZER SLOWLY MOVING 2 ATOMS WITH BAD CONTACTS DOWNHILL
PRESSURE: 7 25612.5 -2600.63 2716.01 -2600.63 18869.7 -1812.5 2716.01 -1812.5 18263.3
GPRESSURE: 7 32281.5 -2000.41 3936.7 -3699.2 23792.6 -2157.42 3226.41 -2008 23733.4
ENERGY:       7      3098.8562      1486.5938       264.0525        11.6906         -30934.6537     11914.2537         0.0000         0.0000         0.0000         -14159.2069        -0.0000    -14159.2069    -14159.2069         0.0000          20915.1785     26602.5043    110592.0000     20915.1785     26602.5043

MINIMIZER STARTING CONJUGATE GRADIENT ALGORITHM
LINE MINIMIZER REDUCING GRADIENT FROM 1.28304e+08 TO 128304
PRESSURE: 8 25247.7 -2536.43 2691.61 -2536.43 18631.3 -1769.09 2691.61 -1769.09 18003.1
GPRESSURE: 8 31880.1 -1938.49 3895.18 -3619.96 23534.7 -2102.32 3197.2 -1962.55 23436.4
ENERGY:       8      3090.7892      1485.5168       264.0466        11.6886         -30936.5185     11797.8422         0.0000         0.0000         0.0000         -14286.6351        -0.0000    -14286.6351    -14286.6351         0.0000          20627.3447     26283.7546    110592.0000     20627.3447     26283.7546

PRESSURE: 9 24890.1 -2473.62 2667.3 -2473.62 18397.3 -1726.98 2667.3 -1726.98 17748.1
GPRESSURE: 9 31486.6 -1877.91 3854.09 -3542.44 23281.6 -2048.85 3168.19 -1918.45 23145.4
ENERGY:       9      3082.7502      1484.4436       264.0410        11.6870         -30938.3841     11683.6730         0.0000         0.0000         0.0000         -14411.7893        -0.0000    -14411.7893    -14411.7893         0.0000          20345.1877     25971.1849    110592.0000     20345.1877     25971.1849

LDB: ============= START OF LOAD BALANCING ============== 26.3197
LDB: ============== END OF LOAD BALANCING =============== 26.3207
Info: useSync: 0 useProxySync: 0
LDB: =============== DONE WITH MIGRATION ================ 26.327
PRESSURE: 10 24195.8 -2352.01 2618.96 -2352.01 17942.4 -1646.44 2618.96 -1646.44 17253.7
GPRESSURE: 10 30722.2 -1760.69 3773.13 -3392.42 22789.1 -1946.53 3110.7 -1834.05 22580.6
ETITLE:      TS           BOND          ANGLE          DIHED          IMPRP               ELECT            VDW       BOUNDARY           MISC        KINETIC               TOTAL           TEMP      POTENTIAL         TOTAL3        TEMPAVG            PRESSURE      GPRESSURE         VOLUME       PRESSAVG      GPRESSAVG

ENERGY:      10      3066.7562      1482.3085       264.0305        11.6851         -30942.1130     11461.8508         0.0000         0.0000         0.0000         -14655.4819        -0.0000    -14655.4819    -14655.4819         0.0000          19797.3211     25363.9782    110592.0000     19797.3211     25363.9782

PRESSURE: 11 22886.6 -2123.99 2523.69 -2123.99 17081.9 -1499.14 2523.69 -1499.14 16323.1
GPRESSURE: 11 29279.6 -1541.1 3616.28 -3111.35 21856.5 -1759.16 2998.16 -1679.43 21516.2
ENERGY:      11      3035.1037      1478.0836       264.0124        11.6860         -30949.5613     11042.8731         0.0000         0.0000         0.0000         -15117.8025        -0.0000    -15117.8025    -15117.8025         0.0000          18763.8759     24217.4311    110592.0000     18763.8759     24217.4311

PRESSURE: 12 20553.4 -1722.95 2339.96 -1722.95 15538.6 -1252.24 2339.96 -1252.24 14669.9
GPRESSURE: 12 26703.6 -1155.89 3322.71 -2617.65 20179.9 -1444.57 2783.67 -1419.34 19620.8
ENERGY:      12      2973.1376      1469.8155       263.9877        11.7070         -30964.4243     10293.4960         0.0000         0.0000         0.0000         -15952.2805        -0.0000    -15952.2805    -15952.2805         0.0000          16920.6524     22168.1114    110592.0000     16920.6524     22168.1114

PRESSURE: 13 16815.2 -1100.53 2006.84 -1100.53 13034.3 -904.044 2006.84 -904.044 12035.6
GPRESSURE: 13 22558 -562.478 2814.14 -1853.11 17445.3 -1000.21 2401.8 -1049.07 16584.8
ENERGY:      13      2854.5340      1454.0067       263.9835        11.8263         -30994.0210      9082.7739         0.0000         0.0000         0.0000         -17326.8967        -0.0000    -17326.8967    -17326.8967         0.0000          13961.6881     18862.6754    110592.0000     13961.6881     18862.6754

PRESSURE: 14 11864.8 -345.294 1493.19 -345.294 9637.93 -556.087 1493.19 -556.087 8576.4
GPRESSURE: 14 17006.2 140.803 2073.1 -927.946 13689.1 -559.716 1830.1 -669.463 12552.7
ENERGY:      14      2638.4195      1425.3083       264.1507        12.3760         -31052.7540      7446.6365         0.0000         0.0000         0.0000         -19265.8629        -0.0000    -19265.8629    -19265.8629         0.0000          10026.3729     14415.9962    110592.0000     10026.3729     14415.9962

PRESSURE: 15 7108.42 200.401 980.708 200.401 6246.69 -418.948 980.708 -418.948 5323.14
GPRESSURE: 15 11503.7 603.898 1365.47 -268.069 9802.28 -413.601 1312.93 -508.31 8650.47
ENERGY:      15      2288.6245      1379.6753       265.1654        14.7443         -31168.6191      5790.4200         0.0000         0.0000         0.0000         -21429.9895        -0.0000    -21429.9895    -21429.9895         0.0000           6226.0811      9985.4766    110592.0000      6226.0811      9985.4766

PRESSURE: 16 4850.09 165.432 1257.94 165.432 4514.88 -754.599 1257.94 -754.599 4125.78
GPRESSURE: 16 8668.6 486.094 1707.32 -477.896 7507.27 -965.973 1985.97 -921.641 7053.82
ENERGY:      16      1900.2223      1336.3753       270.1213        24.8446         -31394.4641      4840.6795         0.0000         0.0000         0.0000         -23022.2212        -0.0000    -23022.2212    -23022.2212         0.0000           4496.9203      7743.2303    110592.0000      4496.9203      7743.2303

PRESSURE: 17 17852.3 -1550.03 12378.5 -1550.03 10801.7 -4850.32 12378.5 -4850.32 17654.9
GPRESSURE: 17 30366.1 273.82 17743.2 -5798.21 14465.5 -7375.29 22472.3 -4882.86 26267.7
ENERGY:      17      2163.8410      1452.4679       293.4260        71.7709         -31822.6931      8851.2292         0.0000         0.0000         0.0000         -18989.9581        -0.0000    -18989.9581    -18989.9581         0.0000          15436.3104     23699.7772    110592.0000     15436.3104     23699.7772

LINE MINIMIZER BRACKET: DX 0.000128 0.000256 DU -1592.23 4032.26 DUDX -2.32342e+07 -4.29861e+06 5.45662e+07 
PRESSURE: 18 4953.74 96.6938 1515.53 96.6938 4553.16 -899.461 1515.53 -899.461 4341.14
GPRESSURE: 18 8800.08 414.144 2049.01 -651.118 7479.81 -1192.18 2434.04 -1102.32 7307.51
ENERGY:      18      1867.1741      1335.6056       271.7736        28.0148         -31441.9086      4839.5343         0.0000         0.0000         0.0000         -23099.8062        -0.0000    -23099.8062    -23099.8062         0.0000           4616.0112      7862.4672    110592.0000      4616.0112      7862.4672

LINE MINIMIZER BRACKET: DX 2.7443e-05 0.000228557 DU -77.585 4109.85 DUDX -4.29861e+06 -1.35344e+06 5.45662e+07 
PRESSURE: 19 5172 28.1139 1798.84 28.1139 4670.15 -1047.07 1798.84 -1047.07 4637.9
GPRESSURE: 19 9099.27 348.701 2429.82 -831.974 7557.9 -1421.45 2923.47 -1284.49 7678.48
ENERGY:      19      1852.2059      1337.3080       273.3194        30.9492         -31481.1655      4885.2168         0.0000         0.0000         0.0000         -23102.1662        -0.0000    -23102.1662    -23102.1662         0.0000           4826.6845      8111.8822    110592.0000      4826.6845      8111.8822

LINE MINIMIZER BRACKET: DX 2.28557e-05 0.000205701 DU -2.36003 4112.21 DUDX -1.35344e+06 1.16674e+06 5.45662e+07 
MINIMIZER RESTARTING CONJUGATE GRADIENT ALGORITHM
LINE MINIMIZER REDUCING GRADIENT FROM 2.67828e+07 TO 26782.8
PRESSURE: 20 4984.37 169.615 1602.4 169.615 4517.92 -872.402 1602.4 -872.402 4388.47
GPRESSURE: 20 8716.88 509.236 2127.21 -529.972 7368.74 -1151.88 2514.32 -1079.82 7293.74
ETITLE:      TS           BOND          ANGLE          DIHED          IMPRP               ELECT            VDW       BOUNDARY           MISC        KINETIC               TOTAL           TEMP      POTENTIAL         TOTAL3        TEMPAVG            PRESSURE      GPRESSURE         VOLUME       PRESSAVG      GPRESSAVG

ENERGY:      20      1839.4311      1335.3834       273.2693        30.8364         -31484.9723      4804.2133         0.0000         0.0000         0.0000         -23201.8389        -0.0000    -23201.8389    -23201.8389         0.0000           4630.2565      7793.1202    110592.0000      4630.2565      7793.1202

PRESSURE: 21 4827.6 283.437 1442.21 283.437 4391.32 -730.863 1442.21 -730.863 4182.58
GPRESSURE: 21 8402.24 636.73 1882.97 -289.379 7210.39 -935.766 2185.43 -914.947 6979.11
ENERGY:      21      1826.8362      1333.4917       273.2197        30.7251         -31488.7816      4736.4490         0.0000         0.0000         0.0000         -23288.0599        -0.0000    -23288.0599    -23288.0599         0.0000           4467.1672      7530.5788    110592.0000      4467.1672      7530.5788

PRESSURE: 22 4583.35 449.3 1202.82 449.3 4195.44 -521.748 1202.82 -521.748 3868.15
GPRESSURE: 22 7922.33 818.836 1523.19 56.8519 6961.93 -621.362 1704.16 -673.151 6504.58
ENERGY:      22      1802.1834      1329.8077       273.1222        30.5070         -31496.4094      4630.6304         0.0000         0.0000         0.0000         -23430.1586        -0.0000    -23430.1586    -23430.1586         0.0000           4215.6487      7129.6154    110592.0000      4215.6487      7129.6154

PRESSURE: 23 4268.45 628.288 924.711 628.288 3946.26 -286.446 924.711 -286.446 3481.17
GPRESSURE: 23 7325.72 1006.35 1115.7 424.026 6632.32 -277.893 1167.77 -403.766 5931.71
ENERGY:      23      1755.0049      1322.8424       272.9344        30.0888         -31511.7005      4493.0807         0.0000         0.0000         0.0000         -23637.7493        -0.0000    -23637.7493    -23637.7493         0.0000           3898.6288      6629.9153    110592.0000      3898.6288      6629.9153

PRESSURE: 24 3941.48 730.895 706.614 730.895 3691 -122.27 706.614 -122.27 3118.43
GPRESSURE: 24 6730.67 1096.24 808.274 638.319 6252.53 -52.5061 780.714 -215.575 5403.2
ENERGY:      24      1668.9688      1310.5704       272.5905        29.3237         -31542.3869      4345.8478         0.0000         0.0000         0.0000         -23915.0856        -0.0000    -23915.0856    -23915.0856         0.0000           3583.6371      6128.8011    110592.0000      3583.6371      6128.8011

PRESSURE: 25 3621.32 695.806 600.122 695.806 3432.04 -88.0327 600.122 -88.0327 2815.24
GPRESSURE: 25 6130.69 1027.15 668.08 615.894 5777.97 -25.0214 621.642 -166.616 4951.9
ENERGY:      25      1528.2267      1293.3104       272.0607        28.0758         -31604.0010      4190.6913         0.0000         0.0000         0.0000         -24291.6360        -0.0000    -24291.6360    -24291.6360         0.0000           3289.5320      5620.1885    110592.0000      3289.5320      5620.1885

PRESSURE: 26 3527.84 174.173 965.674 174.173 3596.42 -684.278 965.674 -684.278 3134.53
GPRESSURE: 26 5752.2 558.847 1292.8 -104.223 5392.07 -1036.15 1159.43 -598.733 5434.26
ENERGY:      26      1346.5154      1299.1636       271.8458        26.6980         -31727.6132      4189.6782         0.0000         0.0000         0.0000         -24593.7122        -0.0000    -24593.7122    -24593.7122         0.0000           3419.5982      5526.1763    110592.0000      3419.5982      5526.1763

PRESSURE: 27 493788 -1.25421e+06 844033 -1.25421e+06 3.25761e+06 -2.14378e+06 844033 -2.14378e+06 1.45473e+06
GPRESSURE: 27 511130 -1.2366e+06 881164 -1.29644e+06 3.21268e+06 -2.24275e+06 870828 -2.11448e+06 1.51883e+06
ENERGY:      27      1205.1013      1357.1891       269.8208        28.5640         -31978.8152    692937.9735         0.0000         0.0000         0.0000         663819.8335        -0.0000    663819.8335    663819.8335         0.0000        1735375.9867   1747545.5691    110592.0000   1735375.9867   1747545.5691

LINE MINIMIZER BRACKET: DX 0.000128 0.000256 DU -302.076 688414 DUDX -4.87769e+06 2.24167e+06 7.0879e+08 
PRESSURE: 28 3446.15 424.811 735.437 424.811 3365.34 -353.064 735.437 -353.064 2829.14
GPRESSURE: 28 5690.92 754.841 909 252.615 5354.88 -472.541 828.559 -366.419 4960.99
ENERGY:      28      1381.5238      1291.4084       271.7997        26.8964         -31697.4754      4118.0659         0.0000         0.0000         0.0000         -24607.7813        -0.0000    -24607.7813    -24607.7813         0.0000           3213.5390      5335.5945    110592.0000      3213.5390      5335.5945

LINE MINIMIZER BRACKET: DX 9.68226e-05 3.11774e-05 DU -316.145 14.0691 DUDX -4.87769e+06 -980438 2.24167e+06 
PRESSURE: 29 3460.72 357.014 794.742 357.014 3416.41 -439.471 794.742 -439.471 2902.68
GPRESSURE: 29 5692.02 699.329 1007.5 157.389 5349.49 -617.88 913.835 -428.299 5072.91
ENERGY:      29      1369.0339      1293.5423       271.8112        26.8185         -31707.7920      4132.8298         0.0000         0.0000         0.0000         -24613.7562        -0.0000    -24613.7562    -24613.7562         0.0000           3259.9347      5371.4747    110592.0000      3259.9347      5371.4747

LINE MINIMIZER BRACKET: DX 1.06753e-05 2.05021e-05 DU -5.97495 20.044 DUDX -980438 -108135 2.24167e+06 
PRESSURE: 30 3464.9 342.182 808.119 342.182 3429.03 -458.781 808.119 -458.781 2919.98
GPRESSURE: 30 5694.28 687.491 1029.74 136.41 5350.29 -650.53 933.045 -441.978 5099.48
ETITLE:      TS           BOND          ANGLE          DIHED          IMPRP               ELECT            VDW       BOUNDARY           MISC        KINETIC               TOTAL           TEMP      POTENTIAL         TOTAL3        TEMPAVG            PRESSURE      GPRESSURE         VOLUME       PRESSAVG      GPRESSAVG

ENERGY:      30      1366.6985      1294.0137       271.8140        26.8047         -31709.7734      4136.6588         0.0000         0.0000         0.0000         -24613.7837        -0.0000    -24613.7837    -24613.7837         0.0000           3271.3003      5381.3491    110592.0000      3271.3003      5381.3491

LINE MINIMIZER BRACKET: DX 2.05021e-06 1.84519e-05 DU -0.0274934 20.0715 DUDX -108135 82279.7 2.24167e+06 
MINIMIZER RESTARTING CONJUGATE GRADIENT ALGORITHM
LINE MINIMIZER REDUCING GRADIENT FROM 5.06428e+06 TO 5064.28
PRESSURE: 31 3398.67 386.433 740.968 386.433 3326.2 -376.655 740.968 -376.655 2794.43
GPRESSURE: 31 5581.58 716.015 926.792 202.958 5244.05 -519.752 843.865 -384.721 4907.05
ENERGY:      31      1350.5882      1289.2623       271.9073        26.5046         -31723.2706      4093.7031         0.0000         0.0000         0.0000         -24691.3051        -0.0000    -24691.3051    -24691.3051         0.0000           3173.0996      5244.2287    110592.0000      3173.0996      5244.2287

PRESSURE: 32 3340.12 420.406 685.19 420.406 3238.06 -309.556 685.19 -309.556 2685.89
GPRESSURE: 32 5480.22 737.395 842.62 254.427 5148.18 -414.916 770.749 -338.016 4742.31
ENERGY:      32      1334.9476      1284.6604       272.0057        26.2086         -31736.7658      4056.0860         0.0000         0.0000         0.0000         -24762.8576        -0.0000    -24762.8576    -24762.8576         0.0000           3088.0215      5123.5684    110592.0000      3088.0215      5123.5684

PRESSURE: 33 3240.29 465.526 599.409 465.526 3094.2 -208.826 599.409 -208.826 2507.43
GPRESSURE: 33 5303.01 764.272 716.027 324.293 4979.53 -262.109 660.41 -268.167 4474.65
ENERGY:      33      1305.0815      1275.8974       272.2169        25.6292         -31763.7462      3992.9343         0.0000         0.0000         0.0000         -24891.9868        -0.0000    -24891.9868    -24891.9868         0.0000           2947.3043      4919.0622    110592.0000      2947.3043      4919.0622

PRESSURE: 34 3084.12 499.782 493.214 499.782 2884.96 -90.0716 493.214 -90.0716 2248.62
GPRESSURE: 34 5013.21 778.96 565.701 384.524 4699.71 -93.2507 528.869 -187.055 4092.88
ENERGY:      34      1251.0465      1260.0864       272.6954        24.5209         -31817.6682      3897.4013         0.0000         0.0000         0.0000         -25111.9177        -0.0000    -25111.9177    -25111.9177         0.0000           2739.2337      4601.9360    110592.0000      2739.2337      4601.9360

PRESSURE: 35 2847.13 475.904 397.541 475.904 2592.17 7.89074 397.541 7.89074 1905.05
GPRESSURE: 35 4553.17 743.8 440.234 378.206 4240.71 25.0239 420.171 -124.809 3596.11
ENERGY:      35      1166.0082      1235.0194       273.8562        22.5072         -31925.3159      3762.9672         0.0000         0.0000         0.0000         -25464.9576        -0.0000    -25464.9576    -25464.9576         0.0000           2448.1163      4129.9988    110592.0000      2448.1163      4129.9988

PRESSURE: 36 2445.5 343.881 338.637 343.881 2104.52 64.6782 338.637 64.6782 1397.43
GPRESSURE: 36 3805.62 616.306 377.754 254.528 3444.72 63.8978 377.36 -102.012 2903.84
ENERGY:      36      1089.4735      1209.4593       276.8882        19.3028         -32139.6278      3569.8809         0.0000         0.0000         0.0000         -25974.6231        -0.0000    -25974.6231    -25974.6231         0.0000           1982.4828      3384.7276    110592.0000      1982.4828      3384.7276

PRESSURE: 37 2057.85 -477.06 937.897 -477.06 1758.21 -673.265 937.897 -673.265 1276.09
GPRESSURE: 37 3659.51 -30.5751 1213.31 -1388.56 2511.5 -972.51 1960.85 -676.55 2942.97
ENERGY:      37      1317.9587      1249.1309       286.0399        16.2577         -32564.6216      3560.7563         0.0000         0.0000         0.0000         -26134.4782        -0.0000    -26134.4782    -26134.4782         0.0000           1697.3834      3037.9938    110592.0000      1697.3834      3037.9938

PRESSURE: 38 4.38971e+09 6.55458e+09 -1.21541e+09 6.55458e+09 9.78711e+09 -1.81482e+09 -1.21541e+09 -1.81482e+09 3.36522e+08
GPRESSURE: 38 4.38957e+09 6.55456e+09 -1.21546e+09 6.55437e+09 9.78708e+09 -1.81489e+09 -1.21537e+09 -1.81481e+09 3.36538e+08
ENERGY:      38      3342.2954      1649.5150       324.4851        24.1967         -33419.4796 1924515797.9358         0.0000         0.0000         0.0000      1924487718.9484        -0.0000 1924487718.9484 1924487718.9484         0.0000      4837780164.9023 4837727459.0724    110592.0000 4837780164.9023 4837727459.0724

LINE MINIMIZER BRACKET: DX 0.000512 0.001024 DU -159.855 1.92451e+09 DUDX -1.56827e+06 2.74417e+06 3.01842e+07 
PRESSURE: 39 2049.23 135.87 385.73 135.87 1603.26 20.9267 385.73 20.9267 946.517
GPRESSURE: 39 3195.42 433.516 458.527 -0.367119 2674.61 -22.1114 524.686 -158.008 2370.25
ENERGY:      39      1151.8722      1216.8963       281.2979        17.0636         -32374.3547      3429.1516         0.0000         0.0000         0.0000         -26278.0732        -0.0000    -26278.0732    -26278.0732         0.0000           1533.0019      2746.7596    110592.0000      1533.0019      2746.7596

LINE MINIMIZER BRACKET: DX 0.000282151 0.000229849 DU -303.45 143.595 DUDX -1.56827e+06 -492288 2.74417e+06 
PRESSURE: 40 1997.86 73.2819 426.946 73.2819 1539.55 -24.0531 426.946 -24.0531 904.602
GPRESSURE: 40 3145.37 382.402 515.433 -105.338 2564.62 -84.5713 623.256 -195.756 2334.83
ETITLE:      TS           BOND          ANGLE          DIHED          IMPRP               ELECT            VDW       BOUNDARY           MISC        KINETIC               TOTAL           TEMP      POTENTIAL         TOTAL3        TEMPAVG            PRESSURE      GPRESSURE         VOLUME       PRESSAVG      GPRESSAVG

ENERGY:      40      1179.5370      1222.0212       282.2327        16.8069         -32416.3452      3420.3086         0.0000         0.0000         0.0000         -26295.4387        -0.0000    -26295.4387    -26295.4387         0.0000           1480.6708      2681.6053    110592.0000      1480.6708      2681.6053

LINE MINIMIZER BRACKET: DX 5.06488e-05 0.0001792 DU -17.3655 160.96 DUDX -492288 -179077 2.74417e+06 
PRESSURE: 41 1983.36 46.3852 447.112 46.3852 1522.85 -46.8881 447.112 -46.8881 897.214
GPRESSURE: 41 3137.79 360.893 542.915 -154.509 2530.57 -115.749 671.754 -214.144 2332.84
ENERGY:      41      1190.5318      1224.1049       282.5764        16.7268         -32431.1920      3419.7923         0.0000         0.0000         0.0000         -26297.4598        -0.0000    -26297.4598    -26297.4598         0.0000           1467.8077      2667.0686    110592.0000      1467.8077      2667.0686

LINE MINIMIZER BRACKET: DX 1.792e-05 0.00016128 DU -2.02116 162.982 DUDX -179077 -43899.9 2.74417e+06 
PRESSURE: 42 1972.47 19.3521 468.505 19.3521 1511.41 -71.58 468.505 -71.58 894.996
GPRESSURE: 42 3136.91 339.513 571.963 -206.13 2502.81 -149.307 723.606 -233.677 2337.3
ENERGY:      42      1200.9670      1226.1004       282.8919        16.6595         -32444.5521      3420.8437         0.0000         0.0000         0.0000         -26297.0897        -0.0000    -26297.0897    -26297.0897         0.0000           1459.6243      2659.0069    110592.0000      1459.6243      2659.0069

LINE MINIMIZER BRACKET: DX 1.792e-05 1.6128e-05 DU -2.02116 0.370103 DUDX -179077 -43899.9 92610.9 
PRESSURE: 43 1979.54 37.8282 453.768 37.8282 1518.68 -54.5302 453.768 -54.5302 895.979
GPRESSURE: 43 3136.82 354.101 551.962 -170.619 2521.14 -126.147 687.844 -220.224 2333.6
ENERGY:      43      1193.9018      1224.7476       282.6793        16.7042         -32435.5797      3419.9670         0.0000         0.0000         0.0000         -26297.5798        -0.0000    -26297.5798    -26297.5798         0.0000           1464.7321      2663.8506    110592.0000      1464.7321      2663.8506

LINE MINIMIZER BRACKET: DX 5.29576e-06 1.08323e-05 DU -0.119947 0.49005 DUDX -43899.9 -766.766 92610.9 
LINE MINIMIZER REDUCING GRADIENT FROM 2.15541e+06 TO 2155.41
PRESSURE: 44 1916.47 40.5293 448.215 40.5293 1491.26 -51.1297 448.215 -51.1297 861.092
GPRESSURE: 44 3035.08 352.07 539.536 -164.082 2457.76 -117.604 671.919 -214.609 2250.68
ENERGY:      44      1174.1493      1216.4778       283.1700        15.9330         -32469.0149      3395.3595         0.0000         0.0000         0.0000         -26383.9252        -0.0000    -26383.9252    -26383.9252         0.0000           1422.9422      2581.1739    110592.0000      1422.9422      2581.1739

PRESSURE: 45 1853.4 42.8473 443.032 42.8473 1463.03 -47.9318 443.032 -47.9318 825.634
GPRESSURE: 45 2935.22 349.86 527.71 -158.073 2395.13 -109.454 656.795 -209.288 2169.18
ENERGY:      45      1155.6005      1208.7607       283.6697        15.2326         -32502.4141      3371.3248         0.0000         0.0000         0.0000         -26467.8257        -0.0000    -26467.8257    -26467.8257         0.0000           1380.6860      2499.8463    110592.0000      1380.6860      2499.8463

PRESSURE: 46 1726.92 46.3888 433.765 46.3888 1404.06 -42.1441 433.765 -42.1441 752.826
GPRESSURE: 46 2740.77 344.955 505.81 -147.532 2272.08 -94.3055 628.863 -199.522 2010.18
ENERGY:      46      1122.1178      1194.9820       284.6938        14.0270         -32569.1084      3324.9129         0.0000         0.0000         0.0000         -26628.3749        -0.0000    -26628.3749    -26628.3749         0.0000           1294.6010      2341.0093    110592.0000      1294.6010      2341.0093

PRESSURE: 47 1471.32 49.267 418.946 49.267 1275.75 -32.7058 418.946 -32.7058 598.489
GPRESSURE: 47 2371.25 333.317 468.091 -131.844 2034.02 -68.2011 581.073 -183.188 1706.64
ENERGY:      47      1069.6545      1174.0324       286.8271        12.2969         -32702.0671      3238.3277         0.0000         0.0000         0.0000         -26920.9285        -0.0000    -26920.9285    -26920.9285         0.0000           1115.1844      2037.3062    110592.0000      1115.1844      2037.3062

PRESSURE: 48 940.123 40.5884 401.19 40.5884 973.939 -20.9043 401.19 -20.9043 246.783
GPRESSURE: 48 1698.75 304.122 412.581 -118.068 1584.76 -30.5675 511.623 -161.922 1146.37
ENERGY:      48      1023.2931      1158.5694       291.3342        10.9534         -32966.3423      3087.4285         0.0000         0.0000         0.0000         -27394.7637        -0.0000    -27394.7637    -27394.7637         0.0000            720.2817      1476.6269    110592.0000       720.2817      1476.6269

PRESSURE: 49 -262.359 -13.5953 394.677 -13.5953 166.292 -13.635 394.677 -13.635 -669.568
GPRESSURE: 49 554.323 227.157 357.474 -139.975 768.763 0.788156 442.109 -157.825 150.755
ENERGY:      49      1173.3194      1234.5607       300.6771        13.9398         -33488.5662      2859.0699         0.0000         0.0000         0.0000         -27906.9993        -0.0000    -27906.9993    -27906.9993         0.0000           -255.2117       491.2805    110592.0000      -255.2117       491.2805

LDB: ============= START OF LOAD BALANCING ============== 27.8836
LDB: Largest compute 548 load 0.315441 is 50.6% of average load 0.623448
LDB: Average compute 0.028291 is 4.5% of average load 0.623448
LDB: Partitioning computes with target load 0.062345
LDB: Partitioning compute 87 with load 0.214296 by 4
LDB: Partitioning compute 92 with load 0.213982 by 4
LDB: Partitioning compute 78 with load 0.199144 by 4
LDB: Partitioning compute 67 with load 0.208474 by 4
LDB: Partitioning compute 1469 with load 0.280011 by 5
LDB: Partitioning compute 1473 with load 0.276715 by 5
LDB: Partitioning compute 1474 with load 0.130960 by 3
LDB: Partitioning compute 1493 with load 0.072628 by 2
LDB: Partitioning compute 1509 with load 0.125442 by 3
LDB: Partitioning compute 93 with load 0.200945 by 4
LDB: Partitioning compute 72 with load 0.192280 by 4
LDB: Partitioning compute 1654 with load 0.272663 by 5
LDB: Partitioning compute 1658 with load 0.237686 by 4
LDB: Partitioning compute 1659 with load 0.119434 by 2
LDB: Partitioning compute 1678 with load 0.064446 by 2
LDB: Partitioning compute 1694 with load 0.095646 by 2
LDB: Partitioning compute 54 with load 0.161796 by 3
LDB: Partitioning compute 64 with load 0.167273 by 3
LDB: Partitioning compute 74 with load 0.157921 by 3
LDB: Partitioning compute 729 with load 0.261605 by 5
LDB: Partitioning compute 733 with load 0.253858 by 5
LDB: Partitioning compute 734 with load 0.120303 by 2
LDB: Partitioning compute 753 with load 0.089627 by 2
LDB: Partitioning compute 769 with load 0.106907 by 2
LDB: Partitioning compute 84 with load 0.153595 by 3
LDB: Partitioning compute 59 with load 0.186978 by 3
LDB: Partitioning compute 58 with load 0.221234 by 4
LDB: Partitioning compute 88 with load 0.197617 by 4
LDB: Partitioning compute 68 with load 0.183481 by 3
LDB: Partitioning compute 73 with load 0.200084 by 4
LDB: Partitioning compute 98 with load 0.211569 by 4
LDB: Partitioning compute 69 with load 0.191059 by 4
LDB: Partitioning compute 53 with load 0.164714 by 3
LDB: Partitioning compute 83 with load 0.215020 by 4
LDB: Partitioning compute 94 with load 0.200152 by 4
LDB: Partitioning compute 1213 with load 0.098030 by 2
LDB: Partitioning compute 1358 with load 0.192177 by 4
LDB: Partitioning compute 1362 with load 0.231566 by 4
LDB: Partitioning compute 1363 with load 0.090288 by 2
LDB: Partitioning compute 79 with load 0.185232 by 3
LDB: Partitioning compute 99 with load 0.169798 by 3
LDB: Partitioning compute 1136 with load 0.271250 by 5
LDB: Partitioning compute 1140 with load 0.272870 by 5
LDB: Partitioning compute 1141 with load 0.109187 by 2
LDB: Partitioning compute 1176 with load 0.118485 by 2
LDB: Partitioning compute 63 with load 0.232045 by 4
LDB: Partitioning compute 1691 with load 0.262966 by 5
LDB: Partitioning compute 1695 with load 0.252247 by 5
LDB: Partitioning compute 1696 with load 0.102162 by 2
LDB: Partitioning compute 1715 with load 0.080630 by 2
LDB: Partitioning compute 1731 with load 0.125666 by 3
LDB: Partitioning compute 1876 with load 0.258402 by 5
LDB: Partitioning compute 1880 with load 0.263339 by 5
LDB: Partitioning compute 1881 with load 0.114535 by 2
LDB: Partitioning compute 1900 with load 0.063956 by 2
LDB: Partitioning compute 1916 with load 0.097498 by 2
LDB: Partitioning compute 97 with load 0.143218 by 3
LDB: Partitioning compute 658 with load 0.088819 by 2
LDB: Partitioning compute 803 with load 0.231130 by 4
LDB: Partitioning compute 807 with load 0.237255 by 4
LDB: Partitioning compute 808 with load 0.092987 by 2
LDB: Partitioning compute 827 with load 0.064296 by 2
LDB: Partitioning compute 1839 with load 0.233059 by 4
LDB: Partitioning compute 1843 with load 0.166138 by 3
LDB: Partitioning compute 1844 with load 0.089871 by 2
LDB: Partitioning compute 1879 with load 0.094668 by 2
LDB: Partitioning compute 89 with load 0.195326 by 4
LDB: Partitioning compute 581 with load 0.258743 by 5
LDB: Partitioning compute 585 with load 0.273986 by 5
LDB: Partitioning compute 586 with load 0.116199 by 2
LDB: Partitioning compute 605 with load 0.104671 by 2
LDB: Partitioning compute 621 with load 0.098692 by 2
LDB: Partitioning compute 288 with load 0.088012 by 2
LDB: Partitioning compute 433 with load 0.206530 by 4
LDB: Partitioning compute 437 with load 0.237853 by 4
LDB: Partitioning compute 438 with load 0.093048 by 2
LDB: Partitioning compute 1028 with load 0.097795 by 2
LDB: Partitioning compute 1173 with load 0.236829 by 4
LDB: Partitioning compute 1177 with load 0.223407 by 4
LDB: Partitioning compute 1178 with load 0.085836 by 2
LDB: Partitioning compute 843 with load 0.079585 by 2
LDB: Partitioning compute 988 with load 0.192536 by 4
LDB: Partitioning compute 992 with load 0.196749 by 4
LDB: Partitioning compute 993 with load 0.076430 by 2
LDB: Partitioning compute 1012 with load 0.068453 by 2
LDB: Partitioning compute 396 with load 0.271930 by 5
LDB: Partitioning compute 400 with load 0.288807 by 5
LDB: Partitioning compute 401 with load 0.094977 by 2
LDB: Partitioning compute 420 with load 0.090810 by 2
LDB: Partitioning compute 436 with load 0.137913 by 3
LDB: Partitioning compute 1506 with load 0.247326 by 4
LDB: Partitioning compute 1510 with load 0.268909 by 5
LDB: Partitioning compute 1511 with load 0.099290 by 2
LDB: Partitioning compute 1546 with load 0.132152 by 3
LDB: Partitioning compute 766 with load 0.240490 by 4
LDB: Partitioning compute 770 with load 0.269409 by 5
LDB: Partitioning compute 771 with load 0.103521 by 2
LDB: Partitioning compute 790 with load 0.076129 by 2
LDB: Partitioning compute 806 with load 0.125878 by 3
LDB: Partitioning compute 951 with load 0.241084 by 4
LDB: Partitioning compute 955 with load 0.204068 by 4
LDB: Partitioning compute 956 with load 0.095107 by 2
LDB: Partitioning compute 975 with load 0.080287 by 2
LDB: Partitioning compute 991 with load 0.083386 by 2
LDB: Partitioning compute 914 with load 0.259385 by 5
LDB: Partitioning compute 918 with load 0.225821 by 4
LDB: Partitioning compute 919 with load 0.084978 by 2
LDB: Partitioning compute 938 with load 0.062584 by 2
LDB: Partitioning compute 954 with load 0.094600 by 2
LDB: Partitioning compute 103 with load 0.085632 by 2
LDB: Partitioning compute 248 with load 0.210685 by 4
LDB: Partitioning compute 252 with load 0.219792 by 4
LDB: Partitioning compute 253 with load 0.093427 by 2
LDB: Partitioning compute 272 with load 0.077632 by 2
LDB: Partitioning compute 1398 with load 0.084700 by 2
LDB: Partitioning compute 1543 with load 0.219931 by 4
LDB: Partitioning compute 1547 with load 0.258875 by 5
LDB: Partitioning compute 1548 with load 0.110284 by 2
LDB: Partitioning compute 211 with load 0.226153 by 4
LDB: Partitioning compute 215 with load 0.267589 by 5
LDB: Partitioning compute 216 with load 0.122296 by 2
LDB: Partitioning compute 235 with load 0.074965 by 2
LDB: Partitioning compute 251 with load 0.112866 by 2
LDB: Partitioning compute 473 with load 0.119356 by 2
LDB: Partitioning compute 618 with load 0.236808 by 4
LDB: Partitioning compute 622 with load 0.238509 by 4
LDB: Partitioning compute 623 with load 0.091571 by 2
LDB: Partitioning compute 1321 with load 0.240409 by 4
LDB: Partitioning compute 1325 with load 0.269491 by 5
LDB: Partitioning compute 1326 with load 0.125107 by 3
LDB: Partitioning compute 1345 with load 0.073801 by 2
LDB: Partitioning compute 1361 with load 0.094596 by 2
LDB: Partitioning compute 1583 with load 0.099477 by 2
LDB: Partitioning compute 1728 with load 0.250268 by 5
LDB: Partitioning compute 1732 with load 0.256059 by 5
LDB: Partitioning compute 1733 with load 0.087257 by 2
LDB: Partitioning compute 1752 with load 0.063086 by 2
LDB: Partitioning compute 1913 with load 0.175427 by 3
LDB: Partitioning compute 1917 with load 0.220293 by 4
LDB: Partitioning compute 1918 with load 0.083447 by 2
LDB: Partitioning compute 66 with load 0.219386 by 4
LDB: Partitioning compute 96 with load 0.173488 by 3
LDB: Partitioning compute 62 with load 0.241767 by 4
LDB: Partitioning compute 90 with load 0.197764 by 4
LDB: Partitioning compute 82 with load 0.192975 by 4
LDB: Partitioning compute 85 with load 0.157531 by 3
LDB: Partitioning compute 57 with load 0.184352 by 3
LDB: Partitioning compute 77 with load 0.132065 by 3
LDB: Partitioning compute 71 with load 0.169848 by 3
LDB: Partitioning compute 52 with load 0.185616 by 3
LDB: Partitioning compute 51 with load 0.179864 by 3
LDB: Partitioning compute 50 with load 0.174349 by 3
LDB: Partitioning compute 80 with load 0.151309 by 3
LDB: Partitioning compute 81 with load 0.206478 by 4
LDB: Partitioning compute 55 with load 0.171430 by 3
LDB: Partitioning compute 91 with load 0.221896 by 4
LDB: Partitioning compute 61 with load 0.173419 by 3
LDB: Partitioning compute 95 with load 0.149713 by 3
LDB: Partitioning compute 60 with load 0.210627 by 4
LDB: Partitioning compute 76 with load 0.207232 by 4
LDB: Partitioning compute 56 with load 0.178058 by 3
LDB: Partitioning compute 86 with load 0.193523 by 4
LDB: Partitioning compute 75 with load 0.182340 by 3
LDB: Partitioning compute 70 with load 0.164033 by 3
LDB: Partitioning compute 65 with load 0.170585 by 3
LDB: Partitioning compute 1395 with load 0.220594 by 4
LDB: Partitioning compute 1399 with load 0.232606 by 4
LDB: Partitioning compute 1400 with load 0.116127 by 2
LDB: Partitioning compute 1435 with load 0.108560 by 2
LDB: Partitioning compute 692 with load 0.271221 by 5
LDB: Partitioning compute 696 with load 0.244020 by 4
LDB: Partitioning compute 697 with load 0.117587 by 2
LDB: Partitioning compute 716 with load 0.076548 by 2
LDB: Partitioning compute 732 with load 0.103926 by 2
LDB: Partitioning compute 1802 with load 0.206204 by 4
LDB: Partitioning compute 1806 with load 0.234981 by 4
LDB: Partitioning compute 1807 with load 0.079359 by 2
LDB: Partitioning compute 1842 with load 0.088859 by 2
LDB: Partitioning compute 1099 with load 0.221175 by 4
LDB: Partitioning compute 1103 with load 0.219740 by 4
LDB: Partitioning compute 1104 with load 0.105175 by 2
LDB: Partitioning compute 1139 with load 0.118449 by 2
LDB: Partitioning compute 840 with load 0.213767 by 4
LDB: Partitioning compute 844 with load 0.217661 by 4
LDB: Partitioning compute 845 with load 0.093381 by 2
LDB: Partitioning compute 864 with load 0.063485 by 2
LDB: Partitioning compute 880 with load 0.096067 by 2
LDB: Partitioning compute 1284 with load 0.270284 by 5
LDB: Partitioning compute 1288 with load 0.260894 by 5
LDB: Partitioning compute 1289 with load 0.118282 by 2
LDB: Partitioning compute 1308 with load 0.063525 by 2
LDB: Partitioning compute 1324 with load 0.126593 by 3
LDB: Partitioning compute 470 with load 0.269979 by 5
LDB: Partitioning compute 474 with load 0.266388 by 5
LDB: Partitioning compute 475 with load 0.145561 by 3
LDB: Partitioning compute 494 with load 0.073471 by 2
LDB: Partitioning compute 510 with load 0.096683 by 2
LDB: Partitioning compute 1617 with load 0.287259 by 5
LDB: Partitioning compute 1621 with load 0.260177 by 5
LDB: Partitioning compute 1622 with load 0.099928 by 2
LDB: Partitioning compute 1641 with load 0.078692 by 2
LDB: Partitioning compute 1657 with load 0.119668 by 2
LDB: Partitioning compute 1210 with load 0.230955 by 4
LDB: Partitioning compute 1214 with load 0.215567 by 4
LDB: Partitioning compute 1215 with load 0.096364 by 2
LDB: Partitioning compute 1234 with load 0.068538 by 2
LDB: Partitioning compute 1250 with load 0.097591 by 2
LDB: Partitioning compute 1580 with load 0.286718 by 5
LDB: Partitioning compute 1584 with load 0.239769 by 4
LDB: Partitioning compute 1585 with load 0.112886 by 2
LDB: Partitioning compute 1604 with load 0.071734 by 2
LDB: Partitioning compute 1620 with load 0.125646 by 3
LDB: Partitioning compute 1062 with load 0.215003 by 4
LDB: Partitioning compute 1066 with load 0.276470 by 5
LDB: Partitioning compute 1067 with load 0.124648 by 2
LDB: Partitioning compute 1086 with load 0.064267 by 2
LDB: Partitioning compute 1102 with load 0.091412 by 2
LDB: Partitioning compute 1765 with load 0.228678 by 4
LDB: Partitioning compute 1769 with load 0.185493 by 3
LDB: Partitioning compute 1770 with load 0.105204 by 2
LDB: Partitioning compute 1805 with load 0.080499 by 2
LDB: Partitioning compute 137 with load 0.247999 by 4
LDB: Partitioning compute 141 with load 0.241592 by 4
LDB: Partitioning compute 142 with load 0.108524 by 2
LDB: Partitioning compute 161 with load 0.076337 by 2
LDB: Partitioning compute 177 with load 0.116449 by 2
LDB: Partitioning compute 507 with load 0.255281 by 5
LDB: Partitioning compute 511 with load 0.259082 by 5
LDB: Partitioning compute 512 with load 0.108886 by 2
LDB: Partitioning compute 531 with load 0.076548 by 2
LDB: Partitioning compute 547 with load 0.135666 by 3
LDB: Partitioning compute 322 with load 0.251225 by 5
LDB: Partitioning compute 326 with load 0.235468 by 4
LDB: Partitioning compute 327 with load 0.127425 by 3
LDB: Partitioning compute 346 with load 0.076657 by 2
LDB: Partitioning compute 362 with load 0.100507 by 2
LDB: Partitioning compute 655 with load 0.261636 by 5
LDB: Partitioning compute 659 with load 0.222585 by 4
LDB: Partitioning compute 660 with load 0.087212 by 2
LDB: Partitioning compute 679 with load 0.068416 by 2
LDB: Partitioning compute 695 with load 0.118757 by 2
LDB: Partitioning compute 877 with load 0.244759 by 4
LDB: Partitioning compute 881 with load 0.221483 by 4
LDB: Partitioning compute 882 with load 0.099477 by 2
LDB: Partitioning compute 901 with load 0.062823 by 2
LDB: Partitioning compute 917 with load 0.095193 by 2
LDB: Partitioning compute 174 with load 0.218277 by 4
LDB: Partitioning compute 178 with load 0.257729 by 5
LDB: Partitioning compute 179 with load 0.126621 by 3
LDB: Partitioning compute 198 with load 0.063502 by 2
LDB: Partitioning compute 214 with load 0.106254 by 2
LDB: Partitioning compute 1025 with load 0.249677 by 5
LDB: Partitioning compute 1029 with load 0.223487 by 4
LDB: Partitioning compute 1030 with load 0.121808 by 2
LDB: Partitioning compute 1065 with load 0.093243 by 2
LDB: Partitioning compute 1432 with load 0.280030 by 5
LDB: Partitioning compute 1436 with load 0.271910 by 5
LDB: Partitioning compute 1437 with load 0.120894 by 2
LDB: Partitioning compute 1472 with load 0.129349 by 3
LDB: Partitioning compute 544 with load 0.301305 by 5
LDB: Partitioning compute 548 with load 0.315441 by 6
LDB: Partitioning compute 549 with load 0.127677 by 3
LDB: Partitioning compute 568 with load 0.087592 by 2
LDB: Partitioning compute 584 with load 0.139506 by 3
LDB: Partitioning compute 359 with load 0.282111 by 5
LDB: Partitioning compute 363 with load 0.269977 by 5
LDB: Partitioning compute 364 with load 0.103818 by 2
LDB: Partitioning compute 383 with load 0.070285 by 2
LDB: Partitioning compute 399 with load 0.149367 by 3
LDB: Partitioning compute 100 with load 0.238168 by 4
LDB: Partitioning compute 104 with load 0.246110 by 4
LDB: Partitioning compute 105 with load 0.096058 by 2
LDB: Partitioning compute 124 with load 0.073530 by 2
LDB: Partitioning compute 140 with load 0.118865 by 2
LDB: Partitioning compute 285 with load 0.223457 by 4
LDB: Partitioning compute 289 with load 0.222478 by 4
LDB: Partitioning compute 290 with load 0.097894 by 2
LDB: Partitioning compute 325 with load 0.105946 by 2
LDB: Partitioning compute 1247 with load 0.261150 by 5
LDB: Partitioning compute 1251 with load 0.258348 by 5
LDB: Partitioning compute 1252 with load 0.132811 by 3
LDB: Partitioning compute 1287 with load 0.111066 by 2
LDB: Increased migratable compute count from 2150 to 2768
LDB: Largest unpartitionable compute is 0.043241
LDB: ============== END OF LOAD BALANCING =============== 27.9973
Info: build node-aware spanning tree with send: 1, recv: 0 with branch factor 9
Info: useSync: 0 useProxySync: 0
LDB: =============== DONE WITH MIGRATION ================ 28.0157
PRESSURE: 50 -3448.51 -116.999 406.611 -116.999 -2399.84 -39.4054 406.611 -39.4054 -3436.86
GPRESSURE: 50 -1161.1 3.88534 433.965 -301.956 -472.673 -120.765 453.082 -427.592 -1484.28
Info: Initial time: 128 CPUs 0.039212 s/step 0.226922 days/ns 202.062 MB memory
ETITLE:      TS           BOND          ANGLE          DIHED          IMPRP               ELECT            VDW       BOUNDARY           MISC        KINETIC               TOTAL           TEMP      POTENTIAL         TOTAL3        TEMPAVG            PRESSURE      GPRESSURE         VOLUME       PRESSAVG      GPRESSAVG

ENERGY:      50      2576.2439      1811.0890       318.6265        35.7353         -34510.3185      2650.0504         0.0000         0.0000         0.0000         -27118.5734        -0.0000    -27118.5734    -27118.5734         0.0000          -3095.0697     -1039.3484    110592.0000     -3095.0697     -1039.3484

LINE MINIMIZER BRACKET: DX 0.000650094 0.00130019 DU -512.236 788.426 DUDX -1.23304e+06 -341174 1.62658e+06 
PRESSURE: 51 -755.205 -37.4868 396.834 -37.4868 -199.326 -13.3065 396.834 -13.3065 -1077.05
GPRESSURE: 51 192.763 194.198 351.051 -159.197 497.901 0.545327 431.667 -169.161 -180.913
ENERGY:      51      1311.2722      1297.1091       303.9940        16.3868         -33674.6454      2797.2656         0.0000         0.0000         0.0000         -27948.6177        -0.0000    -27948.6177    -27948.6177         0.0000           -677.1937       169.9171    110592.0000      -677.1937       169.9171

LINE MINIMIZER BRACKET: DX 0.000234068 0.00106612 DU -41.6184 830.044 DUDX -341174 -13379.5 1.62658e+06 
PRESSURE: 52 -991.433 -48.1577 397.999 -48.1577 -379.977 -13.3375 397.999 -13.3375 -1276.77
GPRESSURE: 52 35.6106 178.291 350.164 -169.492 378.783 -1.56458 428.693 -177.152 -328.279
ENERGY:      52      1389.7412      1331.7357       305.4856        17.7133         -33759.0764      2772.4211         0.0000         0.0000         0.0000         -27941.9796        -0.0000    -27941.9796    -27941.9796         0.0000           -882.7281        28.7049    110592.0000      -882.7281        28.7049

LINE MINIMIZER BRACKET: DX 0.000234068 0.000106612 DU -41.6184 6.63811 DUDX -341174 -13379.5 138267 
PRESSURE: 53 -778.492 -38.5655 396.95 -38.5655 -216.978 -13.3027 396.95 -13.3027 -1096.62
GPRESSURE: 53 176.841 192.633 350.905 -160.185 485.873 0.394672 431.324 -169.871 -195.743
ENERGY:      53      1318.6715      1300.3996       304.1438        16.5135         -33683.0961      2794.6888         0.0000         0.0000         0.0000         -27948.6788        -0.0000    -27948.6788    -27948.6788         0.0000           -697.3621       155.6569    110592.0000      -697.3621       155.6569

LINE MINIMIZER BRACKET: DX 1.06612e-05 9.59509e-05 DU -0.0610991 6.69921 DUDX -13379.5 1711.37 138267 
LINE MINIMIZER REDUCING GRADIENT FROM 2.7206e+06 TO 2720.6
PRESSURE: 54 -922.063 -61.0804 375.41 -61.0804 -389.309 2.32775 375.41 2.32775 -1166.62
GPRESSURE: 54 -18.8516 162.387 332.132 -179.499 264.653 20.9194 404.315 -157.271 -378.909
ENERGY:      54      1203.4238      1314.0844       305.4112        17.2436         -33813.6914      2749.8338         0.0000         0.0000         0.0000         -28223.6947        -0.0000    -28223.6947    -28223.6947         0.0000           -825.9970       -44.3691    110592.0000      -825.9970       -44.3691

PRESSURE: 55 -1084.41 -80.8336 355.179 -80.8336 -592.41 12.8563 355.179 12.8563 -1259.65
GPRESSURE: 55 -206.158 133.507 315.414 -197.12 41.9204 37.2952 379.126 -150.011 -558.801
ENERGY:      55      1114.5287      1335.5266       306.7222        18.1264         -33943.6416      2709.5091         0.0000         0.0000         0.0000         -28459.2286        -0.0000    -28459.2286    -28459.2286         0.0000           -978.8203      -241.0128    110592.0000      -978.8203      -241.0128

PRESSURE: 56 -1466.13 -112.051 318.25 -112.051 -1092.23 17.6576 318.25 17.6576 -1515.53
GPRESSURE: 56 -556.672 79.1057 287.783 -228.112 -407.302 56.2722 333.883 -154.473 -909.987
ENERGY:      56      1015.8737      1402.4884       309.4755        20.4143         -34201.6184      2642.1042         0.0000         0.0000         0.0000         -28811.2623        -0.0000    -28811.2623    -28811.2623         0.0000          -1357.9641      -624.6537    110592.0000     -1357.9641      -624.6537

PRESSURE: 57 -2458.14 -141.83 257.828 -141.83 -2468.11 -46.0766 257.828 -46.0766 -2304.39
GPRESSURE: 57 -1162.02 -21.0812 255.746 -278.697 -1297.29 29.6915 266.018 -270.75 -1579.94
ENERGY:      57      1136.4860      1638.7911       315.5362        27.7878         -34709.9601      2560.4972         0.0000         0.0000         0.0000         -29030.8619        -0.0000    -29030.8619    -29030.8619         0.0000          -2410.2104     -1346.4193    110592.0000     -2410.2104     -1346.4193

PRESSURE: 58 -5171.1 -160.438 394.804 -160.438 -6484.07 -847.984 394.804 -847.984 -4373.63
GPRESSURE: 58 -1528.76 -431.342 477.401 -644.538 -2087.23 -591.613 901.409 -2158.23 -2318.63
ENERGY:      58      2673.4277      2570.7033       330.4646        68.3772         -35696.3952      2749.5226         0.0000         0.0000         0.0000         -27303.8999        -0.0000    -27303.8999    -27303.8999         0.0000          -5342.9319     -1978.2078    110592.0000     -5342.9319     -1978.2078

LINE MINIMIZER BRACKET: DX 0.000433321 0.000866642 DU -219.6 1726.96 DUDX -1.25656e+06 255632 4.14994e+06 
PRESSURE: 59 -2270.82 -139.706 266.622 -139.706 -2202.78 -27.5861 266.622 -27.5861 -2147.22
GPRESSURE: 59 -1069.89 -4.61397 258.809 -270.701 -1151.85 41.0826 274.743 -237.835 -1471.07
ENERGY:      59      1086.5461      1589.2061       314.4650        26.2214         -34625.4358      2569.0125         0.0000         0.0000         0.0000         -29039.9846        -0.0000    -29039.9846    -29039.9846         0.0000          -2206.9388     -1230.9357    110592.0000     -2206.9388     -1230.9357

LDB: ============= START OF LOAD BALANCING ============== 28.4098
LDB: ============== END OF LOAD BALANCING =============== 28.4107
Info: useSync: 0 useProxySync: 0
LDB: =============== DONE WITH MIGRATION ================ 28.4169
LINE MINIMIZER BRACKET: DX 0.000360676 7.26447e-05 DU -228.722 9.12274 DUDX -1.25656e+06 -3745.57 255632 
PRESSURE: 60 -2289.17 -139.972 265.717 -139.972 -2228.69 -29.2708 265.717 -29.2708 -2162.49
GPRESSURE: 60 -1079.28 -6.26424 258.458 -271.504 -1166.5 40.0896 273.81 -240.821 -1482.03
ETITLE:      TS           BOND          ANGLE          DIHED          IMPRP               ELECT            VDW       BOUNDARY           MISC        KINETIC               TOTAL           TEMP      POTENTIAL         TOTAL3        TEMPAVG            PRESSURE      GPRESSURE         VOLUME       PRESSAVG      GPRESSAVG

ENERGY:      60      1090.9992      1593.9787       314.5711        26.3710         -34633.8994      2568.0621         0.0000         0.0000         0.0000         -29039.9173        -0.0000    -29039.9173    -29039.9173         0.0000          -2226.7849     -1242.6036    110592.0000     -2226.7849     -1242.6036

LINE MINIMIZER BRACKET: DX 0.000360676 7.26447e-06 DU -228.722 0.0673371 DUDX -1.25656e+06 -3745.57 22055.8 
PRESSURE: 61 -2273.46 -139.745 266.492 -139.745 -2206.5 -27.8263 266.492 -27.8263 -2149.41
GPRESSURE: 61 -1071.24 -4.85122 258.759 -270.816 -1153.96 40.9417 274.609 -238.261 -1472.65
ENERGY:      61      1087.1795      1589.8904       314.4803        26.2428         -34626.6542      2568.8744         0.0000         0.0000         0.0000         -29039.9868        -0.0000    -29039.9868    -29039.9868         0.0000          -2209.7897     -1232.6178    110592.0000     -2209.7897     -1232.6178

LINE MINIMIZER BRACKET: DX 1.04532e-06 6.21915e-06 DU -0.00220464 0.0695417 DUDX -3745.57 -34.7352 22055.8 
LINE MINIMIZER REDUCING GRADIENT FROM 1.53675e+06 TO 1536.75
PRESSURE: 62 -1608.43 -196.361 279.687 -196.361 -1518.35 -51.4157 279.687 -51.4157 -1799.05
GPRESSURE: 62 -1325.54 -96.3747 295.25 -346.666 -1518.96 -28.0632 305.275 -226.025 -1867.52
ENERGY:      62       931.2860      1596.2387       316.3003        23.2616         -34976.7120      2493.0771         0.0000         0.0000         0.0000         -29616.5483        -0.0000    -29616.5483    -29616.5483         0.0000          -1641.9427     -1570.6713    110592.0000     -1641.9427     -1570.6713

PRESSURE: 63 -1067.3 -355.211 386.802 -355.211 -1053.73 -151.062 386.802 -151.062 -1601.7
GPRESSURE: 63 -1316.2 -333.487 449.849 -550.303 -1738.42 -186.18 482.5 -341.697 -2069.41
ENERGY:      63       965.7875      1661.9057       319.3426        21.8813         -35315.5707      2500.1542         0.0000         0.0000         0.0000         -29846.4994        -0.0000    -29846.4994    -29846.4994         0.0000          -1240.9094     -1708.0102    110592.0000     -1240.9094     -1708.0102

PRESSURE: 64 3458.84 -1947.25 2413.97 -1947.25 262.629 -1666.04 2413.97 -1666.04 -206.164
GPRESSURE: 64 7304.7 -6850.42 4408.59 -3229.82 -345.075 -2103.18 4672.29 -3560.56 554.238
ENERGY:      64      1587.6787      1974.8596       328.8440        23.6497         -35959.8253      3596.6118         0.0000         0.0000         0.0000         -28448.1814        -0.0000    -28448.1814    -28448.1814         0.0000           1171.7672      2504.6223    110592.0000      1171.7672      2504.6223

LINE MINIMIZER BRACKET: DX 0.000521555 0.00104311 DU -229.951 1398.32 DUDX -782438 -78217.6 4.59365e+06 
PRESSURE: 65 -955.636 -408.412 430.604 -408.412 -979.39 -189.376 430.604 -189.376 -1567.43
GPRESSURE: 65 -1253.77 -419.874 511.286 -621.232 -1755.77 -238.752 557.437 -396.127 -2068.03
ENERGY:      65       995.0010      1682.2051       320.0933        21.7868         -35382.0022      2516.6789         0.0000         0.0000         0.0000         -29846.2370        -0.0000    -29846.2370    -29846.2370         0.0000          -1167.4856     -1692.5258    110592.0000     -1167.4856     -1692.5258

LINE MINIMIZER BRACKET: DX 0.000521555 0.000104311 DU -229.951 0.262385 DUDX -782438 -78217.6 85357.9 
PRESSURE: 66 -1014.1 -379.782 406.639 -379.782 -1017.27 -168.514 406.639 -168.514 -1585.37
GPRESSURE: 66 -1289.79 -372.758 477.627 -582.862 -1748.31 -210.385 516.241 -366.087 -2071.22
ENERGY:      66       979.0182      1671.4391       319.7005        21.8280         -35347.8045      2507.3203         0.0000         0.0000         0.0000         -29848.4983        -0.0000    -29848.4983    -29848.4983         0.0000          -1205.5810     -1703.1066    110592.0000     -1205.5810     -1703.1066

LINE MINIMIZER BRACKET: DX 5.05305e-05 5.37805e-05 DU -1.99892 2.26131 DUDX -78217.6 -570.175 85357.9 
LINE MINIMIZER REDUCING GRADIENT FROM 1.83515e+06 TO 1835.15
PRESSURE: 67 -1611.62 -68.6457 40.2631 -68.6457 -1252.56 38.5309 40.2631 38.5309 -1903.43
GPRESSURE: 67 -2222.68 -38.7625 65.0631 -196.216 -2301.95 -9.36524 48.9624 -86.7566 -2661.35
ENERGY:      67       957.8365      1664.5173       321.6322        19.2062         -35665.8371      2334.9311         0.0000         0.0000         0.0000         -30367.7138        -0.0000    -30367.7138    -30367.7138         0.0000          -1589.2020     -2395.3266    110592.0000     -1589.2020     -2395.3266

PRESSURE: 68 -2116.55 44.6534 -101.841 44.6534 -1624.05 83.9856 -101.841 83.9856 -2312.51
GPRESSURE: 68 -2691.83 32.6508 -72.3625 -77.671 -2669.72 36.4336 -86.5849 -6.31538 -3039.7
ENERGY:      68       999.2022      1697.5196       323.8527        19.8415         -35974.3297      2281.4513         0.0000         0.0000         0.0000         -30652.4624        -0.0000    -30652.4624    -30652.4624         0.0000          -2017.7039     -2800.4169    110592.0000     -2017.7039     -2800.4169

PRESSURE: 69 -3860.18 173.224 -252.374 173.224 -3180.8 -5.25939 -252.374 -5.25939 -3717.43
GPRESSURE: 69 -3378.28 31.4133 -126.052 36.8842 -3211.76 -73.4287 -102.26 -145.559 -3343.57
ENERGY:      69      1283.8258      1885.4449       328.7014        29.6224         -36564.1803      2306.6455         0.0000         0.0000         0.0000         -30729.9403        -0.0000    -30729.9403    -30729.9403         0.0000          -3586.1363     -3311.2048    110592.0000     -3586.1363     -3311.2048

PRESSURE: 70 -5026.89 4249.73 -1599.86 4249.73 8327.3 -21968.1 -1599.86 -21968.1 28131.9
GPRESSURE: 70 12389.8 -13189.9 9281.88 -2314.92 23238.3 -52271.7 18208 -51283 83165.1
ETITLE:      TS           BOND          ANGLE          DIHED          IMPRP               ELECT            VDW       BOUNDARY           MISC        KINETIC               TOTAL           TEMP      POTENTIAL         TOTAL3        TEMPAVG            PRESSURE      GPRESSURE         VOLUME       PRESSAVG      GPRESSAVG

ENERGY:      70      3132.5486      2862.3878       346.7528        75.8983         -37638.3501     10877.9585         0.0000         0.0000         0.0000         -20342.8039        -0.0000    -20342.8039    -20342.8039         0.0000          10477.4515     39597.7291    110592.0000     10477.4515     39597.7291

LINE MINIMIZER BRACKET: DX 0.000785099 0.0015702 DU -77.4779 10387.1 DUDX -518202 386908 3.05514e+07 
PRESSURE: 71 -3032.83 128.731 -205.081 128.731 -2430.34 62.9737 -205.081 62.9737 -3085
GPRESSURE: 71 -3131.86 47.6834 -134.227 -1.54378 -3026.89 8.68082 -132.972 -21.7058 -3332.34
ENERGY:      71      1134.6198      1789.7476       326.4980        24.4731         -36333.4213      2274.4509         0.0000         0.0000         0.0000         -30783.6318        -0.0000    -30783.6318    -30783.6318         0.0000          -2849.3923     -3163.6967    110592.0000     -2849.3923     -3163.6967

LINE MINIMIZER BRACKET: DX 0.000472326 0.000312773 DU -131.169 53.6915 DUDX -518202 -24581.7 386908 
PRESSURE: 72 -3107.65 133.623 -210.643 133.623 -2498.09 58.5453 -210.643 58.5453 -3145.62
GPRESSURE: 72 -3158.32 47.3189 -135.534 2.68839 -3047.68 3.24269 -132.758 -28.4361 -3342.82
ENERGY:      72      1147.2296      1798.0229       326.6974        24.9169         -36356.7464      2276.0490         0.0000         0.0000         0.0000         -30783.8305        -0.0000    -30783.8305    -30783.8305         0.0000          -2917.1207     -3182.9433    110592.0000     -2917.1207     -3182.9433

LINE MINIMIZER BRACKET: DX 3.12773e-05 0.000281496 DU -0.198685 53.8902 DUDX -24581.7 11976.7 386908 
PRESSURE: 73 -3083.02 132.033 -208.847 132.033 -2475.78 60.0372 -208.847 60.0372 -3125.71
GPRESSURE: 73 -3149.72 47.4592 -135.152 1.3136 -3040.95 5.07295 -132.885 -26.1361 -3339.57
ENERGY:      73      1143.0562      1795.2883       326.6317        24.7702         -36349.1328      2275.4939         0.0000         0.0000         0.0000         -30783.8924        -0.0000    -30783.8924    -30783.8924         0.0000          -2894.8357     -3176.7441    110592.0000     -2894.8357     -3176.7441

LINE MINIMIZER BRACKET: DX 2.10586e-05 1.02187e-05 DU -0.260593 0.0619079 DUDX -24581.7 -52.648 11976.7 
LINE MINIMIZER REDUCING GRADIENT FROM 1.51541e+06 TO 1515.41
PRESSURE: 74 -4460.23 113.41 50.6036 113.41 -3936.4 -112.809 50.6036 -112.809 -3321.11
GPRESSURE: 74 -3645.87 -293.271 441.512 39.2681 -3740.57 40.0983 926.689 -1194 -1789.5
ENERGY:      74      1065.9872      1687.7340       321.3631        30.3274         -36734.4917      2436.4056         0.0000         0.0000         0.0000         -31192.6744        -0.0000    -31192.6744    -31192.6744         0.0000          -3905.9125     -3058.6478    110592.0000     -3905.9125     -3058.6478

PRESSURE: 75 -5728.13 107.356 9036.94 107.356 -5992.21 1463.15 9036.94 1463.15 64227.5
GPRESSURE: 75 9231.07 -20993.8 27669.8 3559.49 -9684.76 6643 107611 -163171 210865
ENERGY:      75      1762.0731      1779.8186       319.0390        52.5943         -37101.2640     12025.8918         0.0000         0.0000         0.0000         -21161.8472        -0.0000    -21161.8472    -21161.8472         0.0000          17502.3958     70137.2237    110592.0000     17502.3958     70137.2237

LINE MINIMIZER BRACKET: DX 0.000784947 0.000784947 DU -408.782 10030.8 DUDX -1.51541e+06 578369 6.60675e+07 
PRESSURE: 76 -4010.14 127.324 -76.181 127.324 -3465.37 -74.5309 -76.181 -74.5309 -3454.26
GPRESSURE: 76 -3587.18 -110.497 150.734 -4.89521 -3508.99 -25.54 308.52 -424.376 -2899.38
ENERGY:      76      1012.7162      1697.7009       322.4484        27.8942         -36634.7367      2342.2964         0.0000         0.0000         0.0000         -31231.6807        -0.0000    -31231.6807    -31231.6807         0.0000          -3643.2570     -3331.8477    110592.0000     -3643.2570     -3331.8477

LINE MINIMIZER BRACKET: DX 0.000578428 0.000206519 DU -447.788 39.0063 DUDX -1.51541e+06 -138425 578369 
PRESSURE: 77 -4100.76 124.772 -56.2312 124.772 -3560.72 -84.9451 -56.2312 -84.9451 -3456.75
GPRESSURE: 77 -3608.21 -137.612 195.118 -0.613724 -3551.31 -20.8567 394.275 -525.845 -2757.29
ENERGY:      77      1019.5602      1694.4687       322.1988        28.3360         -36655.9322      2356.3076         0.0000         0.0000         0.0000         -31235.0609        -0.0000    -31235.0609    -31235.0609         0.0000          -3706.0776     -3305.6029    110592.0000     -3706.0776     -3305.6029

LINE MINIMIZER BRACKET: DX 4.36715e-05 0.000162847 DU -3.38019 42.3865 DUDX -138425 -14652.8 578369 
PRESSURE: 78 -4135.23 123.745 -48.0597 123.745 -3596.91 -88.6174 -48.0597 -88.6174 -3454.72
GPRESSURE: 78 -3615.16 -148.934 213.46 1.47943 -3567.76 -18.2015 430.8 -569.84 -2694.91
ENERGY:      78      1022.7176      1693.4167       322.1084        28.5101         -36663.8244      2362.1663         0.0000         0.0000         0.0000         -31234.9053        -0.0000    -31234.9053    -31234.9053         0.0000          -3728.9531     -3292.6074    110592.0000     -3728.9531     -3292.6074

LINE MINIMIZER BRACKET: DX 4.36715e-05 1.62847e-05 DU -3.38019 0.155659 DUDX -138425 -14652.8 34340.8 
PRESSURE: 79 -4111.16 124.463 -53.8018 124.463 -3571.64 -86.0673 -53.8018 -86.0673 -3456.32
GPRESSURE: 79 -3610.37 -140.965 200.559 -0.0130059 -3556.24 -20.1076 405.046 -538.772 -2739
ENERGY:      79      1020.4809      1694.1416       322.1713        28.3881         -36658.3215      2358.0415         0.0000         0.0000         0.0000         -31235.0980        -0.0000    -31235.0980    -31235.0980         0.0000          -3713.0388     -3301.8709    110592.0000     -3713.0388     -3301.8709

LINE MINIMIZER BRACKET: DX 4.92779e-06 1.13569e-05 DU -0.0371203 0.19278 DUDX -14652.8 -3.19969 34340.8 
LINE MINIMIZER REDUCING GRADIENT FROM 2.12199e+06 TO 2121.99
PRESSURE: 80 -4640.69 44.9867 -15.2956 44.9867 -4112.38 -329.03 -15.2956 -329.03 -4095.42
GPRESSURE: 80 -3937.32 -186.926 246.972 -164.236 -3641.64 -347.707 298.79 -369.352 -3337.96
ETITLE:      TS           BOND          ANGLE          DIHED          IMPRP               ELECT            VDW       BOUNDARY           MISC        KINETIC               TOTAL           TEMP      POTENTIAL         TOTAL3        TEMPAVG            PRESSURE      GPRESSURE         VOLUME       PRESSAVG      GPRESSAVG

ENERGY:      80      1080.0317      1582.9611       317.2118        27.3914         -36823.1397      2359.8381         0.0000         0.0000         0.0000         -31455.7057        -0.0000    -31455.7057    -31455.7057         0.0000          -4282.8334     -3638.9733    110592.0000     -4282.8334     -3638.9733

PRESSURE: 81 -5490.66 -98.561 62.2996 -98.561 -4862.68 -618.333 62.2996 -618.333 -4987.55
GPRESSURE: 81 -4179.03 -336.965 419.063 -376.665 -3589.28 -775.823 357.249 -415.431 -3591.19
ENERGY:      81      1306.6927      1535.9243       312.8125        28.5646         -36984.0827      2419.5525         0.0000         0.0000         0.0000         -31380.5362        -0.0000    -31380.5362    -31380.5362         0.0000          -5113.6261     -3786.5002    110592.0000     -5113.6261     -3786.5002

LINE MINIMIZER BRACKET: DX 0.000306606 0.000306606 DU -220.608 75.1695 DUDX -2.12199e+06 -230007 712095 
PRESSURE: 82 -4816.73 17.1982 1.34942 17.1982 -4277.06 -393.848 1.34942 -393.848 -4284.6
GPRESSURE: 82 -4001.48 -215.279 281.346 -209.522 -3645.54 -438.365 303.487 -365.263 -3420.35
ENERGY:      82      1119.5446      1566.0537       316.0829        27.4679         -36862.4583      2369.1726         0.0000         0.0000         0.0000         -31464.1366        -0.0000    -31464.1366    -31464.1366         0.0000          -4459.4617     -3689.1236    110592.0000     -4459.4617     -3689.1236

LINE MINIMIZER BRACKET: DX 7.42062e-05 0.0002324 DU -8.43095 83.6004 DUDX -230007 2451.71 712095 
PRESSURE: 83 -4798.29 20.164 -0.400357 20.164 -4260.08 -387.22 -0.400357 -387.22 -4264.99
GPRESSURE: 83 -3995.28 -212.186 277.629 -204.829 -3645.58 -428.955 302.657 -365.154 -3412.9
ENERGY:      83      1115.1545      1567.5762       316.1943        27.4544         -36858.5398      2368.0886         0.0000         0.0000         0.0000         -31464.0718        -0.0000    -31464.0718    -31464.0718         0.0000          -4441.1197     -3684.5855    110592.0000     -4441.1197     -3684.5855

LINE MINIMIZER BRACKET: DX 7.42062e-06 0.0002324 DU -0.0648284 83.6004 DUDX -20683 2451.71 712095 
PRESSURE: 84 -4814.69 17.5242 1.15736 17.5242 -4275.19 -393.121 1.15736 -393.121 -4282.45
GPRESSURE: 84 -4000.8 -214.939 280.937 -209.007 -3645.55 -437.331 303.393 -365.246 -3419.54
ENERGY:      84      1119.0588      1566.2187       316.0951        27.4663         -36862.0286      2369.0522         0.0000         0.0000         0.0000         -31464.1375        -0.0000    -31464.1375    -31464.1375         0.0000          -4457.4427     -3688.6295    110592.0000     -4457.4427     -3688.6295

LINE MINIMIZER BRACKET: DX 6.60755e-06 8.13071e-07 DU -0.0656823 0.000853909 DUDX -20683 -81.9053 2451.71 
LINE MINIMIZER REDUCING GRADIENT FROM 2.03202e+06 TO 2032.02
PRESSURE: 85 -4869.13 32.6857 -48.19 32.6857 -4341.01 -408.787 -48.19 -408.787 -4528.48
GPRESSURE: 85 -4107.54 -182.153 199.078 -206.12 -3657.72 -422.737 191.024 -227.142 -3744.2
ENERGY:      85      1100.4060      1495.2452       313.1330        24.0804         -36920.5802      2335.3774         0.0000         0.0000         0.0000         -31652.3381        -0.0000    -31652.3381    -31652.3381         0.0000          -4579.5391     -3836.4846    110592.0000     -4579.5391     -3836.4846

PRESSURE: 86 -4995.36 36.8176 -80.5335 36.8176 -4502.58 -429.117 -80.5335 -429.117 -4809.2
GPRESSURE: 86 -4197.41 -163.46 144.333 -198.373 -3681.9 -398.183 128.564 -149.022 -3959.13
ENERGY:      86      1110.6413      1438.0087       310.6013        21.9347         -36978.1028      2314.4081         0.0000         0.0000         0.0000         -31782.5086        -0.0000    -31782.5086    -31782.5086         0.0000          -4769.0460     -3946.1448    110592.0000     -4769.0460     -3946.1448

PRESSURE: 87 -5472.17 22.5947 -97.3944 22.5947 -5126.66 -501.834 -97.3944 -501.834 -5533.78
GPRESSURE: 87 -4340.21 -157.147 86.3116 -192.106 -3741.18 -365.378 73.1301 -79.9276 -4228.54
ENERGY:      87      1222.2422      1368.0004       307.2759        20.8128         -37090.1147      2300.2692         0.0000         0.0000         0.0000         -31871.5142        -0.0000    -31871.5142    -31871.5142         0.0000          -5377.5377     -4103.3105    110592.0000     -5377.5377     -4103.3105

PRESSURE: 88 -7304.53 -101.118 -34.4198 -101.118 -7420.01 -786.005 -34.4198 -786.005 -7794.71
GPRESSURE: 88 -4383.75 -301.96 179.259 -322.715 -3749 -474.706 129.534 -162.01 -4364
ENERGY:      88      1886.6740      1463.6770       306.4775        28.7679         -37302.4820      2391.9902         0.0000         0.0000         0.0000         -31224.8955        -0.0000    -31224.8955    -31224.8955         0.0000          -7506.4165     -4165.5838    110592.0000     -7506.4165     -4165.5838

LINE MINIMIZER BRACKET: DX 0.000305632 0.000611263 DU -89.0056 646.619 DUDX -676388 119805 2.10432e+06 
PRESSURE: 89 -5383.44 25.9325 -97.4808 25.9325 -5011.64 -488.714 -97.4808 -488.714 -5412.68
GPRESSURE: 89 -4322.48 -155.415 90.9648 -191.502 -3732.68 -367.285 77.2787 -84.841 -4198.63
ENERGY:      89      1197.9382      1373.4844       307.6012        20.7383         -37074.0454      2300.2105         0.0000         0.0000         0.0000         -31874.0729        -0.0000    -31874.0729    -31874.0729         0.0000          -5269.2546     -4084.5969    110592.0000     -5269.2546     -4084.5969

LINE MINIMIZER BRACKET: DX 0.000261089 4.45428e-05 DU -91.5642 2.55869 DUDX -676388 -4782.89 119805 
PRESSURE: 90 -5392.01 25.6201 -97.5021 25.6201 -5022.78 -489.984 -97.5021 -489.984 -5424.53
GPRESSURE: 90 -4324.3 -155.545 90.4418 -191.533 -3733.54 -367.04 76.811 -84.2796 -4201.73
ETITLE:      TS           BOND          ANGLE          DIHED          IMPRP               ELECT            VDW       BOUNDARY           MISC        KINETIC               TOTAL           TEMP      POTENTIAL         TOTAL3        TEMPAVG            PRESSURE      GPRESSURE         VOLUME       PRESSAVG      GPRESSAVG

ENERGY:      90      1200.2392      1372.8583       307.5663        20.7423         -37075.6543      2300.1840         0.0000         0.0000         0.0000         -31874.0644        -0.0000    -31874.0644    -31874.0644         0.0000          -5279.7717     -4086.5213    110592.0000     -5279.7717     -4086.5213

LINE MINIMIZER BRACKET: DX 0.000261089 4.45428e-06 DU -91.5642 0.00852835 DUDX -676388 -4782.89 7580.19 
LINE MINIMIZER REDUCING GRADIENT FROM 1.2494e+06 TO 1249.4
PRESSURE: 91 -5110.77 -14.7578 -126.578 -14.7578 -4832.72 -479.214 -126.578 -479.214 -5332.96
GPRESSURE: 91 -4294.32 -143.019 41.0038 -173.129 -3725.62 -445.006 16.2219 -141.19 -4298.18
ENERGY:      91      1120.4713      1277.6830       305.3177        19.1558         -37141.7426      2280.8350         0.0000         0.0000         0.0000         -32138.2798        -0.0000    -32138.2798    -32138.2798         0.0000          -5092.1496     -4106.0429    110592.0000     -5092.1496     -4106.0429

PRESSURE: 92 -5005.52 -107.612 -174.204 -107.612 -4792.91 -466.434 -174.204 -466.434 -5467.82
GPRESSURE: 92 -4184.09 -206.179 16.3273 -231.768 -3631.42 -540.99 -17.6106 -239.107 -4386.13
ENERGY:      92      1190.9003      1234.6204       303.8651        19.3139         -37205.8330      2294.5512         0.0000         0.0000         0.0000         -32162.5822        -0.0000    -32162.5822    -32162.5822         0.0000          -5088.7512     -4067.2123    110592.0000     -5088.7512     -4067.2123

PRESSURE: 93 -5193.7 -698.32 -384.416 -698.32 -4368.26 -304.69 -384.416 -304.69 -6385.86
GPRESSURE: 93 -3520.1 -869.221 121.107 -930.765 -2320.06 -709.594 -56.4632 -495.257 -4362.13
ENERGY:      93      1857.2456      1292.4659       302.7981        24.0311         -37329.0797      2553.7884         0.0000         0.0000         0.0000         -31298.7506        -0.0000    -31298.7506    -31298.7506         0.0000          -5315.9392     -3400.7650    110592.0000     -5315.9392     -3400.7650

LINE MINIMIZER BRACKET: DX 0.000356347 0.000712694 DU -24.3024 863.832 DUDX -421927 305387 2.25077e+06 
PRESSURE: 94 -5029.02 -60.2703 -151.835 -60.2703 -4798.92 -472.422 -151.835 -472.422 -5384.47
GPRESSURE: 94 -4241.5 -167.547 22.501 -193.545 -3688.76 -499.941 -6.97369 -194.312 -4351.98
ENERGY:      94      1142.6951      1245.9693       304.3664        19.0561         -37179.8678      2283.6935         0.0000         0.0000         0.0000         -32184.0875        -0.0000    -32184.0875    -32184.0875         0.0000          -5070.8027     -4094.0819    110592.0000     -5070.8027     -4094.0819

LINE MINIMIZER BRACKET: DX 0.000210699 0.000145648 DU -45.8077 21.5053 DUDX -421927 -6459.47 305387 
PRESSURE: 95 -5025.5 -64.3266 -153.883 -64.3266 -4797.96 -471.897 -153.883 -471.897 -5391.05
GPRESSURE: 95 -4236.6 -170.501 21.6072 -196.338 -3684.51 -503.945 -8.23377 -198.506 -4355.56
ENERGY:      95      1146.2764      1244.4514       304.3107        19.0702         -37182.4800      2284.4081         0.0000         0.0000         0.0000         -32183.9632        -0.0000    -32183.9632    -32183.9632         0.0000          -5071.5073     -4092.2221    110592.0000     -5071.5073     -4092.2221

LINE MINIMIZER BRACKET: DX 0.000210699 1.45648e-05 DU -45.8077 0.124277 DUDX -421927 -6459.47 23746.8 
PRESSURE: 96 -5028.24 -61.1352 -152.268 -61.1352 -4798.71 -472.312 -152.268 -472.312 -5385.85
GPRESSURE: 96 -4240.46 -168.17 22.3084 -194.132 -3687.87 -500.804 -7.24433 -195.212 -4352.76
ENERGY:      96      1143.4437      1245.6350       304.3543        19.0589         -37180.4311      2283.8410         0.0000         0.0000         0.0000         -32184.0982        -0.0000    -32184.0982    -32184.0982         0.0000          -5070.9337     -4093.6961    110592.0000     -5070.9337     -4093.6961

LINE MINIMIZER BRACKET: DX 3.13766e-06 1.14271e-05 DU -0.0106689 0.134945 DUDX -6459.47 30.4122 23746.8 
LINE MINIMIZER REDUCING GRADIENT FROM 929160 TO 929.16
PRESSURE: 97 -4772.74 -87.0275 -163.433 -87.0275 -4537.01 -339.415 -163.433 -339.415 -5231.02
GPRESSURE: 97 -4241.1 -140.559 12.1454 -157.513 -3739.27 -446.266 -23.1744 -157.001 -4490.99
ENERGY:      97      1091.9236      1191.3563       302.3387        17.3348         -37250.6686      2257.1228         0.0000         0.0000         0.0000         -32390.5925        -0.0000    -32390.5925    -32390.5925         0.0000          -4846.9202     -4157.1228    110592.0000     -4846.9202     -4157.1228

PRESSURE: 98 -4672.25 -106.62 -170.013 -106.62 -4448.66 -202.079 -170.013 -202.079 -5240.93
GPRESSURE: 98 -4246.19 -111.245 22.4136 -115.951 -3798.69 -386.709 -23.2991 -106.233 -4633.73
ENERGY:      98      1154.6902      1171.2914       300.5464        16.4588         -37320.5872      2237.0747         0.0000         0.0000         0.0000         -32440.5257        -0.0000    -32440.5257    -32440.5257         0.0000          -4787.2812     -4226.2015    110592.0000     -4787.2812     -4226.2015

PRESSURE: 99 -4957.94 -85.0538 -165.367 -85.0538 -4831.6 45.5241 -165.367 45.5241 -5714.97
GPRESSURE: 99 -4297.96 -5.20277 93.7274 27.1166 -3960.53 -303.571 24.1774 -22.3724 -4890.89
ENERGY:      99      1626.2371      1230.6456       296.0970        17.9218         -37459.3720      2214.1982         0.0000         0.0000         0.0000         -32074.2723        -0.0000    -32074.2723    -32074.2723         0.0000          -5168.1682     -4383.1264    110592.0000     -5168.1682     -4383.1264

LDB: ============= START OF LOAD BALANCING ============== 29.978
LDB: Largest compute 1321 load 0.072011 is 11.4% of average load 0.629397
LDB: Average compute 0.022080 is 3.5% of average load 0.629397
LDB: TIME 29.9933 LOAD: AVG 0.629397 MAX 1.44639  PROXIES: TOTAL 500 MAXPE 10 MAXPATCH 10 None MEM: 202.062 MB
LDB: TIME 30.0953 LOAD: AVG 0.629397 MAX 0.755215  PROXIES: TOTAL 978 MAXPE 16 MAXPATCH 26 TorusLB MEM: 202.062 MB
LDB: ============== END OF LOAD BALANCING =============== 30.1185
Info: build node-aware spanning tree with send: 1, recv: 0 with branch factor 9
Info: useSync: 0 useProxySync: 0
LDB: =============== DONE WITH MIGRATION ================ 30.1737
LINE MINIMIZER BRACKET: DX 0.000360705 0.000721411 DU -49.9332 366.253 DUDX -354821 77135 941690 
2015-02-02 10:09:06.194 (WARN ) [0xfff96a29220] 8761437:ibm.runjob.client.Job: terminated by signal 9
2015-02-02 10:09:06.194 (WARN ) [0xfff96a29220] 8761437:ibm.runjob.client.Job: abnormal termination by signal 9 from rank 9
