Converse/Charm++ Commit ID: v6.3.0-723-g6148ae1
[0] isomalloc.c> Disabling isomalloc because isomalloc disabled by conv-mach
Info: NAMD 2.9 for BlueGeneQ
Info: 
Info: Please visit http://www.ks.uiuc.edu/Research/namd/
Info: for updates, documentation, and support information.
Info: 
Info: Please cite Phillips et al., J. Comp. Chem. 26:1781-1802 (2005)
Info: in all publications reporting results obtained with NAMD.
Info: 
Info: Based on Charm++/Converse 60305 for pami-bluegeneq-smp-xlc
Info: Built Sun Dec 7 11:31:12 EST 2014 by bobdanani on avoca-test
Info: Running on 128 processors, 16 nodes, 16 physical nodes.
Info: CPU topology information unavailable.
Info: Charm++/Converse parallel runtime startup completed at 0.0427151 s
Info: 202.062 MB of memory in use based on /proc/self/stat
Info: Configuration file is namd_equilibration_script.conf
Info: Working in the current directory /vlsci/VR0021/mike/GIT/MD_workflow_py/newdir/newiDir0007
TCL: Suspending until startup complete.
Info: SIMULATION PARAMETERS:
Info: TIMESTEP               2
Info: NUMBER OF STEPS        0
Info: STEPS PER CYCLE        10
Info: PERIODIC CELL BASIS 1  48 0 0
Info: PERIODIC CELL BASIS 2  0 48 0
Info: PERIODIC CELL BASIS 3  0 0 48
Info: PERIODIC CELL CENTER   0 0 0
Info: WRAPPING WATERS AROUND PERIODIC BOUNDARIES ON OUTPUT.
Info: WRAPPING ALL CLUSTERS AROUND PERIODIC BOUNDARIES ON OUTPUT.
Info: LOAD BALANCER  Centralized
Info: LOAD BALANCING STRATEGY  New Load Balancers -- DEFAULT
Info: LDB PERIOD             2000 steps
Info: FIRST LDB TIMESTEP     50
Info: LAST LDB TIMESTEP     -1
Info: LDB BACKGROUND SCALING 1
Info: HOM BACKGROUND SCALING 1
Info: PME BACKGROUND SCALING 1
Info: REMOVING PATCHES FROM PROCESSOR 0
Info: MIN ATOMS PER PATCH    40
Info: INITIAL TEMPERATURE    310
Info: CENTER OF MASS MOVING INITIALLY? NO
Info: DIELECTRIC             1
Info: EXCLUDE                SCALED ONE-FOUR
Info: 1-4 ELECTROSTATICS SCALED BY 1
Info: MODIFIED 1-4 VDW PARAMETERS WILL BE USED
Info: DCD FILENAME           current_MD_run_files.dcd
Info: DCD FREQUENCY          500
Info: DCD FIRST STEP         500
Info: DCD FILE WILL CONTAIN UNIT CELL DATA
Info: XST FILENAME           current_MD_run_files.xst
Info: XST FREQUENCY          500
Info: NO VELOCITY DCD OUTPUT
Info: NO FORCE DCD OUTPUT
Info: OUTPUT FILENAME        current_MD_run_files
Info: BINARY OUTPUT FILES WILL BE USED
Info: RESTART FILENAME       current_MD_run_files.restart
Info: RESTART FREQUENCY      5000
Info: BINARY RESTART FILES WILL BE USED
Info: SWITCHING ACTIVE
Info: SWITCHING ON           10
Info: SWITCHING OFF          12
Info: PAIRLIST DISTANCE      14
Info: PAIRLIST SHRINK RATE   0.01
Info: PAIRLIST GROW RATE     0.01
Info: PAIRLIST TRIGGER       0.3
Info: PAIRLISTS PER CYCLE    2
Info: PAIRLISTS ENABLED
Info: MARGIN                 0.99
Info: HYDROGEN GROUP CUTOFF  2.5
Info: PATCH DIMENSION        17.49
Info: ENERGY OUTPUT STEPS    500
Info: CROSSTERM ENERGY INCLUDED IN DIHEDRAL
Info: TIMING OUTPUT STEPS    500
Info: PRESSURE OUTPUT STEPS  500
Info: LANGEVIN DYNAMICS ACTIVE
Info: LANGEVIN TEMPERATURE   310
Info: LANGEVIN DAMPING COEFFICIENT IS 5 INVERSE PS
Info: LANGEVIN DYNAMICS NOT APPLIED TO HYDROGENS
Info: LANGEVIN PISTON PRESSURE CONTROL ACTIVE
Info:        TARGET PRESSURE IS 1.01325 BAR
Info:     OSCILLATION PERIOD IS 100 FS
Info:             DECAY TIME IS 50 FS
Info:     PISTON TEMPERATURE IS 310 K
Info:       PRESSURE CONTROL IS GROUP-BASED
Info:    INITIAL STRAIN RATE IS 0 0 0
Info:       CELL FLUCTUATION IS ANISOTROPIC
Info: PARTICLE MESH EWALD (PME) ACTIVE
Info: PME TOLERANCE               1e-06
Info: PME EWALD COEFFICIENT       0.257952
Info: PME INTERPOLATION ORDER     4
Info: PME GRID DIMENSIONS         48 48 48
Info: PME MAXIMUM GRID SPACING    1
Info: Attempting to read FFTW data from FFTW_NAMD_2.9_BlueGeneQ.txt
Info: Optimizing 6 FFT steps.  1... 2... 3... 4... 5... 6...   Done.
Info: Writing FFTW data to FFTW_NAMD_2.9_BlueGeneQ.txt
Info: FULL ELECTROSTATIC EVALUATION FREQUENCY      2
Info: USING VERLET I (r-RESPA) MTS SCHEME.
Info: C1 SPLITTING OF LONG RANGE ELECTROSTATICS
Info: PLACING ATOMS IN PATCHES BY HYDROGEN GROUPS
Info: RIGID BONDS TO HYDROGEN : ALL
Info:         ERROR TOLERANCE : 1e-08
Info:          MAX ITERATIONS : 100
Info: RIGID WATER USING SETTLE ALGORITHM
Info: RANDOM NUMBER SEED     1422832115
Info: USE HYDROGEN BONDS?    NO
Info: COORDINATE PDB         ../../InputFiles/example.pdb
Info: STRUCTURE FILE         ../../InputFiles/example.psf
Info: PARAMETER file: CHARMM format! 
Info: PARAMETERS             ../../InputFiles/Parameters/par_all27_prot_na.prm
Info: USING ARITHMETIC MEAN TO COMBINE L-J SIGMA PARAMETERS
Info: SUMMARY OF PARAMETERS:
Info: 258 BONDS
Info: 666 ANGLES
Info: 1134 DIHEDRAL
Info: 70 IMPROPER
Info: 6 CROSSTERM
Info: 164 VDW
Info: 0 VDW_PAIRS
Info: 0 NBTHOLE_PAIRS
Info: TIME FOR READING PSF FILE: 2.00787
Info: TIME FOR READING PDB FILE: 0.451212
Info: 
Info: ****************************
Info: STRUCTURE SUMMARY:
Info: 10315 ATOMS
Info: 7285 BONDS
Info: 5281 ANGLES
Info: 3293 DIHEDRALS
Info: 204 IMPROPERS
Info: 74 CROSSTERMS
Info: 0 EXCLUSIONS
Info: 9701 RIGID BONDS
Info: 21244 DEGREES OF FREEDOM
Info: 3638 HYDROGEN GROUPS
Info: 4 ATOMS IN LARGEST HYDROGEN GROUP
Info: 3638 MIGRATION GROUPS
Info: 4 ATOMS IN LARGEST MIGRATION GROUP
Info: TOTAL MASS = 63394.1 amu
Info: TOTAL CHARGE = 1.00955e-06 e
Info: MASS DENSITY = 0.951884 g/cm^3
Info: ATOM DENSITY = 0.0932708 atoms/A^3
Info: *****************************
Info: 
Info: Entering startup at 24.389 s, 202.062 MB of memory in use
Info: Startup phase 0 took 0.00320061 s, 202.062 MB of memory in use
Info: Startup phase 1 took 0.104769 s, 202.062 MB of memory in use
Info: Startup phase 2 took 0.00366628 s, 202.062 MB of memory in use
Info: Startup phase 3 took 0.00288661 s, 202.062 MB of memory in use
Info: PATCH GRID IS 5 (PERIODIC) BY 5 (PERIODIC) BY 2 (PERIODIC)
Info: PATCH GRID IS 2-AWAY BY 2-AWAY BY 1-AWAY
Info: REMOVING COM VELOCITY -0.0103259 0.0404206 -0.0692922
Info: LARGEST PATCH (12) HAS 234 ATOMS
Info: Startup phase 4 took 0.032861 s, 202.062 MB of memory in use
Info: PME using 24 and 24 processors for FFT and reciprocal sum.
Info: PME USING 16 GRID NODES AND 16 TRANS NODES
Info: PME GRID LOCATIONS: 7 11 15 23 27 31 39 43 47 55 ...
Info: PME TRANS LOCATIONS: 3 5 13 19 21 29 35 37 45 51 ...
Info: Startup phase 5 took 0.00721189 s, 202.062 MB of memory in use
Info: Startup phase 6 took 0.00975496 s, 202.062 MB of memory in use
LDB: Central LB being created...
Info: Startup phase 7 took 1.20413 s, 202.062 MB of memory in use
Info: CREATING 2450 COMPUTE OBJECTS
Info: NONBONDED TABLE R-SQUARED SPACING: 0.0625
Info: NONBONDED TABLE SIZE: 769 POINTS
Info: ABSOLUTE IMPRECISION IN FAST TABLE ENERGY: 3.38813e-21 AT 11.7447
Info: RELATIVE IMPRECISION IN FAST TABLE ENERGY: 6.92477e-14 AT 11.9138
Info: ABSOLUTE IMPRECISION IN FAST TABLE FORCE: 2.64698e-23 AT 11.9138
Info: RELATIVE IMPRECISION IN FAST TABLE FORCE: 1.40436e-16 AT 11.9138
Info: ABSOLUTE IMPRECISION IN SCOR TABLE ENERGY: 3.38813e-21 AT 11.7447
Info: RELATIVE IMPRECISION IN SCOR TABLE ENERGY: 4.24069e-16 AT 11.9138
Info: ABSOLUTE IMPRECISION IN SCOR TABLE FORCE: 4.10282e-22 AT 11.9138
Info: RELATIVE IMPRECISION IN SCOR TABLE FORCE: 3.56912e-15 AT 11.9138
Info: ABSOLUTE IMPRECISION IN VDWA TABLE ENERGY: 9.86076e-32 AT 11.8295
Info: RELATIVE IMPRECISION IN VDWA TABLE ENERGY: 6.75473e-14 AT 11.9138
Info: ABSOLUTE IMPRECISION IN VDWA TABLE FORCE: 4.62223e-32 AT 11.9138
Info: RELATIVE IMPRECISION IN VDWA TABLE FORCE: 2.12237e-15 AT 11.9138
Info: ABSOLUTE IMPRECISION IN VDWB TABLE ENERGY: 4.1359e-25 AT 11.8295
Info: RELATIVE IMPRECISION IN VDWB TABLE ENERGY: 7.56853e-15 AT 11.9138
Info: ABSOLUTE IMPRECISION IN VDWB TABLE FORCE: 3.87741e-26 AT 11.9138
Info: RELATIVE IMPRECISION IN VDWB TABLE FORCE: 5.97409e-16 AT 11.9138
Info: useSync: 0 useProxySync: 0
Info: Startup phase 8 took 0.0309671 s, 202.062 MB of memory in use
Info: Building spanning tree ... send: 1 recv: 0 with branch factor 9
Info: Startup phase 9 took 0.00331028 s, 202.062 MB of memory in use
Info: Startup phase 10 took 0.00247982 s, 202.062 MB of memory in use
Info: Finished startup at 25.7942 s, 202.062 MB of memory in use

TCL: Minimizing for 500 steps
PRESSURE: 0 7.92778e+08 9.80914e+08 6.43957e+08 9.80914e+08 1.21846e+09 7.99677e+08 6.43957e+08 7.99677e+08 5.27056e+08
GPRESSURE: 0 7.92785e+08 9.80912e+08 6.43961e+08 9.80914e+08 1.21847e+09 7.99675e+08 6.4396e+08 7.99677e+08 5.27061e+08
ETITLE:      TS           BOND          ANGLE          DIHED          IMPRP               ELECT            VDW       BOUNDARY           MISC        KINETIC               TOTAL           TEMP      POTENTIAL         TOTAL3        TEMPAVG            PRESSURE      GPRESSURE         VOLUME       PRESSAVG      GPRESSAVG

ENERGY:       0      3088.5033      1499.3301       263.8206        10.6933         -30848.5032 336586487.2282         0.0000         0.0000         0.0000      336560501.0723        -0.0000 336560501.0723 336560501.0723         0.0000      846098063.7249 846104120.5607    110592.0000 846098063.7249 846104120.5607

OPENING EXTENDED SYSTEM TRAJECTORY FILE
MINIMIZER SLOWLY MOVING 41 ATOMS WITH BAD CONTACTS DOWNHILL
PRESSURE: 1 2.3761e+07 2.92891e+07 1.92693e+07 2.92891e+07 3.65371e+07 2.38544e+07 1.92693e+07 2.38544e+07 1.58365e+07
GPRESSURE: 1 2.37671e+07 2.92887e+07 1.92714e+07 2.92892e+07 3.65424e+07 2.38532e+07 1.9271e+07 2.38552e+07 1.58411e+07
ENERGY:       1      3097.8780      1492.2035       263.8872        11.6906         -30918.4515  10098045.4909         0.0000         0.0000         0.0000       10071992.6986        -0.0000  10071992.6986  10071992.6986         0.0000       25378190.6513  25383543.1824    110592.0000  25378190.6513  25383543.1824

MINIMIZER SLOWLY MOVING 20 ATOMS WITH BAD CONTACTS DOWNHILL
PRESSURE: 2 1.60262e+06 1.93601e+06 1.28335e+06 1.93601e+06 2.45349e+06 1.57411e+06 1.28335e+06 1.57411e+06 1.07617e+06
GPRESSURE: 2 1.60887e+06 1.93607e+06 1.28495e+06 1.9358e+06 2.45889e+06 1.57341e+06 1.28485e+06 1.57465e+06 1.08101e+06
ENERGY:       2      3098.8562      1486.5938       264.0525        11.6906         -30939.5732    683808.6242         0.0000         0.0000         0.0000         657730.2441        -0.0000    657730.2441    657730.2441         0.0000        1710761.1668   1716255.7877    110592.0000   1710761.1668   1716255.7877

MINIMIZER SLOWLY MOVING 8 ATOMS WITH BAD CONTACTS DOWNHILL
PRESSURE: 3 197678 209202 143265 209202 286173 169684 143265 169684 134769
GPRESSURE: 3 204076 209794 144555 208589 291200 169306 144311 169543 140107
ENERGY:       3      3098.8562      1486.5938       264.0525        11.6906         -30939.6937     85515.0225         0.0000         0.0000         0.0000          59436.5219        -0.0000     59436.5219     59436.5219         0.0000         206206.9406    211794.4545    110592.0000    206206.9406    211794.4545

MINIMIZER SLOWLY MOVING 4 ATOMS WITH BAD CONTACTS DOWNHILL
PRESSURE: 4 51832.3 29892.9 24062.2 29892.9 59310.8 24792.8 24062.2 24792.8 35775.4
GPRESSURE: 4 58421.7 30508.2 25327.7 28842.3 64264.8 24475.3 24635.9 24619.7 41255.5
ENERGY:       4      3098.8562      1486.5938       264.0525        11.6906         -30939.5674     23037.6747         0.0000         0.0000         0.0000          -3040.6997        -0.0000     -3040.6997     -3040.6997         0.0000          48972.8153     54647.3064    110592.0000     48972.8153     54647.3064

MINIMIZER SLOWLY MOVING 2 ATOMS WITH BAD CONTACTS DOWNHILL
PRESSURE: 5 30532.1 3498.92 6725.59 3498.92 26455.3 3178.44 6725.59 3178.44 21542
GPRESSURE: 5 37142.6 4114.36 7988.38 2350.17 31398.3 2879.07 7205.28 2993.04 27043.8
ENERGY:       5      3098.8562      1486.5938       264.0525        11.6906         -30938.6693     13993.1376         0.0000         0.0000         0.0000         -12084.3386        -0.0000    -12084.3386    -12084.3386         0.0000          26176.4652     31861.5673    110592.0000     26176.4652     31861.5673

MINIMIZER SLOWLY MOVING 2 ATOMS WITH BAD CONTACTS DOWNHILL
PRESSURE: 6 26526.3 -1468.36 3460.82 -1468.36 20273.6 -889.048 3460.82 -889.048 18867
GPRESSURE: 6 33138.6 -853.801 4722.7 -2634.96 25214.1 -1184.61 3925.75 -1074.84 24370.8
ENERGY:       6      3098.8562      1486.5938       264.0525        11.6906         -30936.7427     12297.3267         0.0000         0.0000         0.0000         -13778.2230        -0.0000    -13778.2230    -13778.2230         0.0000          21889.0008     27574.5239    110592.0000     21889.0008     27574.5239

MINIMIZER SLOWLY MOVING 2 ATOMS WITH BAD CONTACTS DOWNHILL
PRESSURE: 7 25612.5 -2600.63 2716.01 -2600.63 18869.7 -1812.5 2716.01 -1812.5 18263.3
GPRESSURE: 7 32281.5 -2000.41 3936.7 -3699.2 23792.6 -2157.42 3226.41 -2008 23733.4
ENERGY:       7      3098.8562      1486.5938       264.0525        11.6906         -30934.6536     11914.2537         0.0000         0.0000         0.0000         -14159.2069        -0.0000    -14159.2069    -14159.2069         0.0000          20915.1785     26602.5043    110592.0000     20915.1785     26602.5043

MINIMIZER STARTING CONJUGATE GRADIENT ALGORITHM
LINE MINIMIZER REDUCING GRADIENT FROM 1.28304e+08 TO 128304
PRESSURE: 8 25247.7 -2536.43 2691.61 -2536.43 18631.3 -1769.09 2691.61 -1769.09 18003.1
GPRESSURE: 8 31880.1 -1938.49 3895.18 -3619.96 23534.7 -2102.32 3197.2 -1962.55 23436.4
ENERGY:       8      3090.7892      1485.5168       264.0466        11.6886         -30936.5185     11797.8422         0.0000         0.0000         0.0000         -14286.6351        -0.0000    -14286.6351    -14286.6351         0.0000          20627.3447     26283.7546    110592.0000     20627.3447     26283.7546

PRESSURE: 9 24890.1 -2473.62 2667.3 -2473.62 18397.3 -1726.98 2667.3 -1726.98 17748.1
GPRESSURE: 9 31486.6 -1877.91 3854.09 -3542.44 23281.6 -2048.85 3168.19 -1918.45 23145.4
ENERGY:       9      3082.7502      1484.4436       264.0410        11.6870         -30938.3841     11683.6730         0.0000         0.0000         0.0000         -14411.7892        -0.0000    -14411.7892    -14411.7892         0.0000          20345.1877     25971.1849    110592.0000     20345.1877     25971.1849

LDB: ============= START OF LOAD BALANCING ============== 26.2013
LDB: ============== END OF LOAD BALANCING =============== 26.2023
Info: useSync: 0 useProxySync: 0
LDB: =============== DONE WITH MIGRATION ================ 26.2085
PRESSURE: 10 24195.8 -2352.01 2618.96 -2352.01 17942.4 -1646.44 2618.96 -1646.44 17253.7
GPRESSURE: 10 30722.2 -1760.69 3773.13 -3392.42 22789.1 -1946.53 3110.7 -1834.05 22580.6
ETITLE:      TS           BOND          ANGLE          DIHED          IMPRP               ELECT            VDW       BOUNDARY           MISC        KINETIC               TOTAL           TEMP      POTENTIAL         TOTAL3        TEMPAVG            PRESSURE      GPRESSURE         VOLUME       PRESSAVG      GPRESSAVG

ENERGY:      10      3066.7562      1482.3085       264.0305        11.6851         -30942.1130     11461.8508         0.0000         0.0000         0.0000         -14655.4819        -0.0000    -14655.4819    -14655.4819         0.0000          19797.3211     25363.9782    110592.0000     19797.3211     25363.9782

PRESSURE: 11 22886.6 -2123.99 2523.69 -2123.99 17081.9 -1499.14 2523.69 -1499.14 16323.1
GPRESSURE: 11 29279.6 -1541.1 3616.28 -3111.35 21856.5 -1759.16 2998.16 -1679.43 21516.2
ENERGY:      11      3035.1037      1478.0836       264.0124        11.6860         -30949.5613     11042.8731         0.0000         0.0000         0.0000         -15117.8025        -0.0000    -15117.8025    -15117.8025         0.0000          18763.8759     24217.4311    110592.0000     18763.8759     24217.4311

PRESSURE: 12 20553.4 -1722.95 2339.96 -1722.95 15538.6 -1252.24 2339.96 -1252.24 14669.9
GPRESSURE: 12 26703.6 -1155.89 3322.71 -2617.65 20179.9 -1444.57 2783.67 -1419.34 19620.8
ENERGY:      12      2973.1376      1469.8155       263.9877        11.7070         -30964.4243     10293.4960         0.0000         0.0000         0.0000         -15952.2805        -0.0000    -15952.2805    -15952.2805         0.0000          16920.6524     22168.1114    110592.0000     16920.6524     22168.1114

PRESSURE: 13 16815.2 -1100.53 2006.84 -1100.53 13034.3 -904.044 2006.84 -904.044 12035.6
GPRESSURE: 13 22558 -562.478 2814.14 -1853.11 17445.3 -1000.21 2401.8 -1049.07 16584.8
ENERGY:      13      2854.5340      1454.0067       263.9835        11.8263         -30994.0210      9082.7739         0.0000         0.0000         0.0000         -17326.8967        -0.0000    -17326.8967    -17326.8967         0.0000          13961.6881     18862.6754    110592.0000     13961.6881     18862.6754

PRESSURE: 14 11864.8 -345.294 1493.19 -345.294 9637.93 -556.087 1493.19 -556.087 8576.4
GPRESSURE: 14 17006.2 140.803 2073.1 -927.946 13689.1 -559.716 1830.1 -669.463 12552.7
ENERGY:      14      2638.4195      1425.3083       264.1507        12.3760         -31052.7540      7446.6365         0.0000         0.0000         0.0000         -19265.8629        -0.0000    -19265.8629    -19265.8629         0.0000          10026.3729     14415.9962    110592.0000     10026.3729     14415.9962

PRESSURE: 15 7108.42 200.401 980.708 200.401 6246.69 -418.948 980.708 -418.948 5323.14
GPRESSURE: 15 11503.7 603.898 1365.47 -268.069 9802.28 -413.601 1312.93 -508.31 8650.47
ENERGY:      15      2288.6245      1379.6753       265.1654        14.7443         -31168.6190      5790.4200         0.0000         0.0000         0.0000         -21429.9895        -0.0000    -21429.9895    -21429.9895         0.0000           6226.0811      9985.4766    110592.0000      6226.0811      9985.4766

PRESSURE: 16 4850.09 165.432 1257.94 165.432 4514.88 -754.599 1257.94 -754.599 4125.78
GPRESSURE: 16 8668.6 486.094 1707.32 -477.896 7507.27 -965.973 1985.97 -921.641 7053.82
ENERGY:      16      1900.2223      1336.3753       270.1213        24.8446         -31394.4641      4840.6795         0.0000         0.0000         0.0000         -23022.2211        -0.0000    -23022.2211    -23022.2211         0.0000           4496.9203      7743.2303    110592.0000      4496.9203      7743.2303

PRESSURE: 17 17852.3 -1550.03 12378.5 -1550.03 10801.7 -4850.32 12378.5 -4850.32 17654.9
GPRESSURE: 17 30366.1 273.82 17743.2 -5798.21 14465.5 -7375.29 22472.3 -4882.86 26267.7
ENERGY:      17      2163.8410      1452.4679       293.4260        71.7709         -31822.6931      8851.2292         0.0000         0.0000         0.0000         -18989.9581        -0.0000    -18989.9581    -18989.9581         0.0000          15436.3104     23699.7772    110592.0000     15436.3104     23699.7772

LINE MINIMIZER BRACKET: DX 0.000128 0.000256 DU -1592.23 4032.26 DUDX -2.32342e+07 -4.29861e+06 5.45662e+07 
PRESSURE: 18 4953.74 96.6938 1515.53 96.6938 4553.16 -899.461 1515.53 -899.461 4341.14
GPRESSURE: 18 8800.08 414.144 2049.01 -651.118 7479.81 -1192.18 2434.04 -1102.32 7307.51
ENERGY:      18      1867.1741      1335.6056       271.7736        28.0148         -31441.9085      4839.5343         0.0000         0.0000         0.0000         -23099.8061        -0.0000    -23099.8061    -23099.8061         0.0000           4616.0112      7862.4673    110592.0000      4616.0112      7862.4673

LINE MINIMIZER BRACKET: DX 2.7443e-05 0.000228557 DU -77.585 4109.85 DUDX -4.29861e+06 -1.35344e+06 5.45662e+07 
PRESSURE: 19 5172 28.1139 1798.84 28.1139 4670.15 -1047.07 1798.84 -1047.07 4637.9
GPRESSURE: 19 9099.27 348.701 2429.82 -831.974 7557.9 -1421.45 2923.47 -1284.49 7678.48
ENERGY:      19      1852.2059      1337.3080       273.3194        30.9492         -31481.1655      4885.2168         0.0000         0.0000         0.0000         -23102.1662        -0.0000    -23102.1662    -23102.1662         0.0000           4826.6845      8111.8821    110592.0000      4826.6845      8111.8821

LINE MINIMIZER BRACKET: DX 2.28557e-05 0.000205701 DU -2.36004 4112.21 DUDX -1.35344e+06 1.16674e+06 5.45662e+07 
MINIMIZER RESTARTING CONJUGATE GRADIENT ALGORITHM
LINE MINIMIZER REDUCING GRADIENT FROM 2.67828e+07 TO 26782.8
PRESSURE: 20 4984.37 169.615 1602.4 169.615 4517.92 -872.402 1602.4 -872.402 4388.47
GPRESSURE: 20 8716.88 509.236 2127.21 -529.972 7368.74 -1151.87 2514.32 -1079.82 7293.74
ETITLE:      TS           BOND          ANGLE          DIHED          IMPRP               ELECT            VDW       BOUNDARY           MISC        KINETIC               TOTAL           TEMP      POTENTIAL         TOTAL3        TEMPAVG            PRESSURE      GPRESSURE         VOLUME       PRESSAVG      GPRESSAVG

ENERGY:      20      1839.4311      1335.3834       273.2693        30.8364         -31484.9723      4804.2133         0.0000         0.0000         0.0000         -23201.8389        -0.0000    -23201.8389    -23201.8389         0.0000           4630.2565      7793.1202    110592.0000      4630.2565      7793.1202

PRESSURE: 21 4827.6 283.437 1442.21 283.437 4391.32 -730.863 1442.21 -730.863 4182.58
GPRESSURE: 21 8402.24 636.73 1882.97 -289.379 7210.39 -935.766 2185.43 -914.947 6979.11
ENERGY:      21      1826.8362      1333.4917       273.2197        30.7251         -31488.7816      4736.4490         0.0000         0.0000         0.0000         -23288.0599        -0.0000    -23288.0599    -23288.0599         0.0000           4467.1672      7530.5788    110592.0000      4467.1672      7530.5788

PRESSURE: 22 4583.35 449.3 1202.82 449.3 4195.44 -521.748 1202.82 -521.748 3868.15
GPRESSURE: 22 7922.33 818.836 1523.19 56.8519 6961.93 -621.362 1704.16 -673.151 6504.58
ENERGY:      22      1802.1834      1329.8077       273.1222        30.5070         -31496.4094      4630.6304         0.0000         0.0000         0.0000         -23430.1586        -0.0000    -23430.1586    -23430.1586         0.0000           4215.6487      7129.6154    110592.0000      4215.6487      7129.6154

PRESSURE: 23 4268.45 628.288 924.711 628.288 3946.26 -286.446 924.711 -286.446 3481.17
GPRESSURE: 23 7325.72 1006.35 1115.7 424.026 6632.32 -277.893 1167.77 -403.766 5931.71
ENERGY:      23      1755.0049      1322.8424       272.9344        30.0888         -31511.7005      4493.0807         0.0000         0.0000         0.0000         -23637.7494        -0.0000    -23637.7494    -23637.7494         0.0000           3898.6288      6629.9153    110592.0000      3898.6288      6629.9153

PRESSURE: 24 3941.48 730.895 706.614 730.895 3691 -122.27 706.614 -122.27 3118.43
GPRESSURE: 24 6730.67 1096.24 808.274 638.319 6252.53 -52.506 780.714 -215.575 5403.2
ENERGY:      24      1668.9688      1310.5704       272.5905        29.3237         -31542.3869      4345.8478         0.0000         0.0000         0.0000         -23915.0857        -0.0000    -23915.0857    -23915.0857         0.0000           3583.6371      6128.8010    110592.0000      3583.6371      6128.8010

PRESSURE: 25 3621.32 695.806 600.122 695.806 3432.04 -88.0327 600.122 -88.0327 2815.24
GPRESSURE: 25 6130.69 1027.15 668.08 615.894 5777.97 -25.0214 621.642 -166.616 4951.9
ENERGY:      25      1528.2267      1293.3104       272.0607        28.0758         -31604.0009      4190.6913         0.0000         0.0000         0.0000         -24291.6359        -0.0000    -24291.6359    -24291.6359         0.0000           3289.5320      5620.1885    110592.0000      3289.5320      5620.1885

PRESSURE: 26 3527.84 174.173 965.674 174.173 3596.42 -684.278 965.674 -684.278 3134.53
GPRESSURE: 26 5752.2 558.847 1292.8 -104.223 5392.07 -1036.15 1159.43 -598.733 5434.26
ENERGY:      26      1346.5154      1299.1636       271.8458        26.6980         -31727.6131      4189.6782         0.0000         0.0000         0.0000         -24593.7122        -0.0000    -24593.7122    -24593.7122         0.0000           3419.5982      5526.1763    110592.0000      3419.5982      5526.1763

PRESSURE: 27 493788 -1.25421e+06 844033 -1.25421e+06 3.25761e+06 -2.14378e+06 844033 -2.14378e+06 1.45473e+06
GPRESSURE: 27 511130 -1.2366e+06 881164 -1.29644e+06 3.21268e+06 -2.24275e+06 870827 -2.11448e+06 1.51883e+06
ENERGY:      27      1205.1013      1357.1891       269.8208        28.5640         -31978.8152    692937.9673         0.0000         0.0000         0.0000         663819.8274        -0.0000    663819.8274    663819.8274         0.0000        1735375.9711   1747545.5535    110592.0000   1735375.9711   1747545.5535

LINE MINIMIZER BRACKET: DX 0.000128 0.000256 DU -302.076 688414 DUDX -4.87769e+06 2.24167e+06 7.0879e+08 
PRESSURE: 28 3446.15 424.811 735.437 424.811 3365.34 -353.064 735.437 -353.064 2829.14
GPRESSURE: 28 5690.92 754.841 909 252.615 5354.88 -472.541 828.559 -366.419 4960.99
ENERGY:      28      1381.5238      1291.4084       271.7997        26.8964         -31697.4754      4118.0659         0.0000         0.0000         0.0000         -24607.7813        -0.0000    -24607.7813    -24607.7813         0.0000           3213.5390      5335.5945    110592.0000      3213.5390      5335.5945

LINE MINIMIZER BRACKET: DX 9.68226e-05 3.11774e-05 DU -316.145 14.0691 DUDX -4.87769e+06 -980438 2.24167e+06 
PRESSURE: 29 3460.72 357.014 794.742 357.014 3416.41 -439.471 794.742 -439.471 2902.68
GPRESSURE: 29 5692.02 699.329 1007.5 157.389 5349.49 -617.879 913.835 -428.299 5072.91
ENERGY:      29      1369.0339      1293.5423       271.8112        26.8185         -31707.7920      4132.8298         0.0000         0.0000         0.0000         -24613.7563        -0.0000    -24613.7563    -24613.7563         0.0000           3259.9346      5371.4746    110592.0000      3259.9346      5371.4746

LINE MINIMIZER BRACKET: DX 1.06752e-05 2.05021e-05 DU -5.97496 20.0441 DUDX -980438 -108136 2.24167e+06 
PRESSURE: 30 3464.9 342.182 808.119 342.182 3429.03 -458.781 808.119 -458.781 2919.98
GPRESSURE: 30 5694.28 687.491 1029.74 136.41 5350.29 -650.529 933.045 -441.978 5099.48
ETITLE:      TS           BOND          ANGLE          DIHED          IMPRP               ELECT            VDW       BOUNDARY           MISC        KINETIC               TOTAL           TEMP      POTENTIAL         TOTAL3        TEMPAVG            PRESSURE      GPRESSURE         VOLUME       PRESSAVG      GPRESSAVG

ENERGY:      30      1366.6985      1294.0137       271.8140        26.8047         -31709.7733      4136.6587         0.0000         0.0000         0.0000         -24613.7836        -0.0000    -24613.7836    -24613.7836         0.0000           3271.3003      5381.3491    110592.0000      3271.3003      5381.3491

LINE MINIMIZER BRACKET: DX 2.05021e-06 1.84519e-05 DU -0.0273698 20.0715 DUDX -108136 82278.7 2.24167e+06 
MINIMIZER RESTARTING CONJUGATE GRADIENT ALGORITHM
LINE MINIMIZER REDUCING GRADIENT FROM 5.06428e+06 TO 5064.28
PRESSURE: 31 3398.67 386.433 740.968 386.433 3326.2 -376.655 740.968 -376.655 2794.43
GPRESSURE: 31 5581.58 716.015 926.792 202.958 5244.05 -519.752 843.865 -384.721 4907.05
ENERGY:      31      1350.5882      1289.2623       271.9073        26.5046         -31723.2706      4093.7031         0.0000         0.0000         0.0000         -24691.3051        -0.0000    -24691.3051    -24691.3051         0.0000           3173.0996      5244.2287    110592.0000      3173.0996      5244.2287

PRESSURE: 32 3340.12 420.406 685.19 420.406 3238.06 -309.556 685.19 -309.556 2685.89
GPRESSURE: 32 5480.22 737.395 842.62 254.427 5148.18 -414.916 770.749 -338.016 4742.31
ENERGY:      32      1334.9476      1284.6604       272.0057        26.2086         -31736.7658      4056.0860         0.0000         0.0000         0.0000         -24762.8576        -0.0000    -24762.8576    -24762.8576         0.0000           3088.0215      5123.5684    110592.0000      3088.0215      5123.5684

PRESSURE: 33 3240.29 465.526 599.409 465.526 3094.2 -208.826 599.409 -208.826 2507.43
GPRESSURE: 33 5303.01 764.272 716.027 324.293 4979.53 -262.109 660.41 -268.167 4474.65
ENERGY:      33      1305.0815      1275.8974       272.2169        25.6292         -31763.7462      3992.9343         0.0000         0.0000         0.0000         -24891.9868        -0.0000    -24891.9868    -24891.9868         0.0000           2947.3043      4919.0622    110592.0000      2947.3043      4919.0622

PRESSURE: 34 3084.12 499.782 493.214 499.782 2884.96 -90.0717 493.214 -90.0717 2248.62
GPRESSURE: 34 5013.21 778.96 565.701 384.524 4699.71 -93.2508 528.869 -187.055 4092.88
ENERGY:      34      1251.0465      1260.0864       272.6954        24.5209         -31817.6681      3897.4013         0.0000         0.0000         0.0000         -25111.9176        -0.0000    -25111.9176    -25111.9176         0.0000           2739.2337      4601.9360    110592.0000      2739.2337      4601.9360

PRESSURE: 35 2847.13 475.904 397.541 475.904 2592.17 7.89071 397.541 7.89071 1905.05
GPRESSURE: 35 4553.17 743.799 440.234 378.206 4240.71 25.0238 420.171 -124.809 3596.11
ENERGY:      35      1166.0083      1235.0194       273.8562        22.5072         -31925.3159      3762.9673         0.0000         0.0000         0.0000         -25464.9576        -0.0000    -25464.9576    -25464.9576         0.0000           2448.1163      4129.9988    110592.0000      2448.1163      4129.9988

PRESSURE: 36 2445.5 343.881 338.637 343.881 2104.52 64.6782 338.637 64.6782 1397.43
GPRESSURE: 36 3805.62 616.306 377.754 254.528 3444.72 63.8978 377.36 -102.012 2903.84
ENERGY:      36      1089.4735      1209.4593       276.8881        19.3028         -32139.6278      3569.8809         0.0000         0.0000         0.0000         -25974.6231        -0.0000    -25974.6231    -25974.6231         0.0000           1982.4829      3384.7276    110592.0000      1982.4829      3384.7276

PRESSURE: 37 2057.85 -477.059 937.896 -477.059 1758.2 -673.263 937.896 -673.263 1276.09
GPRESSURE: 37 3659.51 -30.5744 1213.31 -1388.55 2511.5 -972.508 1960.85 -676.549 2942.97
ENERGY:      37      1317.9587      1249.1308       286.0399        16.2577         -32564.6216      3560.7558         0.0000         0.0000         0.0000         -26134.4787        -0.0000    -26134.4787    -26134.4787         0.0000           1697.3822      3037.9921    110592.0000      1697.3822      3037.9921

PRESSURE: 38 4.38968e+09 6.55454e+09 -1.21541e+09 6.55454e+09 9.78707e+09 -1.81482e+09 -1.21541e+09 -1.81482e+09 3.36524e+08
GPRESSURE: 38 4.38954e+09 6.55452e+09 -1.21546e+09 6.55433e+09 9.78704e+09 -1.81489e+09 -1.21537e+09 -1.81481e+09 3.3654e+08
ENERGY:      38      3342.2956      1649.5150       324.4851        24.1967         -33419.4796 1924506976.5078         0.0000         0.0000         0.0000      1924478897.5207        -0.0000 1924478897.5207 1924478897.5207         0.0000      4837757999.3051 4837705293.5631    110592.0000 4837757999.3051 4837705293.5631

LINE MINIMIZER BRACKET: DX 0.000512 0.001024 DU -159.856 1.92451e+09 DUDX -1.56827e+06 2.74416e+06 3.01846e+07 
PRESSURE: 39 2049.23 135.87 385.73 135.87 1603.26 20.9267 385.73 20.9267 946.517
GPRESSURE: 39 3195.42 433.516 458.527 -0.367271 2674.61 -22.1114 524.686 -158.008 2370.25
ENERGY:      39      1151.8723      1216.8963       281.2979        17.0636         -32374.3548      3429.1515         0.0000         0.0000         0.0000         -26278.0732        -0.0000    -26278.0732    -26278.0732         0.0000           1533.0017      2746.7592    110592.0000      1533.0017      2746.7592

LINE MINIMIZER BRACKET: DX 0.000282151 0.000229849 DU -303.45 143.595 DUDX -1.56827e+06 -492287 2.74416e+06 
PRESSURE: 40 1997.86 73.2818 426.946 73.2818 1539.55 -24.0532 426.946 -24.0532 904.601
GPRESSURE: 40 3145.37 382.402 515.433 -105.338 2564.62 -84.5714 623.256 -195.756 2334.83
ETITLE:      TS           BOND          ANGLE          DIHED          IMPRP               ELECT            VDW       BOUNDARY           MISC        KINETIC               TOTAL           TEMP      POTENTIAL         TOTAL3        TEMPAVG            PRESSURE      GPRESSURE         VOLUME       PRESSAVG      GPRESSAVG

ENERGY:      40      1179.5372      1222.0213       282.2327        16.8069         -32416.3453      3420.3085         0.0000         0.0000         0.0000         -26295.4388        -0.0000    -26295.4388    -26295.4388         0.0000           1480.6706      2681.6050    110592.0000      1480.6706      2681.6050

LINE MINIMIZER BRACKET: DX 5.06488e-05 0.0001792 DU -17.3655 160.96 DUDX -492287 -179076 2.74416e+06 
PRESSURE: 41 1983.36 46.3851 447.112 46.3851 1522.85 -46.8881 447.112 -46.8881 897.214
GPRESSURE: 41 3137.79 360.893 542.915 -154.509 2530.57 -115.749 671.754 -214.144 2332.84
ENERGY:      41      1190.5319      1224.1049       282.5764        16.7268         -32431.1921      3419.7922         0.0000         0.0000         0.0000         -26297.4599        -0.0000    -26297.4599    -26297.4599         0.0000           1467.8075      2667.0683    110592.0000      1467.8075      2667.0683

LINE MINIMIZER BRACKET: DX 1.792e-05 0.00016128 DU -2.02109 162.981 DUDX -179076 -43899.6 2.74416e+06 
PRESSURE: 42 1972.47 19.352 468.505 19.352 1511.41 -71.58 468.505 -71.58 894.996
GPRESSURE: 42 3136.91 339.513 571.963 -206.13 2502.81 -149.307 723.606 -233.677 2337.3
ENERGY:      42      1200.9670      1226.1004       282.8919        16.6595         -32444.5522      3420.8436         0.0000         0.0000         0.0000         -26297.0898        -0.0000    -26297.0898    -26297.0898         0.0000           1459.6240      2659.0065    110592.0000      1459.6240      2659.0065

LINE MINIMIZER BRACKET: DX 1.792e-05 1.6128e-05 DU -2.02109 0.37009 DUDX -179076 -43899.6 92611.1 
PRESSURE: 43 1979.54 37.8281 453.768 37.8281 1518.68 -54.5303 453.768 -54.5303 895.978
GPRESSURE: 43 3136.82 354.101 551.962 -170.619 2521.13 -126.147 687.844 -220.224 2333.6
ENERGY:      43      1193.9020      1224.7476       282.6793        16.7042         -32435.5799      3419.9669         0.0000         0.0000         0.0000         -26297.5799        -0.0000    -26297.5799    -26297.5799         0.0000           1464.7318      2663.8502    110592.0000      1464.7318      2663.8502

LINE MINIMIZER BRACKET: DX 5.2958e-06 1.08322e-05 DU -0.120039 0.490129 DUDX -43899.6 -766.111 92611.1 
LINE MINIMIZER REDUCING GRADIENT FROM 2.15541e+06 TO 2155.41
PRESSURE: 44 1916.47 40.5292 448.215 40.5292 1491.26 -51.1298 448.215 -51.1298 861.092
GPRESSURE: 44 3035.08 352.07 539.536 -164.082 2457.76 -117.604 671.919 -214.609 2250.68
ENERGY:      44      1174.1495      1216.4778       283.1700        15.9330         -32469.0150      3395.3594         0.0000         0.0000         0.0000         -26383.9253        -0.0000    -26383.9253    -26383.9253         0.0000           1422.9419      2581.1736    110592.0000      1422.9419      2581.1736

PRESSURE: 45 1853.4 42.8472 443.032 42.8472 1463.02 -47.9319 443.032 -47.9319 825.634
GPRESSURE: 45 2935.22 349.86 527.71 -158.073 2395.13 -109.454 656.795 -209.288 2169.18
ENERGY:      45      1155.6006      1208.7607       283.6697        15.2326         -32502.4142      3371.3248         0.0000         0.0000         0.0000         -26467.8258        -0.0000    -26467.8258    -26467.8258         0.0000           1380.6857      2499.8459    110592.0000      1380.6857      2499.8459

PRESSURE: 46 1726.92 46.3887 433.765 46.3887 1404.06 -42.1442 433.765 -42.1442 752.825
GPRESSURE: 46 2740.77 344.955 505.81 -147.532 2272.08 -94.3056 628.863 -199.522 2010.18
ENERGY:      46      1122.1179      1194.9820       284.6938        14.0270         -32569.1085      3324.9128         0.0000         0.0000         0.0000         -26628.3749        -0.0000    -26628.3749    -26628.3749         0.0000           1294.6007      2341.0089    110592.0000      1294.6007      2341.0089

PRESSURE: 47 1471.32 49.2669 418.946 49.2669 1275.75 -32.7058 418.946 -32.7058 598.489
GPRESSURE: 47 2371.25 333.317 468.091 -131.844 2034.02 -68.2011 581.073 -183.188 1706.64
ENERGY:      47      1069.6546      1174.0324       286.8271        12.2969         -32702.0672      3238.3276         0.0000         0.0000         0.0000         -26920.9286        -0.0000    -26920.9286    -26920.9286         0.0000           1115.1841      2037.3058    110592.0000      1115.1841      2037.3058

PRESSURE: 48 940.123 40.5884 401.19 40.5884 973.939 -20.9043 401.19 -20.9043 246.783
GPRESSURE: 48 1698.75 304.122 412.581 -118.068 1584.76 -30.5674 511.623 -161.922 1146.37
ENERGY:      48      1023.2931      1158.5694       291.3342        10.9534         -32966.3425      3087.4284         0.0000         0.0000         0.0000         -27394.7639        -0.0000    -27394.7639    -27394.7639         0.0000            720.2813      1476.6265    110592.0000       720.2813      1476.6265

PRESSURE: 49 -262.359 -13.5954 394.677 -13.5954 166.292 -13.6349 394.677 -13.6349 -669.568
GPRESSURE: 49 554.323 227.157 357.474 -139.975 768.763 0.7882 442.109 -157.825 150.755
ENERGY:      49      1173.3195      1234.5608       300.6771        13.9398         -33488.5664      2859.0699         0.0000         0.0000         0.0000         -27906.9994        -0.0000    -27906.9994    -27906.9994         0.0000           -255.2120       491.2802    110592.0000      -255.2120       491.2802

LDB: ============= START OF LOAD BALANCING ============== 27.7685
LDB: Largest compute 548 load 0.314915 is 50.7% of average load 0.621348
LDB: Average compute 0.028251 is 4.5% of average load 0.621348
LDB: Partitioning computes with target load 0.062135
LDB: Partitioning compute 92 with load 0.215371 by 4
LDB: Partitioning compute 87 with load 0.214488 by 4
LDB: Partitioning compute 63 with load 0.231137 by 4
LDB: Partitioning compute 67 with load 0.208560 by 4
LDB: Partitioning compute 59 with load 0.186843 by 4
LDB: Partitioning compute 84 with load 0.154288 by 3
LDB: Partitioning compute 72 with load 0.191050 by 4
LDB: Partitioning compute 93 with load 0.200015 by 4
LDB: Partitioning compute 78 with load 0.199652 by 4
LDB: Partitioning compute 99 with load 0.171182 by 3
LDB: Partitioning compute 83 with load 0.214356 by 4
LDB: Partitioning compute 1469 with load 0.276941 by 5
LDB: Partitioning compute 1473 with load 0.274994 by 5
LDB: Partitioning compute 1474 with load 0.131435 by 3
LDB: Partitioning compute 1493 with load 0.072020 by 2
LDB: Partitioning compute 1509 with load 0.124233 by 2
LDB: Partitioning compute 79 with load 0.186043 by 3
LDB: Partitioning compute 729 with load 0.264362 by 5
LDB: Partitioning compute 733 with load 0.254448 by 5
LDB: Partitioning compute 734 with load 0.121318 by 2
LDB: Partitioning compute 753 with load 0.089687 by 2
LDB: Partitioning compute 769 with load 0.106850 by 2
LDB: Partitioning compute 98 with load 0.211260 by 4
LDB: Partitioning compute 94 with load 0.199503 by 4
LDB: Partitioning compute 64 with load 0.166756 by 3
LDB: Partitioning compute 69 with load 0.189637 by 4
LDB: Partitioning compute 73 with load 0.200263 by 4
LDB: Partitioning compute 1654 with load 0.270446 by 5
LDB: Partitioning compute 1658 with load 0.239685 by 4
LDB: Partitioning compute 1659 with load 0.119749 by 2
LDB: Partitioning compute 1678 with load 0.063917 by 2
LDB: Partitioning compute 1694 with load 0.095614 by 2
LDB: Partitioning compute 58 with load 0.221480 by 4
LDB: Partitioning compute 68 with load 0.186403 by 3
LDB: Partitioning compute 53 with load 0.164970 by 3
LDB: Partitioning compute 88 with load 0.197430 by 4
LDB: Partitioning compute 54 with load 0.161465 by 3
LDB: Partitioning compute 97 with load 0.143651 by 3
LDB: Partitioning compute 288 with load 0.087903 by 2
LDB: Partitioning compute 433 with load 0.204728 by 4
LDB: Partitioning compute 437 with load 0.237578 by 4
LDB: Partitioning compute 438 with load 0.092533 by 2
LDB: Partitioning compute 74 with load 0.157259 by 3
LDB: Partitioning compute 951 with load 0.242599 by 4
LDB: Partitioning compute 955 with load 0.203569 by 4
LDB: Partitioning compute 956 with load 0.095236 by 2
LDB: Partitioning compute 975 with load 0.080639 by 2
LDB: Partitioning compute 991 with load 0.083835 by 2
LDB: Partitioning compute 1136 with load 0.270317 by 5
LDB: Partitioning compute 1140 with load 0.272497 by 5
LDB: Partitioning compute 1141 with load 0.109348 by 2
LDB: Partitioning compute 1176 with load 0.118260 by 2
LDB: Partitioning compute 89 with load 0.195148 by 4
LDB: Partitioning compute 766 with load 0.242393 by 4
LDB: Partitioning compute 770 with load 0.270164 by 5
LDB: Partitioning compute 771 with load 0.103612 by 2
LDB: Partitioning compute 790 with load 0.075969 by 2
LDB: Partitioning compute 806 with load 0.125488 by 3
LDB: Partitioning compute 1913 with load 0.174457 by 3
LDB: Partitioning compute 1917 with load 0.219917 by 4
LDB: Partitioning compute 1918 with load 0.082969 by 2
LDB: Partitioning compute 1398 with load 0.084723 by 2
LDB: Partitioning compute 1543 with load 0.218237 by 4
LDB: Partitioning compute 1547 with load 0.257219 by 5
LDB: Partitioning compute 1548 with load 0.110986 by 2
LDB: Partitioning compute 211 with load 0.224581 by 4
LDB: Partitioning compute 215 with load 0.266256 by 5
LDB: Partitioning compute 216 with load 0.118914 by 2
LDB: Partitioning compute 235 with load 0.072272 by 2
LDB: Partitioning compute 251 with load 0.110719 by 2
LDB: Partitioning compute 1321 with load 0.239383 by 4
LDB: Partitioning compute 1325 with load 0.269038 by 5
LDB: Partitioning compute 1326 with load 0.122923 by 2
LDB: Partitioning compute 1345 with load 0.073599 by 2
LDB: Partitioning compute 1361 with load 0.093664 by 2
LDB: Partitioning compute 1506 with load 0.246167 by 4
LDB: Partitioning compute 1510 with load 0.269099 by 5
LDB: Partitioning compute 1511 with load 0.098820 by 2
LDB: Partitioning compute 1546 with load 0.131542 by 3
LDB: Partitioning compute 103 with load 0.084551 by 2
LDB: Partitioning compute 248 with load 0.209710 by 4
LDB: Partitioning compute 252 with load 0.218466 by 4
LDB: Partitioning compute 253 with load 0.092479 by 2
LDB: Partitioning compute 272 with load 0.078942 by 2
LDB: Partitioning compute 1028 with load 0.096954 by 2
LDB: Partitioning compute 1173 with load 0.234906 by 4
LDB: Partitioning compute 1177 with load 0.221573 by 4
LDB: Partitioning compute 1178 with load 0.085186 by 2
LDB: Partitioning compute 914 with load 0.258853 by 5
LDB: Partitioning compute 918 with load 0.225113 by 4
LDB: Partitioning compute 919 with load 0.084183 by 2
LDB: Partitioning compute 954 with load 0.093241 by 2
LDB: Partitioning compute 1213 with load 0.097662 by 2
LDB: Partitioning compute 1358 with load 0.190710 by 4
LDB: Partitioning compute 1362 with load 0.227582 by 4
LDB: Partitioning compute 1363 with load 0.090106 by 2
LDB: Partitioning compute 1583 with load 0.099631 by 2
LDB: Partitioning compute 1728 with load 0.249883 by 5
LDB: Partitioning compute 1732 with load 0.255003 by 5
LDB: Partitioning compute 1733 with load 0.086910 by 2
LDB: Partitioning compute 1752 with load 0.062845 by 2
LDB: Partitioning compute 1876 with load 0.260954 by 5
LDB: Partitioning compute 1880 with load 0.264482 by 5
LDB: Partitioning compute 1881 with load 0.115296 by 2
LDB: Partitioning compute 1900 with load 0.064399 by 2
LDB: Partitioning compute 1916 with load 0.098029 by 2
LDB: Partitioning compute 396 with load 0.272378 by 5
LDB: Partitioning compute 400 with load 0.289004 by 5
LDB: Partitioning compute 401 with load 0.094533 by 2
LDB: Partitioning compute 420 with load 0.090577 by 2
LDB: Partitioning compute 436 with load 0.137773 by 3
LDB: Partitioning compute 473 with load 0.120327 by 2
LDB: Partitioning compute 618 with load 0.236711 by 4
LDB: Partitioning compute 622 with load 0.237916 by 4
LDB: Partitioning compute 623 with load 0.091325 by 2
LDB: Partitioning compute 1691 with load 0.259448 by 5
LDB: Partitioning compute 1695 with load 0.248898 by 5
LDB: Partitioning compute 1696 with load 0.100216 by 2
LDB: Partitioning compute 1715 with load 0.079886 by 2
LDB: Partitioning compute 1731 with load 0.124444 by 3
LDB: Partitioning compute 843 with load 0.079985 by 2
LDB: Partitioning compute 988 with load 0.193905 by 4
LDB: Partitioning compute 992 with load 0.198395 by 4
LDB: Partitioning compute 993 with load 0.075996 by 2
LDB: Partitioning compute 1012 with load 0.069020 by 2
LDB: Partitioning compute 658 with load 0.091072 by 2
LDB: Partitioning compute 803 with load 0.230739 by 4
LDB: Partitioning compute 807 with load 0.238620 by 4
LDB: Partitioning compute 808 with load 0.093202 by 2
LDB: Partitioning compute 827 with load 0.064825 by 2
LDB: Partitioning compute 1839 with load 0.235361 by 4
LDB: Partitioning compute 1843 with load 0.167623 by 3
LDB: Partitioning compute 1844 with load 0.090102 by 2
LDB: Partitioning compute 1879 with load 0.094841 by 2
LDB: Partitioning compute 581 with load 0.258941 by 5
LDB: Partitioning compute 585 with load 0.274260 by 5
LDB: Partitioning compute 586 with load 0.117520 by 2
LDB: Partitioning compute 605 with load 0.105422 by 2
LDB: Partitioning compute 621 with load 0.099171 by 2
LDB: Partitioning compute 96 with load 0.173346 by 3
LDB: Partitioning compute 77 with load 0.134826 by 3
LDB: Partitioning compute 66 with load 0.218554 by 4
LDB: Partitioning compute 71 with load 0.167511 by 3
LDB: Partitioning compute 50 with load 0.174368 by 3
LDB: Partitioning compute 55 with load 0.171244 by 3
LDB: Partitioning compute 80 with load 0.152867 by 3
LDB: Partitioning compute 75 with load 0.181947 by 3
LDB: Partitioning compute 51 with load 0.179465 by 3
LDB: Partitioning compute 56 with load 0.179373 by 3
LDB: Partitioning compute 60 with load 0.210275 by 4
LDB: Partitioning compute 76 with load 0.205767 by 4
LDB: Partitioning compute 57 with load 0.185076 by 3
LDB: Partitioning compute 81 with load 0.208198 by 4
LDB: Partitioning compute 82 with load 0.191995 by 4
LDB: Partitioning compute 95 with load 0.151139 by 3
LDB: Partitioning compute 65 with load 0.168834 by 3
LDB: Partitioning compute 61 with load 0.171689 by 3
LDB: Partitioning compute 86 with load 0.194226 by 4
LDB: Partitioning compute 62 with load 0.241974 by 4
LDB: Partitioning compute 85 with load 0.156969 by 3
LDB: Partitioning compute 52 with load 0.186036 by 3
LDB: Partitioning compute 91 with load 0.220915 by 4
LDB: Partitioning compute 70 with load 0.164924 by 3
LDB: Partitioning compute 1395 with load 0.219682 by 4
LDB: Partitioning compute 1399 with load 0.234410 by 4
LDB: Partitioning compute 1400 with load 0.116222 by 2
LDB: Partitioning compute 1435 with load 0.107759 by 2
LDB: Partitioning compute 1210 with load 0.231574 by 4
LDB: Partitioning compute 1214 with load 0.215809 by 4
LDB: Partitioning compute 1215 with load 0.096338 by 2
LDB: Partitioning compute 1234 with load 0.068822 by 2
LDB: Partitioning compute 1250 with load 0.097833 by 2
LDB: Partitioning compute 877 with load 0.245642 by 4
LDB: Partitioning compute 881 with load 0.221947 by 4
LDB: Partitioning compute 882 with load 0.099792 by 2
LDB: Partitioning compute 901 with load 0.062538 by 2
LDB: Partitioning compute 917 with load 0.095387 by 2
LDB: Partitioning compute 1099 with load 0.221462 by 4
LDB: Partitioning compute 1103 with load 0.219384 by 4
LDB: Partitioning compute 1104 with load 0.105362 by 2
LDB: Partitioning compute 1139 with load 0.119655 by 2
LDB: Partitioning compute 544 with load 0.304097 by 5
LDB: Partitioning compute 548 with load 0.314915 by 6
LDB: Partitioning compute 549 with load 0.126055 by 3
LDB: Partitioning compute 568 with load 0.088605 by 2
LDB: Partitioning compute 584 with load 0.141121 by 3
LDB: Partitioning compute 285 with load 0.222094 by 4
LDB: Partitioning compute 289 with load 0.222488 by 4
LDB: Partitioning compute 290 with load 0.097829 by 2
LDB: Partitioning compute 325 with load 0.105340 by 2
LDB: Partitioning compute 100 with load 0.237383 by 4
LDB: Partitioning compute 104 with load 0.245103 by 4
LDB: Partitioning compute 105 with load 0.096513 by 2
LDB: Partitioning compute 124 with load 0.072929 by 2
LDB: Partitioning compute 140 with load 0.118592 by 2
LDB: Partitioning compute 359 with load 0.282449 by 5
LDB: Partitioning compute 363 with load 0.269871 by 5
LDB: Partitioning compute 364 with load 0.103693 by 2
LDB: Partitioning compute 383 with load 0.070400 by 2
LDB: Partitioning compute 399 with load 0.147873 by 3
LDB: Partitioning compute 1802 with load 0.206905 by 4
LDB: Partitioning compute 1806 with load 0.236508 by 4
LDB: Partitioning compute 1807 with load 0.079766 by 2
LDB: Partitioning compute 1842 with load 0.088829 by 2
LDB: Partitioning compute 1765 with load 0.227836 by 4
LDB: Partitioning compute 1769 with load 0.183240 by 3
LDB: Partitioning compute 1770 with load 0.102307 by 2
LDB: Partitioning compute 1805 with load 0.079142 by 2
LDB: Partitioning compute 90 with load 0.197546 by 4
LDB: Partitioning compute 692 with load 0.271840 by 5
LDB: Partitioning compute 696 with load 0.243156 by 4
LDB: Partitioning compute 697 with load 0.117664 by 2
LDB: Partitioning compute 716 with load 0.075302 by 2
LDB: Partitioning compute 732 with load 0.104237 by 2
LDB: Partitioning compute 174 with load 0.219234 by 4
LDB: Partitioning compute 178 with load 0.258270 by 5
LDB: Partitioning compute 179 with load 0.127293 by 3
LDB: Partitioning compute 198 with load 0.063310 by 2
LDB: Partitioning compute 214 with load 0.104967 by 2
LDB: Partitioning compute 470 with load 0.270788 by 5
LDB: Partitioning compute 474 with load 0.264831 by 5
LDB: Partitioning compute 475 with load 0.145115 by 3
LDB: Partitioning compute 494 with load 0.073804 by 2
LDB: Partitioning compute 510 with load 0.095357 by 2
LDB: Partitioning compute 137 with load 0.245435 by 4
LDB: Partitioning compute 141 with load 0.238693 by 4
LDB: Partitioning compute 142 with load 0.106766 by 2
LDB: Partitioning compute 161 with load 0.076036 by 2
LDB: Partitioning compute 177 with load 0.114907 by 2
LDB: Partitioning compute 1247 with load 0.261386 by 5
LDB: Partitioning compute 1251 with load 0.259436 by 5
LDB: Partitioning compute 1252 with load 0.132992 by 3
LDB: Partitioning compute 1287 with load 0.111505 by 2
LDB: Partitioning compute 1617 with load 0.285725 by 5
LDB: Partitioning compute 1621 with load 0.260235 by 5
LDB: Partitioning compute 1622 with load 0.099205 by 2
LDB: Partitioning compute 1641 with load 0.079066 by 2
LDB: Partitioning compute 1657 with load 0.117930 by 2
LDB: Partitioning compute 840 with load 0.213838 by 4
LDB: Partitioning compute 844 with load 0.214735 by 4
LDB: Partitioning compute 845 with load 0.092844 by 2
LDB: Partitioning compute 864 with load 0.064143 by 2
LDB: Partitioning compute 880 with load 0.094628 by 2
LDB: Partitioning compute 1062 with load 0.212513 by 4
LDB: Partitioning compute 1066 with load 0.271346 by 5
LDB: Partitioning compute 1067 with load 0.121436 by 2
LDB: Partitioning compute 1086 with load 0.063608 by 2
LDB: Partitioning compute 1102 with load 0.089740 by 2
LDB: Partitioning compute 655 with load 0.263127 by 5
LDB: Partitioning compute 659 with load 0.222950 by 4
LDB: Partitioning compute 660 with load 0.086254 by 2
LDB: Partitioning compute 679 with load 0.068294 by 2
LDB: Partitioning compute 695 with load 0.119033 by 2
LDB: Partitioning compute 1025 with load 0.249936 by 5
LDB: Partitioning compute 1029 with load 0.224218 by 4
LDB: Partitioning compute 1030 with load 0.122118 by 2
LDB: Partitioning compute 1065 with load 0.094061 by 2
LDB: Partitioning compute 1284 with load 0.270504 by 5
LDB: Partitioning compute 1288 with load 0.262427 by 5
LDB: Partitioning compute 1289 with load 0.117945 by 2
LDB: Partitioning compute 1308 with load 0.062817 by 2
LDB: Partitioning compute 1324 with load 0.126392 by 3
LDB: Partitioning compute 322 with load 0.251157 by 5
LDB: Partitioning compute 326 with load 0.236767 by 4
LDB: Partitioning compute 327 with load 0.127819 by 3
LDB: Partitioning compute 346 with load 0.077866 by 2
LDB: Partitioning compute 362 with load 0.100981 by 2
LDB: Partitioning compute 1432 with load 0.281520 by 5
LDB: Partitioning compute 1436 with load 0.273780 by 5
LDB: Partitioning compute 1437 with load 0.122658 by 2
LDB: Partitioning compute 1472 with load 0.129929 by 3
LDB: Partitioning compute 1580 with load 0.287766 by 5
LDB: Partitioning compute 1584 with load 0.236733 by 4
LDB: Partitioning compute 1585 with load 0.111204 by 2
LDB: Partitioning compute 1604 with load 0.071891 by 2
LDB: Partitioning compute 1620 with load 0.125197 by 3
LDB: Partitioning compute 507 with load 0.256609 by 5
LDB: Partitioning compute 511 with load 0.256295 by 5
LDB: Partitioning compute 512 with load 0.110071 by 2
LDB: Partitioning compute 531 with load 0.076273 by 2
LDB: Partitioning compute 547 with load 0.136615 by 3
LDB: Increased migratable compute count from 2150 to 2766
LDB: Largest unpartitionable compute is 0.042308
LDB: ============== END OF LOAD BALANCING =============== 27.8766
Info: build node-aware spanning tree with send: 1, recv: 0 with branch factor 9
Info: useSync: 0 useProxySync: 0
LDB: =============== DONE WITH MIGRATION ================ 27.8949
PRESSURE: 50 -3448.51 -116.999 406.611 -116.999 -2399.84 -39.4053 406.611 -39.4053 -3436.87
GPRESSURE: 50 -1161.1 3.88525 433.965 -301.956 -472.674 -120.765 453.082 -427.592 -1484.28
Info: Initial time: 128 CPUs 0.0392085 s/step 0.226901 days/ns 202.062 MB memory
ETITLE:      TS           BOND          ANGLE          DIHED          IMPRP               ELECT            VDW       BOUNDARY           MISC        KINETIC               TOTAL           TEMP      POTENTIAL         TOTAL3        TEMPAVG            PRESSURE      GPRESSURE         VOLUME       PRESSAVG      GPRESSAVG

ENERGY:      50      2576.2444      1811.0891       318.6265        35.7353         -34510.3186      2650.0504         0.0000         0.0000         0.0000         -27118.5729        -0.0000    -27118.5729    -27118.5729         0.0000          -3095.0702     -1039.3484    110592.0000     -3095.0702     -1039.3484

LINE MINIMIZER BRACKET: DX 0.000650094 0.00130019 DU -512.236 788.427 DUDX -1.23304e+06 -341174 1.62658e+06 
PRESSURE: 51 -755.205 -37.4869 396.834 -37.4869 -199.326 -13.3064 396.834 -13.3064 -1077.05
GPRESSURE: 51 192.763 194.198 351.05 -159.197 497.901 0.545296 431.667 -169.161 -180.913
ENERGY:      51      1311.2721      1297.1091       303.9940        16.3868         -33674.6453      2797.2656         0.0000         0.0000         0.0000         -27948.6177        -0.0000    -27948.6177    -27948.6177         0.0000           -677.1936       169.9171    110592.0000      -677.1936       169.9171

LINE MINIMIZER BRACKET: DX 0.000234068 0.00106612 DU -41.6183 830.045 DUDX -341174 -13379.5 1.62658e+06 
PRESSURE: 52 -991.433 -48.1577 397.999 -48.1577 -379.977 -13.3374 397.999 -13.3374 -1276.77
GPRESSURE: 52 35.6106 178.291 350.163 -169.492 378.783 -1.56449 428.693 -177.152 -328.279
ENERGY:      52      1389.7411      1331.7357       305.4856        17.7133         -33759.0765      2772.4211         0.0000         0.0000         0.0000         -27941.9797        -0.0000    -27941.9797    -27941.9797         0.0000           -882.7281        28.7049    110592.0000      -882.7281        28.7049

LINE MINIMIZER BRACKET: DX 0.000234068 0.000106612 DU -41.6183 6.63805 DUDX -341174 -13379.5 138267 
PRESSURE: 53 -778.492 -38.5655 396.95 -38.5655 -216.978 -13.3026 396.95 -13.3026 -1096.62
GPRESSURE: 53 176.841 192.633 350.905 -160.185 485.872 0.394687 431.323 -169.871 -195.743
ENERGY:      53      1318.6715      1300.3996       304.1438        16.5135         -33683.0960      2794.6888         0.0000         0.0000         0.0000         -27948.6788        -0.0000    -27948.6788    -27948.6788         0.0000           -697.3620       155.6570    110592.0000      -697.3620       155.6570

LINE MINIMIZER BRACKET: DX 1.06612e-05 9.59509e-05 DU -0.0611281 6.69918 DUDX -13379.5 1711.38 138267 
LINE MINIMIZER REDUCING GRADIENT FROM 2.7206e+06 TO 2720.6
PRESSURE: 54 -922.063 -61.0804 375.41 -61.0804 -389.309 2.32783 375.41 2.32783 -1166.62
GPRESSURE: 54 -18.8516 162.387 332.133 -179.499 264.653 20.9194 404.315 -157.271 -378.909
ENERGY:      54      1203.4237      1314.0844       305.4112        17.2436         -33813.6913      2749.8338         0.0000         0.0000         0.0000         -28223.6947        -0.0000    -28223.6947    -28223.6947         0.0000           -825.9969       -44.3691    110592.0000      -825.9969       -44.3691

PRESSURE: 55 -1084.41 -80.8336 355.179 -80.8336 -592.41 12.8563 355.179 12.8563 -1259.64
GPRESSURE: 55 -206.158 133.507 315.414 -197.12 41.9204 37.2952 379.126 -150.011 -558.8
ENERGY:      55      1114.5286      1335.5266       306.7222        18.1264         -33943.6416      2709.5091         0.0000         0.0000         0.0000         -28459.2287        -0.0000    -28459.2287    -28459.2287         0.0000           -978.8201      -241.0127    110592.0000      -978.8201      -241.0127

PRESSURE: 56 -1466.13 -112.051 318.25 -112.051 -1092.23 17.6577 318.25 17.6577 -1515.53
GPRESSURE: 56 -556.672 79.1058 287.783 -228.112 -407.302 56.2722 333.883 -154.473 -909.987
2015-02-02 10:09:04.732 (WARN ) [0xfffafa49220] 8761438:ibm.runjob.client.Job: terminated by signal 9
2015-02-02 10:09:04.732 (WARN ) [0xfffafa49220] 8761438:ibm.runjob.client.Job: abnormal termination by signal 9 from rank 0
