Converse/Charm++ Commit ID: v6.3.0-723-g6148ae1
[0] isomalloc.c> Disabling isomalloc because isomalloc disabled by conv-mach
Info: NAMD 2.9 for BlueGeneQ
Info: 
Info: Please visit http://www.ks.uiuc.edu/Research/namd/
Info: for updates, documentation, and support information.
Info: 
Info: Please cite Phillips et al., J. Comp. Chem. 26:1781-1802 (2005)
Info: in all publications reporting results obtained with NAMD.
Info: 
Info: Based on Charm++/Converse 60305 for pami-bluegeneq-smp-xlc
Info: Built Sun Dec 7 11:31:12 EST 2014 by bobdanani on avoca-test
Info: Running on 128 processors, 16 nodes, 16 physical nodes.
Info: CPU topology information unavailable.
Info: Charm++/Converse parallel runtime startup completed at 0.0455525 s
Info: 202.062 MB of memory in use based on /proc/self/stat
Info: Configuration file is namd_equilibration_script.conf
Info: Working in the current directory /vlsci/VR0021/mike/GIT/MD_workflow_py/newdir/newiDir0090
TCL: Suspending until startup complete.
Info: SIMULATION PARAMETERS:
Info: TIMESTEP               2
Info: NUMBER OF STEPS        0
Info: STEPS PER CYCLE        10
Info: PERIODIC CELL BASIS 1  48 0 0
Info: PERIODIC CELL BASIS 2  0 48 0
Info: PERIODIC CELL BASIS 3  0 0 48
Info: PERIODIC CELL CENTER   0 0 0
Info: WRAPPING WATERS AROUND PERIODIC BOUNDARIES ON OUTPUT.
Info: WRAPPING ALL CLUSTERS AROUND PERIODIC BOUNDARIES ON OUTPUT.
Info: LOAD BALANCER  Centralized
Info: LOAD BALANCING STRATEGY  New Load Balancers -- DEFAULT
Info: LDB PERIOD             2000 steps
Info: FIRST LDB TIMESTEP     50
Info: LAST LDB TIMESTEP     -1
Info: LDB BACKGROUND SCALING 1
Info: HOM BACKGROUND SCALING 1
Info: PME BACKGROUND SCALING 1
Info: REMOVING PATCHES FROM PROCESSOR 0
Info: MIN ATOMS PER PATCH    40
Info: INITIAL TEMPERATURE    310
Info: CENTER OF MASS MOVING INITIALLY? NO
Info: DIELECTRIC             1
Info: EXCLUDE                SCALED ONE-FOUR
Info: 1-4 ELECTROSTATICS SCALED BY 1
Info: MODIFIED 1-4 VDW PARAMETERS WILL BE USED
Info: DCD FILENAME           current_MD_run_files.dcd
Info: DCD FREQUENCY          500
Info: DCD FIRST STEP         500
Info: DCD FILE WILL CONTAIN UNIT CELL DATA
Info: XST FILENAME           current_MD_run_files.xst
Info: XST FREQUENCY          500
Info: NO VELOCITY DCD OUTPUT
Info: NO FORCE DCD OUTPUT
Info: OUTPUT FILENAME        current_MD_run_files
Info: BINARY OUTPUT FILES WILL BE USED
Info: RESTART FILENAME       current_MD_run_files.restart
Info: RESTART FREQUENCY      5000
Info: BINARY RESTART FILES WILL BE USED
Info: SWITCHING ACTIVE
Info: SWITCHING ON           10
Info: SWITCHING OFF          12
Info: PAIRLIST DISTANCE      14
Info: PAIRLIST SHRINK RATE   0.01
Info: PAIRLIST GROW RATE     0.01
Info: PAIRLIST TRIGGER       0.3
Info: PAIRLISTS PER CYCLE    2
Info: PAIRLISTS ENABLED
Info: MARGIN                 0.99
Info: HYDROGEN GROUP CUTOFF  2.5
Info: PATCH DIMENSION        17.49
Info: ENERGY OUTPUT STEPS    500
Info: CROSSTERM ENERGY INCLUDED IN DIHEDRAL
Info: TIMING OUTPUT STEPS    500
Info: PRESSURE OUTPUT STEPS  500
Info: LANGEVIN DYNAMICS ACTIVE
Info: LANGEVIN TEMPERATURE   310
Info: LANGEVIN DAMPING COEFFICIENT IS 5 INVERSE PS
Info: LANGEVIN DYNAMICS NOT APPLIED TO HYDROGENS
Info: LANGEVIN PISTON PRESSURE CONTROL ACTIVE
Info:        TARGET PRESSURE IS 1.01325 BAR
Info:     OSCILLATION PERIOD IS 100 FS
Info:             DECAY TIME IS 50 FS
Info:     PISTON TEMPERATURE IS 310 K
Info:       PRESSURE CONTROL IS GROUP-BASED
Info:    INITIAL STRAIN RATE IS 0 0 0
Info:       CELL FLUCTUATION IS ANISOTROPIC
Info: PARTICLE MESH EWALD (PME) ACTIVE
Info: PME TOLERANCE               1e-06
Info: PME EWALD COEFFICIENT       0.257952
Info: PME INTERPOLATION ORDER     4
Info: PME GRID DIMENSIONS         48 48 48
Info: PME MAXIMUM GRID SPACING    1
Info: Attempting to read FFTW data from FFTW_NAMD_2.9_BlueGeneQ.txt
Info: Optimizing 6 FFT steps.  1... 2... 3... 4... 5... 6...   Done.
Info: Writing FFTW data to FFTW_NAMD_2.9_BlueGeneQ.txt
Info: FULL ELECTROSTATIC EVALUATION FREQUENCY      2
Info: USING VERLET I (r-RESPA) MTS SCHEME.
Info: C1 SPLITTING OF LONG RANGE ELECTROSTATICS
Info: PLACING ATOMS IN PATCHES BY HYDROGEN GROUPS
Info: RIGID BONDS TO HYDROGEN : ALL
Info:         ERROR TOLERANCE : 1e-08
Info:          MAX ITERATIONS : 100
Info: RIGID WATER USING SETTLE ALGORITHM
Info: RANDOM NUMBER SEED     1422832115
Info: USE HYDROGEN BONDS?    NO
Info: COORDINATE PDB         ../../InputFiles/example.pdb
Info: STRUCTURE FILE         ../../InputFiles/example.psf
Info: PARAMETER file: CHARMM format! 
Info: PARAMETERS             ../../InputFiles/Parameters/par_all27_prot_na.prm
Info: USING ARITHMETIC MEAN TO COMBINE L-J SIGMA PARAMETERS
Info: SUMMARY OF PARAMETERS:
Info: 258 BONDS
Info: 666 ANGLES
Info: 1134 DIHEDRAL
Info: 70 IMPROPER
Info: 6 CROSSTERM
Info: 164 VDW
Info: 0 VDW_PAIRS
Info: 0 NBTHOLE_PAIRS
Info: TIME FOR READING PSF FILE: 1.97656
Info: TIME FOR READING PDB FILE: 0.442151
Info: 
Info: ****************************
Info: STRUCTURE SUMMARY:
Info: 10315 ATOMS
Info: 7285 BONDS
Info: 5281 ANGLES
Info: 3293 DIHEDRALS
Info: 204 IMPROPERS
Info: 74 CROSSTERMS
Info: 0 EXCLUSIONS
Info: 9701 RIGID BONDS
Info: 21244 DEGREES OF FREEDOM
Info: 3638 HYDROGEN GROUPS
Info: 4 ATOMS IN LARGEST HYDROGEN GROUP
Info: 3638 MIGRATION GROUPS
Info: 4 ATOMS IN LARGEST MIGRATION GROUP
Info: TOTAL MASS = 63394.1 amu
Info: TOTAL CHARGE = 1.00955e-06 e
Info: MASS DENSITY = 0.951884 g/cm^3
Info: ATOM DENSITY = 0.0932708 atoms/A^3
Info: *****************************
Info: 
Info: Entering startup at 24.1781 s, 202.062 MB of memory in use
Info: Startup phase 0 took 0.00369047 s, 202.062 MB of memory in use
Info: Startup phase 1 took 0.105431 s, 202.062 MB of memory in use
Info: Startup phase 2 took 0.003431 s, 202.062 MB of memory in use
Info: Startup phase 3 took 0.00285564 s, 202.062 MB of memory in use
Info: PATCH GRID IS 5 (PERIODIC) BY 5 (PERIODIC) BY 2 (PERIODIC)
Info: PATCH GRID IS 2-AWAY BY 2-AWAY BY 1-AWAY
Info: REMOVING COM VELOCITY -0.0103259 0.0404206 -0.0692922
Info: LARGEST PATCH (12) HAS 234 ATOMS
Info: Startup phase 4 took 0.0327223 s, 202.062 MB of memory in use
Info: PME using 24 and 24 processors for FFT and reciprocal sum.
Info: PME USING 16 GRID NODES AND 16 TRANS NODES
Info: PME GRID LOCATIONS: 7 11 15 23 27 31 39 43 47 55 ...
Info: PME TRANS LOCATIONS: 3 5 13 19 21 29 35 37 45 51 ...
Info: Startup phase 5 took 0.00740235 s, 202.062 MB of memory in use
Info: Startup phase 6 took 0.00974798 s, 202.062 MB of memory in use
LDB: Central LB being created...
Info: Startup phase 7 took 1.20398 s, 202.062 MB of memory in use
Info: CREATING 2450 COMPUTE OBJECTS
Info: NONBONDED TABLE R-SQUARED SPACING: 0.0625
Info: NONBONDED TABLE SIZE: 769 POINTS
Info: ABSOLUTE IMPRECISION IN FAST TABLE ENERGY: 3.38813e-21 AT 11.7447
Info: RELATIVE IMPRECISION IN FAST TABLE ENERGY: 6.92477e-14 AT 11.9138
Info: ABSOLUTE IMPRECISION IN FAST TABLE FORCE: 2.64698e-23 AT 11.9138
Info: RELATIVE IMPRECISION IN FAST TABLE FORCE: 1.40436e-16 AT 11.9138
Info: ABSOLUTE IMPRECISION IN SCOR TABLE ENERGY: 3.38813e-21 AT 11.7447
Info: RELATIVE IMPRECISION IN SCOR TABLE ENERGY: 4.24069e-16 AT 11.9138
Info: ABSOLUTE IMPRECISION IN SCOR TABLE FORCE: 4.10282e-22 AT 11.9138
Info: RELATIVE IMPRECISION IN SCOR TABLE FORCE: 3.56912e-15 AT 11.9138
Info: ABSOLUTE IMPRECISION IN VDWA TABLE ENERGY: 9.86076e-32 AT 11.8295
Info: RELATIVE IMPRECISION IN VDWA TABLE ENERGY: 6.75473e-14 AT 11.9138
Info: ABSOLUTE IMPRECISION IN VDWA TABLE FORCE: 4.62223e-32 AT 11.9138
Info: RELATIVE IMPRECISION IN VDWA TABLE FORCE: 2.12237e-15 AT 11.9138
Info: ABSOLUTE IMPRECISION IN VDWB TABLE ENERGY: 4.1359e-25 AT 11.8295
Info: RELATIVE IMPRECISION IN VDWB TABLE ENERGY: 7.56853e-15 AT 11.9138
Info: ABSOLUTE IMPRECISION IN VDWB TABLE FORCE: 3.87741e-26 AT 11.9138
Info: RELATIVE IMPRECISION IN VDWB TABLE FORCE: 5.97409e-16 AT 11.9138
Info: useSync: 0 useProxySync: 0
Info: Startup phase 8 took 0.0329999 s, 202.062 MB of memory in use
Info: Building spanning tree ... send: 1 recv: 0 with branch factor 9
Info: Startup phase 9 took 0.00362043 s, 202.062 MB of memory in use
Info: Startup phase 10 took 0.00253459 s, 202.062 MB of memory in use
Info: Finished startup at 25.5865 s, 202.062 MB of memory in use

TCL: Minimizing for 500 steps
PRESSURE: 0 7.92778e+08 9.80914e+08 6.43957e+08 9.80914e+08 1.21846e+09 7.99677e+08 6.43957e+08 7.99677e+08 5.27056e+08
GPRESSURE: 0 7.92785e+08 9.80912e+08 6.43961e+08 9.80914e+08 1.21847e+09 7.99675e+08 6.4396e+08 7.99677e+08 5.27061e+08
ETITLE:      TS           BOND          ANGLE          DIHED          IMPRP               ELECT            VDW       BOUNDARY           MISC        KINETIC               TOTAL           TEMP      POTENTIAL         TOTAL3        TEMPAVG            PRESSURE      GPRESSURE         VOLUME       PRESSAVG      GPRESSAVG

ENERGY:       0      3088.5033      1499.3301       263.8206        10.6933         -30848.5033 336586487.2282         0.0000         0.0000         0.0000      336560501.0723        -0.0000 336560501.0723 336560501.0723         0.0000      846098063.7249 846104120.5607    110592.0000 846098063.7249 846104120.5607

OPENING EXTENDED SYSTEM TRAJECTORY FILE
MINIMIZER SLOWLY MOVING 41 ATOMS WITH BAD CONTACTS DOWNHILL
PRESSURE: 1 2.3761e+07 2.92891e+07 1.92693e+07 2.92891e+07 3.65371e+07 2.38544e+07 1.92693e+07 2.38544e+07 1.58365e+07
GPRESSURE: 1 2.37671e+07 2.92887e+07 1.92714e+07 2.92892e+07 3.65424e+07 2.38532e+07 1.9271e+07 2.38552e+07 1.58411e+07
ENERGY:       1      3097.8780      1492.2035       263.8872        11.6906         -30918.4516  10098045.4909         0.0000         0.0000         0.0000       10071992.6986        -0.0000  10071992.6986  10071992.6986         0.0000       25378190.6513  25383543.1824    110592.0000  25378190.6513  25383543.1824

MINIMIZER SLOWLY MOVING 20 ATOMS WITH BAD CONTACTS DOWNHILL
PRESSURE: 2 1.60262e+06 1.93601e+06 1.28335e+06 1.93601e+06 2.45349e+06 1.57411e+06 1.28335e+06 1.57411e+06 1.07617e+06
GPRESSURE: 2 1.60887e+06 1.93607e+06 1.28495e+06 1.9358e+06 2.45889e+06 1.57341e+06 1.28485e+06 1.57465e+06 1.08101e+06
ENERGY:       2      3098.8562      1486.5938       264.0525        11.6906         -30939.5732    683808.6242         0.0000         0.0000         0.0000         657730.2441        -0.0000    657730.2441    657730.2441         0.0000        1710761.1668   1716255.7876    110592.0000   1710761.1668   1716255.7876

MINIMIZER SLOWLY MOVING 8 ATOMS WITH BAD CONTACTS DOWNHILL
PRESSURE: 3 197678 209202 143265 209202 286173 169684 143265 169684 134769
GPRESSURE: 3 204076 209794 144555 208589 291200 169306 144311 169543 140107
ENERGY:       3      3098.8562      1486.5938       264.0525        11.6906         -30939.6937     85515.0225         0.0000         0.0000         0.0000          59436.5218        -0.0000     59436.5218     59436.5218         0.0000         206206.9406    211794.4545    110592.0000    206206.9406    211794.4545

MINIMIZER SLOWLY MOVING 4 ATOMS WITH BAD CONTACTS DOWNHILL
PRESSURE: 4 51832.3 29892.9 24062.2 29892.9 59310.8 24792.8 24062.2 24792.8 35775.4
GPRESSURE: 4 58421.7 30508.2 25327.7 28842.3 64264.8 24475.3 24635.9 24619.7 41255.5
ENERGY:       4      3098.8562      1486.5938       264.0525        11.6906         -30939.5674     23037.6747         0.0000         0.0000         0.0000          -3040.6997        -0.0000     -3040.6997     -3040.6997         0.0000          48972.8153     54647.3064    110592.0000     48972.8153     54647.3064

MINIMIZER SLOWLY MOVING 2 ATOMS WITH BAD CONTACTS DOWNHILL
PRESSURE: 5 30532.1 3498.92 6725.59 3498.92 26455.3 3178.44 6725.59 3178.44 21542
GPRESSURE: 5 37142.6 4114.36 7988.38 2350.17 31398.3 2879.07 7205.28 2993.04 27043.8
ENERGY:       5      3098.8562      1486.5938       264.0525        11.6906         -30938.6694     13993.1376         0.0000         0.0000         0.0000         -12084.3387        -0.0000    -12084.3387    -12084.3387         0.0000          26176.4651     31861.5673    110592.0000     26176.4651     31861.5673

MINIMIZER SLOWLY MOVING 2 ATOMS WITH BAD CONTACTS DOWNHILL
PRESSURE: 6 26526.3 -1468.36 3460.82 -1468.36 20273.6 -889.048 3460.82 -889.048 18867
GPRESSURE: 6 33138.6 -853.801 4722.7 -2634.96 25214.1 -1184.61 3925.75 -1074.84 24370.8
ENERGY:       6      3098.8562      1486.5938       264.0525        11.6906         -30936.7428     12297.3267         0.0000         0.0000         0.0000         -13778.2230        -0.0000    -13778.2230    -13778.2230         0.0000          21889.0008     27574.5239    110592.0000     21889.0008     27574.5239

MINIMIZER SLOWLY MOVING 2 ATOMS WITH BAD CONTACTS DOWNHILL
PRESSURE: 7 25612.5 -2600.63 2716.01 -2600.63 18869.7 -1812.5 2716.01 -1812.5 18263.3
GPRESSURE: 7 32281.5 -2000.41 3936.7 -3699.2 23792.6 -2157.42 3226.41 -2008 23733.4
ENERGY:       7      3098.8562      1486.5938       264.0525        11.6906         -30934.6537     11914.2537         0.0000         0.0000         0.0000         -14159.2070        -0.0000    -14159.2070    -14159.2070         0.0000          20915.1785     26602.5042    110592.0000     20915.1785     26602.5042

MINIMIZER STARTING CONJUGATE GRADIENT ALGORITHM
LINE MINIMIZER REDUCING GRADIENT FROM 1.28304e+08 TO 128304
PRESSURE: 8 25247.7 -2536.43 2691.61 -2536.43 18631.3 -1769.09 2691.61 -1769.09 18003.1
GPRESSURE: 8 31880.1 -1938.49 3895.18 -3619.96 23534.7 -2102.32 3197.2 -1962.55 23436.4
ENERGY:       8      3090.7892      1485.5168       264.0466        11.6886         -30936.5185     11797.8422         0.0000         0.0000         0.0000         -14286.6351        -0.0000    -14286.6351    -14286.6351         0.0000          20627.3447     26283.7546    110592.0000     20627.3447     26283.7546

PRESSURE: 9 24890.1 -2473.62 2667.3 -2473.62 18397.3 -1726.98 2667.3 -1726.98 17748.1
GPRESSURE: 9 31486.6 -1877.91 3854.09 -3542.44 23281.6 -2048.85 3168.19 -1918.45 23145.4
ENERGY:       9      3082.7502      1484.4436       264.0410        11.6870         -30938.3841     11683.6730         0.0000         0.0000         0.0000         -14411.7893        -0.0000    -14411.7893    -14411.7893         0.0000          20345.1877     25971.1849    110592.0000     20345.1877     25971.1849

LDB: ============= START OF LOAD BALANCING ============== 25.9945
LDB: ============== END OF LOAD BALANCING =============== 25.9954
Info: useSync: 0 useProxySync: 0
LDB: =============== DONE WITH MIGRATION ================ 26.0029
PRESSURE: 10 24195.8 -2352.01 2618.96 -2352.01 17942.4 -1646.44 2618.96 -1646.44 17253.7
GPRESSURE: 10 30722.2 -1760.69 3773.13 -3392.42 22789.1 -1946.53 3110.7 -1834.05 22580.6
ETITLE:      TS           BOND          ANGLE          DIHED          IMPRP               ELECT            VDW       BOUNDARY           MISC        KINETIC               TOTAL           TEMP      POTENTIAL         TOTAL3        TEMPAVG            PRESSURE      GPRESSURE         VOLUME       PRESSAVG      GPRESSAVG

ENERGY:      10      3066.7562      1482.3085       264.0305        11.6851         -30942.1130     11461.8508         0.0000         0.0000         0.0000         -14655.4819        -0.0000    -14655.4819    -14655.4819         0.0000          19797.3211     25363.9782    110592.0000     19797.3211     25363.9782

PRESSURE: 11 22886.6 -2123.99 2523.69 -2123.99 17081.9 -1499.14 2523.69 -1499.14 16323.1
GPRESSURE: 11 29279.6 -1541.1 3616.28 -3111.35 21856.5 -1759.16 2998.16 -1679.43 21516.2
ENERGY:      11      3035.1037      1478.0836       264.0124        11.6860         -30949.5613     11042.8731         0.0000         0.0000         0.0000         -15117.8025        -0.0000    -15117.8025    -15117.8025         0.0000          18763.8759     24217.4311    110592.0000     18763.8759     24217.4311

PRESSURE: 12 20553.4 -1722.95 2339.96 -1722.95 15538.6 -1252.24 2339.96 -1252.24 14669.9
GPRESSURE: 12 26703.6 -1155.89 3322.71 -2617.65 20179.9 -1444.57 2783.67 -1419.34 19620.8
ENERGY:      12      2973.1376      1469.8155       263.9877        11.7070         -30964.4243     10293.4960         0.0000         0.0000         0.0000         -15952.2805        -0.0000    -15952.2805    -15952.2805         0.0000          16920.6524     22168.1114    110592.0000     16920.6524     22168.1114

PRESSURE: 13 16815.2 -1100.53 2006.84 -1100.53 13034.3 -904.044 2006.84 -904.044 12035.6
GPRESSURE: 13 22558 -562.478 2814.14 -1853.11 17445.3 -1000.21 2401.8 -1049.07 16584.8
ENERGY:      13      2854.5340      1454.0067       263.9835        11.8263         -30994.0211      9082.7739         0.0000         0.0000         0.0000         -17326.8967        -0.0000    -17326.8967    -17326.8967         0.0000          13961.6881     18862.6755    110592.0000     13961.6881     18862.6755

PRESSURE: 14 11864.8 -345.294 1493.19 -345.294 9637.93 -556.087 1493.19 -556.087 8576.4
GPRESSURE: 14 17006.2 140.803 2073.1 -927.946 13689.1 -559.716 1830.1 -669.463 12552.7
ENERGY:      14      2638.4195      1425.3083       264.1507        12.3760         -31052.7539      7446.6365         0.0000         0.0000         0.0000         -19265.8629        -0.0000    -19265.8629    -19265.8629         0.0000          10026.3729     14415.9962    110592.0000     10026.3729     14415.9962

PRESSURE: 15 7108.42 200.401 980.708 200.401 6246.69 -418.948 980.708 -418.948 5323.14
GPRESSURE: 15 11503.7 603.898 1365.47 -268.069 9802.28 -413.601 1312.93 -508.31 8650.47
ENERGY:      15      2288.6245      1379.6753       265.1654        14.7443         -31168.6191      5790.4200         0.0000         0.0000         0.0000         -21429.9895        -0.0000    -21429.9895    -21429.9895         0.0000           6226.0811      9985.4766    110592.0000      6226.0811      9985.4766

PRESSURE: 16 4850.09 165.432 1257.94 165.432 4514.88 -754.599 1257.94 -754.599 4125.78
GPRESSURE: 16 8668.6 486.094 1707.32 -477.896 7507.27 -965.973 1985.97 -921.641 7053.82
ENERGY:      16      1900.2223      1336.3753       270.1213        24.8446         -31394.4641      4840.6795         0.0000         0.0000         0.0000         -23022.2211        -0.0000    -23022.2211    -23022.2211         0.0000           4496.9203      7743.2303    110592.0000      4496.9203      7743.2303

PRESSURE: 17 17852.3 -1550.03 12378.5 -1550.03 10801.7 -4850.32 12378.5 -4850.32 17654.9
GPRESSURE: 17 30366.1 273.82 17743.2 -5798.21 14465.5 -7375.29 22472.3 -4882.86 26267.7
ENERGY:      17      2163.8410      1452.4679       293.4260        71.7709         -31822.6931      8851.2292         0.0000         0.0000         0.0000         -18989.9581        -0.0000    -18989.9581    -18989.9581         0.0000          15436.3104     23699.7772    110592.0000     15436.3104     23699.7772

LINE MINIMIZER BRACKET: DX 0.000128 0.000256 DU -1592.23 4032.26 DUDX -2.32342e+07 -4.29861e+06 5.45662e+07 
PRESSURE: 18 4953.74 96.6938 1515.53 96.6938 4553.16 -899.461 1515.53 -899.461 4341.14
GPRESSURE: 18 8800.08 414.144 2049.01 -651.118 7479.81 -1192.18 2434.04 -1102.32 7307.51
ENERGY:      18      1867.1741      1335.6056       271.7736        28.0148         -31441.9086      4839.5343         0.0000         0.0000         0.0000         -23099.8062        -0.0000    -23099.8062    -23099.8062         0.0000           4616.0113      7862.4673    110592.0000      4616.0113      7862.4673

LINE MINIMIZER BRACKET: DX 2.7443e-05 0.000228557 DU -77.585 4109.85 DUDX -4.29861e+06 -1.35344e+06 5.45662e+07 
PRESSURE: 19 5172 28.1139 1798.84 28.1139 4670.15 -1047.07 1798.84 -1047.07 4637.9
GPRESSURE: 19 9099.27 348.701 2429.82 -831.974 7557.9 -1421.45 2923.47 -1284.49 7678.48
ENERGY:      19      1852.2059      1337.3080       273.3194        30.9492         -31481.1655      4885.2168         0.0000         0.0000         0.0000         -23102.1662        -0.0000    -23102.1662    -23102.1662         0.0000           4826.6845      8111.8822    110592.0000      4826.6845      8111.8822

LINE MINIMIZER BRACKET: DX 2.28557e-05 0.000205701 DU -2.36004 4112.21 DUDX -1.35344e+06 1.16674e+06 5.45662e+07 
MINIMIZER RESTARTING CONJUGATE GRADIENT ALGORITHM
LINE MINIMIZER REDUCING GRADIENT FROM 2.67828e+07 TO 26782.8
PRESSURE: 20 4984.37 169.615 1602.4 169.615 4517.92 -872.402 1602.4 -872.402 4388.47
GPRESSURE: 20 8716.88 509.236 2127.21 -529.972 7368.74 -1151.87 2514.32 -1079.82 7293.74
ETITLE:      TS           BOND          ANGLE          DIHED          IMPRP               ELECT            VDW       BOUNDARY           MISC        KINETIC               TOTAL           TEMP      POTENTIAL         TOTAL3        TEMPAVG            PRESSURE      GPRESSURE         VOLUME       PRESSAVG      GPRESSAVG

ENERGY:      20      1839.4311      1335.3834       273.2693        30.8364         -31484.9723      4804.2133         0.0000         0.0000         0.0000         -23201.8389        -0.0000    -23201.8389    -23201.8389         0.0000           4630.2565      7793.1202    110592.0000      4630.2565      7793.1202

PRESSURE: 21 4827.6 283.437 1442.21 283.437 4391.32 -730.863 1442.21 -730.863 4182.58
GPRESSURE: 21 8402.24 636.73 1882.97 -289.379 7210.39 -935.766 2185.43 -914.947 6979.11
ENERGY:      21      1826.8362      1333.4917       273.2197        30.7251         -31488.7816      4736.4490         0.0000         0.0000         0.0000         -23288.0599        -0.0000    -23288.0599    -23288.0599         0.0000           4467.1672      7530.5788    110592.0000      4467.1672      7530.5788

PRESSURE: 22 4583.35 449.3 1202.82 449.3 4195.44 -521.748 1202.82 -521.748 3868.15
GPRESSURE: 22 7922.33 818.836 1523.19 56.8519 6961.93 -621.362 1704.16 -673.151 6504.58
ENERGY:      22      1802.1834      1329.8077       273.1222        30.5070         -31496.4094      4630.6304         0.0000         0.0000         0.0000         -23430.1587        -0.0000    -23430.1587    -23430.1587         0.0000           4215.6487      7129.6154    110592.0000      4215.6487      7129.6154

PRESSURE: 23 4268.45 628.288 924.711 628.288 3946.26 -286.446 924.711 -286.446 3481.17
GPRESSURE: 23 7325.72 1006.35 1115.7 424.026 6632.32 -277.893 1167.77 -403.766 5931.71
ENERGY:      23      1755.0049      1322.8424       272.9344        30.0888         -31511.7005      4493.0807         0.0000         0.0000         0.0000         -23637.7494        -0.0000    -23637.7494    -23637.7494         0.0000           3898.6288      6629.9153    110592.0000      3898.6288      6629.9153

PRESSURE: 24 3941.48 730.895 706.614 730.895 3691 -122.27 706.614 -122.27 3118.43
GPRESSURE: 24 6730.67 1096.24 808.274 638.319 6252.53 -52.5061 780.714 -215.575 5403.2
ENERGY:      24      1668.9688      1310.5704       272.5905        29.3237         -31542.3870      4345.8478         0.0000         0.0000         0.0000         -23915.0857        -0.0000    -23915.0857    -23915.0857         0.0000           3583.6371      6128.8011    110592.0000      3583.6371      6128.8011

PRESSURE: 25 3621.32 695.806 600.122 695.806 3432.04 -88.0327 600.122 -88.0327 2815.24
GPRESSURE: 25 6130.69 1027.15 668.08 615.894 5777.97 -25.0214 621.642 -166.616 4951.9
ENERGY:      25      1528.2267      1293.3104       272.0607        28.0758         -31604.0010      4190.6913         0.0000         0.0000         0.0000         -24291.6360        -0.0000    -24291.6360    -24291.6360         0.0000           3289.5320      5620.1885    110592.0000      3289.5320      5620.1885

PRESSURE: 26 3527.84 174.173 965.674 174.173 3596.42 -684.278 965.674 -684.278 3134.53
GPRESSURE: 26 5752.2 558.847 1292.8 -104.223 5392.07 -1036.15 1159.43 -598.733 5434.26
ENERGY:      26      1346.5154      1299.1636       271.8458        26.6980         -31727.6132      4189.6782         0.0000         0.0000         0.0000         -24593.7122        -0.0000    -24593.7122    -24593.7122         0.0000           3419.5982      5526.1762    110592.0000      3419.5982      5526.1762

PRESSURE: 27 493788 -1.25421e+06 844033 -1.25421e+06 3.25761e+06 -2.14378e+06 844033 -2.14378e+06 1.45473e+06
GPRESSURE: 27 511130 -1.2366e+06 881164 -1.29644e+06 3.21268e+06 -2.24275e+06 870827 -2.11448e+06 1.51883e+06
ENERGY:      27      1205.1013      1357.1891       269.8208        28.5640         -31978.8153    692937.9641         0.0000         0.0000         0.0000         663819.8241        -0.0000    663819.8241    663819.8241         0.0000        1735375.9631   1747545.5455    110592.0000   1735375.9631   1747545.5455

LINE MINIMIZER BRACKET: DX 0.000128 0.000256 DU -302.076 688414 DUDX -4.87769e+06 2.24167e+06 7.0879e+08 
PRESSURE: 28 3446.15 424.811 735.437 424.811 3365.34 -353.064 735.437 -353.064 2829.14
GPRESSURE: 28 5690.92 754.841 909 252.615 5354.88 -472.541 828.559 -366.419 4960.99
ENERGY:      28      1381.5238      1291.4084       271.7997        26.8964         -31697.4754      4118.0659         0.0000         0.0000         0.0000         -24607.7813        -0.0000    -24607.7813    -24607.7813         0.0000           3213.5390      5335.5945    110592.0000      3213.5390      5335.5945

LINE MINIMIZER BRACKET: DX 9.68226e-05 3.11774e-05 DU -316.145 14.0691 DUDX -4.87769e+06 -980438 2.24167e+06 
PRESSURE: 29 3460.72 357.014 794.742 357.014 3416.41 -439.471 794.742 -439.471 2902.68
GPRESSURE: 29 5692.02 699.329 1007.5 157.388 5349.49 -617.88 913.835 -428.299 5072.92
ENERGY:      29      1369.0339      1293.5423       271.8112        26.8185         -31707.7920      4132.8298         0.0000         0.0000         0.0000         -24613.7563        -0.0000    -24613.7563    -24613.7563         0.0000           3259.9347      5371.4747    110592.0000      3259.9347      5371.4747

LINE MINIMIZER BRACKET: DX 1.06753e-05 2.05021e-05 DU -5.97497 20.044 DUDX -980438 -108134 2.24167e+06 
PRESSURE: 30 3464.9 342.181 808.119 342.181 3429.03 -458.781 808.119 -458.781 2919.98
GPRESSURE: 30 5694.28 687.491 1029.74 136.41 5350.29 -650.53 933.045 -441.978 5099.48
ETITLE:      TS           BOND          ANGLE          DIHED          IMPRP               ELECT            VDW       BOUNDARY           MISC        KINETIC               TOTAL           TEMP      POTENTIAL         TOTAL3        TEMPAVG            PRESSURE      GPRESSURE         VOLUME       PRESSAVG      GPRESSAVG

ENERGY:      30      1366.6985      1294.0137       271.8140        26.8047         -31709.7733      4136.6588         0.0000         0.0000         0.0000         -24613.7836        -0.0000    -24613.7836    -24613.7836         0.0000           3271.3003      5381.3491    110592.0000      3271.3003      5381.3491

LINE MINIMIZER BRACKET: DX 2.05021e-06 1.84519e-05 DU -0.0273605 20.0714 DUDX -108134 82279.9 2.24167e+06 
MINIMIZER RESTARTING CONJUGATE GRADIENT ALGORITHM
LINE MINIMIZER REDUCING GRADIENT FROM 5.06428e+06 TO 5064.28
PRESSURE: 31 3398.67 386.433 740.968 386.433 3326.2 -376.655 740.968 -376.655 2794.43
GPRESSURE: 31 5581.58 716.015 926.792 202.958 5244.05 -519.752 843.865 -384.721 4907.05
ENERGY:      31      1350.5882      1289.2623       271.9073        26.5046         -31723.2707      4093.7031         0.0000         0.0000         0.0000         -24691.3052        -0.0000    -24691.3052    -24691.3052         0.0000           3173.0996      5244.2287    110592.0000      3173.0996      5244.2287

PRESSURE: 32 3340.12 420.406 685.19 420.406 3238.06 -309.556 685.19 -309.556 2685.89
GPRESSURE: 32 5480.22 737.395 842.62 254.427 5148.18 -414.916 770.749 -338.016 4742.31
ENERGY:      32      1334.9476      1284.6604       272.0057        26.2086         -31736.7658      4056.0860         0.0000         0.0000         0.0000         -24762.8576        -0.0000    -24762.8576    -24762.8576         0.0000           3088.0215      5123.5684    110592.0000      3088.0215      5123.5684

PRESSURE: 33 3240.29 465.526 599.409 465.526 3094.2 -208.826 599.409 -208.826 2507.43
GPRESSURE: 33 5303.01 764.272 716.027 324.292 4979.53 -262.109 660.41 -268.167 4474.65
ENERGY:      33      1305.0815      1275.8974       272.2169        25.6292         -31763.7462      3992.9343         0.0000         0.0000         0.0000         -24891.9868        -0.0000    -24891.9868    -24891.9868         0.0000           2947.3043      4919.0622    110592.0000      2947.3043      4919.0622

PRESSURE: 34 3084.12 499.782 493.214 499.782 2884.96 -90.0717 493.214 -90.0717 2248.62
GPRESSURE: 34 5013.21 778.96 565.701 384.524 4699.71 -93.2508 528.869 -187.055 4092.88
ENERGY:      34      1251.0465      1260.0864       272.6954        24.5209         -31817.6682      3897.4013         0.0000         0.0000         0.0000         -25111.9178        -0.0000    -25111.9178    -25111.9178         0.0000           2739.2336      4601.9359    110592.0000      2739.2336      4601.9359

PRESSURE: 35 2847.13 475.904 397.541 475.904 2592.17 7.89073 397.541 7.89073 1905.05
GPRESSURE: 35 4553.17 743.8 440.234 378.206 4240.71 25.0239 420.171 -124.809 3596.11
ENERGY:      35      1166.0082      1235.0194       273.8562        22.5072         -31925.3160      3762.9672         0.0000         0.0000         0.0000         -25464.9577        -0.0000    -25464.9577    -25464.9577         0.0000           2448.1163      4129.9988    110592.0000      2448.1163      4129.9988

PRESSURE: 36 2445.5 343.881 338.637 343.881 2104.52 64.6782 338.637 64.6782 1397.43
GPRESSURE: 36 3805.62 616.306 377.754 254.528 3444.72 63.8978 377.36 -102.012 2903.84
ENERGY:      36      1089.4735      1209.4593       276.8882        19.3028         -32139.6278      3569.8809         0.0000         0.0000         0.0000         -25974.6231        -0.0000    -25974.6231    -25974.6231         0.0000           1982.4828      3384.7276    110592.0000      1982.4828      3384.7276

PRESSURE: 37 2057.85 -477.06 937.897 -477.06 1758.21 -673.265 937.897 -673.265 1276.09
GPRESSURE: 37 3659.51 -30.5752 1213.31 -1388.56 2511.5 -972.51 1960.86 -676.55 2942.97
ENERGY:      37      1317.9587      1249.1309       286.0399        16.2577         -32564.6217      3560.7564         0.0000         0.0000         0.0000         -26134.4782        -0.0000    -26134.4782    -26134.4782         0.0000           1697.3836      3037.9941    110592.0000      1697.3836      3037.9941

PRESSURE: 38 4.38972e+09 6.55459e+09 -1.21541e+09 6.55459e+09 9.78712e+09 -1.81482e+09 -1.21541e+09 -1.81482e+09 3.36522e+08
GPRESSURE: 38 4.38958e+09 6.55456e+09 -1.21546e+09 6.55438e+09 9.78708e+09 -1.81489e+09 -1.21537e+09 -1.81481e+09 3.36538e+08
ENERGY:      38      3342.2954      1649.5150       324.4851        24.1967         -33419.4797 1924517808.0636         0.0000         0.0000         0.0000      1924489729.0762        -0.0000 1924489729.0762 1924489729.0762         0.0000      4837785215.7485 4837732509.9013    110592.0000 4837785215.7485 4837732509.9013

LINE MINIMIZER BRACKET: DX 0.000512 0.001024 DU -159.855 1.92452e+09 DUDX -1.56827e+06 2.74417e+06 3.01841e+07 
PRESSURE: 39 2049.23 135.87 385.73 135.87 1603.26 20.9267 385.73 20.9267 946.517
GPRESSURE: 39 3195.42 433.516 458.527 -0.367172 2674.61 -22.1114 524.686 -158.008 2370.25
ENERGY:      39      1151.8722      1216.8962       281.2979        17.0636         -32374.3547      3429.1516         0.0000         0.0000         0.0000         -26278.0732        -0.0000    -26278.0732    -26278.0732         0.0000           1533.0020      2746.7596    110592.0000      1533.0020      2746.7596

LINE MINIMIZER BRACKET: DX 0.000282151 0.000229849 DU -303.45 143.595 DUDX -1.56827e+06 -492288 2.74417e+06 
PRESSURE: 40 1997.86 73.282 426.946 73.282 1539.55 -24.0532 426.946 -24.0532 904.602
GPRESSURE: 40 3145.37 382.402 515.433 -105.338 2564.62 -84.5714 623.256 -195.756 2334.83
ETITLE:      TS           BOND          ANGLE          DIHED          IMPRP               ELECT            VDW       BOUNDARY           MISC        KINETIC               TOTAL           TEMP      POTENTIAL         TOTAL3        TEMPAVG            PRESSURE      GPRESSURE         VOLUME       PRESSAVG      GPRESSAVG

ENERGY:      40      1179.5370      1222.0212       282.2327        16.8069         -32416.3452      3420.3086         0.0000         0.0000         0.0000         -26295.4387        -0.0000    -26295.4387    -26295.4387         0.0000           1480.6709      2681.6054    110592.0000      1480.6709      2681.6054

LINE MINIMIZER BRACKET: DX 5.06488e-05 0.0001792 DU -17.3655 160.961 DUDX -492288 -179077 2.74417e+06 
PRESSURE: 41 1983.36 46.3852 447.112 46.3852 1522.85 -46.8881 447.112 -46.8881 897.214
GPRESSURE: 41 3137.79 360.893 542.915 -154.509 2530.57 -115.749 671.754 -214.144 2332.84
ENERGY:      41      1190.5318      1224.1049       282.5764        16.7268         -32431.1919      3419.7923         0.0000         0.0000         0.0000         -26297.4598        -0.0000    -26297.4598    -26297.4598         0.0000           1467.8078      2667.0687    110592.0000      1467.8078      2667.0687

LINE MINIMIZER BRACKET: DX 1.792e-05 0.00016128 DU -2.02108 162.982 DUDX -179077 -43899.9 2.74417e+06 
PRESSURE: 42 1972.47 19.3521 468.505 19.3521 1511.41 -71.5801 468.505 -71.5801 894.996
GPRESSURE: 42 3136.91 339.513 571.963 -206.13 2502.81 -149.307 723.606 -233.677 2337.3
ENERGY:      42      1200.9669      1226.1004       282.8919        16.6595         -32444.5521      3420.8437         0.0000         0.0000         0.0000         -26297.0897        -0.0000    -26297.0897    -26297.0897         0.0000           1459.6244      2659.0069    110592.0000      1459.6244      2659.0069

LINE MINIMIZER BRACKET: DX 1.792e-05 1.6128e-05 DU -2.02108 0.370077 DUDX -179077 -43899.9 92611 
PRESSURE: 43 1979.54 37.8281 453.768 37.8281 1518.68 -54.5304 453.768 -54.5304 895.979
GPRESSURE: 43 3136.82 354.101 551.963 -170.62 2521.13 -126.147 687.845 -220.224 2333.6
ENERGY:      43      1193.9019      1224.7476       282.6793        16.7042         -32435.5797      3419.9670         0.0000         0.0000         0.0000         -26297.5797        -0.0000    -26297.5797    -26297.5797         0.0000           1464.7321      2663.8506    110592.0000      1464.7321      2663.8506

LINE MINIMIZER BRACKET: DX 5.29588e-06 1.08321e-05 DU -0.119978 0.490055 DUDX -43899.9 -765.684 92611 
LINE MINIMIZER REDUCING GRADIENT FROM 2.15541e+06 TO 2155.41
PRESSURE: 44 1916.47 40.5292 448.215 40.5292 1491.26 -51.1299 448.215 -51.1299 861.092
GPRESSURE: 44 3035.08 352.07 539.536 -164.082 2457.76 -117.604 671.92 -214.609 2250.68
ENERGY:      44      1174.1494      1216.4778       283.1700        15.9330         -32469.0149      3395.3595         0.0000         0.0000         0.0000         -26383.9252        -0.0000    -26383.9252    -26383.9252         0.0000           1422.9421      2581.1739    110592.0000      1422.9421      2581.1739

PRESSURE: 45 1853.4 42.8472 443.032 42.8472 1463.03 -47.932 443.032 -47.932 825.634
GPRESSURE: 45 2935.22 349.86 527.71 -158.073 2395.13 -109.454 656.795 -209.288 2169.18
ENERGY:      45      1155.6006      1208.7607       283.6697        15.2326         -32502.4142      3371.3248         0.0000         0.0000         0.0000         -26467.8258        -0.0000    -26467.8258    -26467.8258         0.0000           1380.6859      2499.8462    110592.0000      1380.6859      2499.8462

PRESSURE: 46 1726.92 46.3887 433.765 46.3887 1404.06 -42.1442 433.765 -42.1442 752.825
GPRESSURE: 46 2740.77 344.955 505.81 -147.532 2272.08 -94.3056 628.863 -199.522 2010.18
ENERGY:      46      1122.1179      1194.9820       284.6938        14.0270         -32569.1085      3324.9129         0.0000         0.0000         0.0000         -26628.3749        -0.0000    -26628.3749    -26628.3749         0.0000           1294.6009      2341.0091    110592.0000      1294.6009      2341.0091

PRESSURE: 47 1471.32 49.2669 418.946 49.2669 1275.75 -32.7058 418.946 -32.7058 598.489
GPRESSURE: 47 2371.25 333.317 468.091 -131.844 2034.02 -68.201 581.073 -183.188 1706.64
ENERGY:      47      1069.6545      1174.0324       286.8271        12.2969         -32702.0671      3238.3276         0.0000         0.0000         0.0000         -26920.9285        -0.0000    -26920.9285    -26920.9285         0.0000           1115.1841      2037.3059    110592.0000      1115.1841      2037.3059

PRESSURE: 48 940.123 40.5884 401.19 40.5884 973.938 -20.9041 401.19 -20.9041 246.783
GPRESSURE: 48 1698.75 304.123 412.581 -118.067 1584.76 -30.5672 511.622 -161.922 1146.37
ENERGY:      48      1023.2931      1158.5694       291.3342        10.9534         -32966.3425      3087.4283         0.0000         0.0000         0.0000         -27394.7639        -0.0000    -27394.7639    -27394.7639         0.0000            720.2812      1476.6265    110592.0000       720.2812      1476.6265

PRESSURE: 49 -262.359 -13.5953 394.677 -13.5953 166.291 -13.6347 394.677 -13.6347 -669.569
GPRESSURE: 49 554.323 227.157 357.474 -139.974 768.762 0.788382 442.109 -157.824 150.755
ENERGY:      49      1173.3195      1234.5608       300.6771        13.9398         -33488.5664      2859.0698         0.0000         0.0000         0.0000         -27906.9994        -0.0000    -27906.9994    -27906.9994         0.0000           -255.2123       491.2801    110592.0000      -255.2123       491.2801

LDB: ============= START OF LOAD BALANCING ============== 27.565
LDB: Largest compute 548 load 0.316659 is 50.9% of average load 0.622590
LDB: Average compute 0.028309 is 4.5% of average load 0.622590
LDB: Partitioning computes with target load 0.062259
LDB: Partitioning compute 92 with load 0.215822 by 4
LDB: Partitioning compute 67 with load 0.210019 by 4
LDB: Partitioning compute 87 with load 0.215132 by 4
LDB: Partitioning compute 78 with load 0.199688 by 4
LDB: Partitioning compute 73 with load 0.198782 by 4
LDB: Partitioning compute 729 with load 0.263320 by 5
LDB: Partitioning compute 733 with load 0.256126 by 5
LDB: Partitioning compute 734 with load 0.120929 by 2
LDB: Partitioning compute 753 with load 0.090260 by 2
LDB: Partitioning compute 769 with load 0.107515 by 2
LDB: Partitioning compute 1654 with load 0.272150 by 5
LDB: Partitioning compute 1658 with load 0.240447 by 4
LDB: Partitioning compute 1659 with load 0.120232 by 2
LDB: Partitioning compute 1678 with load 0.064227 by 2
LDB: Partitioning compute 1694 with load 0.096693 by 2
LDB: Partitioning compute 54 with load 0.161194 by 3
LDB: Partitioning compute 72 with load 0.191777 by 4
LDB: Partitioning compute 53 with load 0.164258 by 3
LDB: Partitioning compute 1469 with load 0.276819 by 5
LDB: Partitioning compute 1473 with load 0.274433 by 5
LDB: Partitioning compute 1474 with load 0.131352 by 3
LDB: Partitioning compute 1493 with load 0.072182 by 2
LDB: Partitioning compute 1509 with load 0.124532 by 3
LDB: Partitioning compute 63 with load 0.233238 by 4
LDB: Partitioning compute 79 with load 0.184439 by 3
LDB: Partitioning compute 84 with load 0.153477 by 3
LDB: Partitioning compute 64 with load 0.167401 by 3
LDB: Partitioning compute 69 with load 0.189990 by 4
LDB: Partitioning compute 99 with load 0.171675 by 3
LDB: Partitioning compute 68 with load 0.186107 by 3
LDB: Partitioning compute 58 with load 0.221172 by 4
LDB: Partitioning compute 93 with load 0.200400 by 4
LDB: Partitioning compute 98 with load 0.211736 by 4
LDB: Partitioning compute 94 with load 0.200691 by 4
LDB: Partitioning compute 83 with load 0.213181 by 4
LDB: Partitioning compute 1213 with load 0.098199 by 2
LDB: Partitioning compute 1358 with load 0.190858 by 4
LDB: Partitioning compute 1362 with load 0.229493 by 4
LDB: Partitioning compute 1363 with load 0.090834 by 2
LDB: Partitioning compute 59 with load 0.186937 by 4
LDB: Partitioning compute 89 with load 0.195766 by 4
LDB: Partitioning compute 1398 with load 0.084419 by 2
LDB: Partitioning compute 1543 with load 0.217990 by 4
LDB: Partitioning compute 1547 with load 0.257465 by 5
LDB: Partitioning compute 1548 with load 0.109600 by 2
LDB: Partitioning compute 1913 with load 0.176017 by 3
LDB: Partitioning compute 1917 with load 0.221351 by 4
LDB: Partitioning compute 1918 with load 0.083954 by 2
LDB: Partitioning compute 1691 with load 0.261599 by 5
LDB: Partitioning compute 1695 with load 0.250981 by 5
LDB: Partitioning compute 1696 with load 0.101268 by 2
LDB: Partitioning compute 1715 with load 0.080178 by 2
LDB: Partitioning compute 1731 with load 0.124804 by 3
LDB: Partitioning compute 1136 with load 0.272013 by 5
LDB: Partitioning compute 1140 with load 0.276522 by 5
LDB: Partitioning compute 1141 with load 0.109613 by 2
LDB: Partitioning compute 1176 with load 0.119540 by 2
LDB: Partitioning compute 1876 with load 0.258525 by 5
LDB: Partitioning compute 1880 with load 0.264286 by 5
LDB: Partitioning compute 1881 with load 0.115384 by 2
LDB: Partitioning compute 1900 with load 0.064397 by 2
LDB: Partitioning compute 1916 with load 0.097004 by 2
LDB: Partitioning compute 74 with load 0.157899 by 3
LDB: Partitioning compute 97 with load 0.142723 by 3
LDB: Partitioning compute 211 with load 0.225508 by 4
LDB: Partitioning compute 215 with load 0.265953 by 5
LDB: Partitioning compute 216 with load 0.119971 by 2
LDB: Partitioning compute 235 with load 0.073420 by 2
LDB: Partitioning compute 251 with load 0.111249 by 2
LDB: Partitioning compute 581 with load 0.260594 by 5
LDB: Partitioning compute 585 with load 0.277581 by 5
LDB: Partitioning compute 586 with load 0.118941 by 2
LDB: Partitioning compute 605 with load 0.105827 by 2
LDB: Partitioning compute 621 with load 0.101356 by 2
LDB: Partitioning compute 88 with load 0.196342 by 4
LDB: Partitioning compute 288 with load 0.088163 by 2
LDB: Partitioning compute 433 with load 0.205684 by 4
LDB: Partitioning compute 437 with load 0.238525 by 4
LDB: Partitioning compute 438 with load 0.092911 by 2
LDB: Partitioning compute 1028 with load 0.098461 by 2
LDB: Partitioning compute 1173 with load 0.236165 by 4
LDB: Partitioning compute 1177 with load 0.223472 by 4
LDB: Partitioning compute 1178 with load 0.084687 by 2
LDB: Partitioning compute 473 with load 0.120414 by 2
LDB: Partitioning compute 618 with load 0.236417 by 4
LDB: Partitioning compute 622 with load 0.236914 by 4
LDB: Partitioning compute 623 with load 0.090962 by 2
LDB: Partitioning compute 658 with load 0.090001 by 2
LDB: Partitioning compute 803 with load 0.229076 by 4
LDB: Partitioning compute 807 with load 0.234793 by 4
LDB: Partitioning compute 808 with load 0.091368 by 2
LDB: Partitioning compute 827 with load 0.063999 by 2
LDB: Partitioning compute 843 with load 0.079960 by 2
LDB: Partitioning compute 988 with load 0.194217 by 4
LDB: Partitioning compute 992 with load 0.199057 by 4
LDB: Partitioning compute 993 with load 0.075931 by 2
LDB: Partitioning compute 1012 with load 0.068664 by 2
LDB: Partitioning compute 766 with load 0.243753 by 4
LDB: Partitioning compute 770 with load 0.270285 by 5
LDB: Partitioning compute 771 with load 0.104187 by 2
LDB: Partitioning compute 790 with load 0.076316 by 2
LDB: Partitioning compute 806 with load 0.125818 by 3
LDB: Partitioning compute 396 with load 0.272466 by 5
LDB: Partitioning compute 400 with load 0.288807 by 5
LDB: Partitioning compute 401 with load 0.094780 by 2
LDB: Partitioning compute 420 with load 0.090256 by 2
LDB: Partitioning compute 436 with load 0.137186 by 3
LDB: Partitioning compute 951 with load 0.242290 by 4
LDB: Partitioning compute 955 with load 0.204432 by 4
LDB: Partitioning compute 956 with load 0.095263 by 2
LDB: Partitioning compute 975 with load 0.081282 by 2
LDB: Partitioning compute 991 with load 0.083475 by 2
LDB: Partitioning compute 1583 with load 0.100459 by 2
LDB: Partitioning compute 1728 with load 0.251780 by 5
LDB: Partitioning compute 1732 with load 0.256493 by 5
LDB: Partitioning compute 1733 with load 0.087919 by 2
LDB: Partitioning compute 1752 with load 0.063835 by 2
LDB: Partitioning compute 103 with load 0.084839 by 2
LDB: Partitioning compute 248 with load 0.209639 by 4
LDB: Partitioning compute 252 with load 0.217543 by 4
LDB: Partitioning compute 253 with load 0.092986 by 2
LDB: Partitioning compute 272 with load 0.078806 by 2
LDB: Partitioning compute 914 with load 0.259681 by 5
LDB: Partitioning compute 918 with load 0.226093 by 4
LDB: Partitioning compute 919 with load 0.085037 by 2
LDB: Partitioning compute 954 with load 0.094775 by 2
LDB: Partitioning compute 1839 with load 0.235322 by 4
LDB: Partitioning compute 1843 with load 0.167487 by 3
LDB: Partitioning compute 1844 with load 0.090116 by 2
LDB: Partitioning compute 1879 with load 0.094672 by 2
LDB: Partitioning compute 1321 with load 0.239771 by 4
LDB: Partitioning compute 1325 with load 0.270003 by 5
LDB: Partitioning compute 1326 with load 0.124019 by 2
LDB: Partitioning compute 1345 with load 0.073722 by 2
LDB: Partitioning compute 1361 with load 0.094653 by 2
LDB: Partitioning compute 1506 with load 0.247042 by 4
LDB: Partitioning compute 1510 with load 0.272330 by 5
LDB: Partitioning compute 1511 with load 0.099099 by 2
LDB: Partitioning compute 1546 with load 0.133357 by 3
LDB: Partitioning compute 57 with load 0.184340 by 3
LDB: Partitioning compute 50 with load 0.173554 by 3
LDB: Partitioning compute 80 with load 0.151587 by 3
LDB: Partitioning compute 85 with load 0.157231 by 3
LDB: Partitioning compute 66 with load 0.219811 by 4
LDB: Partitioning compute 60 with load 0.211002 by 4
LDB: Partitioning compute 55 with load 0.170172 by 3
LDB: Partitioning compute 91 with load 0.221372 by 4
LDB: Partitioning compute 56 with load 0.179770 by 3
LDB: Partitioning compute 52 with load 0.185735 by 3
LDB: Partitioning compute 77 with load 0.134173 by 3
LDB: Partitioning compute 61 with load 0.171125 by 3
LDB: Partitioning compute 82 with load 0.192595 by 4
LDB: Partitioning compute 81 with load 0.206827 by 4
LDB: Partitioning compute 65 with load 0.170529 by 3
LDB: Partitioning compute 51 with load 0.179080 by 3
LDB: Partitioning compute 86 with load 0.192117 by 4
LDB: Partitioning compute 76 with load 0.206262 by 4
LDB: Partitioning compute 96 with load 0.173668 by 3
LDB: Partitioning compute 75 with load 0.182352 by 3
LDB: Partitioning compute 70 with load 0.163524 by 3
LDB: Partitioning compute 95 with load 0.149809 by 3
LDB: Partitioning compute 62 with load 0.244863 by 4
LDB: Partitioning compute 90 with load 0.198333 by 4
LDB: Partitioning compute 1210 with load 0.231341 by 4
LDB: Partitioning compute 1214 with load 0.216597 by 4
LDB: Partitioning compute 1215 with load 0.097120 by 2
LDB: Partitioning compute 1234 with load 0.068888 by 2
LDB: Partitioning compute 1250 with load 0.097708 by 2
LDB: Partitioning compute 71 with load 0.167099 by 3
LDB: Partitioning compute 174 with load 0.218985 by 4
LDB: Partitioning compute 178 with load 0.258931 by 5
LDB: Partitioning compute 179 with load 0.127332 by 3
LDB: Partitioning compute 198 with load 0.063669 by 2
LDB: Partitioning compute 214 with load 0.106611 by 2
LDB: Partitioning compute 1802 with load 0.206551 by 4
LDB: Partitioning compute 1806 with load 0.236159 by 4
LDB: Partitioning compute 1807 with load 0.079627 by 2
LDB: Partitioning compute 1842 with load 0.088470 by 2
LDB: Partitioning compute 1395 with load 0.221455 by 4
LDB: Partitioning compute 1399 with load 0.235960 by 4
LDB: Partitioning compute 1400 with load 0.117384 by 2
LDB: Partitioning compute 1435 with load 0.108440 by 2
LDB: Partitioning compute 100 with load 0.238339 by 4
LDB: Partitioning compute 104 with load 0.245104 by 4
LDB: Partitioning compute 105 with load 0.095945 by 2
LDB: Partitioning compute 124 with load 0.072353 by 2
LDB: Partitioning compute 140 with load 0.119374 by 2
LDB: Partitioning compute 1062 with load 0.213203 by 4
LDB: Partitioning compute 1066 with load 0.276402 by 5
LDB: Partitioning compute 1067 with load 0.123887 by 2
LDB: Partitioning compute 1086 with load 0.064198 by 2
LDB: Partitioning compute 1102 with load 0.091525 by 2
LDB: Partitioning compute 840 with load 0.215217 by 4
LDB: Partitioning compute 844 with load 0.216785 by 4
LDB: Partitioning compute 845 with load 0.093738 by 2
LDB: Partitioning compute 864 with load 0.063685 by 2
LDB: Partitioning compute 880 with load 0.095383 by 2
LDB: Partitioning compute 322 with load 0.250877 by 5
LDB: Partitioning compute 326 with load 0.234803 by 4
LDB: Partitioning compute 327 with load 0.127433 by 3
LDB: Partitioning compute 346 with load 0.077194 by 2
LDB: Partitioning compute 362 with load 0.100033 by 2
LDB: Partitioning compute 359 with load 0.282009 by 5
LDB: Partitioning compute 363 with load 0.271286 by 5
LDB: Partitioning compute 364 with load 0.103451 by 2
LDB: Partitioning compute 383 with load 0.069875 by 2
LDB: Partitioning compute 399 with load 0.148440 by 3
LDB: Partitioning compute 285 with load 0.224350 by 4
LDB: Partitioning compute 289 with load 0.223639 by 4
LDB: Partitioning compute 290 with load 0.098671 by 2
LDB: Partitioning compute 325 with load 0.106617 by 2
LDB: Partitioning compute 655 with load 0.262822 by 5
LDB: Partitioning compute 659 with load 0.223784 by 4
LDB: Partitioning compute 660 with load 0.087196 by 2
LDB: Partitioning compute 679 with load 0.068611 by 2
LDB: Partitioning compute 695 with load 0.119621 by 2
LDB: Partitioning compute 1617 with load 0.282531 by 5
LDB: Partitioning compute 1621 with load 0.259637 by 5
LDB: Partitioning compute 1622 with load 0.098988 by 2
LDB: Partitioning compute 1641 with load 0.078641 by 2
LDB: Partitioning compute 1657 with load 0.118051 by 2
LDB: Partitioning compute 1284 with load 0.269205 by 5
LDB: Partitioning compute 1288 with load 0.261634 by 5
LDB: Partitioning compute 1289 with load 0.119655 by 2
LDB: Partitioning compute 1308 with load 0.062729 by 2
LDB: Partitioning compute 1324 with load 0.126887 by 3
LDB: Partitioning compute 137 with load 0.247116 by 4
LDB: Partitioning compute 141 with load 0.240104 by 4
LDB: Partitioning compute 142 with load 0.109267 by 2
LDB: Partitioning compute 161 with load 0.076810 by 2
LDB: Partitioning compute 177 with load 0.116626 by 2
LDB: Partitioning compute 1247 with load 0.261593 by 5
LDB: Partitioning compute 1251 with load 0.258310 by 5
LDB: Partitioning compute 1252 with load 0.133131 by 3
LDB: Partitioning compute 1287 with load 0.111055 by 2
LDB: Partitioning compute 877 with load 0.245320 by 4
LDB: Partitioning compute 881 with load 0.220152 by 4
LDB: Partitioning compute 882 with load 0.099147 by 2
LDB: Partitioning compute 901 with load 0.063520 by 2
LDB: Partitioning compute 917 with load 0.095868 by 2
LDB: Partitioning compute 1025 with load 0.249719 by 5
LDB: Partitioning compute 1029 with load 0.225292 by 4
LDB: Partitioning compute 1030 with load 0.121777 by 2
LDB: Partitioning compute 1065 with load 0.094042 by 2
LDB: Partitioning compute 1099 with load 0.220531 by 4
LDB: Partitioning compute 1103 with load 0.217641 by 4
LDB: Partitioning compute 1104 with load 0.104456 by 2
LDB: Partitioning compute 1139 with load 0.119673 by 2
LDB: Partitioning compute 692 with load 0.271703 by 5
LDB: Partitioning compute 696 with load 0.242365 by 4
LDB: Partitioning compute 697 with load 0.117553 by 2
LDB: Partitioning compute 716 with load 0.075153 by 2
LDB: Partitioning compute 732 with load 0.104164 by 2
LDB: Partitioning compute 470 with load 0.271344 by 5
LDB: Partitioning compute 474 with load 0.265499 by 5
LDB: Partitioning compute 475 with load 0.144256 by 3
LDB: Partitioning compute 494 with load 0.073388 by 2
LDB: Partitioning compute 510 with load 0.095317 by 2
LDB: Partitioning compute 1432 with load 0.278054 by 5
LDB: Partitioning compute 1436 with load 0.269991 by 5
LDB: Partitioning compute 1437 with load 0.119547 by 2
LDB: Partitioning compute 1472 with load 0.128096 by 3
LDB: Partitioning compute 544 with load 0.302199 by 5
LDB: Partitioning compute 548 with load 0.316659 by 6
LDB: Partitioning compute 549 with load 0.127520 by 3
LDB: Partitioning compute 568 with load 0.088670 by 2
LDB: Partitioning compute 584 with load 0.141723 by 3
LDB: Partitioning compute 1580 with load 0.287197 by 5
LDB: Partitioning compute 1584 with load 0.238593 by 4
LDB: Partitioning compute 1585 with load 0.112966 by 2
LDB: Partitioning compute 1604 with load 0.072563 by 2
LDB: Partitioning compute 1620 with load 0.126234 by 3
LDB: Partitioning compute 507 with load 0.257391 by 5
LDB: Partitioning compute 511 with load 0.258330 by 5
LDB: Partitioning compute 512 with load 0.110322 by 2
LDB: Partitioning compute 531 with load 0.077323 by 2
LDB: Partitioning compute 547 with load 0.136903 by 3
LDB: Partitioning compute 1765 with load 0.230137 by 4
LDB: Partitioning compute 1769 with load 0.185022 by 3
LDB: Partitioning compute 1770 with load 0.104931 by 2
LDB: Partitioning compute 1805 with load 0.080600 by 2
LDB: Increased migratable compute count from 2150 to 2767
LDB: Largest unpartitionable compute is 0.043073
LDB: ============== END OF LOAD BALANCING =============== 27.6837
Info: build node-aware spanning tree with send: 1, recv: 0 with branch factor 9
Info: useSync: 0 useProxySync: 0
LDB: =============== DONE WITH MIGRATION ================ 27.7023
PRESSURE: 50 -3448.51 -116.999 406.61 -116.999 -2399.84 -39.4051 406.61 -39.4051 -3436.87
GPRESSURE: 50 -1161.1 3.88535 433.965 -301.956 -472.673 -120.765 453.082 -427.593 -1484.27
Info: Initial time: 128 CPUs 0.0393017 s/step 0.227441 days/ns 202.062 MB memory
ETITLE:      TS           BOND          ANGLE          DIHED          IMPRP               ELECT            VDW       BOUNDARY           MISC        KINETIC               TOTAL           TEMP      POTENTIAL         TOTAL3        TEMPAVG            PRESSURE      GPRESSURE         VOLUME       PRESSAVG      GPRESSAVG

ENERGY:      50      2576.2446      1811.0892       318.6265        35.7353         -34510.3187      2650.0505         0.0000         0.0000         0.0000         -27118.5726        -0.0000    -27118.5726    -27118.5726         0.0000          -3095.0704     -1039.3478    110592.0000     -3095.0704     -1039.3478

LINE MINIMIZER BRACKET: DX 0.000650094 0.00130019 DU -512.236 788.427 DUDX -1.23304e+06 -341173 1.62658e+06 
PRESSURE: 51 -755.205 -37.4868 396.834 -37.4868 -199.326 -13.3062 396.834 -13.3062 -1077.05
GPRESSURE: 51 192.763 194.199 351.05 -159.196 497.901 0.545504 431.666 -169.161 -180.913
ENERGY:      51      1311.2721      1297.1091       303.9940        16.3868         -33674.6453      2797.2656         0.0000         0.0000         0.0000         -27948.6177        -0.0000    -27948.6177    -27948.6177         0.0000           -677.1938       169.9171    110592.0000      -677.1938       169.9171

LINE MINIMIZER BRACKET: DX 0.000234068 0.00106612 DU -41.6182 830.045 DUDX -341173 -13379.5 1.62658e+06 
PRESSURE: 52 -991.433 -48.1576 397.998 -48.1576 -379.977 -13.3373 397.998 -13.3373 -1276.77
GPRESSURE: 52 35.6106 178.291 350.163 -169.492 378.783 -1.56437 428.692 -177.152 -328.279
ENERGY:      52      1389.7411      1331.7357       305.4856        17.7133         -33759.0764      2772.4211         0.0000         0.0000         0.0000         -27941.9796        -0.0000    -27941.9796    -27941.9796         0.0000           -882.7282        28.7049    110592.0000      -882.7282        28.7049

LINE MINIMIZER BRACKET: DX 0.000234068 0.000106612 DU -41.6182 6.63806 DUDX -341173 -13379.5 138267 
PRESSURE: 53 -778.492 -38.5655 396.949 -38.5655 -216.978 -13.3024 396.949 -13.3024 -1096.62
GPRESSURE: 53 176.841 192.633 350.905 -160.184 485.873 0.394856 431.323 -169.871 -195.743
ENERGY:      53      1318.6714      1300.3997       304.1438        16.5135         -33683.0960      2794.6888         0.0000         0.0000         0.0000         -27948.6788        -0.0000    -27948.6788    -27948.6788         0.0000           -697.3622       155.6570    110592.0000      -697.3622       155.6570

LINE MINIMIZER BRACKET: DX 1.06612e-05 9.59509e-05 DU -0.0611315 6.6992 DUDX -13379.5 1711.35 138267 
LINE MINIMIZER REDUCING GRADIENT FROM 2.7206e+06 TO 2720.6
PRESSURE: 54 -922.063 -61.0803 375.409 -61.0803 -389.309 2.32799 375.409 2.32799 -1166.62
GPRESSURE: 54 -18.8515 162.387 332.132 -179.499 264.653 20.9196 404.314 -157.271 -378.909
ENERGY:      54      1203.4237      1314.0844       305.4112        17.2436         -33813.6913      2749.8338         0.0000         0.0000         0.0000         -28223.6947        -0.0000    -28223.6947    -28223.6947         0.0000           -825.9970       -44.3690    110592.0000      -825.9970       -44.3690

PRESSURE: 55 -1084.4 -80.8335 355.178 -80.8335 -592.41 12.8565 355.178 12.8565 -1259.65
GPRESSURE: 55 -206.158 133.507 315.414 -197.12 41.9205 37.2953 379.126 -150.01 -558.8
ENERGY:      55      1114.5286      1335.5266       306.7222        18.1264         -33943.6415      2709.5091         0.0000         0.0000         0.0000         -28459.2286        -0.0000    -28459.2286    -28459.2286         0.0000           -978.8201      -241.0126    110592.0000      -978.8201      -241.0126

PRESSURE: 56 -1466.13 -112.051 318.249 -112.051 -1092.23 17.6577 318.249 17.6577 -1515.53
GPRESSURE: 56 -556.672 79.1058 287.782 -228.112 -407.302 56.2723 333.883 -154.473 -909.986
ENERGY:      56      1015.8735      1402.4883       309.4756        20.4143         -34201.6181      2642.1042         0.0000         0.0000         0.0000         -28811.2622        -0.0000    -28811.2622    -28811.2622         0.0000          -1357.9635      -624.6534    110592.0000     -1357.9635      -624.6534

PRESSURE: 57 -2458.14 -141.83 257.828 -141.83 -2468.1 -46.0767 257.828 -46.0767 -2304.39
GPRESSURE: 57 -1162.02 -21.0812 255.746 -278.697 -1297.29 29.6915 266.018 -270.75 -1579.94
ENERGY:      57      1136.4860      1638.7909       315.5362        27.7878         -34709.9599      2560.4973         0.0000         0.0000         0.0000         -29030.8617        -0.0000    -29030.8617    -29030.8617         0.0000          -2410.2091     -1346.4189    110592.0000     -2410.2091     -1346.4189

PRESSURE: 58 -5171.09 -160.438 394.804 -160.438 -6484.07 -847.985 394.804 -847.985 -4373.63
GPRESSURE: 58 -1528.76 -431.342 477.401 -644.538 -2087.23 -591.613 901.409 -2158.23 -2318.63
ENERGY:      58      2673.4279      2570.7030       330.4646        68.3771         -35696.3947      2749.5229         0.0000         0.0000         0.0000         -27303.8992        -0.0000    -27303.8992    -27303.8992         0.0000          -5342.9287     -1978.2069    110592.0000     -5342.9287     -1978.2069

LINE MINIMIZER BRACKET: DX 0.000433321 0.000866642 DU -219.599 1726.96 DUDX -1.25656e+06 255633 4.14994e+06 
PRESSURE: 59 -2270.82 -139.706 266.622 -139.706 -2202.78 -27.5861 266.622 -27.5861 -2147.22
GPRESSURE: 59 -1069.89 -4.61381 258.809 -270.7 -1151.85 41.0826 274.743 -237.835 -1471.07
ENERGY:      59      1086.5459      1589.2059       314.4650        26.2214         -34625.4353      2569.0126         0.0000         0.0000         0.0000         -29039.9844        -0.0000    -29039.9844    -29039.9844         0.0000          -2206.9374     -1230.9351    110592.0000     -2206.9374     -1230.9351

LDB: ============= START OF LOAD BALANCING ============== 28.0995
LDB: ============== END OF LOAD BALANCING =============== 28.1006
Info: useSync: 0 useProxySync: 0
LDB: =============== DONE WITH MIGRATION ================ 28.1071
LINE MINIMIZER BRACKET: DX 0.000360676 7.26449e-05 DU -228.722 9.12268 DUDX -1.25656e+06 -3745.54 255633 
PRESSURE: 60 -2289.17 -139.972 265.717 -139.972 -2228.68 -29.2709 265.717 -29.2709 -2162.49
GPRESSURE: 60 -1079.28 -6.26416 258.458 -271.504 -1166.5 40.0896 273.81 -240.821 -1482.02
ETITLE:      TS           BOND          ANGLE          DIHED          IMPRP               ELECT            VDW       BOUNDARY           MISC        KINETIC               TOTAL           TEMP      POTENTIAL         TOTAL3        TEMPAVG            PRESSURE      GPRESSURE         VOLUME       PRESSAVG      GPRESSAVG

ENERGY:      60      1090.9991      1593.9785       314.5711        26.3710         -34633.8990      2568.0622         0.0000         0.0000         0.0000         -29039.9171        -0.0000    -29039.9171    -29039.9171         0.0000          -2226.7835     -1242.6030    110592.0000     -2226.7835     -1242.6030

LINE MINIMIZER BRACKET: DX 0.000360676 7.26449e-06 DU -228.722 0.0672998 DUDX -1.25656e+06 -3745.54 22055.8 
PRESSURE: 61 -2273.46 -139.745 266.492 -139.745 -2206.5 -27.8264 266.492 -27.8264 -2149.41
GPRESSURE: 61 -1071.24 -4.85124 258.759 -270.816 -1153.96 40.9416 274.609 -238.261 -1472.65
ENERGY:      61      1087.1796      1589.8904       314.4803        26.2428         -34626.6543      2568.8745         0.0000         0.0000         0.0000         -29039.9867        -0.0000    -29039.9867    -29039.9867         0.0000          -2209.7893     -1232.6179    110592.0000     -2209.7893     -1232.6179

LINE MINIMIZER BRACKET: DX 1.04573e-06 6.21876e-06 DU -0.00227144 0.0695712 DUDX -3745.54 -33.2481 22055.8 
LINE MINIMIZER REDUCING GRADIENT FROM 1.53675e+06 TO 1536.75
PRESSURE: 62 -1608.43 -196.361 279.687 -196.361 -1518.35 -51.4158 279.687 -51.4158 -1799.05
GPRESSURE: 62 -1325.54 -96.3748 295.25 -346.666 -1518.96 -28.0632 305.275 -226.025 -1867.52
ENERGY:      62       931.2860      1596.2389       316.3003        23.2616         -34976.7124      2493.0771         0.0000         0.0000         0.0000         -29616.5485        -0.0000    -29616.5485    -29616.5485         0.0000          -1641.9435     -1570.6715    110592.0000     -1641.9435     -1570.6715

PRESSURE: 63 -1067.3 -355.211 386.803 -355.211 -1053.73 -151.062 386.803 -151.062 -1601.7
GPRESSURE: 63 -1316.2 -333.487 449.85 -550.303 -1738.42 -186.18 482.5 -341.697 -2069.41
ENERGY:      63       965.7875      1661.9061       319.3426        21.8813         -35315.5712      2500.1542         0.0000         0.0000         0.0000         -29846.4995        -0.0000    -29846.4995    -29846.4995         0.0000          -1240.9113     -1708.0103    110592.0000     -1240.9113     -1708.0103

PRESSURE: 64 3458.85 -1947.24 2413.97 -1947.24 262.624 -1666.04 2413.97 -1666.04 -206.166
GPRESSURE: 64 7304.75 -6850.46 4408.61 -3229.81 -345.079 -2103.18 4672.3 -3560.57 554.244
ENERGY:      64      1587.6791      1974.8606       328.8440        23.6497         -35959.8263      3596.6150         0.0000         0.0000         0.0000         -28448.1779        -0.0000    -28448.1779    -28448.1779         0.0000           1171.7700      2504.6395    110592.0000      1171.7700      2504.6395

LINE MINIMIZER BRACKET: DX 0.000521555 0.00104311 DU -229.951 1398.32 DUDX -782439 -78217.4 4.59367e+06 
PRESSURE: 65 -955.638 -408.412 430.604 -408.412 -979.392 -189.376 430.604 -189.376 -1567.43
GPRESSURE: 65 -1253.77 -419.874 511.286 -621.232 -1755.77 -238.752 557.437 -396.128 -2068.03
ENERGY:      65       995.0011      1682.2056       320.0933        21.7868         -35382.0028      2516.6790         0.0000         0.0000         0.0000         -29846.2371        -0.0000    -29846.2371    -29846.2371         0.0000          -1167.4877     -1692.5259    110592.0000     -1167.4877     -1692.5259

LINE MINIMIZER BRACKET: DX 0.000521555 0.000104311 DU -229.951 0.26238 DUDX -782439 -78217.4 85358.3 
PRESSURE: 66 -1014.1 -379.782 406.639 -379.782 -1017.27 -168.514 406.639 -168.514 -1585.38
GPRESSURE: 66 -1289.79 -372.759 477.627 -582.862 -1748.31 -210.386 516.241 -366.087 -2071.22
ENERGY:      66       979.0183      1671.4395       319.7005        21.8280         -35347.8051      2507.3204         0.0000         0.0000         0.0000         -29848.4984        -0.0000    -29848.4984    -29848.4984         0.0000          -1205.5830     -1703.1067    110592.0000     -1205.5830     -1703.1067

LINE MINIMIZER BRACKET: DX 5.05305e-05 5.37805e-05 DU -1.99892 2.2613 DUDX -78217.4 -569.872 85358.3 
LINE MINIMIZER REDUCING GRADIENT FROM 1.83515e+06 TO 1835.15
PRESSURE: 67 -1611.62 -68.6455 40.2631 -68.6455 -1252.56 38.5309 40.2631 38.5309 -1903.43
GPRESSURE: 67 -2222.68 -38.7625 65.0629 -196.216 -2301.95 -9.36513 48.9622 -86.7565 -2661.35
ENERGY:      67       957.8364      1664.5177       321.6323        19.2062         -35665.8378      2334.9310         0.0000         0.0000         0.0000         -30367.7141        -0.0000    -30367.7141    -30367.7141         0.0000          -1589.2042     -2395.3273    110592.0000     -1589.2042     -2395.3273

PRESSURE: 68 -2116.55 44.6535 -101.841 44.6535 -1624.05 83.9855 -101.841 83.9855 -2312.51
GPRESSURE: 68 -2691.83 32.6507 -72.3627 -77.671 -2669.72 36.4337 -86.5849 -6.31528 -3039.71
ENERGY:      68       999.2021      1697.5202       323.8527        19.8415         -35974.3304      2281.4512         0.0000         0.0000         0.0000         -30652.4626        -0.0000    -30652.4626    -30652.4626         0.0000          -2017.7061     -2800.4178    110592.0000     -2017.7061     -2800.4178

PRESSURE: 69 -3860.18 173.224 -252.374 173.224 -3180.8 -5.26036 -252.374 -5.26036 -3717.44
GPRESSURE: 69 -3378.29 31.4132 -126.052 36.8839 -3211.76 -73.4296 -102.261 -145.559 -3343.57
ENERGY:      69      1283.8260      1885.4457       328.7015        29.6224         -36564.1811      2306.6457         0.0000         0.0000         0.0000         -30729.9400        -0.0000    -30729.9400    -30729.9400         0.0000          -3586.1389     -3311.2058    110592.0000     -3586.1389     -3311.2058

PRESSURE: 70 -5026.89 4249.92 -1600.12 4249.92 8327.52 -21968.2 -1600.12 -21968.2 28132.1
GPRESSURE: 70 12389.6 -13189.4 9281.1 -2314.57 23238.3 -52272 18207.4 -51282.6 83164.9
ETITLE:      TS           BOND          ANGLE          DIHED          IMPRP               ELECT            VDW       BOUNDARY           MISC        KINETIC               TOTAL           TEMP      POTENTIAL         TOTAL3        TEMPAVG            PRESSURE      GPRESSURE         VOLUME       PRESSAVG      GPRESSAVG

ENERGY:      70      3132.5510      2862.3895       346.7529        75.8983         -37638.3510     10878.0088         0.0000         0.0000         0.0000         -20342.7506        -0.0000    -20342.7506    -20342.7506         0.0000          10477.5710     39597.6003    110592.0000     10477.5710     39597.6003

LINE MINIMIZER BRACKET: DX 0.0007851 0.0015702 DU -77.4774 10387.2 DUDX -518202 386909 3.05516e+07 
PRESSURE: 71 -3032.83 128.731 -205.081 128.731 -2430.34 62.9733 -205.081 62.9733 -3085
GPRESSURE: 71 -3131.86 47.6833 -134.227 -1.54395 -3026.89 8.68066 -132.972 -21.7057 -3332.34
ENERGY:      71      1134.6196      1789.7482       326.4980        24.4731         -36333.4215      2274.4509         0.0000         0.0000         0.0000         -30783.6318        -0.0000    -30783.6318    -30783.6318         0.0000          -2849.3934     -3163.6972    110592.0000     -2849.3934     -3163.6972

LINE MINIMIZER BRACKET: DX 0.000472326 0.000312774 DU -131.169 53.6918 DUDX -518202 -24581.7 386909 
PRESSURE: 72 -3107.65 133.623 -210.642 133.623 -2498.09 58.545 -210.642 58.545 -3145.62
GPRESSURE: 72 -3158.32 47.3188 -135.534 2.68824 -3047.68 3.24254 -132.758 -28.436 -3342.83
ENERGY:      72      1147.2294      1798.0235       326.6974        24.9169         -36356.7467      2276.0490         0.0000         0.0000         0.0000         -30783.8305        -0.0000    -30783.8305    -30783.8305         0.0000          -2917.1220     -3182.9439    110592.0000     -2917.1220     -3182.9439

LINE MINIMIZER BRACKET: DX 3.12774e-05 0.000281497 DU -0.198705 53.8905 DUDX -24581.7 11976.8 386909 
PRESSURE: 73 -3083.02 132.033 -208.846 132.033 -2475.78 60.0368 -208.846 60.0368 -3125.72
GPRESSURE: 73 -3149.72 47.4591 -135.152 1.31348 -3040.95 5.0727 -132.885 -26.1362 -3339.57
ENERGY:      73      1143.0561      1795.2890       326.6318        24.7702         -36349.1333      2275.4940         0.0000         0.0000         0.0000         -30783.8924        -0.0000    -30783.8924    -30783.8924         0.0000          -2894.8376     -3176.7449    110592.0000     -2894.8376     -3176.7449

LINE MINIMIZER BRACKET: DX 2.1059e-05 1.02184e-05 DU -0.260624 0.0619191 DUDX -24581.7 -52.1998 11976.8 
LINE MINIMIZER REDUCING GRADIENT FROM 1.51541e+06 TO 1515.41
PRESSURE: 74 -4460.23 113.41 50.6023 113.41 -3936.4 -112.811 50.6023 -112.811 -3321.12
GPRESSURE: 74 -3645.87 -293.268 441.507 39.2665 -3740.57 40.0949 926.676 -1193.98 -1789.53
ENERGY:      74      1065.9870      1687.7341       321.3631        30.3274         -36734.4916      2436.4042         0.0000         0.0000         0.0000         -31192.6758        -0.0000    -31192.6758    -31192.6758         0.0000          -3905.9136     -3058.6570    110592.0000     -3905.9136     -3058.6570

PRESSURE: 75 -5728.13 107.361 9036.77 107.361 -5992.2 1463.18 9036.77 1463.18 64225.7
GPRESSURE: 75 9230.78 -20993.3 27669.2 3559.52 -9684.81 6643.07 107608 -163166 210859
ENERGY:      75      1762.0729      1779.8182       319.0390        52.5944         -37101.2633     12025.6439         0.0000         0.0000         0.0000         -21162.0950        -0.0000    -21162.0950    -21162.0950         0.0000          17501.7798     70135.0951    110592.0000     17501.7798     70135.0951

LINE MINIMIZER BRACKET: DX 0.000784947 0.000784947 DU -408.783 10030.6 DUDX -1.51541e+06 578360 6.60656e+07 
PRESSURE: 76 -4010.14 127.323 -76.1805 127.323 -3465.37 -74.5321 -76.1805 -74.5321 -3454.27
GPRESSURE: 76 -3587.18 -110.497 150.734 -4.89561 -3508.99 -25.541 308.519 -424.375 -2899.38
ENERGY:      76      1012.7162      1697.7010       322.4484        27.8942         -36634.7376      2342.2964         0.0000         0.0000         0.0000         -31231.6814        -0.0000    -31231.6814    -31231.6814         0.0000          -3643.2593     -3331.8500    110592.0000     -3643.2593     -3331.8500

LINE MINIMIZER BRACKET: DX 0.00057843 0.000206517 DU -447.789 39.0056 DUDX -1.51541e+06 -138423 578360 
PRESSURE: 77 -4100.76 124.771 -56.2311 124.771 -3560.72 -84.946 -56.2311 -84.946 -3456.75
GPRESSURE: 77 -3608.21 -137.612 195.117 -0.614445 -3551.31 -20.8578 394.272 -525.842 -2757.29
ENERGY:      77      1019.5602      1694.4689       322.1988        28.3360         -36655.9327      2356.3075         0.0000         0.0000         0.0000         -31235.0614        -0.0000    -31235.0614    -31235.0614         0.0000          -3706.0789     -3305.6055    110592.0000     -3706.0789     -3305.6055

LINE MINIMIZER BRACKET: DX 4.3671e-05 0.000162846 DU -3.37999 42.3856 DUDX -138423 -14652.4 578360 
PRESSURE: 78 -4135.23 123.745 -48.0596 123.745 -3596.91 -88.6185 -48.0596 -88.6185 -3454.72
GPRESSURE: 78 -3615.16 -148.934 213.459 1.47882 -3567.76 -18.2029 430.798 -569.837 -2694.91
ENERGY:      78      1022.7176      1693.4168       322.1084        28.5101         -36663.8249      2362.1661         0.0000         0.0000         0.0000         -31234.9059        -0.0000    -31234.9059    -31234.9059         0.0000          -3728.9546     -3292.6106    110592.0000     -3728.9546     -3292.6106

LINE MINIMIZER BRACKET: DX 4.3671e-05 1.62846e-05 DU -3.37999 0.15555 DUDX -138423 -14652.4 34340.7 
PRESSURE: 79 -4111.16 124.463 -53.801 124.463 -3571.64 -86.0687 -53.801 -86.0687 -3456.32
GPRESSURE: 79 -3610.37 -140.966 200.56 -0.0134514 -3556.25 -20.1087 405.046 -538.772 -2739
ENERGY:      79      1020.4812      1694.1416       322.1712        28.3882         -36658.3227      2358.0418         0.0000         0.0000         0.0000         -31235.0987        -0.0000    -31235.0987    -31235.0987         0.0000          -3713.0422     -3301.8729    110592.0000     -3713.0422     -3301.8729

LINE MINIMIZER BRACKET: DX 4.92904e-06 1.13556e-05 DU -0.0372508 0.192801 DUDX -14652.4 0.93327 34340.7 
LINE MINIMIZER REDUCING GRADIENT FROM 2.12199e+06 TO 2121.99
PRESSURE: 80 -4640.69 44.9867 -15.2955 44.9867 -4112.39 -329.03 -15.2955 -329.03 -4095.43
GPRESSURE: 80 -3937.32 -186.926 246.972 -164.236 -3641.64 -347.708 298.79 -369.351 -3337.96
ETITLE:      TS           BOND          ANGLE          DIHED          IMPRP               ELECT            VDW       BOUNDARY           MISC        KINETIC               TOTAL           TEMP      POTENTIAL         TOTAL3        TEMPAVG            PRESSURE      GPRESSURE         VOLUME       PRESSAVG      GPRESSAVG

ENERGY:      80      1080.0321      1582.9610       317.2118        27.3914         -36823.1406      2359.8381         0.0000         0.0000         0.0000         -31455.7063        -0.0000    -31455.7063    -31455.7063         0.0000          -4282.8354     -3638.9750    110592.0000     -4282.8354     -3638.9750

PRESSURE: 81 -5490.66 -98.5608 62.299 -98.5608 -4862.68 -618.332 62.299 -618.332 -4987.55
GPRESSURE: 81 -4179.03 -336.965 419.063 -376.664 -3589.29 -775.822 357.249 -415.43 -3591.19
ENERGY:      81      1306.6920      1535.9239       312.8124        28.5646         -36984.0834      2419.5521         0.0000         0.0000         0.0000         -31380.5383        -0.0000    -31380.5383    -31380.5383         0.0000          -5113.6267     -3786.5015    110592.0000     -5113.6267     -3786.5015

LINE MINIMIZER BRACKET: DX 0.000306606 0.000306606 DU -220.608 75.168 DUDX -2.12199e+06 -230010 712087 
PRESSURE: 82 -4816.73 17.1979 1.34964 17.1979 -4277.06 -393.849 1.34964 -393.849 -4284.61
GPRESSURE: 82 -4001.49 -215.28 281.347 -209.522 -3645.54 -438.367 303.487 -365.262 -3420.35
ENERGY:      82      1119.5455      1566.0533       316.0829        27.4679         -36862.4597      2369.1727         0.0000         0.0000         0.0000         -31464.1375        -0.0000    -31464.1375    -31464.1375         0.0000          -4459.4662     -3689.1260    110592.0000     -4459.4662     -3689.1260

LINE MINIMIZER BRACKET: DX 7.42074e-05 0.000232399 DU -8.43119 83.5992 DUDX -230010 2451.86 712087 
PRESSURE: 83 -4798.29 20.1637 -0.400147 20.1637 -4260.08 -387.221 -0.400147 -387.221 -4265
GPRESSURE: 83 -3995.28 -212.187 277.63 -204.829 -3645.58 -428.956 302.657 -365.153 -3412.9
ENERGY:      83      1115.1554      1567.5758       316.1943        27.4544         -36858.5412      2368.0887         0.0000         0.0000         0.0000         -31464.0726        -0.0000    -31464.0726    -31464.0726         0.0000          -4441.1239     -3684.5878    110592.0000     -4441.1239     -3684.5878

LINE MINIMIZER BRACKET: DX 7.42074e-06 0.000232399 DU -0.0648471 83.5992 DUDX -20683.1 2451.86 712087 
PRESSURE: 84 -4814.7 17.5238 1.15761 17.5238 -4275.19 -393.122 1.15761 -393.122 -4282.45
GPRESSURE: 84 -4000.81 -214.939 280.938 -209.007 -3645.55 -437.333 303.393 -365.245 -3419.54
ENERGY:      84      1119.0598      1566.2183       316.0951        27.4663         -36862.0302      2369.0523         0.0000         0.0000         0.0000         -31464.1383        -0.0000    -31464.1383    -31464.1383         0.0000          -4457.4475     -3688.6319    110592.0000     -4457.4475     -3688.6319

LINE MINIMIZER BRACKET: DX 6.60779e-06 8.1295e-07 DU -0.0657013 0.000854184 DUDX -20683.1 -81.3586 2451.86 
LINE MINIMIZER REDUCING GRADIENT FROM 2.03202e+06 TO 2032.02
PRESSURE: 85 -4869.13 32.6855 -48.1904 32.6855 -4341.01 -408.788 -48.1904 -408.788 -4528.49
GPRESSURE: 85 -4107.54 -182.153 199.078 -206.12 -3657.72 -422.737 191.024 -227.141 -3744.2
ENERGY:      85      1100.4064      1495.2447       313.1329        24.0804         -36920.5817      2335.3774         0.0000         0.0000         0.0000         -31652.3397        -0.0000    -31652.3397    -31652.3397         0.0000          -4579.5438     -3836.4867    110592.0000     -4579.5438     -3836.4867

PRESSURE: 86 -4995.36 36.8175 -80.5342 36.8175 -4502.59 -429.117 -80.5342 -429.117 -4809.2
GPRESSURE: 86 -4197.41 -163.46 144.332 -198.372 -3681.9 -398.183 128.563 -149.022 -3959.13
ENERGY:      86      1110.6414      1438.0081       310.6013        21.9347         -36978.1042      2314.4079         0.0000         0.0000         0.0000         -31782.5108        -0.0000    -31782.5108    -31782.5108         0.0000          -4769.0506     -3946.1466    110592.0000     -4769.0506     -3946.1466

PRESSURE: 87 -5472.17 22.5949 -97.3953 22.5949 -5126.67 -501.833 -97.3953 -501.833 -5533.79
GPRESSURE: 87 -4340.21 -157.147 86.3104 -192.105 -3741.19 -365.377 73.1286 -79.9271 -4228.54
ENERGY:      87      1222.2421      1367.9999       307.2759        20.8128         -37090.1161      2300.2691         0.0000         0.0000         0.0000         -31871.5163        -0.0000    -31871.5163    -31871.5163         0.0000          -5377.5424     -4103.3111    110592.0000     -5377.5424     -4103.3111

PRESSURE: 88 -7304.53 -101.118 -34.4217 -101.118 -7420.02 -786.003 -34.4217 -786.003 -7794.72
GPRESSURE: 88 -4383.74 -301.962 179.259 -322.715 -3749 -474.707 129.533 -162.014 -4364
ENERGY:      88      1886.6767      1463.6776       306.4775        28.7679         -37302.4830      2391.9911         0.0000         0.0000         0.0000         -31224.8922        -0.0000    -31224.8922    -31224.8922         0.0000          -7506.4221     -4165.5795    110592.0000     -7506.4221     -4165.5795

LINE MINIMIZER BRACKET: DX 0.000305632 0.000611263 DU -89.0055 646.624 DUDX -676391 119808 2.10433e+06 
PRESSURE: 89 -5383.44 25.9326 -97.4817 25.9326 -5011.65 -488.713 -97.4817 -488.713 -5412.69
GPRESSURE: 89 -4322.48 -155.415 90.9638 -191.501 -3732.68 -367.284 77.2774 -84.8406 -4198.63
ENERGY:      89      1197.9376      1373.4839       307.6012        20.7383         -37074.0464      2300.2104         0.0000         0.0000         0.0000         -31874.0751        -0.0000    -31874.0751    -31874.0751         0.0000          -5269.2573     -4084.5974    110592.0000     -5269.2573     -4084.5974

LINE MINIMIZER BRACKET: DX 0.000261088 4.45436e-05 DU -91.5643 2.55882 DUDX -676391 -4782.88 119808 
PRESSURE: 90 -5392.01 25.6202 -97.5031 25.6202 -5022.79 -489.983 -97.5031 -489.983 -5424.53
GPRESSURE: 90 -4324.3 -155.545 90.4407 -191.532 -3733.54 -367.039 76.8097 -84.2792 -4201.73
ETITLE:      TS           BOND          ANGLE          DIHED          IMPRP               ELECT            VDW       BOUNDARY           MISC        KINETIC               TOTAL           TEMP      POTENTIAL         TOTAL3        TEMPAVG            PRESSURE      GPRESSURE         VOLUME       PRESSAVG      GPRESSAVG

ENERGY:      90      1200.2386      1372.8578       307.5663        20.7423         -37075.6554      2300.1838         0.0000         0.0000         0.0000         -31874.0666        -0.0000    -31874.0666    -31874.0666         0.0000          -5279.7746     -4086.5218    110592.0000     -5279.7746     -4086.5218

LINE MINIMIZER BRACKET: DX 0.000261088 4.45436e-06 DU -91.5643 0.00850615 DUDX -676391 -4782.88 7580.53 
LINE MINIMIZER REDUCING GRADIENT FROM 1.2494e+06 TO 1249.4
PRESSURE: 91 -5110.77 -14.7578 -126.578 -14.7578 -4832.72 -479.212 -126.578 -479.212 -5332.96
GPRESSURE: 91 -4294.32 -143.019 41.0033 -173.128 -3725.62 -445.006 16.2212 -141.19 -4298.18
ENERGY:      91      1120.4706      1277.6826       305.3178        19.1558         -37141.7435      2280.8350         0.0000         0.0000         0.0000         -32138.2817        -0.0000    -32138.2817    -32138.2817         0.0000          -5092.1489     -4106.0430    110592.0000     -5092.1489     -4106.0430

PRESSURE: 92 -5005.51 -107.611 -174.205 -107.611 -4792.91 -466.432 -174.205 -466.432 -5467.82
GPRESSURE: 92 -4184.09 -206.179 16.327 -231.767 -3631.42 -540.991 -17.6114 -239.108 -4386.13
ENERGY:      92      1190.8997      1234.6200       303.8651        19.3139         -37205.8334      2294.5512         0.0000         0.0000         0.0000         -32162.5835        -0.0000    -32162.5835    -32162.5835         0.0000          -5088.7458     -4067.2111    110592.0000     -5088.7458     -4067.2111

PRESSURE: 93 -5193.69 -698.314 -384.419 -698.314 -4368.25 -304.688 -384.419 -304.688 -6385.85
GPRESSURE: 93 -3520.1 -869.218 121.108 -930.759 -2320.07 -709.597 -56.4641 -495.263 -4362.13
ENERGY:      93      1857.2454      1292.4654       302.7981        24.0310         -37329.0794      2553.7867         0.0000         0.0000         0.0000         -31298.7528        -0.0000    -31298.7528    -31298.7528         0.0000          -5315.9278     -3400.7654    110592.0000     -5315.9278     -3400.7654

LINE MINIMIZER BRACKET: DX 0.000356348 0.000712696 DU -24.3018 863.831 DUDX -421925 305388 2.25076e+06 
2015-02-02 10:09:06.573 (WARN ) [0xfff81669220] 8761445:ibm.runjob.client.Job: terminated by signal 9
2015-02-02 10:09:06.573 (WARN ) [0xfff81669220] 8761445:ibm.runjob.client.Job: abnormal termination by signal 9 from rank 8
