Converse/Charm++ Commit ID: v6.3.0-723-g6148ae1
[0] isomalloc.c> Disabling isomalloc because isomalloc disabled by conv-mach
Info: NAMD 2.9 for BlueGeneQ
Info: 
Info: Please visit http://www.ks.uiuc.edu/Research/namd/
Info: for updates, documentation, and support information.
Info: 
Info: Please cite Phillips et al., J. Comp. Chem. 26:1781-1802 (2005)
Info: in all publications reporting results obtained with NAMD.
Info: 
Info: Based on Charm++/Converse 60305 for pami-bluegeneq-smp-xlc
Info: Built Sun Dec 7 11:31:12 EST 2014 by bobdanani on avoca-test
Info: Running on 128 processors, 16 nodes, 16 physical nodes.
Info: CPU topology information unavailable.
Info: Charm++/Converse parallel runtime startup completed at 0.0492428 s
Info: 202.062 MB of memory in use based on /proc/self/stat
Info: Configuration file is namd_equilibration_script.conf
Info: Working in the current directory /vlsci/VR0021/mike/GIT/MD_workflow_py/newdir/newiDir0076
TCL: Suspending until startup complete.
Info: SIMULATION PARAMETERS:
Info: TIMESTEP               2
Info: NUMBER OF STEPS        0
Info: STEPS PER CYCLE        10
Info: PERIODIC CELL BASIS 1  48 0 0
Info: PERIODIC CELL BASIS 2  0 48 0
Info: PERIODIC CELL BASIS 3  0 0 48
Info: PERIODIC CELL CENTER   0 0 0
Info: WRAPPING WATERS AROUND PERIODIC BOUNDARIES ON OUTPUT.
Info: WRAPPING ALL CLUSTERS AROUND PERIODIC BOUNDARIES ON OUTPUT.
Info: LOAD BALANCER  Centralized
Info: LOAD BALANCING STRATEGY  New Load Balancers -- DEFAULT
Info: LDB PERIOD             2000 steps
Info: FIRST LDB TIMESTEP     50
Info: LAST LDB TIMESTEP     -1
Info: LDB BACKGROUND SCALING 1
Info: HOM BACKGROUND SCALING 1
Info: PME BACKGROUND SCALING 1
Info: REMOVING PATCHES FROM PROCESSOR 0
Info: MIN ATOMS PER PATCH    40
Info: INITIAL TEMPERATURE    310
Info: CENTER OF MASS MOVING INITIALLY? NO
Info: DIELECTRIC             1
Info: EXCLUDE                SCALED ONE-FOUR
Info: 1-4 ELECTROSTATICS SCALED BY 1
Info: MODIFIED 1-4 VDW PARAMETERS WILL BE USED
Info: DCD FILENAME           current_MD_run_files.dcd
Info: DCD FREQUENCY          500
Info: DCD FIRST STEP         500
Info: DCD FILE WILL CONTAIN UNIT CELL DATA
Info: XST FILENAME           current_MD_run_files.xst
Info: XST FREQUENCY          500
Info: NO VELOCITY DCD OUTPUT
Info: NO FORCE DCD OUTPUT
Info: OUTPUT FILENAME        current_MD_run_files
Info: BINARY OUTPUT FILES WILL BE USED
Info: RESTART FILENAME       current_MD_run_files.restart
Info: RESTART FREQUENCY      5000
Info: BINARY RESTART FILES WILL BE USED
Info: SWITCHING ACTIVE
Info: SWITCHING ON           10
Info: SWITCHING OFF          12
Info: PAIRLIST DISTANCE      14
Info: PAIRLIST SHRINK RATE   0.01
Info: PAIRLIST GROW RATE     0.01
Info: PAIRLIST TRIGGER       0.3
Info: PAIRLISTS PER CYCLE    2
Info: PAIRLISTS ENABLED
Info: MARGIN                 0.99
Info: HYDROGEN GROUP CUTOFF  2.5
Info: PATCH DIMENSION        17.49
Info: ENERGY OUTPUT STEPS    500
Info: CROSSTERM ENERGY INCLUDED IN DIHEDRAL
Info: TIMING OUTPUT STEPS    500
Info: PRESSURE OUTPUT STEPS  500
Info: LANGEVIN DYNAMICS ACTIVE
Info: LANGEVIN TEMPERATURE   310
Info: LANGEVIN DAMPING COEFFICIENT IS 5 INVERSE PS
Info: LANGEVIN DYNAMICS NOT APPLIED TO HYDROGENS
Info: LANGEVIN PISTON PRESSURE CONTROL ACTIVE
Info:        TARGET PRESSURE IS 1.01325 BAR
Info:     OSCILLATION PERIOD IS 100 FS
Info:             DECAY TIME IS 50 FS
Info:     PISTON TEMPERATURE IS 310 K
Info:       PRESSURE CONTROL IS GROUP-BASED
Info:    INITIAL STRAIN RATE IS 0 0 0
Info:       CELL FLUCTUATION IS ANISOTROPIC
Info: PARTICLE MESH EWALD (PME) ACTIVE
Info: PME TOLERANCE               1e-06
Info: PME EWALD COEFFICIENT       0.257952
Info: PME INTERPOLATION ORDER     4
Info: PME GRID DIMENSIONS         48 48 48
Info: PME MAXIMUM GRID SPACING    1
Info: Attempting to read FFTW data from FFTW_NAMD_2.9_BlueGeneQ.txt
Info: Optimizing 6 FFT steps.  1... 2... 3... 4... 5... 6...   Done.
Info: Writing FFTW data to FFTW_NAMD_2.9_BlueGeneQ.txt
Info: FULL ELECTROSTATIC EVALUATION FREQUENCY      2
Info: USING VERLET I (r-RESPA) MTS SCHEME.
Info: C1 SPLITTING OF LONG RANGE ELECTROSTATICS
Info: PLACING ATOMS IN PATCHES BY HYDROGEN GROUPS
Info: RIGID BONDS TO HYDROGEN : ALL
Info:         ERROR TOLERANCE : 1e-08
Info:          MAX ITERATIONS : 100
Info: RIGID WATER USING SETTLE ALGORITHM
Info: RANDOM NUMBER SEED     1422832115
Info: USE HYDROGEN BONDS?    NO
Info: COORDINATE PDB         ../../InputFiles/example.pdb
Info: STRUCTURE FILE         ../../InputFiles/example.psf
Info: PARAMETER file: CHARMM format! 
Info: PARAMETERS             ../../InputFiles/Parameters/par_all27_prot_na.prm
Info: USING ARITHMETIC MEAN TO COMBINE L-J SIGMA PARAMETERS
Info: SUMMARY OF PARAMETERS:
Info: 258 BONDS
Info: 666 ANGLES
Info: 1134 DIHEDRAL
Info: 70 IMPROPER
Info: 6 CROSSTERM
Info: 164 VDW
Info: 0 VDW_PAIRS
Info: 0 NBTHOLE_PAIRS
Info: TIME FOR READING PSF FILE: 2.01456
Info: TIME FOR READING PDB FILE: 0.450619
Info: 
Info: ****************************
Info: STRUCTURE SUMMARY:
Info: 10315 ATOMS
Info: 7285 BONDS
Info: 5281 ANGLES
Info: 3293 DIHEDRALS
Info: 204 IMPROPERS
Info: 74 CROSSTERMS
Info: 0 EXCLUSIONS
Info: 9701 RIGID BONDS
Info: 21244 DEGREES OF FREEDOM
Info: 3638 HYDROGEN GROUPS
Info: 4 ATOMS IN LARGEST HYDROGEN GROUP
Info: 3638 MIGRATION GROUPS
Info: 4 ATOMS IN LARGEST MIGRATION GROUP
Info: TOTAL MASS = 63394.1 amu
Info: TOTAL CHARGE = 1.00955e-06 e
Info: MASS DENSITY = 0.951884 g/cm^3
Info: ATOM DENSITY = 0.0932708 atoms/A^3
Info: *****************************
Info: 
Info: Entering startup at 24.688 s, 202.062 MB of memory in use
Info: Startup phase 0 took 0.0031937 s, 202.062 MB of memory in use
Info: Startup phase 1 took 0.104881 s, 202.062 MB of memory in use
Info: Startup phase 2 took 0.00433737 s, 202.062 MB of memory in use
Info: Startup phase 3 took 0.00298113 s, 202.062 MB of memory in use
Info: PATCH GRID IS 5 (PERIODIC) BY 5 (PERIODIC) BY 2 (PERIODIC)
Info: PATCH GRID IS 2-AWAY BY 2-AWAY BY 1-AWAY
Info: REMOVING COM VELOCITY -0.0103259 0.0404206 -0.0692922
Info: LARGEST PATCH (12) HAS 234 ATOMS
Info: Startup phase 4 took 0.0329996 s, 202.062 MB of memory in use
Info: PME using 24 and 24 processors for FFT and reciprocal sum.
Info: PME USING 16 GRID NODES AND 16 TRANS NODES
Info: PME GRID LOCATIONS: 7 11 15 23 27 31 39 43 47 55 ...
Info: PME TRANS LOCATIONS: 3 5 13 19 21 29 35 37 45 51 ...
Info: Startup phase 5 took 0.00757312 s, 202.062 MB of memory in use
Info: Startup phase 6 took 0.0097689 s, 202.062 MB of memory in use
LDB: Central LB being created...
Info: Startup phase 7 took 1.20404 s, 202.062 MB of memory in use
Info: CREATING 2450 COMPUTE OBJECTS
Info: NONBONDED TABLE R-SQUARED SPACING: 0.0625
Info: NONBONDED TABLE SIZE: 769 POINTS
Info: ABSOLUTE IMPRECISION IN FAST TABLE ENERGY: 3.38813e-21 AT 11.7447
Info: RELATIVE IMPRECISION IN FAST TABLE ENERGY: 6.92477e-14 AT 11.9138
Info: ABSOLUTE IMPRECISION IN FAST TABLE FORCE: 2.64698e-23 AT 11.9138
Info: RELATIVE IMPRECISION IN FAST TABLE FORCE: 1.40436e-16 AT 11.9138
Info: ABSOLUTE IMPRECISION IN SCOR TABLE ENERGY: 3.38813e-21 AT 11.7447
Info: RELATIVE IMPRECISION IN SCOR TABLE ENERGY: 4.24069e-16 AT 11.9138
Info: ABSOLUTE IMPRECISION IN SCOR TABLE FORCE: 4.10282e-22 AT 11.9138
Info: RELATIVE IMPRECISION IN SCOR TABLE FORCE: 3.56912e-15 AT 11.9138
Info: ABSOLUTE IMPRECISION IN VDWA TABLE ENERGY: 9.86076e-32 AT 11.8295
Info: RELATIVE IMPRECISION IN VDWA TABLE ENERGY: 6.75473e-14 AT 11.9138
Info: ABSOLUTE IMPRECISION IN VDWA TABLE FORCE: 4.62223e-32 AT 11.9138
Info: RELATIVE IMPRECISION IN VDWA TABLE FORCE: 2.12237e-15 AT 11.9138
Info: ABSOLUTE IMPRECISION IN VDWB TABLE ENERGY: 4.1359e-25 AT 11.8295
Info: RELATIVE IMPRECISION IN VDWB TABLE ENERGY: 7.56853e-15 AT 11.9138
Info: ABSOLUTE IMPRECISION IN VDWB TABLE FORCE: 3.87741e-26 AT 11.9138
Info: RELATIVE IMPRECISION IN VDWB TABLE FORCE: 5.97409e-16 AT 11.9138
Info: useSync: 0 useProxySync: 0
Info: Startup phase 8 took 0.0332795 s, 202.062 MB of memory in use
Info: Building spanning tree ... send: 1 recv: 0 with branch factor 9
Info: Startup phase 9 took 0.00347532 s, 202.062 MB of memory in use
Info: Startup phase 10 took 0.0024488 s, 202.062 MB of memory in use
Info: Finished startup at 26.0969 s, 202.062 MB of memory in use

TCL: Minimizing for 500 steps
PRESSURE: 0 7.92778e+08 9.80914e+08 6.43957e+08 9.80914e+08 1.21846e+09 7.99677e+08 6.43957e+08 7.99677e+08 5.27056e+08
GPRESSURE: 0 7.92785e+08 9.80912e+08 6.43961e+08 9.80914e+08 1.21847e+09 7.99675e+08 6.4396e+08 7.99677e+08 5.27061e+08
ETITLE:      TS           BOND          ANGLE          DIHED          IMPRP               ELECT            VDW       BOUNDARY           MISC        KINETIC               TOTAL           TEMP      POTENTIAL         TOTAL3        TEMPAVG            PRESSURE      GPRESSURE         VOLUME       PRESSAVG      GPRESSAVG

ENERGY:       0      3088.5033      1499.3301       263.8206        10.6933         -30848.5032 336586487.2282         0.0000         0.0000         0.0000      336560501.0723        -0.0000 336560501.0723 336560501.0723         0.0000      846098063.7249 846104120.5607    110592.0000 846098063.7249 846104120.5607

OPENING EXTENDED SYSTEM TRAJECTORY FILE
MINIMIZER SLOWLY MOVING 41 ATOMS WITH BAD CONTACTS DOWNHILL
PRESSURE: 1 2.3761e+07 2.92891e+07 1.92693e+07 2.92891e+07 3.65371e+07 2.38544e+07 1.92693e+07 2.38544e+07 1.58365e+07
GPRESSURE: 1 2.37671e+07 2.92887e+07 1.92714e+07 2.92892e+07 3.65424e+07 2.38532e+07 1.9271e+07 2.38552e+07 1.58411e+07
ENERGY:       1      3097.8780      1492.2035       263.8872        11.6906         -30918.4515  10098045.4909         0.0000         0.0000         0.0000       10071992.6987        -0.0000  10071992.6987  10071992.6987         0.0000       25378190.6513  25383543.1824    110592.0000  25378190.6513  25383543.1824

MINIMIZER SLOWLY MOVING 20 ATOMS WITH BAD CONTACTS DOWNHILL
PRESSURE: 2 1.60262e+06 1.93601e+06 1.28335e+06 1.93601e+06 2.45349e+06 1.57411e+06 1.28335e+06 1.57411e+06 1.07617e+06
GPRESSURE: 2 1.60887e+06 1.93607e+06 1.28495e+06 1.9358e+06 2.45889e+06 1.57341e+06 1.28485e+06 1.57465e+06 1.08101e+06
ENERGY:       2      3098.8562      1486.5938       264.0525        11.6906         -30939.5732    683808.6242         0.0000         0.0000         0.0000         657730.2441        -0.0000    657730.2441    657730.2441         0.0000        1710761.1668   1716255.7877    110592.0000   1710761.1668   1716255.7877

MINIMIZER SLOWLY MOVING 8 ATOMS WITH BAD CONTACTS DOWNHILL
PRESSURE: 3 197678 209202 143265 209202 286173 169684 143265 169684 134769
GPRESSURE: 3 204076 209794 144555 208589 291200 169306 144311 169543 140107
ENERGY:       3      3098.8562      1486.5938       264.0525        11.6906         -30939.6937     85515.0225         0.0000         0.0000         0.0000          59436.5219        -0.0000     59436.5219     59436.5219         0.0000         206206.9406    211794.4545    110592.0000    206206.9406    211794.4545

MINIMIZER SLOWLY MOVING 4 ATOMS WITH BAD CONTACTS DOWNHILL
PRESSURE: 4 51832.3 29892.9 24062.2 29892.9 59310.8 24792.8 24062.2 24792.8 35775.4
GPRESSURE: 4 58421.7 30508.2 25327.7 28842.3 64264.8 24475.3 24635.9 24619.7 41255.5
ENERGY:       4      3098.8562      1486.5938       264.0525        11.6906         -30939.5674     23037.6747         0.0000         0.0000         0.0000          -3040.6997        -0.0000     -3040.6997     -3040.6997         0.0000          48972.8153     54647.3064    110592.0000     48972.8153     54647.3064

MINIMIZER SLOWLY MOVING 2 ATOMS WITH BAD CONTACTS DOWNHILL
PRESSURE: 5 30532.1 3498.92 6725.59 3498.92 26455.3 3178.44 6725.59 3178.44 21542
GPRESSURE: 5 37142.6 4114.36 7988.38 2350.17 31398.3 2879.07 7205.28 2993.04 27043.8
ENERGY:       5      3098.8562      1486.5938       264.0525        11.6906         -30938.6693     13993.1376         0.0000         0.0000         0.0000         -12084.3386        -0.0000    -12084.3386    -12084.3386         0.0000          26176.4652     31861.5673    110592.0000     26176.4652     31861.5673

MINIMIZER SLOWLY MOVING 2 ATOMS WITH BAD CONTACTS DOWNHILL
PRESSURE: 6 26526.3 -1468.36 3460.82 -1468.36 20273.6 -889.048 3460.82 -889.048 18867
GPRESSURE: 6 33138.6 -853.801 4722.7 -2634.96 25214.1 -1184.61 3925.75 -1074.84 24370.8
ENERGY:       6      3098.8562      1486.5938       264.0525        11.6906         -30936.7427     12297.3267         0.0000         0.0000         0.0000         -13778.2229        -0.0000    -13778.2229    -13778.2229         0.0000          21889.0008     27574.5238    110592.0000     21889.0008     27574.5238

MINIMIZER SLOWLY MOVING 2 ATOMS WITH BAD CONTACTS DOWNHILL
PRESSURE: 7 25612.5 -2600.63 2716.01 -2600.63 18869.7 -1812.5 2716.01 -1812.5 18263.3
GPRESSURE: 7 32281.5 -2000.41 3936.7 -3699.2 23792.6 -2157.42 3226.41 -2008 23733.4
ENERGY:       7      3098.8562      1486.5938       264.0525        11.6906         -30934.6537     11914.2537         0.0000         0.0000         0.0000         -14159.2069        -0.0000    -14159.2069    -14159.2069         0.0000          20915.1785     26602.5043    110592.0000     20915.1785     26602.5043

MINIMIZER STARTING CONJUGATE GRADIENT ALGORITHM
LINE MINIMIZER REDUCING GRADIENT FROM 1.28304e+08 TO 128304
PRESSURE: 8 25247.7 -2536.43 2691.61 -2536.43 18631.3 -1769.09 2691.61 -1769.09 18003.1
GPRESSURE: 8 31880.1 -1938.49 3895.18 -3619.96 23534.7 -2102.32 3197.2 -1962.55 23436.4
ENERGY:       8      3090.7892      1485.5168       264.0466        11.6886         -30936.5185     11797.8422         0.0000         0.0000         0.0000         -14286.6351        -0.0000    -14286.6351    -14286.6351         0.0000          20627.3447     26283.7546    110592.0000     20627.3447     26283.7546

PRESSURE: 9 24890.1 -2473.62 2667.3 -2473.62 18397.3 -1726.98 2667.3 -1726.98 17748.1
GPRESSURE: 9 31486.6 -1877.91 3854.09 -3542.44 23281.6 -2048.85 3168.19 -1918.45 23145.4
ENERGY:       9      3082.7502      1484.4436       264.0410        11.6870         -30938.3841     11683.6730         0.0000         0.0000         0.0000         -14411.7892        -0.0000    -14411.7892    -14411.7892         0.0000          20345.1877     25971.1849    110592.0000     20345.1877     25971.1849

LDB: ============= START OF LOAD BALANCING ============== 26.503
LDB: ============== END OF LOAD BALANCING =============== 26.504
Info: useSync: 0 useProxySync: 0
LDB: =============== DONE WITH MIGRATION ================ 26.5095
PRESSURE: 10 24195.8 -2352.01 2618.96 -2352.01 17942.4 -1646.44 2618.96 -1646.44 17253.7
GPRESSURE: 10 30722.2 -1760.69 3773.13 -3392.42 22789.1 -1946.53 3110.7 -1834.05 22580.6
ETITLE:      TS           BOND          ANGLE          DIHED          IMPRP               ELECT            VDW       BOUNDARY           MISC        KINETIC               TOTAL           TEMP      POTENTIAL         TOTAL3        TEMPAVG            PRESSURE      GPRESSURE         VOLUME       PRESSAVG      GPRESSAVG

ENERGY:      10      3066.7562      1482.3085       264.0305        11.6851         -30942.1129     11461.8508         0.0000         0.0000         0.0000         -14655.4818        -0.0000    -14655.4818    -14655.4818         0.0000          19797.3211     25363.9781    110592.0000     19797.3211     25363.9781

PRESSURE: 11 22886.6 -2123.99 2523.69 -2123.99 17081.9 -1499.14 2523.69 -1499.14 16323.1
GPRESSURE: 11 29279.6 -1541.1 3616.28 -3111.35 21856.5 -1759.16 2998.16 -1679.43 21516.2
ENERGY:      11      3035.1037      1478.0836       264.0124        11.6860         -30949.5614     11042.8731         0.0000         0.0000         0.0000         -15117.8025        -0.0000    -15117.8025    -15117.8025         0.0000          18763.8759     24217.4310    110592.0000     18763.8759     24217.4310

PRESSURE: 12 20553.4 -1722.95 2339.96 -1722.95 15538.6 -1252.24 2339.96 -1252.24 14669.9
GPRESSURE: 12 26703.6 -1155.89 3322.71 -2617.65 20179.9 -1444.57 2783.67 -1419.34 19620.8
ENERGY:      12      2973.1376      1469.8155       263.9877        11.7070         -30964.4243     10293.4960         0.0000         0.0000         0.0000         -15952.2805        -0.0000    -15952.2805    -15952.2805         0.0000          16920.6524     22168.1114    110592.0000     16920.6524     22168.1114

PRESSURE: 13 16815.2 -1100.53 2006.84 -1100.53 13034.3 -904.044 2006.84 -904.044 12035.6
GPRESSURE: 13 22558 -562.478 2814.14 -1853.11 17445.3 -1000.21 2401.8 -1049.07 16584.8
ENERGY:      13      2854.5340      1454.0067       263.9835        11.8263         -30994.0210      9082.7739         0.0000         0.0000         0.0000         -17326.8966        -0.0000    -17326.8966    -17326.8966         0.0000          13961.6881     18862.6755    110592.0000     13961.6881     18862.6755

PRESSURE: 14 11864.8 -345.294 1493.19 -345.294 9637.93 -556.087 1493.19 -556.087 8576.4
GPRESSURE: 14 17006.2 140.803 2073.1 -927.946 13689.1 -559.716 1830.1 -669.463 12552.7
ENERGY:      14      2638.4195      1425.3083       264.1507        12.3760         -31052.7539      7446.6365         0.0000         0.0000         0.0000         -19265.8629        -0.0000    -19265.8629    -19265.8629         0.0000          10026.3729     14415.9962    110592.0000     10026.3729     14415.9962

PRESSURE: 15 7108.42 200.401 980.708 200.401 6246.69 -418.948 980.708 -418.948 5323.14
GPRESSURE: 15 11503.7 603.898 1365.47 -268.069 9802.28 -413.601 1312.93 -508.31 8650.47
ENERGY:      15      2288.6245      1379.6753       265.1654        14.7443         -31168.6190      5790.4200         0.0000         0.0000         0.0000         -21429.9895        -0.0000    -21429.9895    -21429.9895         0.0000           6226.0811      9985.4766    110592.0000      6226.0811      9985.4766

PRESSURE: 16 4850.09 165.432 1257.94 165.432 4514.88 -754.599 1257.94 -754.599 4125.78
GPRESSURE: 16 8668.6 486.094 1707.32 -477.896 7507.27 -965.973 1985.97 -921.641 7053.82
ENERGY:      16      1900.2223      1336.3753       270.1213        24.8446         -31394.4640      4840.6795         0.0000         0.0000         0.0000         -23022.2211        -0.0000    -23022.2211    -23022.2211         0.0000           4496.9203      7743.2303    110592.0000      4496.9203      7743.2303

PRESSURE: 17 17852.3 -1550.03 12378.5 -1550.03 10801.7 -4850.32 12378.5 -4850.32 17654.9
GPRESSURE: 17 30366.1 273.82 17743.2 -5798.21 14465.5 -7375.29 22472.3 -4882.86 26267.7
ENERGY:      17      2163.8410      1452.4679       293.4260        71.7709         -31822.6930      8851.2293         0.0000         0.0000         0.0000         -18989.9580        -0.0000    -18989.9580    -18989.9580         0.0000          15436.3105     23699.7774    110592.0000     15436.3105     23699.7774

LINE MINIMIZER BRACKET: DX 0.000128 0.000256 DU -1592.23 4032.26 DUDX -2.32342e+07 -4.29861e+06 5.45662e+07 
PRESSURE: 18 4953.74 96.6938 1515.53 96.6938 4553.16 -899.461 1515.53 -899.461 4341.14
GPRESSURE: 18 8800.08 414.144 2049.01 -651.118 7479.81 -1192.18 2434.04 -1102.32 7307.51
ENERGY:      18      1867.1741      1335.6056       271.7736        28.0148         -31441.9086      4839.5343         0.0000         0.0000         0.0000         -23099.8062        -0.0000    -23099.8062    -23099.8062         0.0000           4616.0112      7862.4672    110592.0000      4616.0112      7862.4672

LINE MINIMIZER BRACKET: DX 2.7443e-05 0.000228557 DU -77.5851 4109.85 DUDX -4.29861e+06 -1.35344e+06 5.45662e+07 
PRESSURE: 19 5172 28.1138 1798.84 28.1138 4670.15 -1047.07 1798.84 -1047.07 4637.9
GPRESSURE: 19 9099.27 348.701 2429.82 -831.974 7557.9 -1421.45 2923.47 -1284.49 7678.48
ENERGY:      19      1852.2059      1337.3080       273.3194        30.9492         -31481.1655      4885.2168         0.0000         0.0000         0.0000         -23102.1662        -0.0000    -23102.1662    -23102.1662         0.0000           4826.6845      8111.8822    110592.0000      4826.6845      8111.8822

LINE MINIMIZER BRACKET: DX 2.28557e-05 0.000205701 DU -2.36003 4112.21 DUDX -1.35344e+06 1.16674e+06 5.45662e+07 
MINIMIZER RESTARTING CONJUGATE GRADIENT ALGORITHM
LINE MINIMIZER REDUCING GRADIENT FROM 2.67828e+07 TO 26782.8
PRESSURE: 20 4984.37 169.615 1602.4 169.615 4517.92 -872.402 1602.4 -872.402 4388.47
GPRESSURE: 20 8716.88 509.236 2127.21 -529.972 7368.74 -1151.88 2514.32 -1079.82 7293.74
ETITLE:      TS           BOND          ANGLE          DIHED          IMPRP               ELECT            VDW       BOUNDARY           MISC        KINETIC               TOTAL           TEMP      POTENTIAL         TOTAL3        TEMPAVG            PRESSURE      GPRESSURE         VOLUME       PRESSAVG      GPRESSAVG

ENERGY:      20      1839.4311      1335.3834       273.2693        30.8364         -31484.9722      4804.2133         0.0000         0.0000         0.0000         -23201.8388        -0.0000    -23201.8388    -23201.8388         0.0000           4630.2565      7793.1202    110592.0000      4630.2565      7793.1202

PRESSURE: 21 4827.6 283.437 1442.21 283.437 4391.32 -730.863 1442.21 -730.863 4182.58
GPRESSURE: 21 8402.24 636.73 1882.97 -289.379 7210.39 -935.766 2185.43 -914.947 6979.11
ENERGY:      21      1826.8362      1333.4917       273.2197        30.7251         -31488.7816      4736.4490         0.0000         0.0000         0.0000         -23288.0599        -0.0000    -23288.0599    -23288.0599         0.0000           4467.1672      7530.5788    110592.0000      4467.1672      7530.5788

PRESSURE: 22 4583.35 449.3 1202.82 449.3 4195.44 -521.748 1202.82 -521.748 3868.15
GPRESSURE: 22 7922.33 818.836 1523.19 56.8519 6961.93 -621.362 1704.16 -673.151 6504.58
ENERGY:      22      1802.1834      1329.8077       273.1222        30.5070         -31496.4094      4630.6304         0.0000         0.0000         0.0000         -23430.1587        -0.0000    -23430.1587    -23430.1587         0.0000           4215.6487      7129.6154    110592.0000      4215.6487      7129.6154

PRESSURE: 23 4268.45 628.288 924.711 628.288 3946.26 -286.446 924.711 -286.446 3481.17
GPRESSURE: 23 7325.72 1006.35 1115.7 424.026 6632.32 -277.892 1167.77 -403.766 5931.71
ENERGY:      23      1755.0049      1322.8424       272.9344        30.0888         -31511.7005      4493.0807         0.0000         0.0000         0.0000         -23637.7494        -0.0000    -23637.7494    -23637.7494         0.0000           3898.6288      6629.9153    110592.0000      3898.6288      6629.9153

PRESSURE: 24 3941.48 730.895 706.614 730.895 3691 -122.27 706.614 -122.27 3118.43
GPRESSURE: 24 6730.67 1096.24 808.274 638.319 6252.53 -52.506 780.714 -215.575 5403.2
ENERGY:      24      1668.9688      1310.5704       272.5905        29.3237         -31542.3869      4345.8478         0.0000         0.0000         0.0000         -23915.0856        -0.0000    -23915.0856    -23915.0856         0.0000           3583.6370      6128.8011    110592.0000      3583.6370      6128.8011

PRESSURE: 25 3621.32 695.806 600.122 695.806 3432.04 -88.0327 600.122 -88.0327 2815.24
GPRESSURE: 25 6130.69 1027.15 668.08 615.894 5777.97 -25.0213 621.642 -166.616 4951.9
ENERGY:      25      1528.2267      1293.3104       272.0607        28.0758         -31604.0009      4190.6913         0.0000         0.0000         0.0000         -24291.6360        -0.0000    -24291.6360    -24291.6360         0.0000           3289.5320      5620.1885    110592.0000      3289.5320      5620.1885

PRESSURE: 26 3527.84 174.173 965.674 174.173 3596.42 -684.278 965.674 -684.278 3134.53
GPRESSURE: 26 5752.2 558.847 1292.8 -104.223 5392.07 -1036.15 1159.43 -598.733 5434.26
ENERGY:      26      1346.5154      1299.1636       271.8458        26.6980         -31727.6131      4189.6782         0.0000         0.0000         0.0000         -24593.7121        -0.0000    -24593.7121    -24593.7121         0.0000           3419.5982      5526.1763    110592.0000      3419.5982      5526.1763

PRESSURE: 27 493788 -1.25421e+06 844033 -1.25421e+06 3.25761e+06 -2.14378e+06 844033 -2.14378e+06 1.45473e+06
GPRESSURE: 27 511130 -1.2366e+06 881164 -1.29644e+06 3.21268e+06 -2.24275e+06 870828 -2.11448e+06 1.51883e+06
ENERGY:      27      1205.1013      1357.1891       269.8208        28.5640         -31978.8152    692938.0081         0.0000         0.0000         0.0000         663819.8682        -0.0000    663819.8682    663819.8682         0.0000        1735376.0737   1747545.6560    110592.0000   1735376.0737   1747545.6560

LINE MINIMIZER BRACKET: DX 0.000128 0.000256 DU -302.076 688414 DUDX -4.87769e+06 2.24167e+06 7.0879e+08 
PRESSURE: 28 3446.15 424.811 735.437 424.811 3365.34 -353.064 735.437 -353.064 2829.14
GPRESSURE: 28 5690.92 754.841 909 252.615 5354.88 -472.541 828.559 -366.419 4960.99
ENERGY:      28      1381.5238      1291.4084       271.7997        26.8964         -31697.4754      4118.0659         0.0000         0.0000         0.0000         -24607.7813        -0.0000    -24607.7813    -24607.7813         0.0000           3213.5390      5335.5945    110592.0000      3213.5390      5335.5945

LINE MINIMIZER BRACKET: DX 9.68226e-05 3.11774e-05 DU -316.145 14.0691 DUDX -4.87769e+06 -980438 2.24167e+06 
PRESSURE: 29 3460.72 357.014 794.742 357.014 3416.41 -439.471 794.742 -439.471 2902.68
GPRESSURE: 29 5692.02 699.329 1007.5 157.389 5349.49 -617.879 913.835 -428.299 5072.91
ENERGY:      29      1369.0339      1293.5423       271.8112        26.8185         -31707.7919      4132.8298         0.0000         0.0000         0.0000         -24613.7562        -0.0000    -24613.7562    -24613.7562         0.0000           3259.9346      5371.4746    110592.0000      3259.9346      5371.4746

LINE MINIMIZER BRACKET: DX 1.06752e-05 2.05021e-05 DU -5.97491 20.0441 DUDX -980438 -108136 2.24167e+06 
PRESSURE: 30 3464.9 342.182 808.119 342.182 3429.03 -458.781 808.119 -458.781 2919.98
GPRESSURE: 30 5694.28 687.491 1029.74 136.41 5350.29 -650.529 933.045 -441.978 5099.48
ETITLE:      TS           BOND          ANGLE          DIHED          IMPRP               ELECT            VDW       BOUNDARY           MISC        KINETIC               TOTAL           TEMP      POTENTIAL         TOTAL3        TEMPAVG            PRESSURE      GPRESSURE         VOLUME       PRESSAVG      GPRESSAVG

ENERGY:      30      1366.6985      1294.0137       271.8140        26.8047         -31709.7733      4136.6587         0.0000         0.0000         0.0000         -24613.7836        -0.0000    -24613.7836    -24613.7836         0.0000           3271.3002      5381.3491    110592.0000      3271.3002      5381.3491

LINE MINIMIZER BRACKET: DX 2.05021e-06 1.84519e-05 DU -0.0274125 20.0715 DUDX -108136 82278.6 2.24167e+06 
MINIMIZER RESTARTING CONJUGATE GRADIENT ALGORITHM
LINE MINIMIZER REDUCING GRADIENT FROM 5.06428e+06 TO 5064.28
PRESSURE: 31 3398.67 386.433 740.968 386.433 3326.2 -376.655 740.968 -376.655 2794.43
GPRESSURE: 31 5581.58 716.015 926.792 202.958 5244.05 -519.752 843.865 -384.721 4907.05
ENERGY:      31      1350.5882      1289.2623       271.9073        26.5046         -31723.2706      4093.7031         0.0000         0.0000         0.0000         -24691.3051        -0.0000    -24691.3051    -24691.3051         0.0000           3173.0996      5244.2287    110592.0000      3173.0996      5244.2287

PRESSURE: 32 3340.12 420.406 685.19 420.406 3238.06 -309.556 685.19 -309.556 2685.89
GPRESSURE: 32 5480.22 737.395 842.62 254.427 5148.18 -414.916 770.749 -338.016 4742.31
ENERGY:      32      1334.9476      1284.6604       272.0057        26.2086         -31736.7658      4056.0860         0.0000         0.0000         0.0000         -24762.8575        -0.0000    -24762.8575    -24762.8575         0.0000           3088.0215      5123.5684    110592.0000      3088.0215      5123.5684

PRESSURE: 33 3240.29 465.526 599.409 465.526 3094.2 -208.826 599.409 -208.826 2507.43
GPRESSURE: 33 5303.01 764.272 716.027 324.292 4979.53 -262.109 660.41 -268.167 4474.65
ENERGY:      33      1305.0815      1275.8974       272.2169        25.6292         -31763.7462      3992.9343         0.0000         0.0000         0.0000         -24891.9868        -0.0000    -24891.9868    -24891.9868         0.0000           2947.3043      4919.0622    110592.0000      2947.3043      4919.0622

PRESSURE: 34 3084.12 499.782 493.214 499.782 2884.96 -90.0717 493.214 -90.0717 2248.62
GPRESSURE: 34 5013.21 778.96 565.701 384.524 4699.71 -93.2508 528.869 -187.055 4092.88
ENERGY:      34      1251.0465      1260.0864       272.6954        24.5209         -31817.6682      3897.4013         0.0000         0.0000         0.0000         -25111.9176        -0.0000    -25111.9176    -25111.9176         0.0000           2739.2337      4601.9360    110592.0000      2739.2337      4601.9360

PRESSURE: 35 2847.13 475.904 397.541 475.904 2592.17 7.89074 397.541 7.89074 1905.05
GPRESSURE: 35 4553.17 743.8 440.234 378.206 4240.71 25.0239 420.171 -124.809 3596.11
ENERGY:      35      1166.0083      1235.0194       273.8562        22.5072         -31925.3159      3762.9673         0.0000         0.0000         0.0000         -25464.9576        -0.0000    -25464.9576    -25464.9576         0.0000           2448.1163      4129.9988    110592.0000      2448.1163      4129.9988

PRESSURE: 36 2445.5 343.881 338.637 343.881 2104.52 64.6782 338.637 64.6782 1397.43
GPRESSURE: 36 3805.62 616.306 377.754 254.528 3444.72 63.8978 377.36 -102.012 2903.84
ENERGY:      36      1089.4735      1209.4593       276.8881        19.3028         -32139.6278      3569.8809         0.0000         0.0000         0.0000         -25974.6231        -0.0000    -25974.6231    -25974.6231         0.0000           1982.4828      3384.7276    110592.0000      1982.4828      3384.7276

PRESSURE: 37 2057.85 -477.058 937.895 -477.058 1758.2 -673.263 937.895 -673.263 1276.09
GPRESSURE: 37 3659.51 -30.5744 1213.31 -1388.55 2511.5 -972.508 1960.85 -676.549 2942.97
ENERGY:      37      1317.9587      1249.1308       286.0399        16.2577         -32564.6216      3560.7558         0.0000         0.0000         0.0000         -26134.4786        -0.0000    -26134.4786    -26134.4786         0.0000           1697.3820      3037.9920    110592.0000      1697.3820      3037.9920

PRESSURE: 38 4.38967e+09 6.55454e+09 -1.21541e+09 6.55454e+09 9.78707e+09 -1.81482e+09 -1.21541e+09 -1.81482e+09 3.36524e+08
GPRESSURE: 38 4.38953e+09 6.55451e+09 -1.21546e+09 6.55433e+09 9.78703e+09 -1.81489e+09 -1.21537e+09 -1.81481e+09 3.3654e+08
ENERGY:      38      3342.2956      1649.5150       324.4851        24.1967         -33419.4796 1924505629.2109         0.0000         0.0000         0.0000      1924477550.2237        -0.0000 1924477550.2237 1924477550.2237         0.0000      4837754613.9522 4837701908.2175    110592.0000 4837754613.9522 4837701908.2175

LINE MINIMIZER BRACKET: DX 0.000512 0.001024 DU -159.856 1.9245e+09 DUDX -1.56827e+06 2.74416e+06 3.01846e+07 
PRESSURE: 39 2049.23 135.87 385.73 135.87 1603.26 20.9267 385.73 20.9267 946.517
GPRESSURE: 39 3195.42 433.516 458.527 -0.367211 2674.61 -22.1114 524.686 -158.008 2370.25
ENERGY:      39      1151.8723      1216.8963       281.2979        17.0636         -32374.3548      3429.1515         0.0000         0.0000         0.0000         -26278.0732        -0.0000    -26278.0732    -26278.0732         0.0000           1533.0016      2746.7592    110592.0000      1533.0016      2746.7592

LINE MINIMIZER BRACKET: DX 0.000282151 0.000229849 DU -303.45 143.595 DUDX -1.56827e+06 -492287 2.74416e+06 
PRESSURE: 40 1997.86 73.2819 426.946 73.2819 1539.55 -24.0531 426.946 -24.0531 904.601
GPRESSURE: 40 3145.37 382.402 515.433 -105.338 2564.62 -84.5714 623.256 -195.756 2334.83
ETITLE:      TS           BOND          ANGLE          DIHED          IMPRP               ELECT            VDW       BOUNDARY           MISC        KINETIC               TOTAL           TEMP      POTENTIAL         TOTAL3        TEMPAVG            PRESSURE      GPRESSURE         VOLUME       PRESSAVG      GPRESSAVG

ENERGY:      40      1179.5372      1222.0213       282.2327        16.8069         -32416.3453      3420.3085         0.0000         0.0000         0.0000         -26295.4387        -0.0000    -26295.4387    -26295.4387         0.0000           1480.6705      2681.6049    110592.0000      1480.6705      2681.6049

LINE MINIMIZER BRACKET: DX 5.06488e-05 0.0001792 DU -17.3655 160.96 DUDX -492287 -179077 2.74416e+06 
PRESSURE: 41 1983.36 46.3851 447.112 46.3851 1522.85 -46.888 447.112 -46.888 897.214
GPRESSURE: 41 3137.79 360.893 542.915 -154.509 2530.57 -115.749 671.754 -214.144 2332.84
ENERGY:      41      1190.5319      1224.1049       282.5764        16.7268         -32431.1920      3419.7922         0.0000         0.0000         0.0000         -26297.4598        -0.0000    -26297.4598    -26297.4598         0.0000           1467.8074      2667.0682    110592.0000      1467.8074      2667.0682

LINE MINIMIZER BRACKET: DX 1.792e-05 0.00016128 DU -2.02111 162.981 DUDX -179077 -43899.8 2.74416e+06 
PRESSURE: 42 1972.47 19.3521 468.505 19.3521 1511.41 -71.5799 468.505 -71.5799 894.996
GPRESSURE: 42 3136.91 339.513 571.963 -206.13 2502.81 -149.307 723.606 -233.677 2337.3
ENERGY:      42      1200.9671      1226.1004       282.8919        16.6595         -32444.5522      3420.8436         0.0000         0.0000         0.0000         -26297.0898        -0.0000    -26297.0898    -26297.0898         0.0000           1459.6240      2659.0065    110592.0000      1459.6240      2659.0065

LINE MINIMIZER BRACKET: DX 1.792e-05 1.6128e-05 DU -2.02111 0.370072 DUDX -179077 -43899.8 92610.9 
PRESSURE: 43 1979.54 37.828 453.768 37.828 1518.68 -54.5303 453.768 -54.5303 895.978
GPRESSURE: 43 3136.82 354.101 551.963 -170.62 2521.13 -126.147 687.845 -220.224 2333.6
ENERGY:      43      1193.9020      1224.7476       282.6793        16.7042         -32435.5799      3419.9669         0.0000         0.0000         0.0000         -26297.5799        -0.0000    -26297.5799    -26297.5799         0.0000           1464.7317      2663.8501    110592.0000      1464.7317      2663.8501

LINE MINIMIZER BRACKET: DX 5.29589e-06 1.08321e-05 DU -0.120014 0.490087 DUDX -43899.8 -765.46 92610.9 
LINE MINIMIZER REDUCING GRADIENT FROM 2.15541e+06 TO 2155.41
PRESSURE: 44 1916.47 40.5291 448.215 40.5291 1491.26 -51.1298 448.215 -51.1298 861.092
GPRESSURE: 44 3035.08 352.07 539.536 -164.082 2457.76 -117.604 671.92 -214.609 2250.68
ENERGY:      44      1174.1495      1216.4778       283.1700        15.9330         -32469.0151      3395.3594         0.0000         0.0000         0.0000         -26383.9253        -0.0000    -26383.9253    -26383.9253         0.0000           1422.9418      2581.1735    110592.0000      1422.9418      2581.1735

PRESSURE: 45 1853.4 42.8471 443.032 42.8471 1463.02 -47.9319 443.032 -47.9319 825.633
GPRESSURE: 45 2935.22 349.86 527.71 -158.073 2395.13 -109.454 656.795 -209.288 2169.18
ENERGY:      45      1155.6007      1208.7607       283.6697        15.2326         -32502.4143      3371.3247         0.0000         0.0000         0.0000         -26467.8259        -0.0000    -26467.8259    -26467.8259         0.0000           1380.6856      2499.8458    110592.0000      1380.6856      2499.8458

PRESSURE: 46 1726.92 46.3887 433.765 46.3887 1404.06 -42.1441 433.765 -42.1441 752.825
GPRESSURE: 46 2740.77 344.955 505.81 -147.532 2272.08 -94.3056 628.863 -199.522 2010.18
ENERGY:      46      1122.1180      1194.9821       284.6938        14.0270         -32569.1085      3324.9128         0.0000         0.0000         0.0000         -26628.3749        -0.0000    -26628.3749    -26628.3749         0.0000           1294.6006      2341.0088    110592.0000      1294.6006      2341.0088

PRESSURE: 47 1471.32 49.2669 418.946 49.2669 1275.75 -32.7057 418.946 -32.7057 598.489
GPRESSURE: 47 2371.25 333.317 468.091 -131.844 2034.02 -68.201 581.073 -183.188 1706.64
ENERGY:      47      1069.6546      1174.0324       286.8271        12.2969         -32702.0673      3238.3275         0.0000         0.0000         0.0000         -26920.9287        -0.0000    -26920.9287    -26920.9287         0.0000           1115.1839      2037.3055    110592.0000      1115.1839      2037.3055

PRESSURE: 48 940.123 40.5884 401.19 40.5884 973.938 -20.9042 401.19 -20.9042 246.782
GPRESSURE: 48 1698.75 304.122 412.581 -118.068 1584.76 -30.5673 511.623 -161.922 1146.37
ENERGY:      48      1023.2932      1158.5694       291.3342        10.9534         -32966.3425      3087.4283         0.0000         0.0000         0.0000         -27394.7640        -0.0000    -27394.7640    -27394.7640         0.0000            720.2811      1476.6263    110592.0000       720.2811      1476.6263

PRESSURE: 49 -262.36 -13.5953 394.677 -13.5953 166.291 -13.6348 394.677 -13.6348 -669.569
GPRESSURE: 49 554.323 227.157 357.474 -139.975 768.762 0.788314 442.109 -157.824 150.755
ENERGY:      49      1173.3195      1234.5608       300.6771        13.9398         -33488.5665      2859.0698         0.0000         0.0000         0.0000         -27906.9995        -0.0000    -27906.9995    -27906.9995         0.0000           -255.2124       491.2799    110592.0000      -255.2124       491.2799

LDB: ============= START OF LOAD BALANCING ============== 28.0667
LDB: Largest compute 548 load 0.314905 is 50.6% of average load 0.622028
LDB: Average compute 0.028271 is 4.5% of average load 0.622028
LDB: Partitioning computes with target load 0.062203
LDB: Partitioning compute 92 with load 0.213961 by 4
LDB: Partitioning compute 87 with load 0.215792 by 4
LDB: Partitioning compute 78 with load 0.198981 by 4
LDB: Partitioning compute 93 with load 0.201822 by 4
LDB: Partitioning compute 67 with load 0.210798 by 4
LDB: Partitioning compute 72 with load 0.191941 by 4
LDB: Partitioning compute 63 with load 0.231313 by 4
LDB: Partitioning compute 84 with load 0.155620 by 3
LDB: Partitioning compute 1654 with load 0.273093 by 5
LDB: Partitioning compute 1658 with load 0.239901 by 4
LDB: Partitioning compute 1659 with load 0.119714 by 2
LDB: Partitioning compute 1678 with load 0.064429 by 2
LDB: Partitioning compute 1694 with load 0.096360 by 2
LDB: Partitioning compute 1469 with load 0.277796 by 5
LDB: Partitioning compute 1473 with load 0.274829 by 5
LDB: Partitioning compute 1474 with load 0.131211 by 3
LDB: Partitioning compute 1493 with load 0.072635 by 2
LDB: Partitioning compute 1509 with load 0.124475 by 3
LDB: Partitioning compute 89 with load 0.194994 by 4
LDB: Partitioning compute 68 with load 0.185595 by 3
LDB: Partitioning compute 729 with load 0.261362 by 5
LDB: Partitioning compute 733 with load 0.255410 by 5
LDB: Partitioning compute 734 with load 0.121050 by 2
LDB: Partitioning compute 753 with load 0.090171 by 2
LDB: Partitioning compute 769 with load 0.106957 by 2
LDB: Partitioning compute 94 with load 0.202261 by 4
LDB: Partitioning compute 98 with load 0.210981 by 4
LDB: Partitioning compute 58 with load 0.222185 by 4
LDB: Partitioning compute 69 with load 0.191275 by 4
LDB: Partitioning compute 73 with load 0.199723 by 4
LDB: Partitioning compute 83 with load 0.214031 by 4
LDB: Partitioning compute 79 with load 0.185512 by 3
LDB: Partitioning compute 88 with load 0.197192 by 4
LDB: Partitioning compute 53 with load 0.166031 by 3
LDB: Partitioning compute 99 with load 0.171944 by 3
LDB: Partitioning compute 54 with load 0.160678 by 3
LDB: Partitioning compute 1136 with load 0.271064 by 5
LDB: Partitioning compute 1140 with load 0.275678 by 5
LDB: Partitioning compute 1141 with load 0.110901 by 2
LDB: Partitioning compute 1176 with load 0.120041 by 2
LDB: Partitioning compute 951 with load 0.242896 by 4
LDB: Partitioning compute 955 with load 0.204846 by 4
LDB: Partitioning compute 956 with load 0.095900 by 2
LDB: Partitioning compute 975 with load 0.080560 by 2
LDB: Partitioning compute 991 with load 0.083228 by 2
LDB: Partitioning compute 1321 with load 0.241651 by 4
LDB: Partitioning compute 1325 with load 0.270818 by 5
LDB: Partitioning compute 1326 with load 0.124742 by 3
LDB: Partitioning compute 1345 with load 0.073304 by 2
LDB: Partitioning compute 1361 with load 0.093711 by 2
LDB: Partitioning compute 59 with load 0.186580 by 3
LDB: Partitioning compute 97 with load 0.142450 by 3
LDB: Partitioning compute 1839 with load 0.234477 by 4
LDB: Partitioning compute 1843 with load 0.166699 by 3
LDB: Partitioning compute 1844 with load 0.090674 by 2
LDB: Partitioning compute 1879 with load 0.094193 by 2
LDB: Partitioning compute 1913 with load 0.174610 by 3
LDB: Partitioning compute 1917 with load 0.219242 by 4
LDB: Partitioning compute 1918 with load 0.083299 by 2
LDB: Partitioning compute 1213 with load 0.098323 by 2
LDB: Partitioning compute 1358 with load 0.192081 by 4
LDB: Partitioning compute 1362 with load 0.231809 by 4
LDB: Partitioning compute 1363 with load 0.090692 by 2
LDB: Partitioning compute 64 with load 0.167323 by 3
LDB: Partitioning compute 103 with load 0.085084 by 2
LDB: Partitioning compute 248 with load 0.208103 by 4
LDB: Partitioning compute 252 with load 0.217225 by 4
LDB: Partitioning compute 253 with load 0.092716 by 2
LDB: Partitioning compute 272 with load 0.078068 by 2
LDB: Partitioning compute 74 with load 0.158540 by 3
LDB: Partitioning compute 396 with load 0.273844 by 5
LDB: Partitioning compute 400 with load 0.289784 by 5
LDB: Partitioning compute 401 with load 0.095963 by 2
LDB: Partitioning compute 420 with load 0.090943 by 2
LDB: Partitioning compute 436 with load 0.138617 by 3
LDB: Partitioning compute 1398 with load 0.083435 by 2
LDB: Partitioning compute 1543 with load 0.217310 by 4
LDB: Partitioning compute 1547 with load 0.256766 by 5
LDB: Partitioning compute 1548 with load 0.108510 by 2
LDB: Partitioning compute 1691 with load 0.262968 by 5
LDB: Partitioning compute 1695 with load 0.251822 by 5
LDB: Partitioning compute 1696 with load 0.102503 by 2
LDB: Partitioning compute 1715 with load 0.079938 by 2
LDB: Partitioning compute 1731 with load 0.125896 by 3
LDB: Partitioning compute 1876 with load 0.257632 by 5
LDB: Partitioning compute 1880 with load 0.262480 by 5
LDB: Partitioning compute 1881 with load 0.114099 by 2
LDB: Partitioning compute 1900 with load 0.063567 by 2
LDB: Partitioning compute 1916 with load 0.097272 by 2
LDB: Partitioning compute 581 with load 0.258413 by 5
LDB: Partitioning compute 585 with load 0.272680 by 5
LDB: Partitioning compute 586 with load 0.114520 by 2
LDB: Partitioning compute 605 with load 0.102997 by 2
LDB: Partitioning compute 621 with load 0.096908 by 2
LDB: Partitioning compute 1028 with load 0.097700 by 2
LDB: Partitioning compute 1173 with load 0.235018 by 4
LDB: Partitioning compute 1177 with load 0.221901 by 4
LDB: Partitioning compute 1178 with load 0.084776 by 2
LDB: Partitioning compute 914 with load 0.258029 by 5
LDB: Partitioning compute 918 with load 0.225907 by 4
LDB: Partitioning compute 919 with load 0.084817 by 2
LDB: Partitioning compute 954 with load 0.092762 by 2
LDB: Partitioning compute 1506 with load 0.246023 by 4
LDB: Partitioning compute 1510 with load 0.267182 by 5
LDB: Partitioning compute 1511 with load 0.098241 by 2
LDB: Partitioning compute 1546 with load 0.131573 by 3
LDB: Partitioning compute 211 with load 0.225437 by 4
LDB: Partitioning compute 215 with load 0.268392 by 5
LDB: Partitioning compute 216 with load 0.120721 by 2
LDB: Partitioning compute 235 with load 0.073827 by 2
LDB: Partitioning compute 251 with load 0.112910 by 2
LDB: Partitioning compute 843 with load 0.079302 by 2
LDB: Partitioning compute 988 with load 0.193213 by 4
LDB: Partitioning compute 992 with load 0.198031 by 4
LDB: Partitioning compute 993 with load 0.076339 by 2
LDB: Partitioning compute 1012 with load 0.068767 by 2
LDB: Partitioning compute 288 with load 0.088443 by 2
LDB: Partitioning compute 433 with load 0.206238 by 4
LDB: Partitioning compute 437 with load 0.238046 by 4
LDB: Partitioning compute 438 with load 0.092879 by 2
LDB: Partitioning compute 473 with load 0.120164 by 2
LDB: Partitioning compute 618 with load 0.234604 by 4
LDB: Partitioning compute 622 with load 0.238484 by 4
LDB: Partitioning compute 623 with load 0.090720 by 2
LDB: Partitioning compute 1583 with load 0.099140 by 2
LDB: Partitioning compute 1728 with load 0.248468 by 4
LDB: Partitioning compute 1732 with load 0.254667 by 5
LDB: Partitioning compute 1733 with load 0.087669 by 2
LDB: Partitioning compute 1752 with load 0.062683 by 2
LDB: Partitioning compute 658 with load 0.089739 by 2
LDB: Partitioning compute 803 with load 0.230900 by 4
LDB: Partitioning compute 807 with load 0.237356 by 4
LDB: Partitioning compute 808 with load 0.092736 by 2
LDB: Partitioning compute 827 with load 0.064430 by 2
LDB: Partitioning compute 766 with load 0.240696 by 4
LDB: Partitioning compute 770 with load 0.268310 by 5
LDB: Partitioning compute 771 with load 0.104774 by 2
LDB: Partitioning compute 790 with load 0.076503 by 2
LDB: Partitioning compute 806 with load 0.125210 by 3
LDB: Partitioning compute 90 with load 0.199354 by 4
LDB: Partitioning compute 60 with load 0.209199 by 4
LDB: Partitioning compute 65 with load 0.169772 by 3
LDB: Partitioning compute 71 with load 0.169635 by 3
LDB: Partitioning compute 66 with load 0.220084 by 4
LDB: Partitioning compute 51 with load 0.179782 by 3
LDB: Partitioning compute 96 with load 0.173106 by 3
LDB: Partitioning compute 85 with load 0.156810 by 3
LDB: Partitioning compute 77 with load 0.133513 by 3
LDB: Partitioning compute 62 with load 0.242723 by 4
LDB: Partitioning compute 61 with load 0.171406 by 3
LDB: Partitioning compute 50 with load 0.174007 by 3
LDB: Partitioning compute 55 with load 0.171323 by 3
LDB: Partitioning compute 57 with load 0.184799 by 3
LDB: Partitioning compute 76 with load 0.207486 by 4
LDB: Partitioning compute 70 with load 0.163382 by 3
LDB: Partitioning compute 86 with load 0.193127 by 4
LDB: Partitioning compute 81 with load 0.206671 by 4
LDB: Partitioning compute 80 with load 0.151204 by 3
LDB: Partitioning compute 82 with load 0.192406 by 4
LDB: Partitioning compute 91 with load 0.222737 by 4
LDB: Partitioning compute 56 with load 0.181160 by 3
LDB: Partitioning compute 75 with load 0.182541 by 3
LDB: Partitioning compute 95 with load 0.150525 by 3
LDB: Partitioning compute 470 with load 0.270578 by 5
LDB: Partitioning compute 474 with load 0.264862 by 5
LDB: Partitioning compute 475 with load 0.144439 by 3
LDB: Partitioning compute 494 with load 0.073468 by 2
LDB: Partitioning compute 510 with load 0.095090 by 2
LDB: Partitioning compute 52 with load 0.185363 by 3
LDB: Partitioning compute 1210 with load 0.230807 by 4
LDB: Partitioning compute 1214 with load 0.215671 by 4
LDB: Partitioning compute 1215 with load 0.095639 by 2
LDB: Partitioning compute 1234 with load 0.068806 by 2
LDB: Partitioning compute 1250 with load 0.097553 by 2
LDB: Partitioning compute 877 with load 0.244448 by 4
LDB: Partitioning compute 881 with load 0.220484 by 4
LDB: Partitioning compute 882 with load 0.099646 by 2
LDB: Partitioning compute 901 with load 0.063087 by 2
LDB: Partitioning compute 917 with load 0.095031 by 2
LDB: Partitioning compute 1395 with load 0.222073 by 4
LDB: Partitioning compute 1399 with load 0.233252 by 4
LDB: Partitioning compute 1400 with load 0.118146 by 2
LDB: Partitioning compute 1435 with load 0.107933 by 2
LDB: Partitioning compute 840 with load 0.216327 by 4
LDB: Partitioning compute 844 with load 0.217134 by 4
LDB: Partitioning compute 845 with load 0.093812 by 2
LDB: Partitioning compute 864 with load 0.064896 by 2
LDB: Partitioning compute 880 with load 0.096491 by 2
LDB: Partitioning compute 1765 with load 0.230090 by 4
LDB: Partitioning compute 1769 with load 0.185297 by 3
LDB: Partitioning compute 1770 with load 0.104809 by 2
LDB: Partitioning compute 1805 with load 0.080719 by 2
LDB: Partitioning compute 137 with load 0.245420 by 4
LDB: Partitioning compute 141 with load 0.241166 by 4
LDB: Partitioning compute 142 with load 0.109240 by 2
LDB: Partitioning compute 161 with load 0.076570 by 2
LDB: Partitioning compute 177 with load 0.117207 by 2
LDB: Partitioning compute 544 with load 0.301449 by 5
LDB: Partitioning compute 548 with load 0.314905 by 6
LDB: Partitioning compute 549 with load 0.127520 by 3
LDB: Partitioning compute 568 with load 0.088526 by 2
LDB: Partitioning compute 584 with load 0.141204 by 3
LDB: Partitioning compute 507 with load 0.256440 by 5
LDB: Partitioning compute 511 with load 0.257232 by 5
LDB: Partitioning compute 512 with load 0.108401 by 2
LDB: Partitioning compute 531 with load 0.077182 by 2
LDB: Partitioning compute 547 with load 0.136359 by 3
LDB: Partitioning compute 1802 with load 0.206417 by 4
LDB: Partitioning compute 1806 with load 0.234789 by 4
LDB: Partitioning compute 1807 with load 0.079399 by 2
LDB: Partitioning compute 1842 with load 0.088939 by 2
LDB: Partitioning compute 322 with load 0.249832 by 5
LDB: Partitioning compute 326 with load 0.234912 by 4
LDB: Partitioning compute 327 with load 0.127344 by 3
LDB: Partitioning compute 346 with load 0.076636 by 2
LDB: Partitioning compute 362 with load 0.100653 by 2
LDB: Partitioning compute 1617 with load 0.284797 by 5
LDB: Partitioning compute 1621 with load 0.257951 by 5
LDB: Partitioning compute 1622 with load 0.098479 by 2
LDB: Partitioning compute 1641 with load 0.078803 by 2
LDB: Partitioning compute 1657 with load 0.117345 by 2
LDB: Partitioning compute 1062 with load 0.211941 by 4
LDB: Partitioning compute 1066 with load 0.276247 by 5
LDB: Partitioning compute 1067 with load 0.124150 by 2
LDB: Partitioning compute 1086 with load 0.063309 by 2
LDB: Partitioning compute 1102 with load 0.090551 by 2
LDB: Partitioning compute 692 with load 0.271929 by 5
LDB: Partitioning compute 696 with load 0.243401 by 4
LDB: Partitioning compute 697 with load 0.119090 by 2
LDB: Partitioning compute 716 with load 0.077009 by 2
LDB: Partitioning compute 732 with load 0.103173 by 2
LDB: Partitioning compute 174 with load 0.220287 by 4
LDB: Partitioning compute 178 with load 0.258869 by 5
LDB: Partitioning compute 179 with load 0.127879 by 3
LDB: Partitioning compute 198 with load 0.064393 by 2
LDB: Partitioning compute 214 with load 0.106114 by 2
LDB: Partitioning compute 1580 with load 0.285531 by 5
LDB: Partitioning compute 1584 with load 0.237394 by 4
LDB: Partitioning compute 1585 with load 0.110534 by 2
LDB: Partitioning compute 1604 with load 0.071833 by 2
LDB: Partitioning compute 1620 with load 0.125283 by 3
LDB: Partitioning compute 1025 with load 0.248782 by 4
LDB: Partitioning compute 1029 with load 0.223832 by 4
LDB: Partitioning compute 1030 with load 0.121509 by 2
LDB: Partitioning compute 1065 with load 0.093549 by 2
LDB: Partitioning compute 359 with load 0.281035 by 5
LDB: Partitioning compute 363 with load 0.267654 by 5
LDB: Partitioning compute 364 with load 0.102976 by 2
LDB: Partitioning compute 383 with load 0.069289 by 2
LDB: Partitioning compute 399 with load 0.146597 by 3
LDB: Partitioning compute 1432 with load 0.281721 by 5
LDB: Partitioning compute 1436 with load 0.271105 by 5
LDB: Partitioning compute 1437 with load 0.121072 by 2
LDB: Partitioning compute 1472 with load 0.129551 by 3
LDB: Partitioning compute 285 with load 0.222986 by 4
LDB: Partitioning compute 289 with load 0.223299 by 4
LDB: Partitioning compute 290 with load 0.098184 by 2
LDB: Partitioning compute 325 with load 0.105563 by 2
LDB: Partitioning compute 1284 with load 0.266834 by 5
LDB: Partitioning compute 1288 with load 0.261527 by 5
LDB: Partitioning compute 1289 with load 0.116793 by 2
LDB: Partitioning compute 1308 with load 0.062916 by 2
LDB: Partitioning compute 1324 with load 0.124493 by 3
LDB: Partitioning compute 1247 with load 0.261423 by 5
LDB: Partitioning compute 1251 with load 0.257547 by 5
LDB: Partitioning compute 1252 with load 0.132671 by 3
LDB: Partitioning compute 1287 with load 0.110998 by 2
LDB: Partitioning compute 655 with load 0.262345 by 5
LDB: Partitioning compute 659 with load 0.222653 by 4
LDB: Partitioning compute 660 with load 0.087636 by 2
LDB: Partitioning compute 679 with load 0.068505 by 2
LDB: Partitioning compute 695 with load 0.118403 by 2
LDB: Partitioning compute 100 with load 0.237146 by 4
LDB: Partitioning compute 104 with load 0.244825 by 4
LDB: Partitioning compute 105 with load 0.096011 by 2
LDB: Partitioning compute 124 with load 0.072589 by 2
LDB: Partitioning compute 140 with load 0.119397 by 2
LDB: Partitioning compute 1099 with load 0.220950 by 4
LDB: Partitioning compute 1103 with load 0.217609 by 4
LDB: Partitioning compute 1104 with load 0.105104 by 2
LDB: Partitioning compute 1139 with load 0.118763 by 2
LDB: Increased migratable compute count from 2150 to 2765
LDB: Largest unpartitionable compute is 0.044198
LDB: ============== END OF LOAD BALANCING =============== 28.1839
Info: build node-aware spanning tree with send: 1, recv: 0 with branch factor 9
Info: useSync: 0 useProxySync: 0
LDB: =============== DONE WITH MIGRATION ================ 28.2041
PRESSURE: 50 -3448.51 -116.999 406.61 -116.999 -2399.84 -39.4052 406.61 -39.4052 -3436.87
GPRESSURE: 50 -1161.1 3.88524 433.965 -301.956 -472.673 -120.765 453.082 -427.593 -1484.27
Info: Initial time: 128 CPUs 0.0391556 s/step 0.226595 days/ns 202.062 MB memory
ETITLE:      TS           BOND          ANGLE          DIHED          IMPRP               ELECT            VDW       BOUNDARY           MISC        KINETIC               TOTAL           TEMP      POTENTIAL         TOTAL3        TEMPAVG            PRESSURE      GPRESSURE         VOLUME       PRESSAVG      GPRESSAVG

ENERGY:      50      2576.2449      1811.0893       318.6265        35.7353         -34510.3187      2650.0505         0.0000         0.0000         0.0000         -27118.5723        -0.0000    -27118.5723    -27118.5723         0.0000          -3095.0706     -1039.3481    110592.0000     -3095.0706     -1039.3481

LINE MINIMIZER BRACKET: DX 0.000650094 0.00130019 DU -512.236 788.427 DUDX -1.23304e+06 -341173 1.62658e+06 
PRESSURE: 51 -755.205 -37.4867 396.834 -37.4867 -199.326 -13.3063 396.834 -13.3063 -1077.05
GPRESSURE: 51 192.763 194.199 351.05 -159.196 497.901 0.545479 431.666 -169.161 -180.913
ENERGY:      51      1311.2721      1297.1091       303.9940        16.3868         -33674.6453      2797.2656         0.0000         0.0000         0.0000         -27948.6178        -0.0000    -27948.6178    -27948.6178         0.0000           -677.1936       169.9171    110592.0000      -677.1936       169.9171

LINE MINIMIZER BRACKET: DX 0.000234068 0.00106612 DU -41.6183 830.045 DUDX -341173 -13379.5 1.62658e+06 
PRESSURE: 52 -991.433 -48.1575 397.999 -48.1575 -379.977 -13.3373 397.999 -13.3373 -1276.77
GPRESSURE: 52 35.6105 178.291 350.163 -169.492 378.783 -1.5644 428.692 -177.152 -328.279
ENERGY:      52      1389.7411      1331.7357       305.4856        17.7133         -33759.0763      2772.4211         0.0000         0.0000         0.0000         -27941.9796        -0.0000    -27941.9796    -27941.9796         0.0000           -882.7281        28.7049    110592.0000      -882.7281        28.7049

LINE MINIMIZER BRACKET: DX 0.000234068 0.000106612 DU -41.6183 6.63818 DUDX -341173 -13379.5 138267 
PRESSURE: 53 -778.492 -38.5654 396.95 -38.5654 -216.978 -13.3025 396.95 -13.3025 -1096.62
GPRESSURE: 53 176.841 192.633 350.905 -160.185 485.872 0.394832 431.323 -169.871 -195.743
ENERGY:      53      1318.6714      1300.3996       304.1438        16.5135         -33683.0960      2794.6888         0.0000         0.0000         0.0000         -27948.6788        -0.0000    -27948.6788    -27948.6788         0.0000           -697.3620       155.6570    110592.0000      -697.3620       155.6570

LINE MINIMIZER BRACKET: DX 1.06612e-05 9.59509e-05 DU -0.0610794 6.69926 DUDX -13379.5 1711.36 138267 
LINE MINIMIZER REDUCING GRADIENT FROM 2.7206e+06 TO 2720.6
PRESSURE: 54 -922.062 -61.0802 375.41 -61.0802 -389.309 2.3279 375.41 2.3279 -1166.62
GPRESSURE: 54 -18.8515 162.387 332.132 -179.499 264.653 20.9195 404.314 -157.271 -378.909
ENERGY:      54      1203.4236      1314.0844       305.4112        17.2436         -33813.6913      2749.8338         0.0000         0.0000         0.0000         -28223.6947        -0.0000    -28223.6947    -28223.6947         0.0000           -825.9968       -44.3690    110592.0000      -825.9968       -44.3690

PRESSURE: 55 -1084.4 -80.8335 355.178 -80.8335 -592.41 12.8564 355.178 12.8564 -1259.64
GPRESSURE: 55 -206.158 133.507 315.414 -197.12 41.9204 37.2953 379.126 -150.01 -558.8
ENERGY:      55      1114.5285      1335.5266       306.7222        18.1264         -33943.6415      2709.5091         0.0000         0.0000         0.0000         -28459.2287        -0.0000    -28459.2287    -28459.2287         0.0000           -978.8199      -241.0126    110592.0000      -978.8199      -241.0126

PRESSURE: 56 -1466.13 -112.051 318.249 -112.051 -1092.23 17.6577 318.249 17.6577 -1515.53
GPRESSURE: 56 -556.672 79.1058 287.783 -228.112 -407.302 56.2723 333.883 -154.473 -909.986
ENERGY:      56      1015.8735      1402.4883       309.4755        20.4143         -34201.6181      2642.1042         0.0000         0.0000         0.0000         -28811.2623        -0.0000    -28811.2623    -28811.2623         0.0000          -1357.9634      -624.6534    110592.0000     -1357.9634      -624.6534

PRESSURE: 57 -2458.14 -141.83 257.828 -141.83 -2468.1 -46.0766 257.828 -46.0766 -2304.39
GPRESSURE: 57 -1162.02 -21.0812 255.746 -278.697 -1297.29 29.6916 266.018 -270.75 -1579.94
ENERGY:      57      1136.4860      1638.7909       315.5362        27.7878         -34709.9598      2560.4973         0.0000         0.0000         0.0000         -29030.8616        -0.0000    -29030.8616    -29030.8616         0.0000          -2410.2091     -1346.4189    110592.0000     -2410.2091     -1346.4189

PRESSURE: 58 -5171.09 -160.439 394.804 -160.439 -6484.07 -847.984 394.804 -847.984 -4373.63
GPRESSURE: 58 -1528.76 -431.342 477.401 -644.539 -2087.23 -591.613 901.41 -2158.23 -2318.63
ENERGY:      58      2673.4285      2570.7030       330.4646        68.3771         -35696.3946      2749.5229         0.0000         0.0000         0.0000         -27303.8985        -0.0000    -27303.8985    -27303.8985         0.0000          -5342.9292     -1978.2073    110592.0000     -5342.9292     -1978.2073

LINE MINIMIZER BRACKET: DX 0.000433321 0.000866643 DU -219.599 1726.96 DUDX -1.25656e+06 255633 4.14994e+06 
PRESSURE: 59 -2270.82 -139.706 266.622 -139.706 -2202.78 -27.586 266.622 -27.586 -2147.21
GPRESSURE: 59 -1069.89 -4.61388 258.809 -270.7 -1151.85 41.0827 274.743 -237.835 -1471.07
ENERGY:      59      1086.5459      1589.2059       314.4650        26.2214         -34625.4353      2569.0126         0.0000         0.0000         0.0000         -29039.9845        -0.0000    -29039.9845    -29039.9845         0.0000          -2206.9371     -1230.9350    110592.0000     -2206.9371     -1230.9350

LDB: ============= START OF LOAD BALANCING ============== 28.6021
LDB: ============== END OF LOAD BALANCING =============== 28.6032
Info: useSync: 0 useProxySync: 0
LDB: =============== DONE WITH MIGRATION ================ 28.6078
LINE MINIMIZER BRACKET: DX 0.000360676 7.2645e-05 DU -228.722 9.12281 DUDX -1.25656e+06 -3745.57 255633 
PRESSURE: 60 -2289.17 -139.972 265.717 -139.972 -2228.68 -29.2708 265.717 -29.2708 -2162.49
GPRESSURE: 60 -1079.28 -6.26415 258.458 -271.504 -1166.5 40.0896 273.81 -240.821 -1482.02
ETITLE:      TS           BOND          ANGLE          DIHED          IMPRP               ELECT            VDW       BOUNDARY           MISC        KINETIC               TOTAL           TEMP      POTENTIAL         TOTAL3        TEMPAVG            PRESSURE      GPRESSURE         VOLUME       PRESSAVG      GPRESSAVG

ENERGY:      60      1090.9991      1593.9784       314.5711        26.3710         -34633.8989      2568.0622         0.0000         0.0000         0.0000         -29039.9171        -0.0000    -29039.9171    -29039.9171         0.0000          -2226.7833     -1242.6029    110592.0000     -2226.7833     -1242.6029

LINE MINIMIZER BRACKET: DX 0.000360676 7.2645e-06 DU -228.722 0.0673124 DUDX -1.25656e+06 -3745.57 22055.8 
PRESSURE: 61 -2273.46 -139.745 266.492 -139.745 -2206.5 -27.8263 266.492 -27.8263 -2149.41
GPRESSURE: 61 -1071.24 -4.85117 258.759 -270.816 -1153.96 40.9417 274.609 -238.261 -1472.65
ENERGY:      61      1087.1795      1589.8903       314.4803        26.2428         -34626.6540      2568.8745         0.0000         0.0000         0.0000         -29039.9866        -0.0000    -29039.9866    -29039.9866         0.0000          -2209.7887     -1232.6175    110592.0000     -2209.7887     -1232.6175

LINE MINIMIZER BRACKET: DX 1.0456e-06 6.2189e-06 DU -0.00218638 0.0694988 DUDX -3745.57 -33.7472 22055.8 
LINE MINIMIZER REDUCING GRADIENT FROM 1.53675e+06 TO 1536.75
PRESSURE: 62 -1608.43 -196.361 279.687 -196.361 -1518.35 -51.4157 279.687 -51.4157 -1799.05
GPRESSURE: 62 -1325.54 -96.3746 295.25 -346.666 -1518.95 -28.0631 305.274 -226.025 -1867.52
ENERGY:      62       931.2859      1596.2386       316.3003        23.2616         -34976.7120      2493.0771         0.0000         0.0000         0.0000         -29616.5484        -0.0000    -29616.5484    -29616.5484         0.0000          -1641.9428     -1570.6712    110592.0000     -1641.9428     -1570.6712

PRESSURE: 63 -1067.3 -355.211 386.802 -355.211 -1053.73 -151.061 386.802 -151.061 -1601.7
GPRESSURE: 63 -1316.2 -333.487 449.849 -550.303 -1738.42 -186.179 482.499 -341.696 -2069.41
ENERGY:      63       965.7875      1661.9057       319.3426        21.8813         -35315.5708      2500.1541         0.0000         0.0000         0.0000         -29846.4996        -0.0000    -29846.4996    -29846.4996         0.0000          -1240.9108     -1708.0106    110592.0000     -1240.9108     -1708.0106

PRESSURE: 64 3458.83 -1947.24 2413.96 -1947.24 262.619 -1666.04 2413.96 -1666.04 -206.175
GPRESSURE: 64 7304.7 -6850.43 4408.59 -3229.8 -345.085 -2103.17 4672.27 -3560.56 554.229
ENERGY:      64      1587.6791      1974.8600       328.8440        23.6497         -35959.8258      3596.6095         0.0000         0.0000         0.0000         -28448.1835        -0.0000    -28448.1835    -28448.1835         0.0000           1171.7578      2504.6156    110592.0000      1171.7578      2504.6156

LINE MINIMIZER BRACKET: DX 0.000521555 0.00104311 DU -229.951 1398.32 DUDX -782439 -78218 4.59365e+06 
PRESSURE: 65 -955.638 -408.412 430.604 -408.412 -979.391 -189.376 430.604 -189.376 -1567.43
GPRESSURE: 65 -1253.77 -419.874 511.285 -621.231 -1755.77 -238.752 557.436 -396.127 -2068.03
ENERGY:      65       995.0010      1682.2052       320.0933        21.7868         -35382.0024      2516.6787         0.0000         0.0000         0.0000         -29846.2373        -0.0000    -29846.2373    -29846.2373         0.0000          -1167.4873     -1692.5263    110592.0000     -1167.4873     -1692.5263

LINE MINIMIZER BRACKET: DX 0.000521555 0.000104311 DU -229.951 0.262323 DUDX -782439 -78218 85357.5 
PRESSURE: 66 -1014.1 -379.782 406.639 -379.782 -1017.27 -168.514 406.639 -168.514 -1585.37
GPRESSURE: 66 -1289.79 -372.758 477.627 -582.861 -1748.31 -210.385 516.241 -366.087 -2071.22
ENERGY:      66       979.0183      1671.4392       319.7005        21.8280         -35347.8049      2507.3203         0.0000         0.0000         0.0000         -29848.4986        -0.0000    -29848.4986    -29848.4986         0.0000          -1205.5823     -1703.1070    110592.0000     -1205.5823     -1703.1070

LINE MINIMIZER BRACKET: DX 5.05309e-05 5.37801e-05 DU -1.99894 2.26127 DUDX -78218 -569.995 85357.5 
LINE MINIMIZER REDUCING GRADIENT FROM 1.83515e+06 TO 1835.15
PRESSURE: 67 -1611.62 -68.6457 40.2631 -68.6457 -1252.56 38.5309 40.2631 38.5309 -1903.43
GPRESSURE: 67 -2222.68 -38.7626 65.0629 -196.216 -2301.95 -9.36517 48.9622 -86.7565 -2661.35
ENERGY:      67       957.8364      1664.5174       321.6323        19.2062         -35665.8376      2334.9311         0.0000         0.0000         0.0000         -30367.7143        -0.0000    -30367.7143    -30367.7143         0.0000          -1589.2038     -2395.3272    110592.0000     -1589.2038     -2395.3272

PRESSURE: 68 -2116.55 44.6534 -101.841 44.6534 -1624.05 83.9855 -101.841 83.9855 -2312.51
GPRESSURE: 68 -2691.83 32.6508 -72.3627 -77.6711 -2669.72 36.4338 -86.585 -6.31536 -3039.71
ENERGY:      68       999.2020      1697.5198       323.8527        19.8415         -35974.3301      2281.4512         0.0000         0.0000         0.0000         -30652.4629        -0.0000    -30652.4629    -30652.4629         0.0000          -2017.7063     -2800.4177    110592.0000     -2017.7063     -2800.4177

PRESSURE: 69 -3860.18 173.224 -252.374 173.224 -3180.8 -5.25998 -252.374 -5.25998 -3717.44
GPRESSURE: 69 -3378.29 31.4133 -126.052 36.884 -3211.76 -73.429 -102.261 -145.558 -3343.57
ENERGY:      69      1283.8255      1885.4450       328.7014        29.6224         -36564.1808      2306.6455         0.0000         0.0000         0.0000         -30729.9411        -0.0000    -30729.9411    -30729.9411         0.0000          -3586.1399     -3311.2062    110592.0000     -3586.1399     -3311.2062

PRESSURE: 70 -5026.96 4249.82 -1600.04 4249.82 8327.35 -21968.1 -1600.04 -21968.1 28131.8
GPRESSURE: 70 12389.5 -13189.4 9281.22 -2314.66 23238.1 -52271.6 18207.3 -51282.3 83164.3
ETITLE:      TS           BOND          ANGLE          DIHED          IMPRP               ELECT            VDW       BOUNDARY           MISC        KINETIC               TOTAL           TEMP      POTENTIAL         TOTAL3        TEMPAVG            PRESSURE      GPRESSURE         VOLUME       PRESSAVG      GPRESSAVG

ENERGY:      70      3132.5490      2862.3879       346.7529        75.8982         -37638.3507     10877.9383         0.0000         0.0000         0.0000         -20342.8245        -0.0000    -20342.8245    -20342.8245         0.0000          10477.3948     39597.2829    110592.0000     10477.3948     39597.2829

LINE MINIMIZER BRACKET: DX 0.0007851 0.0015702 DU -77.4781 10387.1 DUDX -518202 386908 3.05513e+07 
2015-02-02 10:09:06.535 (WARN ) [0xfffb4c29220] 8761444:ibm.runjob.client.Job: terminated by signal 9
2015-02-02 10:09:06.535 (WARN ) [0xfffb4c29220] 8761444:ibm.runjob.client.Job: abnormal termination by signal 9 from rank 8
